[0.004s] Invoking command in '/home/artificial/bags_ws/build/ros2_iris_driver': CMAKE_PREFIX_PATH=/home/artificial/bags_ws/install/luminar_iris_msgs:/home/artificial/bags_ws/install/ros2_iris_driver:/home/artificial/bags_ws/install/my_cpp_package:/opt/ros/humble LD_LIBRARY_PATH=/home/artificial/bags_ws/install/luminar_iris_msgs/lib:/home/artificial/bags_ws/install/ros2_iris_driver/lib:/home/artificial/bags_ws/install/my_cpp_package/lib:/opt/ros/humble/opt/rviz_ogre_vendor/lib:/opt/ros/humble/lib/x86_64-linux-gnu:/opt/ros/humble/lib:/opt/blasfeo/lib:/opt/hpipm/lib:/usr/local/lib:/usr/lib /usr/bin/cmake --build /home/artificial/bags_ws/build/ros2_iris_driver -- -j16 -l16
[0.030s] [ 33%] Built target iris_control_interface
[0.036s] [ 66%] Built target iris_data_interface
[0.049s] [100%] Built target iris_ros_driver
[0.055s] Invoked command in '/home/artificial/bags_ws/build/ros2_iris_driver' returned '0': CMAKE_PREFIX_PATH=/home/artificial/bags_ws/install/luminar_iris_msgs:/home/artificial/bags_ws/install/ros2_iris_driver:/home/artificial/bags_ws/install/my_cpp_package:/opt/ros/humble LD_LIBRARY_PATH=/home/artificial/bags_ws/install/luminar_iris_msgs/lib:/home/artificial/bags_ws/install/ros2_iris_driver/lib:/home/artificial/bags_ws/install/my_cpp_package/lib:/opt/ros/humble/opt/rviz_ogre_vendor/lib:/opt/ros/humble/lib/x86_64-linux-gnu:/opt/ros/humble/lib:/opt/blasfeo/lib:/opt/hpipm/lib:/usr/local/lib:/usr/lib /usr/bin/cmake --build /home/artificial/bags_ws/build/ros2_iris_driver -- -j16 -l16
[0.071s] Invoking command in '/home/artificial/bags_ws/build/ros2_iris_driver': CMAKE_PREFIX_PATH=/home/artificial/bags_ws/install/luminar_iris_msgs:/home/artificial/bags_ws/install/ros2_iris_driver:/home/artificial/bags_ws/install/my_cpp_package:/opt/ros/humble LD_LIBRARY_PATH=/home/artificial/bags_ws/install/luminar_iris_msgs/lib:/home/artificial/bags_ws/install/ros2_iris_driver/lib:/home/artificial/bags_ws/install/my_cpp_package/lib:/opt/ros/humble/opt/rviz_ogre_vendor/lib:/opt/ros/humble/lib/x86_64-linux-gnu:/opt/ros/humble/lib:/opt/blasfeo/lib:/opt/hpipm/lib:/usr/local/lib:/usr/lib /usr/bin/cmake --install /home/artificial/bags_ws/build/ros2_iris_driver
[0.074s] -- Install configuration: ""
[0.075s] -- Up-to-date: /home/artificial/bags_ws/install/ros2_iris_driver/include
[0.075s] -- Up-to-date: /home/artificial/bags_ws/install/ros2_iris_driver/include/ros2_iris_driver
[0.075s] -- Up-to-date: /home/artificial/bags_ws/install/ros2_iris_driver/include/ros2_iris_driver/interface
[0.075s] -- Up-to-date: /home/artificial/bags_ws/install/ros2_iris_driver/include/ros2_iris_driver/interface/iris_control_interface.hpp
[0.075s] -- Up-to-date: /home/artificial/bags_ws/install/ros2_iris_driver/include/ros2_iris_driver/interface/iris_data_interface.hpp
[0.075s] -- Up-to-date: /home/artificial/bags_ws/install/ros2_iris_driver/include/ros2_iris_driver/iris_driver.hpp
[0.075s] -- Up-to-date: /home/artificial/bags_ws/install/ros2_iris_driver/lib/libiris_data_interface.a
[0.075s] -- Up-to-date: /home/artificial/bags_ws/install/ros2_iris_driver/lib/libiris_control_interface.a
[0.075s] -- Up-to-date: /home/artificial/bags_ws/install/ros2_iris_driver/share/ros2_iris_driver/environment/library_path.sh
[0.075s] -- Up-to-date: /home/artificial/bags_ws/install/ros2_iris_driver/share/ros2_iris_driver/environment/library_path.dsv
[0.075s] -- Up-to-date: /home/artificial/bags_ws/install/ros2_iris_driver/lib/ros2_iris_driver/iris_ros_driver
[0.075s] -- Up-to-date: /home/artificial/bags_ws/install/ros2_iris_driver/share/ros2_iris_driver/param
[0.075s] -- Up-to-date: /home/artificial/bags_ws/install/ros2_iris_driver/share/ros2_iris_driver/param/car_7.yaml
[0.075s] -- Up-to-date: /home/artificial/bags_ws/install/ros2_iris_driver/share/ros2_iris_driver/param/test.yaml
[0.075s] -- Up-to-date: /home/artificial/bags_ws/install/ros2_iris_driver/share/ros2_iris_driver/param/.gitkeep
[0.075s] -- Up-to-date: /home/artificial/bags_ws/install/ros2_iris_driver/share/ros2_iris_driver/param/vsome_ip.json
[0.075s] -- Up-to-date: /home/artificial/bags_ws/install/ros2_iris_driver/share/ros2_iris_driver/param/car_7_test.yaml
[0.075s] -- Up-to-date: /home/artificial/bags_ws/install/ros2_iris_driver/share/ros2_iris_driver/param/car_7_test2.yaml
[0.075s] -- Up-to-date: /home/artificial/bags_ws/install/ros2_iris_driver/share/ros2_iris_driver/param/car_2.yaml
[0.075s] -- Up-to-date: /home/artificial/bags_ws/install/ros2_iris_driver/lib/liblum_drivers_lidar_iris_data_preprocessor_a.so
[0.075s] -- Up-to-date: /home/artificial/bags_ws/install/ros2_iris_driver/lib/liblum_drivers_lidar_iris_control_interface.so
[0.075s] -- Up-to-date: /home/artificial/bags_ws/install/ros2_iris_driver/lib/libvsomeip.so
[0.075s] -- Up-to-date: /home/artificial/bags_ws/install/ros2_iris_driver/lib/libvsomeip.so.2
[0.075s] -- Up-to-date: /home/artificial/bags_ws/install/ros2_iris_driver/lib/libvsomeip.so.2.99.99
[0.075s] -- Up-to-date: /home/artificial/bags_ws/install/ros2_iris_driver/lib/libvsomeip3-cfg.so
[0.075s] -- Up-to-date: /home/artificial/bags_ws/install/ros2_iris_driver/lib/libvsomeip3-cfg.so.3
[0.075s] -- Up-to-date: /home/artificial/bags_ws/install/ros2_iris_driver/lib/libvsomeip3-cfg.so.3.1.20
[0.075s] -- Up-to-date: /home/artificial/bags_ws/install/ros2_iris_driver/lib/libvsomeip3-e2e.so
[0.075s] -- Up-to-date: /home/artificial/bags_ws/install/ros2_iris_driver/lib/libvsomeip3-e2e.so.3
[0.075s] -- Up-to-date: /home/artificial/bags_ws/install/ros2_iris_driver/lib/libvsomeip3-e2e.so.3.1.20
[0.075s] -- Up-to-date: /home/artificial/bags_ws/install/ros2_iris_driver/lib/libvsomeip3-sd.so
[0.075s] -- Up-to-date: /home/artificial/bags_ws/install/ros2_iris_driver/lib/libvsomeip3-sd.so.3
[0.075s] -- Up-to-date: /home/artificial/bags_ws/install/ros2_iris_driver/lib/libvsomeip3-sd.so.3.1.20
[0.075s] -- Up-to-date: /home/artificial/bags_ws/install/ros2_iris_driver/lib/libvsomeip3.so
[0.075s] -- Up-to-date: /home/artificial/bags_ws/install/ros2_iris_driver/lib/libvsomeip3.so.3
[0.075s] -- Up-to-date: /home/artificial/bags_ws/install/ros2_iris_driver/lib/libvsomeip3.so.3.1.20
[0.075s] -- Up-to-date: /home/artificial/bags_ws/install/ros2_iris_driver/share/ament_index/resource_index/package_run_dependencies/ros2_iris_driver
[0.076s] -- Up-to-date: /home/artificial/bags_ws/install/ros2_iris_driver/share/ament_index/resource_index/parent_prefix_path/ros2_iris_driver
[0.076s] -- Up-to-date: /home/artificial/bags_ws/install/ros2_iris_driver/share/ros2_iris_driver/environment/ament_prefix_path.sh
[0.076s] -- Up-to-date: /home/artificial/bags_ws/install/ros2_iris_driver/share/ros2_iris_driver/environment/ament_prefix_path.dsv
[0.076s] -- Up-to-date: /home/artificial/bags_ws/install/ros2_iris_driver/share/ros2_iris_driver/environment/path.sh
[0.076s] -- Up-to-date: /home/artificial/bags_ws/install/ros2_iris_driver/share/ros2_iris_driver/environment/path.dsv
[0.076s] -- Up-to-date: /home/artificial/bags_ws/install/ros2_iris_driver/share/ros2_iris_driver/local_setup.bash
[0.076s] -- Up-to-date: /home/artificial/bags_ws/install/ros2_iris_driver/share/ros2_iris_driver/local_setup.sh
[0.076s] -- Up-to-date: /home/artificial/bags_ws/install/ros2_iris_driver/share/ros2_iris_driver/local_setup.zsh
[0.076s] -- Up-to-date: /home/artificial/bags_ws/install/ros2_iris_driver/share/ros2_iris_driver/local_setup.dsv
[0.076s] -- Installing: /home/artificial/bags_ws/install/ros2_iris_driver/share/ros2_iris_driver/package.dsv
[0.076s] -- Up-to-date: /home/artificial/bags_ws/install/ros2_iris_driver/share/ament_index/resource_index/packages/ros2_iris_driver
[0.076s] -- Up-to-date: /home/artificial/bags_ws/install/ros2_iris_driver/share/ros2_iris_driver/cmake/ament_cmake_export_include_directories-extras.cmake
[0.076s] -- Up-to-date: /home/artificial/bags_ws/install/ros2_iris_driver/share/ros2_iris_driver/cmake/ament_cmake_export_libraries-extras.cmake
[0.076s] -- Up-to-date: /home/artificial/bags_ws/install/ros2_iris_driver/share/ros2_iris_driver/cmake/ros2_iris_driverConfig.cmake
[0.076s] -- Up-to-date: /home/artificial/bags_ws/install/ros2_iris_driver/share/ros2_iris_driver/cmake/ros2_iris_driverConfig-version.cmake
[0.076s] -- Up-to-date: /home/artificial/bags_ws/install/ros2_iris_driver/share/ros2_iris_driver/package.xml
[0.077s] Invoked command in '/home/artificial/bags_ws/build/ros2_iris_driver' returned '0': CMAKE_PREFIX_PATH=/home/artificial/bags_ws/install/luminar_iris_msgs:/home/artificial/bags_ws/install/ros2_iris_driver:/home/artificial/bags_ws/install/my_cpp_package:/opt/ros/humble LD_LIBRARY_PATH=/home/artificial/bags_ws/install/luminar_iris_msgs/lib:/home/artificial/bags_ws/install/ros2_iris_driver/lib:/home/artificial/bags_ws/install/my_cpp_package/lib:/opt/ros/humble/opt/rviz_ogre_vendor/lib:/opt/ros/humble/lib/x86_64-linux-gnu:/opt/ros/humble/lib:/opt/blasfeo/lib:/opt/hpipm/lib:/usr/local/lib:/usr/lib /usr/bin/cmake --install /home/artificial/bags_ws/build/ros2_iris_driver
