[ 33%] Built target iris_control_interface
[ 66%] Built target iris_data_interface
[100%] Built target iris_ros_driver
-- Install configuration: ""
-- Up-to-date: /home/artificial/bags_ws/install/ros2_iris_driver/include
-- Up-to-date: /home/artificial/bags_ws/install/ros2_iris_driver/include/ros2_iris_driver
-- Up-to-date: /home/artificial/bags_ws/install/ros2_iris_driver/include/ros2_iris_driver/interface
-- Up-to-date: /home/artificial/bags_ws/install/ros2_iris_driver/include/ros2_iris_driver/interface/iris_control_interface.hpp
-- Up-to-date: /home/artificial/bags_ws/install/ros2_iris_driver/include/ros2_iris_driver/interface/iris_data_interface.hpp
-- Up-to-date: /home/artificial/bags_ws/install/ros2_iris_driver/include/ros2_iris_driver/iris_driver.hpp
-- Up-to-date: /home/artificial/bags_ws/install/ros2_iris_driver/lib/libiris_data_interface.a
-- Up-to-date: /home/artificial/bags_ws/install/ros2_iris_driver/lib/libiris_control_interface.a
-- Up-to-date: /home/artificial/bags_ws/install/ros2_iris_driver/share/ros2_iris_driver/environment/library_path.sh
-- Up-to-date: /home/artificial/bags_ws/install/ros2_iris_driver/share/ros2_iris_driver/environment/library_path.dsv
-- Up-to-date: /home/artificial/bags_ws/install/ros2_iris_driver/lib/ros2_iris_driver/iris_ros_driver
-- Up-to-date: /home/artificial/bags_ws/install/ros2_iris_driver/share/ros2_iris_driver/param
-- Up-to-date: /home/artificial/bags_ws/install/ros2_iris_driver/share/ros2_iris_driver/param/car_7.yaml
-- Up-to-date: /home/artificial/bags_ws/install/ros2_iris_driver/share/ros2_iris_driver/param/test.yaml
-- Up-to-date: /home/artificial/bags_ws/install/ros2_iris_driver/share/ros2_iris_driver/param/.gitkeep
-- Up-to-date: /home/artificial/bags_ws/install/ros2_iris_driver/share/ros2_iris_driver/param/vsome_ip.json
-- Up-to-date: /home/artificial/bags_ws/install/ros2_iris_driver/share/ros2_iris_driver/param/car_7_test.yaml
-- Up-to-date: /home/artificial/bags_ws/install/ros2_iris_driver/share/ros2_iris_driver/param/car_7_test2.yaml
-- Up-to-date: /home/artificial/bags_ws/install/ros2_iris_driver/share/ros2_iris_driver/param/car_2.yaml
-- Up-to-date: /home/artificial/bags_ws/install/ros2_iris_driver/lib/liblum_drivers_lidar_iris_data_preprocessor_a.so
-- Up-to-date: /home/artificial/bags_ws/install/ros2_iris_driver/lib/liblum_drivers_lidar_iris_control_interface.so
-- Up-to-date: /home/artificial/bags_ws/install/ros2_iris_driver/lib/libvsomeip.so
-- Up-to-date: /home/artificial/bags_ws/install/ros2_iris_driver/lib/libvsomeip.so.2
-- Up-to-date: /home/artificial/bags_ws/install/ros2_iris_driver/lib/libvsomeip.so.2.99.99
-- Up-to-date: /home/artificial/bags_ws/install/ros2_iris_driver/lib/libvsomeip3-cfg.so
-- Up-to-date: /home/artificial/bags_ws/install/ros2_iris_driver/lib/libvsomeip3-cfg.so.3
-- Up-to-date: /home/artificial/bags_ws/install/ros2_iris_driver/lib/libvsomeip3-cfg.so.3.1.20
-- Up-to-date: /home/artificial/bags_ws/install/ros2_iris_driver/lib/libvsomeip3-e2e.so
-- Up-to-date: /home/artificial/bags_ws/install/ros2_iris_driver/lib/libvsomeip3-e2e.so.3
-- Up-to-date: /home/artificial/bags_ws/install/ros2_iris_driver/lib/libvsomeip3-e2e.so.3.1.20
-- Up-to-date: /home/artificial/bags_ws/install/ros2_iris_driver/lib/libvsomeip3-sd.so
-- Up-to-date: /home/artificial/bags_ws/install/ros2_iris_driver/lib/libvsomeip3-sd.so.3
-- Up-to-date: /home/artificial/bags_ws/install/ros2_iris_driver/lib/libvsomeip3-sd.so.3.1.20
-- Up-to-date: /home/artificial/bags_ws/install/ros2_iris_driver/lib/libvsomeip3.so
-- Up-to-date: /home/artificial/bags_ws/install/ros2_iris_driver/lib/libvsomeip3.so.3
-- Up-to-date: /home/artificial/bags_ws/install/ros2_iris_driver/lib/libvsomeip3.so.3.1.20
-- Up-to-date: /home/artificial/bags_ws/install/ros2_iris_driver/share/ament_index/resource_index/package_run_dependencies/ros2_iris_driver
-- Up-to-date: /home/artificial/bags_ws/install/ros2_iris_driver/share/ament_index/resource_index/parent_prefix_path/ros2_iris_driver
-- Up-to-date: /home/artificial/bags_ws/install/ros2_iris_driver/share/ros2_iris_driver/environment/ament_prefix_path.sh
-- Up-to-date: /home/artificial/bags_ws/install/ros2_iris_driver/share/ros2_iris_driver/environment/ament_prefix_path.dsv
-- Up-to-date: /home/artificial/bags_ws/install/ros2_iris_driver/share/ros2_iris_driver/environment/path.sh
-- Up-to-date: /home/artificial/bags_ws/install/ros2_iris_driver/share/ros2_iris_driver/environment/path.dsv
-- Up-to-date: /home/artificial/bags_ws/install/ros2_iris_driver/share/ros2_iris_driver/local_setup.bash
-- Up-to-date: /home/artificial/bags_ws/install/ros2_iris_driver/share/ros2_iris_driver/local_setup.sh
-- Up-to-date: /home/artificial/bags_ws/install/ros2_iris_driver/share/ros2_iris_driver/local_setup.zsh
-- Up-to-date: /home/artificial/bags_ws/install/ros2_iris_driver/share/ros2_iris_driver/local_setup.dsv
-- Up-to-date: /home/artificial/bags_ws/install/ros2_iris_driver/share/ros2_iris_driver/package.dsv
-- Up-to-date: /home/artificial/bags_ws/install/ros2_iris_driver/share/ament_index/resource_index/packages/ros2_iris_driver
-- Up-to-date: /home/artificial/bags_ws/install/ros2_iris_driver/share/ros2_iris_driver/cmake/ament_cmake_export_include_directories-extras.cmake
-- Up-to-date: /home/artificial/bags_ws/install/ros2_iris_driver/share/ros2_iris_driver/cmake/ament_cmake_export_libraries-extras.cmake
-- Up-to-date: /home/artificial/bags_ws/install/ros2_iris_driver/share/ros2_iris_driver/cmake/ros2_iris_driverConfig.cmake
-- Up-to-date: /home/artificial/bags_ws/install/ros2_iris_driver/share/ros2_iris_driver/cmake/ros2_iris_driverConfig-version.cmake
-- Up-to-date: /home/artificial/bags_ws/install/ros2_iris_driver/share/ros2_iris_driver/package.xml
