[0.044s] DEBUG:colcon:Command line arguments: ['/usr/bin/colcon', 'build']
[0.044s] DEBUG:colcon:Parsed command line arguments: Namespace(log_base=None, log_level=None, verb_name='build', build_base='build', install_base='install', merge_install=False, symlink_install=False, test_result_base=None, continue_on_error=False, executor='parallel', parallel_workers=16, event_handlers=None, ignore_user_meta=False, metas=['./colcon.meta'], base_paths=['.'], packages_ignore=None, packages_ignore_regex=None, paths=None, packages_up_to=None, packages_up_to_regex=None, packages_above=None, packages_above_and_dependencies=None, packages_above_depth=None, packages_select_by_dep=None, packages_skip_by_dep=None, packages_skip_up_to=None, packages_select_build_failed=False, packages_skip_build_finished=False, packages_select_test_failures=False, packages_skip_test_passed=False, packages_select=None, packages_skip=None, packages_select_regex=None, packages_skip_regex=None, packages_start=None, packages_end=None, allow_overriding=[], cmake_args=None, cmake_target=None, cmake_target_skip_unavailable=False, cmake_clean_cache=False, cmake_clean_first=False, cmake_force_configure=False, ament_cmake_args=None, catkin_cmake_args=None, catkin_skip_building_tests=False, verb_parser=<colcon_defaults.argument_parser.defaults.DefaultArgumentsDecorator object at 0x725adf80dcc0>, verb_extension=<colcon_core.verb.build.BuildVerb object at 0x725adf80d720>, main=<bound method BuildVerb.main of <colcon_core.verb.build.BuildVerb object at 0x725adf80d720>>)
[0.123s] Level 1:colcon.colcon_core.package_discovery:discover_packages(colcon_meta) check parameters
[0.123s] Level 1:colcon.colcon_core.package_discovery:discover_packages(recursive) check parameters
[0.123s] Level 1:colcon.colcon_core.package_discovery:discover_packages(ignore) check parameters
[0.123s] Level 1:colcon.colcon_core.package_discovery:discover_packages(path) check parameters
[0.123s] Level 1:colcon.colcon_core.package_discovery:discover_packages(colcon_meta) discover
[0.123s] Level 1:colcon.colcon_core.package_discovery:discover_packages(recursive) discover
[0.123s] INFO:colcon.colcon_core.package_discovery:Crawling recursively for packages in '/home/artificial/bags_ws'
[0.123s] Level 1:colcon.colcon_core.package_identification:_identify(.) by extensions ['ignore', 'ignore_ament_install']
[0.123s] Level 1:colcon.colcon_core.package_identification:_identify(.) by extension 'ignore'
[0.123s] Level 1:colcon.colcon_core.package_identification:_identify(.) by extension 'ignore_ament_install'
[0.123s] Level 1:colcon.colcon_core.package_identification:_identify(.) by extensions ['colcon_pkg']
[0.123s] Level 1:colcon.colcon_core.package_identification:_identify(.) by extension 'colcon_pkg'
[0.123s] Level 1:colcon.colcon_core.package_identification:_identify(.) by extensions ['colcon_meta']
[0.123s] Level 1:colcon.colcon_core.package_identification:_identify(.) by extension 'colcon_meta'
[0.123s] Level 1:colcon.colcon_core.package_identification:_identify(.) by extensions ['ros']
[0.123s] Level 1:colcon.colcon_core.package_identification:_identify(.) by extension 'ros'
[0.128s] Level 1:colcon.colcon_core.package_identification:_identify(.) by extensions ['cmake', 'python']
[0.128s] Level 1:colcon.colcon_core.package_identification:_identify(.) by extension 'cmake'
[0.128s] Level 1:colcon.colcon_core.package_identification:_identify(.) by extension 'python'
[0.128s] Level 1:colcon.colcon_core.package_identification:_identify(.) by extensions ['python_setup_py']
[0.128s] Level 1:colcon.colcon_core.package_identification:_identify(.) by extension 'python_setup_py'
[0.128s] Level 1:colcon.colcon_core.package_identification:_identify(build) by extensions ['ignore', 'ignore_ament_install']
[0.128s] Level 1:colcon.colcon_core.package_identification:_identify(build) by extension 'ignore'
[0.128s] Level 1:colcon.colcon_core.package_identification:_identify(build) ignored
[0.128s] Level 1:colcon.colcon_core.package_identification:_identify(install) by extensions ['ignore', 'ignore_ament_install']
[0.128s] Level 1:colcon.colcon_core.package_identification:_identify(install) by extension 'ignore'
[0.128s] Level 1:colcon.colcon_core.package_identification:_identify(install) ignored
[0.128s] Level 1:colcon.colcon_core.package_identification:_identify(log) by extensions ['ignore', 'ignore_ament_install']
[0.128s] Level 1:colcon.colcon_core.package_identification:_identify(log) by extension 'ignore'
[0.128s] Level 1:colcon.colcon_core.package_identification:_identify(log) ignored
[0.128s] Level 1:colcon.colcon_core.package_identification:_identify(src) by extensions ['ignore', 'ignore_ament_install']
[0.128s] Level 1:colcon.colcon_core.package_identification:_identify(src) by extension 'ignore'
[0.128s] Level 1:colcon.colcon_core.package_identification:_identify(src) by extension 'ignore_ament_install'
[0.128s] Level 1:colcon.colcon_core.package_identification:_identify(src) by extensions ['colcon_pkg']
[0.128s] Level 1:colcon.colcon_core.package_identification:_identify(src) by extension 'colcon_pkg'
[0.128s] Level 1:colcon.colcon_core.package_identification:_identify(src) by extensions ['colcon_meta']
[0.128s] Level 1:colcon.colcon_core.package_identification:_identify(src) by extension 'colcon_meta'
[0.128s] Level 1:colcon.colcon_core.package_identification:_identify(src) by extensions ['ros']
[0.128s] Level 1:colcon.colcon_core.package_identification:_identify(src) by extension 'ros'
[0.128s] Level 1:colcon.colcon_core.package_identification:_identify(src) by extensions ['cmake', 'python']
[0.128s] Level 1:colcon.colcon_core.package_identification:_identify(src) by extension 'cmake'
[0.128s] Level 1:colcon.colcon_core.package_identification:_identify(src) by extension 'python'
[0.128s] Level 1:colcon.colcon_core.package_identification:_identify(src) by extensions ['python_setup_py']
[0.128s] Level 1:colcon.colcon_core.package_identification:_identify(src) by extension 'python_setup_py'
[0.128s] Level 1:colcon.colcon_core.package_identification:_identify(src/my_cpp_package) by extensions ['ignore', 'ignore_ament_install']
[0.128s] Level 1:colcon.colcon_core.package_identification:_identify(src/my_cpp_package) by extension 'ignore'
[0.128s] Level 1:colcon.colcon_core.package_identification:_identify(src/my_cpp_package) by extension 'ignore_ament_install'
[0.128s] Level 1:colcon.colcon_core.package_identification:_identify(src/my_cpp_package) by extensions ['colcon_pkg']
[0.128s] Level 1:colcon.colcon_core.package_identification:_identify(src/my_cpp_package) by extension 'colcon_pkg'
[0.128s] Level 1:colcon.colcon_core.package_identification:_identify(src/my_cpp_package) by extensions ['colcon_meta']
[0.128s] Level 1:colcon.colcon_core.package_identification:_identify(src/my_cpp_package) by extension 'colcon_meta'
[0.128s] Level 1:colcon.colcon_core.package_identification:_identify(src/my_cpp_package) by extensions ['ros']
[0.128s] Level 1:colcon.colcon_core.package_identification:_identify(src/my_cpp_package) by extension 'ros'
[0.130s] DEBUG:colcon.colcon_core.package_identification:Package 'src/my_cpp_package' with type 'ros.ament_cmake' and name 'my_cpp_package'
[0.130s] Level 1:colcon.colcon_core.package_identification:_identify(src/ros2_iris_driver) by extensions ['ignore', 'ignore_ament_install']
[0.130s] Level 1:colcon.colcon_core.package_identification:_identify(src/ros2_iris_driver) by extension 'ignore'
[0.130s] Level 1:colcon.colcon_core.package_identification:_identify(src/ros2_iris_driver) by extension 'ignore_ament_install'
[0.131s] Level 1:colcon.colcon_core.package_identification:_identify(src/ros2_iris_driver) by extensions ['colcon_pkg']
[0.131s] Level 1:colcon.colcon_core.package_identification:_identify(src/ros2_iris_driver) by extension 'colcon_pkg'
[0.131s] Level 1:colcon.colcon_core.package_identification:_identify(src/ros2_iris_driver) by extensions ['colcon_meta']
[0.131s] Level 1:colcon.colcon_core.package_identification:_identify(src/ros2_iris_driver) by extension 'colcon_meta'
[0.131s] Level 1:colcon.colcon_core.package_identification:_identify(src/ros2_iris_driver) by extensions ['ros']
[0.131s] Level 1:colcon.colcon_core.package_identification:_identify(src/ros2_iris_driver) by extension 'ros'
[0.131s] Level 1:colcon.colcon_core.package_identification:_identify(src/ros2_iris_driver) by extensions ['cmake', 'python']
[0.131s] Level 1:colcon.colcon_core.package_identification:_identify(src/ros2_iris_driver) by extension 'cmake'
[0.131s] Level 1:colcon.colcon_core.package_identification:_identify(src/ros2_iris_driver) by extension 'python'
[0.131s] Level 1:colcon.colcon_core.package_identification:_identify(src/ros2_iris_driver) by extensions ['python_setup_py']
[0.131s] Level 1:colcon.colcon_core.package_identification:_identify(src/ros2_iris_driver) by extension 'python_setup_py'
[0.131s] Level 1:colcon.colcon_core.package_identification:_identify(src/ros2_iris_driver/luminar_iris_msgs) by extensions ['ignore', 'ignore_ament_install']
[0.131s] Level 1:colcon.colcon_core.package_identification:_identify(src/ros2_iris_driver/luminar_iris_msgs) by extension 'ignore'
[0.131s] Level 1:colcon.colcon_core.package_identification:_identify(src/ros2_iris_driver/luminar_iris_msgs) by extension 'ignore_ament_install'
[0.131s] Level 1:colcon.colcon_core.package_identification:_identify(src/ros2_iris_driver/luminar_iris_msgs) by extensions ['colcon_pkg']
[0.131s] Level 1:colcon.colcon_core.package_identification:_identify(src/ros2_iris_driver/luminar_iris_msgs) by extension 'colcon_pkg'
[0.131s] Level 1:colcon.colcon_core.package_identification:_identify(src/ros2_iris_driver/luminar_iris_msgs) by extensions ['colcon_meta']
[0.131s] Level 1:colcon.colcon_core.package_identification:_identify(src/ros2_iris_driver/luminar_iris_msgs) by extension 'colcon_meta'
[0.131s] Level 1:colcon.colcon_core.package_identification:_identify(src/ros2_iris_driver/luminar_iris_msgs) by extensions ['ros']
[0.131s] Level 1:colcon.colcon_core.package_identification:_identify(src/ros2_iris_driver/luminar_iris_msgs) by extension 'ros'
[0.131s] DEBUG:colcon.colcon_core.package_identification:Package 'src/ros2_iris_driver/luminar_iris_msgs' with type 'ros.ament_cmake' and name 'luminar_iris_msgs'
[0.131s] Level 1:colcon.colcon_core.package_identification:_identify(src/ros2_iris_driver/ros2_iris_driver) by extensions ['ignore', 'ignore_ament_install']
[0.131s] Level 1:colcon.colcon_core.package_identification:_identify(src/ros2_iris_driver/ros2_iris_driver) by extension 'ignore'
[0.131s] Level 1:colcon.colcon_core.package_identification:_identify(src/ros2_iris_driver/ros2_iris_driver) by extension 'ignore_ament_install'
[0.131s] Level 1:colcon.colcon_core.package_identification:_identify(src/ros2_iris_driver/ros2_iris_driver) by extensions ['colcon_pkg']
[0.131s] Level 1:colcon.colcon_core.package_identification:_identify(src/ros2_iris_driver/ros2_iris_driver) by extension 'colcon_pkg'
[0.131s] Level 1:colcon.colcon_core.package_identification:_identify(src/ros2_iris_driver/ros2_iris_driver) by extensions ['colcon_meta']
[0.131s] Level 1:colcon.colcon_core.package_identification:_identify(src/ros2_iris_driver/ros2_iris_driver) by extension 'colcon_meta'
[0.131s] Level 1:colcon.colcon_core.package_identification:_identify(src/ros2_iris_driver/ros2_iris_driver) by extensions ['ros']
[0.131s] Level 1:colcon.colcon_core.package_identification:_identify(src/ros2_iris_driver/ros2_iris_driver) by extension 'ros'
[0.132s] DEBUG:colcon.colcon_core.package_identification:Package 'src/ros2_iris_driver/ros2_iris_driver' with type 'ros.ament_cmake' and name 'ros2_iris_driver'
[0.132s] Level 1:colcon.colcon_core.package_discovery:discover_packages(recursive) using defaults
[0.132s] Level 1:colcon.colcon_core.package_discovery:discover_packages(ignore) discover
[0.132s] Level 1:colcon.colcon_core.package_discovery:discover_packages(ignore) using defaults
[0.132s] Level 1:colcon.colcon_core.package_discovery:discover_packages(path) discover
[0.132s] Level 1:colcon.colcon_core.package_discovery:discover_packages(path) using defaults
[0.144s] Level 1:colcon.colcon_core.package_discovery:discover_packages(prefix_path) check parameters
[0.144s] Level 1:colcon.colcon_core.package_discovery:discover_packages(prefix_path) discover
[0.145s] DEBUG:colcon.colcon_installed_package_information.package_discovery:Found 3 installed packages in /home/artificial/bags_ws/install
[0.146s] DEBUG:colcon.colcon_installed_package_information.package_discovery:Found 298 installed packages in /opt/ros/humble
[0.146s] Level 1:colcon.colcon_core.package_discovery:discover_packages(prefix_path) using defaults
[0.161s] Level 5:colcon.colcon_core.verb:set package 'luminar_iris_msgs' build argument 'cmake_args' from command line to 'None'
[0.161s] Level 5:colcon.colcon_core.verb:set package 'luminar_iris_msgs' build argument 'cmake_target' from command line to 'None'
[0.161s] Level 5:colcon.colcon_core.verb:set package 'luminar_iris_msgs' build argument 'cmake_target_skip_unavailable' from command line to 'False'
[0.161s] Level 5:colcon.colcon_core.verb:set package 'luminar_iris_msgs' build argument 'cmake_clean_cache' from command line to 'False'
[0.161s] Level 5:colcon.colcon_core.verb:set package 'luminar_iris_msgs' build argument 'cmake_clean_first' from command line to 'False'
[0.161s] Level 5:colcon.colcon_core.verb:set package 'luminar_iris_msgs' build argument 'cmake_force_configure' from command line to 'False'
[0.161s] Level 5:colcon.colcon_core.verb:set package 'luminar_iris_msgs' build argument 'ament_cmake_args' from command line to 'None'
[0.161s] Level 5:colcon.colcon_core.verb:set package 'luminar_iris_msgs' build argument 'catkin_cmake_args' from command line to 'None'
[0.161s] Level 5:colcon.colcon_core.verb:set package 'luminar_iris_msgs' build argument 'catkin_skip_building_tests' from command line to 'False'
[0.161s] DEBUG:colcon.colcon_core.verb:Building package 'luminar_iris_msgs' with the following arguments: {'ament_cmake_args': None, 'build_base': '/home/artificial/bags_ws/build/luminar_iris_msgs', 'catkin_cmake_args': None, 'catkin_skip_building_tests': False, 'cmake_args': None, 'cmake_clean_cache': False, 'cmake_clean_first': False, 'cmake_force_configure': False, 'cmake_target': None, 'cmake_target_skip_unavailable': False, 'install_base': '/home/artificial/bags_ws/install/luminar_iris_msgs', 'merge_install': False, 'path': '/home/artificial/bags_ws/src/ros2_iris_driver/luminar_iris_msgs', 'symlink_install': False, 'test_result_base': None}
[0.161s] Level 5:colcon.colcon_core.verb:set package 'my_cpp_package' build argument 'cmake_args' from command line to 'None'
[0.161s] Level 5:colcon.colcon_core.verb:set package 'my_cpp_package' build argument 'cmake_target' from command line to 'None'
[0.161s] Level 5:colcon.colcon_core.verb:set package 'my_cpp_package' build argument 'cmake_target_skip_unavailable' from command line to 'False'
[0.161s] Level 5:colcon.colcon_core.verb:set package 'my_cpp_package' build argument 'cmake_clean_cache' from command line to 'False'
[0.161s] Level 5:colcon.colcon_core.verb:set package 'my_cpp_package' build argument 'cmake_clean_first' from command line to 'False'
[0.161s] Level 5:colcon.colcon_core.verb:set package 'my_cpp_package' build argument 'cmake_force_configure' from command line to 'False'
[0.161s] Level 5:colcon.colcon_core.verb:set package 'my_cpp_package' build argument 'ament_cmake_args' from command line to 'None'
[0.161s] Level 5:colcon.colcon_core.verb:set package 'my_cpp_package' build argument 'catkin_cmake_args' from command line to 'None'
[0.161s] Level 5:colcon.colcon_core.verb:set package 'my_cpp_package' build argument 'catkin_skip_building_tests' from command line to 'False'
[0.161s] DEBUG:colcon.colcon_core.verb:Building package 'my_cpp_package' with the following arguments: {'ament_cmake_args': None, 'build_base': '/home/artificial/bags_ws/build/my_cpp_package', 'catkin_cmake_args': None, 'catkin_skip_building_tests': False, 'cmake_args': None, 'cmake_clean_cache': False, 'cmake_clean_first': False, 'cmake_force_configure': False, 'cmake_target': None, 'cmake_target_skip_unavailable': False, 'install_base': '/home/artificial/bags_ws/install/my_cpp_package', 'merge_install': False, 'path': '/home/artificial/bags_ws/src/my_cpp_package', 'symlink_install': False, 'test_result_base': None}
[0.161s] Level 5:colcon.colcon_core.verb:set package 'ros2_iris_driver' build argument 'cmake_args' from command line to 'None'
[0.161s] Level 5:colcon.colcon_core.verb:set package 'ros2_iris_driver' build argument 'cmake_target' from command line to 'None'
[0.161s] Level 5:colcon.colcon_core.verb:set package 'ros2_iris_driver' build argument 'cmake_target_skip_unavailable' from command line to 'False'
[0.161s] Level 5:colcon.colcon_core.verb:set package 'ros2_iris_driver' build argument 'cmake_clean_cache' from command line to 'False'
[0.161s] Level 5:colcon.colcon_core.verb:set package 'ros2_iris_driver' build argument 'cmake_clean_first' from command line to 'False'
[0.161s] Level 5:colcon.colcon_core.verb:set package 'ros2_iris_driver' build argument 'cmake_force_configure' from command line to 'False'
[0.161s] Level 5:colcon.colcon_core.verb:set package 'ros2_iris_driver' build argument 'ament_cmake_args' from command line to 'None'
[0.161s] Level 5:colcon.colcon_core.verb:set package 'ros2_iris_driver' build argument 'catkin_cmake_args' from command line to 'None'
[0.161s] Level 5:colcon.colcon_core.verb:set package 'ros2_iris_driver' build argument 'catkin_skip_building_tests' from command line to 'False'
[0.161s] DEBUG:colcon.colcon_core.verb:Building package 'ros2_iris_driver' with the following arguments: {'ament_cmake_args': None, 'build_base': '/home/artificial/bags_ws/build/ros2_iris_driver', 'catkin_cmake_args': None, 'catkin_skip_building_tests': False, 'cmake_args': None, 'cmake_clean_cache': False, 'cmake_clean_first': False, 'cmake_force_configure': False, 'cmake_target': None, 'cmake_target_skip_unavailable': False, 'install_base': '/home/artificial/bags_ws/install/ros2_iris_driver', 'merge_install': False, 'path': '/home/artificial/bags_ws/src/ros2_iris_driver/ros2_iris_driver', 'symlink_install': False, 'test_result_base': None}
[0.161s] INFO:colcon.colcon_core.executor:Executing jobs using 'parallel' executor
[0.162s] DEBUG:colcon.colcon_parallel_executor.executor.parallel:run_until_complete
[0.162s] INFO:colcon.colcon_ros.task.ament_cmake.build:Building ROS package in '/home/artificial/bags_ws/src/ros2_iris_driver/luminar_iris_msgs' with build type 'ament_cmake'
[0.162s] INFO:colcon.colcon_cmake.task.cmake.build:Building CMake package in '/home/artificial/bags_ws/src/ros2_iris_driver/luminar_iris_msgs'
[0.163s] INFO:colcon.colcon_core.plugin_system:Skipping extension 'colcon_core.shell.bat': Not used on non-Windows systems
[0.163s] INFO:colcon.colcon_core.shell:Skip shell extension 'powershell' for command environment: Not usable outside of PowerShell
[0.163s] DEBUG:colcon.colcon_core.shell:Skip shell extension 'dsv' for command environment
[0.165s] INFO:colcon.colcon_ros.task.ament_cmake.build:Building ROS package in '/home/artificial/bags_ws/src/my_cpp_package' with build type 'ament_cmake'
[0.165s] INFO:colcon.colcon_cmake.task.cmake.build:Building CMake package in '/home/artificial/bags_ws/src/my_cpp_package'
[0.165s] INFO:colcon.colcon_core.shell:Skip shell extension 'powershell' for command environment: Not usable outside of PowerShell
[0.165s] DEBUG:colcon.colcon_core.shell:Skip shell extension 'dsv' for command environment
[0.168s] DEBUG:colcon.colcon_core.event_handler.log_command:Invoking command in '/home/artificial/bags_ws/build/luminar_iris_msgs': CMAKE_PREFIX_PATH=${CMAKE_PREFIX_PATH}:/opt/ros/humble /usr/bin/cmake --build /home/artificial/bags_ws/build/luminar_iris_msgs -- -j16 -l16
[0.170s] DEBUG:colcon.colcon_core.event_handler.log_command:Invoking command in '/home/artificial/bags_ws/build/my_cpp_package': CMAKE_PREFIX_PATH=${CMAKE_PREFIX_PATH}:/opt/ros/humble /usr/bin/cmake --build /home/artificial/bags_ws/build/my_cpp_package -- -j16 -l16
[0.356s] DEBUG:colcon.colcon_core.event_handler.log_command:Invoked command in '/home/artificial/bags_ws/build/luminar_iris_msgs' returned '0': CMAKE_PREFIX_PATH=${CMAKE_PREFIX_PATH}:/opt/ros/humble /usr/bin/cmake --build /home/artificial/bags_ws/build/luminar_iris_msgs -- -j16 -l16
[0.392s] DEBUG:colcon.colcon_core.event_handler.log_command:Invoking command in '/home/artificial/bags_ws/build/luminar_iris_msgs': CMAKE_PREFIX_PATH=${CMAKE_PREFIX_PATH}:/opt/ros/humble /usr/bin/cmake --install /home/artificial/bags_ws/build/luminar_iris_msgs
[0.418s] Level 1:colcon.colcon_core.environment:create_environment_scripts_only(luminar_iris_msgs)
[0.418s] DEBUG:colcon.colcon_core.event_handler.log_command:Invoked command in '/home/artificial/bags_ws/build/luminar_iris_msgs' returned '0': CMAKE_PREFIX_PATH=${CMAKE_PREFIX_PATH}:/opt/ros/humble /usr/bin/cmake --install /home/artificial/bags_ws/build/luminar_iris_msgs
[0.419s] Level 1:colcon.colcon_core.environment:checking '/home/artificial/bags_ws/install/luminar_iris_msgs' for CMake module files
[0.419s] Level 1:colcon.colcon_core.environment:checking '/home/artificial/bags_ws/install/luminar_iris_msgs' for CMake config files
[0.420s] Level 1:colcon.colcon_core.shell:create_environment_hook('luminar_iris_msgs', 'cmake_prefix_path')
[0.420s] INFO:colcon.colcon_core.shell:Creating environment hook '/home/artificial/bags_ws/install/luminar_iris_msgs/share/luminar_iris_msgs/hook/cmake_prefix_path.ps1'
[0.420s] INFO:colcon.colcon_core.shell:Creating environment descriptor '/home/artificial/bags_ws/install/luminar_iris_msgs/share/luminar_iris_msgs/hook/cmake_prefix_path.dsv'
[0.420s] INFO:colcon.colcon_core.shell:Creating environment hook '/home/artificial/bags_ws/install/luminar_iris_msgs/share/luminar_iris_msgs/hook/cmake_prefix_path.sh'
[0.420s] Level 1:colcon.colcon_core.environment:checking '/home/artificial/bags_ws/install/luminar_iris_msgs/lib'
[0.421s] Level 1:colcon.colcon_core.shell:create_environment_hook('luminar_iris_msgs', 'ld_library_path_lib')
[0.421s] INFO:colcon.colcon_core.shell:Creating environment hook '/home/artificial/bags_ws/install/luminar_iris_msgs/share/luminar_iris_msgs/hook/ld_library_path_lib.ps1'
[0.421s] INFO:colcon.colcon_core.shell:Creating environment descriptor '/home/artificial/bags_ws/install/luminar_iris_msgs/share/luminar_iris_msgs/hook/ld_library_path_lib.dsv'
[0.421s] INFO:colcon.colcon_core.shell:Creating environment hook '/home/artificial/bags_ws/install/luminar_iris_msgs/share/luminar_iris_msgs/hook/ld_library_path_lib.sh'
[0.421s] Level 1:colcon.colcon_core.environment:checking '/home/artificial/bags_ws/install/luminar_iris_msgs/bin'
[0.421s] Level 1:colcon.colcon_core.environment:checking '/home/artificial/bags_ws/install/luminar_iris_msgs/lib/pkgconfig/luminar_iris_msgs.pc'
[0.421s] Level 1:colcon.colcon_core.environment:checking '/home/artificial/bags_ws/install/luminar_iris_msgs/lib/python3.10/site-packages'
[0.421s] Level 1:colcon.colcon_core.environment:checking '/home/artificial/bags_ws/install/luminar_iris_msgs/bin'
[0.421s] INFO:colcon.colcon_core.shell:Creating package script '/home/artificial/bags_ws/install/luminar_iris_msgs/share/luminar_iris_msgs/package.ps1'
[0.422s] INFO:colcon.colcon_core.shell:Creating package descriptor '/home/artificial/bags_ws/install/luminar_iris_msgs/share/luminar_iris_msgs/package.dsv'
[0.422s] INFO:colcon.colcon_core.shell:Creating package script '/home/artificial/bags_ws/install/luminar_iris_msgs/share/luminar_iris_msgs/package.sh'
[0.422s] INFO:colcon.colcon_core.shell:Creating package script '/home/artificial/bags_ws/install/luminar_iris_msgs/share/luminar_iris_msgs/package.bash'
[0.423s] INFO:colcon.colcon_core.shell:Creating package script '/home/artificial/bags_ws/install/luminar_iris_msgs/share/luminar_iris_msgs/package.zsh'
[0.423s] Level 1:colcon.colcon_core.environment:create_file_with_runtime_dependencies(/home/artificial/bags_ws/install/luminar_iris_msgs/share/colcon-core/packages/luminar_iris_msgs)
[0.453s] Level 1:colcon.colcon_core.environment:create_environment_scripts_only(luminar_iris_msgs)
[0.453s] Level 1:colcon.colcon_core.environment:checking '/home/artificial/bags_ws/install/luminar_iris_msgs' for CMake module files
[0.454s] Level 1:colcon.colcon_core.environment:checking '/home/artificial/bags_ws/install/luminar_iris_msgs' for CMake config files
[0.454s] Level 1:colcon.colcon_core.shell:create_environment_hook('luminar_iris_msgs', 'cmake_prefix_path')
[0.454s] INFO:colcon.colcon_core.shell:Creating environment hook '/home/artificial/bags_ws/install/luminar_iris_msgs/share/luminar_iris_msgs/hook/cmake_prefix_path.ps1'
[0.454s] INFO:colcon.colcon_core.shell:Creating environment descriptor '/home/artificial/bags_ws/install/luminar_iris_msgs/share/luminar_iris_msgs/hook/cmake_prefix_path.dsv'
[0.454s] INFO:colcon.colcon_core.shell:Creating environment hook '/home/artificial/bags_ws/install/luminar_iris_msgs/share/luminar_iris_msgs/hook/cmake_prefix_path.sh'
[0.455s] Level 1:colcon.colcon_core.environment:checking '/home/artificial/bags_ws/install/luminar_iris_msgs/lib'
[0.455s] Level 1:colcon.colcon_core.shell:create_environment_hook('luminar_iris_msgs', 'ld_library_path_lib')
[0.455s] INFO:colcon.colcon_core.shell:Creating environment hook '/home/artificial/bags_ws/install/luminar_iris_msgs/share/luminar_iris_msgs/hook/ld_library_path_lib.ps1'
[0.455s] INFO:colcon.colcon_core.shell:Creating environment descriptor '/home/artificial/bags_ws/install/luminar_iris_msgs/share/luminar_iris_msgs/hook/ld_library_path_lib.dsv'
[0.455s] INFO:colcon.colcon_core.shell:Creating environment hook '/home/artificial/bags_ws/install/luminar_iris_msgs/share/luminar_iris_msgs/hook/ld_library_path_lib.sh'
[0.455s] Level 1:colcon.colcon_core.environment:checking '/home/artificial/bags_ws/install/luminar_iris_msgs/bin'
[0.455s] Level 1:colcon.colcon_core.environment:checking '/home/artificial/bags_ws/install/luminar_iris_msgs/lib/pkgconfig/luminar_iris_msgs.pc'
[0.455s] Level 1:colcon.colcon_core.environment:checking '/home/artificial/bags_ws/install/luminar_iris_msgs/lib/python3.10/site-packages'
[0.455s] Level 1:colcon.colcon_core.environment:checking '/home/artificial/bags_ws/install/luminar_iris_msgs/bin'
[0.455s] INFO:colcon.colcon_core.shell:Creating package script '/home/artificial/bags_ws/install/luminar_iris_msgs/share/luminar_iris_msgs/package.ps1'
[0.456s] INFO:colcon.colcon_core.shell:Creating package descriptor '/home/artificial/bags_ws/install/luminar_iris_msgs/share/luminar_iris_msgs/package.dsv'
[0.456s] INFO:colcon.colcon_core.shell:Creating package script '/home/artificial/bags_ws/install/luminar_iris_msgs/share/luminar_iris_msgs/package.sh'
[0.456s] INFO:colcon.colcon_core.shell:Creating package script '/home/artificial/bags_ws/install/luminar_iris_msgs/share/luminar_iris_msgs/package.bash'
[0.456s] INFO:colcon.colcon_core.shell:Creating package script '/home/artificial/bags_ws/install/luminar_iris_msgs/share/luminar_iris_msgs/package.zsh'
[0.456s] Level 1:colcon.colcon_core.environment:create_file_with_runtime_dependencies(/home/artificial/bags_ws/install/luminar_iris_msgs/share/colcon-core/packages/luminar_iris_msgs)
[0.456s] INFO:colcon.colcon_ros.task.ament_cmake.build:Building ROS package in '/home/artificial/bags_ws/src/ros2_iris_driver/ros2_iris_driver' with build type 'ament_cmake'
[0.456s] INFO:colcon.colcon_cmake.task.cmake.build:Building CMake package in '/home/artificial/bags_ws/src/ros2_iris_driver/ros2_iris_driver'
[0.456s] INFO:colcon.colcon_core.shell:Skip shell extension 'powershell' for command environment: Not usable outside of PowerShell
[0.456s] DEBUG:colcon.colcon_core.shell:Skip shell extension 'dsv' for command environment
[0.461s] DEBUG:colcon.colcon_core.event_handler.log_command:Invoking command in '/home/artificial/bags_ws/build/ros2_iris_driver': CMAKE_PREFIX_PATH=/home/artificial/bags_ws/install/luminar_iris_msgs:/home/artificial/bags_ws/install/ros2_iris_driver:/home/artificial/bags_ws/install/my_cpp_package:/opt/ros/humble LD_LIBRARY_PATH=/home/artificial/bags_ws/install/luminar_iris_msgs/lib:/home/artificial/bags_ws/install/ros2_iris_driver/lib:/home/artificial/bags_ws/install/my_cpp_package/lib:/opt/ros/humble/opt/rviz_ogre_vendor/lib:/opt/ros/humble/lib/x86_64-linux-gnu:/opt/ros/humble/lib:/opt/blasfeo/lib:/opt/hpipm/lib:/usr/local/lib:/usr/lib /usr/bin/cmake --build /home/artificial/bags_ws/build/ros2_iris_driver -- -j16 -l16
[0.512s] DEBUG:colcon.colcon_core.event_handler.log_command:Invoked command in '/home/artificial/bags_ws/build/ros2_iris_driver' returned '0': CMAKE_PREFIX_PATH=/home/artificial/bags_ws/install/luminar_iris_msgs:/home/artificial/bags_ws/install/ros2_iris_driver:/home/artificial/bags_ws/install/my_cpp_package:/opt/ros/humble LD_LIBRARY_PATH=/home/artificial/bags_ws/install/luminar_iris_msgs/lib:/home/artificial/bags_ws/install/ros2_iris_driver/lib:/home/artificial/bags_ws/install/my_cpp_package/lib:/opt/ros/humble/opt/rviz_ogre_vendor/lib:/opt/ros/humble/lib/x86_64-linux-gnu:/opt/ros/humble/lib:/opt/blasfeo/lib:/opt/hpipm/lib:/usr/local/lib:/usr/lib /usr/bin/cmake --build /home/artificial/bags_ws/build/ros2_iris_driver -- -j16 -l16
[0.528s] DEBUG:colcon.colcon_core.event_handler.log_command:Invoking command in '/home/artificial/bags_ws/build/ros2_iris_driver': CMAKE_PREFIX_PATH=/home/artificial/bags_ws/install/luminar_iris_msgs:/home/artificial/bags_ws/install/ros2_iris_driver:/home/artificial/bags_ws/install/my_cpp_package:/opt/ros/humble LD_LIBRARY_PATH=/home/artificial/bags_ws/install/luminar_iris_msgs/lib:/home/artificial/bags_ws/install/ros2_iris_driver/lib:/home/artificial/bags_ws/install/my_cpp_package/lib:/opt/ros/humble/opt/rviz_ogre_vendor/lib:/opt/ros/humble/lib/x86_64-linux-gnu:/opt/ros/humble/lib:/opt/blasfeo/lib:/opt/hpipm/lib:/usr/local/lib:/usr/lib /usr/bin/cmake --install /home/artificial/bags_ws/build/ros2_iris_driver
[0.533s] Level 1:colcon.colcon_core.environment:create_environment_scripts_only(ros2_iris_driver)
[0.533s] Level 1:colcon.colcon_core.environment:checking '/home/artificial/bags_ws/install/ros2_iris_driver' for CMake module files
[0.534s] DEBUG:colcon.colcon_core.event_handler.log_command:Invoked command in '/home/artificial/bags_ws/build/ros2_iris_driver' returned '0': CMAKE_PREFIX_PATH=/home/artificial/bags_ws/install/luminar_iris_msgs:/home/artificial/bags_ws/install/ros2_iris_driver:/home/artificial/bags_ws/install/my_cpp_package:/opt/ros/humble LD_LIBRARY_PATH=/home/artificial/bags_ws/install/luminar_iris_msgs/lib:/home/artificial/bags_ws/install/ros2_iris_driver/lib:/home/artificial/bags_ws/install/my_cpp_package/lib:/opt/ros/humble/opt/rviz_ogre_vendor/lib:/opt/ros/humble/lib/x86_64-linux-gnu:/opt/ros/humble/lib:/opt/blasfeo/lib:/opt/hpipm/lib:/usr/local/lib:/usr/lib /usr/bin/cmake --install /home/artificial/bags_ws/build/ros2_iris_driver
[0.534s] Level 1:colcon.colcon_core.environment:checking '/home/artificial/bags_ws/install/ros2_iris_driver' for CMake config files
[0.534s] Level 1:colcon.colcon_core.shell:create_environment_hook('ros2_iris_driver', 'cmake_prefix_path')
[0.534s] INFO:colcon.colcon_core.shell:Creating environment hook '/home/artificial/bags_ws/install/ros2_iris_driver/share/ros2_iris_driver/hook/cmake_prefix_path.ps1'
[0.534s] INFO:colcon.colcon_core.shell:Creating environment descriptor '/home/artificial/bags_ws/install/ros2_iris_driver/share/ros2_iris_driver/hook/cmake_prefix_path.dsv'
[0.534s] INFO:colcon.colcon_core.shell:Creating environment hook '/home/artificial/bags_ws/install/ros2_iris_driver/share/ros2_iris_driver/hook/cmake_prefix_path.sh'
[0.535s] Level 1:colcon.colcon_core.environment:checking '/home/artificial/bags_ws/install/ros2_iris_driver/lib'
[0.535s] Level 1:colcon.colcon_core.shell:create_environment_hook('ros2_iris_driver', 'ld_library_path_lib')
[0.535s] INFO:colcon.colcon_core.shell:Creating environment hook '/home/artificial/bags_ws/install/ros2_iris_driver/share/ros2_iris_driver/hook/ld_library_path_lib.ps1'
[0.535s] INFO:colcon.colcon_core.shell:Creating environment descriptor '/home/artificial/bags_ws/install/ros2_iris_driver/share/ros2_iris_driver/hook/ld_library_path_lib.dsv'
[0.535s] INFO:colcon.colcon_core.shell:Creating environment hook '/home/artificial/bags_ws/install/ros2_iris_driver/share/ros2_iris_driver/hook/ld_library_path_lib.sh'
[0.535s] Level 1:colcon.colcon_core.environment:checking '/home/artificial/bags_ws/install/ros2_iris_driver/bin'
[0.535s] Level 1:colcon.colcon_core.environment:checking '/home/artificial/bags_ws/install/ros2_iris_driver/lib/pkgconfig/ros2_iris_driver.pc'
[0.535s] Level 1:colcon.colcon_core.environment:checking '/home/artificial/bags_ws/install/ros2_iris_driver/lib/python3.10/site-packages'
[0.535s] Level 1:colcon.colcon_core.environment:checking '/home/artificial/bags_ws/install/ros2_iris_driver/bin'
[0.536s] INFO:colcon.colcon_core.shell:Creating package script '/home/artificial/bags_ws/install/ros2_iris_driver/share/ros2_iris_driver/package.ps1'
[0.536s] INFO:colcon.colcon_core.shell:Creating package descriptor '/home/artificial/bags_ws/install/ros2_iris_driver/share/ros2_iris_driver/package.dsv'
[0.536s] INFO:colcon.colcon_core.shell:Creating package script '/home/artificial/bags_ws/install/ros2_iris_driver/share/ros2_iris_driver/package.sh'
[0.536s] INFO:colcon.colcon_core.shell:Creating package script '/home/artificial/bags_ws/install/ros2_iris_driver/share/ros2_iris_driver/package.bash'
[0.536s] INFO:colcon.colcon_core.shell:Creating package script '/home/artificial/bags_ws/install/ros2_iris_driver/share/ros2_iris_driver/package.zsh'
[0.536s] Level 1:colcon.colcon_core.environment:create_file_with_runtime_dependencies(/home/artificial/bags_ws/install/ros2_iris_driver/share/colcon-core/packages/ros2_iris_driver)
[0.553s] Level 1:colcon.colcon_core.environment:create_environment_scripts_only(ros2_iris_driver)
[0.553s] Level 1:colcon.colcon_core.environment:checking '/home/artificial/bags_ws/install/ros2_iris_driver' for CMake module files
[0.554s] Level 1:colcon.colcon_core.environment:checking '/home/artificial/bags_ws/install/ros2_iris_driver' for CMake config files
[0.554s] Level 1:colcon.colcon_core.shell:create_environment_hook('ros2_iris_driver', 'cmake_prefix_path')
[0.554s] INFO:colcon.colcon_core.shell:Creating environment hook '/home/artificial/bags_ws/install/ros2_iris_driver/share/ros2_iris_driver/hook/cmake_prefix_path.ps1'
[0.554s] INFO:colcon.colcon_core.shell:Creating environment descriptor '/home/artificial/bags_ws/install/ros2_iris_driver/share/ros2_iris_driver/hook/cmake_prefix_path.dsv'
[0.554s] INFO:colcon.colcon_core.shell:Creating environment hook '/home/artificial/bags_ws/install/ros2_iris_driver/share/ros2_iris_driver/hook/cmake_prefix_path.sh'
[0.554s] Level 1:colcon.colcon_core.environment:checking '/home/artificial/bags_ws/install/ros2_iris_driver/lib'
[0.554s] Level 1:colcon.colcon_core.shell:create_environment_hook('ros2_iris_driver', 'ld_library_path_lib')
[0.555s] INFO:colcon.colcon_core.shell:Creating environment hook '/home/artificial/bags_ws/install/ros2_iris_driver/share/ros2_iris_driver/hook/ld_library_path_lib.ps1'
[0.555s] INFO:colcon.colcon_core.shell:Creating environment descriptor '/home/artificial/bags_ws/install/ros2_iris_driver/share/ros2_iris_driver/hook/ld_library_path_lib.dsv'
[0.555s] INFO:colcon.colcon_core.shell:Creating environment hook '/home/artificial/bags_ws/install/ros2_iris_driver/share/ros2_iris_driver/hook/ld_library_path_lib.sh'
[0.555s] Level 1:colcon.colcon_core.environment:checking '/home/artificial/bags_ws/install/ros2_iris_driver/bin'
[0.555s] Level 1:colcon.colcon_core.environment:checking '/home/artificial/bags_ws/install/ros2_iris_driver/lib/pkgconfig/ros2_iris_driver.pc'
[0.555s] Level 1:colcon.colcon_core.environment:checking '/home/artificial/bags_ws/install/ros2_iris_driver/lib/python3.10/site-packages'
[0.555s] Level 1:colcon.colcon_core.environment:checking '/home/artificial/bags_ws/install/ros2_iris_driver/bin'
[0.555s] INFO:colcon.colcon_core.shell:Creating package script '/home/artificial/bags_ws/install/ros2_iris_driver/share/ros2_iris_driver/package.ps1'
[0.555s] INFO:colcon.colcon_core.shell:Creating package descriptor '/home/artificial/bags_ws/install/ros2_iris_driver/share/ros2_iris_driver/package.dsv'
[0.556s] INFO:colcon.colcon_core.shell:Creating package script '/home/artificial/bags_ws/install/ros2_iris_driver/share/ros2_iris_driver/package.sh'
[0.556s] INFO:colcon.colcon_core.shell:Creating package script '/home/artificial/bags_ws/install/ros2_iris_driver/share/ros2_iris_driver/package.bash'
[0.556s] INFO:colcon.colcon_core.shell:Creating package script '/home/artificial/bags_ws/install/ros2_iris_driver/share/ros2_iris_driver/package.zsh'
[0.556s] Level 1:colcon.colcon_core.environment:create_file_with_runtime_dependencies(/home/artificial/bags_ws/install/ros2_iris_driver/share/colcon-core/packages/ros2_iris_driver)
[3.217s] DEBUG:colcon.colcon_core.event_handler.log_command:Invoked command in '/home/artificial/bags_ws/build/my_cpp_package' returned '0': CMAKE_PREFIX_PATH=${CMAKE_PREFIX_PATH}:/opt/ros/humble /usr/bin/cmake --build /home/artificial/bags_ws/build/my_cpp_package -- -j16 -l16
[3.235s] DEBUG:colcon.colcon_core.event_handler.log_command:Invoking command in '/home/artificial/bags_ws/build/my_cpp_package': CMAKE_PREFIX_PATH=${CMAKE_PREFIX_PATH}:/opt/ros/humble /usr/bin/cmake --install /home/artificial/bags_ws/build/my_cpp_package
[3.247s] Level 1:colcon.colcon_core.environment:create_environment_scripts_only(my_cpp_package)
[3.247s] DEBUG:colcon.colcon_core.event_handler.log_command:Invoked command in '/home/artificial/bags_ws/build/my_cpp_package' returned '0': CMAKE_PREFIX_PATH=${CMAKE_PREFIX_PATH}:/opt/ros/humble /usr/bin/cmake --install /home/artificial/bags_ws/build/my_cpp_package
[3.247s] Level 1:colcon.colcon_core.environment:checking '/home/artificial/bags_ws/install/my_cpp_package' for CMake module files
[3.248s] Level 1:colcon.colcon_core.environment:checking '/home/artificial/bags_ws/install/my_cpp_package' for CMake config files
[3.248s] Level 1:colcon.colcon_core.shell:create_environment_hook('my_cpp_package', 'cmake_prefix_path')
[3.248s] INFO:colcon.colcon_core.shell:Creating environment hook '/home/artificial/bags_ws/install/my_cpp_package/share/my_cpp_package/hook/cmake_prefix_path.ps1'
[3.248s] INFO:colcon.colcon_core.shell:Creating environment descriptor '/home/artificial/bags_ws/install/my_cpp_package/share/my_cpp_package/hook/cmake_prefix_path.dsv'
[3.248s] INFO:colcon.colcon_core.shell:Creating environment hook '/home/artificial/bags_ws/install/my_cpp_package/share/my_cpp_package/hook/cmake_prefix_path.sh'
[3.248s] Level 1:colcon.colcon_core.environment:checking '/home/artificial/bags_ws/install/my_cpp_package/lib'
[3.249s] Level 1:colcon.colcon_core.shell:create_environment_hook('my_cpp_package', 'ld_library_path_lib')
[3.249s] INFO:colcon.colcon_core.shell:Creating environment hook '/home/artificial/bags_ws/install/my_cpp_package/share/my_cpp_package/hook/ld_library_path_lib.ps1'
[3.249s] INFO:colcon.colcon_core.shell:Creating environment descriptor '/home/artificial/bags_ws/install/my_cpp_package/share/my_cpp_package/hook/ld_library_path_lib.dsv'
[3.249s] INFO:colcon.colcon_core.shell:Creating environment hook '/home/artificial/bags_ws/install/my_cpp_package/share/my_cpp_package/hook/ld_library_path_lib.sh'
[3.249s] Level 1:colcon.colcon_core.environment:checking '/home/artificial/bags_ws/install/my_cpp_package/bin'
[3.249s] Level 1:colcon.colcon_core.environment:checking '/home/artificial/bags_ws/install/my_cpp_package/lib/pkgconfig/my_cpp_package.pc'
[3.249s] Level 1:colcon.colcon_core.environment:checking '/home/artificial/bags_ws/install/my_cpp_package/lib/python3.10/site-packages'
[3.249s] Level 1:colcon.colcon_core.environment:checking '/home/artificial/bags_ws/install/my_cpp_package/bin'
[3.249s] INFO:colcon.colcon_core.shell:Creating package script '/home/artificial/bags_ws/install/my_cpp_package/share/my_cpp_package/package.ps1'
[3.250s] INFO:colcon.colcon_core.shell:Creating package descriptor '/home/artificial/bags_ws/install/my_cpp_package/share/my_cpp_package/package.dsv'
[3.250s] INFO:colcon.colcon_core.shell:Creating package script '/home/artificial/bags_ws/install/my_cpp_package/share/my_cpp_package/package.sh'
[3.250s] INFO:colcon.colcon_core.shell:Creating package script '/home/artificial/bags_ws/install/my_cpp_package/share/my_cpp_package/package.bash'
[3.250s] INFO:colcon.colcon_core.shell:Creating package script '/home/artificial/bags_ws/install/my_cpp_package/share/my_cpp_package/package.zsh'
[3.250s] Level 1:colcon.colcon_core.environment:create_file_with_runtime_dependencies(/home/artificial/bags_ws/install/my_cpp_package/share/colcon-core/packages/my_cpp_package)
[3.280s] Level 1:colcon.colcon_core.environment:create_environment_scripts_only(my_cpp_package)
[3.280s] Level 1:colcon.colcon_core.environment:checking '/home/artificial/bags_ws/install/my_cpp_package' for CMake module files
[3.280s] Level 1:colcon.colcon_core.environment:checking '/home/artificial/bags_ws/install/my_cpp_package' for CMake config files
[3.281s] Level 1:colcon.colcon_core.shell:create_environment_hook('my_cpp_package', 'cmake_prefix_path')
[3.281s] INFO:colcon.colcon_core.shell:Creating environment hook '/home/artificial/bags_ws/install/my_cpp_package/share/my_cpp_package/hook/cmake_prefix_path.ps1'
[3.281s] INFO:colcon.colcon_core.shell:Creating environment descriptor '/home/artificial/bags_ws/install/my_cpp_package/share/my_cpp_package/hook/cmake_prefix_path.dsv'
[3.281s] INFO:colcon.colcon_core.shell:Creating environment hook '/home/artificial/bags_ws/install/my_cpp_package/share/my_cpp_package/hook/cmake_prefix_path.sh'
[3.282s] Level 1:colcon.colcon_core.environment:checking '/home/artificial/bags_ws/install/my_cpp_package/lib'
[3.282s] Level 1:colcon.colcon_core.shell:create_environment_hook('my_cpp_package', 'ld_library_path_lib')
[3.282s] INFO:colcon.colcon_core.shell:Creating environment hook '/home/artificial/bags_ws/install/my_cpp_package/share/my_cpp_package/hook/ld_library_path_lib.ps1'
[3.283s] INFO:colcon.colcon_core.shell:Creating environment descriptor '/home/artificial/bags_ws/install/my_cpp_package/share/my_cpp_package/hook/ld_library_path_lib.dsv'
[3.283s] INFO:colcon.colcon_core.shell:Creating environment hook '/home/artificial/bags_ws/install/my_cpp_package/share/my_cpp_package/hook/ld_library_path_lib.sh'
[3.283s] Level 1:colcon.colcon_core.environment:checking '/home/artificial/bags_ws/install/my_cpp_package/bin'
[3.283s] Level 1:colcon.colcon_core.environment:checking '/home/artificial/bags_ws/install/my_cpp_package/lib/pkgconfig/my_cpp_package.pc'
[3.283s] Level 1:colcon.colcon_core.environment:checking '/home/artificial/bags_ws/install/my_cpp_package/lib/python3.10/site-packages'
[3.284s] Level 1:colcon.colcon_core.environment:checking '/home/artificial/bags_ws/install/my_cpp_package/bin'
[3.284s] INFO:colcon.colcon_core.shell:Creating package script '/home/artificial/bags_ws/install/my_cpp_package/share/my_cpp_package/package.ps1'
[3.285s] INFO:colcon.colcon_core.shell:Creating package descriptor '/home/artificial/bags_ws/install/my_cpp_package/share/my_cpp_package/package.dsv'
[3.285s] INFO:colcon.colcon_core.shell:Creating package script '/home/artificial/bags_ws/install/my_cpp_package/share/my_cpp_package/package.sh'
[3.285s] INFO:colcon.colcon_core.shell:Creating package script '/home/artificial/bags_ws/install/my_cpp_package/share/my_cpp_package/package.bash'
[3.286s] INFO:colcon.colcon_core.shell:Creating package script '/home/artificial/bags_ws/install/my_cpp_package/share/my_cpp_package/package.zsh'
[3.286s] Level 1:colcon.colcon_core.environment:create_file_with_runtime_dependencies(/home/artificial/bags_ws/install/my_cpp_package/share/colcon-core/packages/my_cpp_package)
[3.286s] DEBUG:colcon.colcon_parallel_executor.executor.parallel:closing loop
[3.287s] DEBUG:colcon.colcon_parallel_executor.executor.parallel:loop closed
[3.287s] DEBUG:colcon.colcon_parallel_executor.executor.parallel:run_until_complete finished with '0'
[3.287s] DEBUG:colcon.colcon_core.event_reactor:joining thread
[3.292s] INFO:colcon.colcon_core.plugin_system:Skipping extension 'colcon_notification.desktop_notification.terminal_notifier': Not used on non-Darwin systems
[3.292s] INFO:colcon.colcon_core.plugin_system:Skipping extension 'colcon_notification.desktop_notification.win32': Not used on non-Windows systems
[3.292s] INFO:colcon.colcon_notification.desktop_notification:Sending desktop notification using 'notify2'
[3.304s] DEBUG:colcon.colcon_core.event_reactor:joined thread
[3.304s] INFO:colcon.colcon_core.shell:Creating prefix script '/home/artificial/bags_ws/install/local_setup.ps1'
[3.306s] INFO:colcon.colcon_core.shell:Creating prefix util module '/home/artificial/bags_ws/install/_local_setup_util_ps1.py'
[3.307s] INFO:colcon.colcon_core.shell:Creating prefix chain script '/home/artificial/bags_ws/install/setup.ps1'
[3.307s] INFO:colcon.colcon_core.shell:Creating prefix script '/home/artificial/bags_ws/install/local_setup.sh'
[3.308s] INFO:colcon.colcon_core.shell:Creating prefix util module '/home/artificial/bags_ws/install/_local_setup_util_sh.py'
[3.308s] INFO:colcon.colcon_core.shell:Creating prefix chain script '/home/artificial/bags_ws/install/setup.sh'
[3.309s] INFO:colcon.colcon_core.shell:Creating prefix script '/home/artificial/bags_ws/install/local_setup.bash'
[3.309s] INFO:colcon.colcon_core.shell:Creating prefix chain script '/home/artificial/bags_ws/install/setup.bash'
[3.310s] INFO:colcon.colcon_core.shell:Creating prefix script '/home/artificial/bags_ws/install/local_setup.zsh'
[3.310s] INFO:colcon.colcon_core.shell:Creating prefix chain script '/home/artificial/bags_ws/install/setup.zsh'
