[0.044s] DEBUG:colcon:Command line arguments: ['/usr/bin/colcon', 'build']
[0.044s] DEBUG:colcon:Parsed command line arguments: Namespace(log_base=None, log_level=None, verb_name='build', build_base='build', install_base='install', merge_install=False, symlink_install=False, test_result_base=None, continue_on_error=False, executor='parallel', parallel_workers=16, event_handlers=None, ignore_user_meta=False, metas=['./colcon.meta'], base_paths=['.'], packages_ignore=None, packages_ignore_regex=None, paths=None, packages_up_to=None, packages_up_to_regex=None, packages_above=None, packages_above_and_dependencies=None, packages_above_depth=None, packages_select_by_dep=None, packages_skip_by_dep=None, packages_skip_up_to=None, packages_select_build_failed=False, packages_skip_build_finished=False, packages_select_test_failures=False, packages_skip_test_passed=False, packages_select=None, packages_skip=None, packages_select_regex=None, packages_skip_regex=None, packages_start=None, packages_end=None, allow_overriding=[], cmake_args=None, cmake_target=None, cmake_target_skip_unavailable=False, cmake_clean_cache=False, cmake_clean_first=False, cmake_force_configure=False, ament_cmake_args=None, catkin_cmake_args=None, catkin_skip_building_tests=False, verb_parser=<colcon_defaults.argument_parser.defaults.DefaultArgumentsDecorator object at 0x79469fc0dde0>, verb_extension=<colcon_core.verb.build.BuildVerb object at 0x79469fc0d840>, main=<bound method BuildVerb.main of <colcon_core.verb.build.BuildVerb object at 0x79469fc0d840>>)
[0.123s] Level 1:colcon.colcon_core.package_discovery:discover_packages(colcon_meta) check parameters
[0.123s] Level 1:colcon.colcon_core.package_discovery:discover_packages(recursive) check parameters
[0.123s] Level 1:colcon.colcon_core.package_discovery:discover_packages(ignore) check parameters
[0.123s] Level 1:colcon.colcon_core.package_discovery:discover_packages(path) check parameters
[0.123s] Level 1:colcon.colcon_core.package_discovery:discover_packages(colcon_meta) discover
[0.123s] Level 1:colcon.colcon_core.package_discovery:discover_packages(recursive) discover
[0.123s] INFO:colcon.colcon_core.package_discovery:Crawling recursively for packages in '/home/artificial/bags_ws'
[0.123s] Level 1:colcon.colcon_core.package_identification:_identify(.) by extensions ['ignore', 'ignore_ament_install']
[0.123s] Level 1:colcon.colcon_core.package_identification:_identify(.) by extension 'ignore'
[0.123s] Level 1:colcon.colcon_core.package_identification:_identify(.) by extension 'ignore_ament_install'
[0.123s] Level 1:colcon.colcon_core.package_identification:_identify(.) by extensions ['colcon_pkg']
[0.123s] Level 1:colcon.colcon_core.package_identification:_identify(.) by extension 'colcon_pkg'
[0.123s] Level 1:colcon.colcon_core.package_identification:_identify(.) by extensions ['colcon_meta']
[0.123s] Level 1:colcon.colcon_core.package_identification:_identify(.) by extension 'colcon_meta'
[0.123s] Level 1:colcon.colcon_core.package_identification:_identify(.) by extensions ['ros']
[0.123s] Level 1:colcon.colcon_core.package_identification:_identify(.) by extension 'ros'
[0.128s] Level 1:colcon.colcon_core.package_identification:_identify(.) by extensions ['cmake', 'python']
[0.128s] Level 1:colcon.colcon_core.package_identification:_identify(.) by extension 'cmake'
[0.128s] Level 1:colcon.colcon_core.package_identification:_identify(.) by extension 'python'
[0.128s] Level 1:colcon.colcon_core.package_identification:_identify(.) by extensions ['python_setup_py']
[0.128s] Level 1:colcon.colcon_core.package_identification:_identify(.) by extension 'python_setup_py'
[0.128s] Level 1:colcon.colcon_core.package_identification:_identify(build) by extensions ['ignore', 'ignore_ament_install']
[0.128s] Level 1:colcon.colcon_core.package_identification:_identify(build) by extension 'ignore'
[0.128s] Level 1:colcon.colcon_core.package_identification:_identify(build) ignored
[0.128s] Level 1:colcon.colcon_core.package_identification:_identify(install) by extensions ['ignore', 'ignore_ament_install']
[0.128s] Level 1:colcon.colcon_core.package_identification:_identify(install) by extension 'ignore'
[0.128s] Level 1:colcon.colcon_core.package_identification:_identify(install) ignored
[0.128s] Level 1:colcon.colcon_core.package_identification:_identify(log) by extensions ['ignore', 'ignore_ament_install']
[0.128s] Level 1:colcon.colcon_core.package_identification:_identify(log) by extension 'ignore'
[0.128s] Level 1:colcon.colcon_core.package_identification:_identify(log) ignored
[0.128s] Level 1:colcon.colcon_core.package_identification:_identify(src) by extensions ['ignore', 'ignore_ament_install']
[0.128s] Level 1:colcon.colcon_core.package_identification:_identify(src) by extension 'ignore'
[0.128s] Level 1:colcon.colcon_core.package_identification:_identify(src) by extension 'ignore_ament_install'
[0.128s] Level 1:colcon.colcon_core.package_identification:_identify(src) by extensions ['colcon_pkg']
[0.128s] Level 1:colcon.colcon_core.package_identification:_identify(src) by extension 'colcon_pkg'
[0.128s] Level 1:colcon.colcon_core.package_identification:_identify(src) by extensions ['colcon_meta']
[0.128s] Level 1:colcon.colcon_core.package_identification:_identify(src) by extension 'colcon_meta'
[0.128s] Level 1:colcon.colcon_core.package_identification:_identify(src) by extensions ['ros']
[0.128s] Level 1:colcon.colcon_core.package_identification:_identify(src) by extension 'ros'
[0.128s] Level 1:colcon.colcon_core.package_identification:_identify(src) by extensions ['cmake', 'python']
[0.128s] Level 1:colcon.colcon_core.package_identification:_identify(src) by extension 'cmake'
[0.128s] Level 1:colcon.colcon_core.package_identification:_identify(src) by extension 'python'
[0.128s] Level 1:colcon.colcon_core.package_identification:_identify(src) by extensions ['python_setup_py']
[0.128s] Level 1:colcon.colcon_core.package_identification:_identify(src) by extension 'python_setup_py'
[0.128s] Level 1:colcon.colcon_core.package_identification:_identify(src/icp_test) by extensions ['ignore', 'ignore_ament_install']
[0.129s] Level 1:colcon.colcon_core.package_identification:_identify(src/icp_test) by extension 'ignore'
[0.129s] Level 1:colcon.colcon_core.package_identification:_identify(src/icp_test) by extension 'ignore_ament_install'
[0.129s] Level 1:colcon.colcon_core.package_identification:_identify(src/icp_test) by extensions ['colcon_pkg']
[0.129s] Level 1:colcon.colcon_core.package_identification:_identify(src/icp_test) by extension 'colcon_pkg'
[0.129s] Level 1:colcon.colcon_core.package_identification:_identify(src/icp_test) by extensions ['colcon_meta']
[0.129s] Level 1:colcon.colcon_core.package_identification:_identify(src/icp_test) by extension 'colcon_meta'
[0.129s] Level 1:colcon.colcon_core.package_identification:_identify(src/icp_test) by extensions ['ros']
[0.129s] Level 1:colcon.colcon_core.package_identification:_identify(src/icp_test) by extension 'ros'
[0.130s] DEBUG:colcon.colcon_core.package_identification:Package 'src/icp_test' with type 'ros.ament_cmake' and name 'icp_test'
[0.130s] Level 1:colcon.colcon_core.package_identification:_identify(src/my_cpp_package) by extensions ['ignore', 'ignore_ament_install']
[0.130s] Level 1:colcon.colcon_core.package_identification:_identify(src/my_cpp_package) by extension 'ignore'
[0.130s] Level 1:colcon.colcon_core.package_identification:_identify(src/my_cpp_package) by extension 'ignore_ament_install'
[0.130s] Level 1:colcon.colcon_core.package_identification:_identify(src/my_cpp_package) by extensions ['colcon_pkg']
[0.130s] Level 1:colcon.colcon_core.package_identification:_identify(src/my_cpp_package) by extension 'colcon_pkg'
[0.130s] Level 1:colcon.colcon_core.package_identification:_identify(src/my_cpp_package) by extensions ['colcon_meta']
[0.130s] Level 1:colcon.colcon_core.package_identification:_identify(src/my_cpp_package) by extension 'colcon_meta'
[0.130s] Level 1:colcon.colcon_core.package_identification:_identify(src/my_cpp_package) by extensions ['ros']
[0.130s] Level 1:colcon.colcon_core.package_identification:_identify(src/my_cpp_package) by extension 'ros'
[0.131s] DEBUG:colcon.colcon_core.package_identification:Package 'src/my_cpp_package' with type 'ros.ament_cmake' and name 'my_cpp_package'
[0.131s] Level 1:colcon.colcon_core.package_identification:_identify(src/ros2_iris_driver) by extensions ['ignore', 'ignore_ament_install']
[0.131s] Level 1:colcon.colcon_core.package_identification:_identify(src/ros2_iris_driver) by extension 'ignore'
[0.131s] Level 1:colcon.colcon_core.package_identification:_identify(src/ros2_iris_driver) by extension 'ignore_ament_install'
[0.131s] Level 1:colcon.colcon_core.package_identification:_identify(src/ros2_iris_driver) by extensions ['colcon_pkg']
[0.131s] Level 1:colcon.colcon_core.package_identification:_identify(src/ros2_iris_driver) by extension 'colcon_pkg'
[0.131s] Level 1:colcon.colcon_core.package_identification:_identify(src/ros2_iris_driver) by extensions ['colcon_meta']
[0.131s] Level 1:colcon.colcon_core.package_identification:_identify(src/ros2_iris_driver) by extension 'colcon_meta'
[0.131s] Level 1:colcon.colcon_core.package_identification:_identify(src/ros2_iris_driver) by extensions ['ros']
[0.131s] Level 1:colcon.colcon_core.package_identification:_identify(src/ros2_iris_driver) by extension 'ros'
[0.131s] Level 1:colcon.colcon_core.package_identification:_identify(src/ros2_iris_driver) by extensions ['cmake', 'python']
[0.131s] Level 1:colcon.colcon_core.package_identification:_identify(src/ros2_iris_driver) by extension 'cmake'
[0.131s] Level 1:colcon.colcon_core.package_identification:_identify(src/ros2_iris_driver) by extension 'python'
[0.131s] Level 1:colcon.colcon_core.package_identification:_identify(src/ros2_iris_driver) by extensions ['python_setup_py']
[0.131s] Level 1:colcon.colcon_core.package_identification:_identify(src/ros2_iris_driver) by extension 'python_setup_py'
[0.131s] Level 1:colcon.colcon_core.package_identification:_identify(src/ros2_iris_driver/luminar_iris_msgs) by extensions ['ignore', 'ignore_ament_install']
[0.131s] Level 1:colcon.colcon_core.package_identification:_identify(src/ros2_iris_driver/luminar_iris_msgs) by extension 'ignore'
[0.131s] Level 1:colcon.colcon_core.package_identification:_identify(src/ros2_iris_driver/luminar_iris_msgs) by extension 'ignore_ament_install'
[0.131s] Level 1:colcon.colcon_core.package_identification:_identify(src/ros2_iris_driver/luminar_iris_msgs) by extensions ['colcon_pkg']
[0.131s] Level 1:colcon.colcon_core.package_identification:_identify(src/ros2_iris_driver/luminar_iris_msgs) by extension 'colcon_pkg'
[0.131s] Level 1:colcon.colcon_core.package_identification:_identify(src/ros2_iris_driver/luminar_iris_msgs) by extensions ['colcon_meta']
[0.131s] Level 1:colcon.colcon_core.package_identification:_identify(src/ros2_iris_driver/luminar_iris_msgs) by extension 'colcon_meta'
[0.131s] Level 1:colcon.colcon_core.package_identification:_identify(src/ros2_iris_driver/luminar_iris_msgs) by extensions ['ros']
[0.131s] Level 1:colcon.colcon_core.package_identification:_identify(src/ros2_iris_driver/luminar_iris_msgs) by extension 'ros'
[0.131s] DEBUG:colcon.colcon_core.package_identification:Package 'src/ros2_iris_driver/luminar_iris_msgs' with type 'ros.ament_cmake' and name 'luminar_iris_msgs'
[0.131s] Level 1:colcon.colcon_core.package_identification:_identify(src/ros2_iris_driver/ros2_iris_driver) by extensions ['ignore', 'ignore_ament_install']
[0.132s] Level 1:colcon.colcon_core.package_identification:_identify(src/ros2_iris_driver/ros2_iris_driver) by extension 'ignore'
[0.132s] Level 1:colcon.colcon_core.package_identification:_identify(src/ros2_iris_driver/ros2_iris_driver) by extension 'ignore_ament_install'
[0.132s] Level 1:colcon.colcon_core.package_identification:_identify(src/ros2_iris_driver/ros2_iris_driver) by extensions ['colcon_pkg']
[0.132s] Level 1:colcon.colcon_core.package_identification:_identify(src/ros2_iris_driver/ros2_iris_driver) by extension 'colcon_pkg'
[0.132s] Level 1:colcon.colcon_core.package_identification:_identify(src/ros2_iris_driver/ros2_iris_driver) by extensions ['colcon_meta']
[0.132s] Level 1:colcon.colcon_core.package_identification:_identify(src/ros2_iris_driver/ros2_iris_driver) by extension 'colcon_meta'
[0.132s] Level 1:colcon.colcon_core.package_identification:_identify(src/ros2_iris_driver/ros2_iris_driver) by extensions ['ros']
[0.132s] Level 1:colcon.colcon_core.package_identification:_identify(src/ros2_iris_driver/ros2_iris_driver) by extension 'ros'
[0.136s] DEBUG:colcon.colcon_core.package_identification:Package 'src/ros2_iris_driver/ros2_iris_driver' with type 'ros.ament_cmake' and name 'ros2_iris_driver'
[0.136s] Level 1:colcon.colcon_core.package_discovery:discover_packages(recursive) using defaults
[0.136s] Level 1:colcon.colcon_core.package_discovery:discover_packages(ignore) discover
[0.136s] Level 1:colcon.colcon_core.package_discovery:discover_packages(ignore) using defaults
[0.136s] Level 1:colcon.colcon_core.package_discovery:discover_packages(path) discover
[0.136s] Level 1:colcon.colcon_core.package_discovery:discover_packages(path) using defaults
[0.144s] Level 1:colcon.colcon_core.package_discovery:discover_packages(prefix_path) check parameters
[0.144s] Level 1:colcon.colcon_core.package_discovery:discover_packages(prefix_path) discover
[0.145s] DEBUG:colcon.colcon_installed_package_information.package_discovery:Found 298 installed packages in /opt/ros/humble
[0.146s] Level 1:colcon.colcon_core.package_discovery:discover_packages(prefix_path) using defaults
[0.162s] Level 5:colcon.colcon_core.verb:set package 'icp_test' build argument 'cmake_args' from command line to 'None'
[0.162s] Level 5:colcon.colcon_core.verb:set package 'icp_test' build argument 'cmake_target' from command line to 'None'
[0.162s] Level 5:colcon.colcon_core.verb:set package 'icp_test' build argument 'cmake_target_skip_unavailable' from command line to 'False'
[0.162s] Level 5:colcon.colcon_core.verb:set package 'icp_test' build argument 'cmake_clean_cache' from command line to 'False'
[0.162s] Level 5:colcon.colcon_core.verb:set package 'icp_test' build argument 'cmake_clean_first' from command line to 'False'
[0.162s] Level 5:colcon.colcon_core.verb:set package 'icp_test' build argument 'cmake_force_configure' from command line to 'False'
[0.162s] Level 5:colcon.colcon_core.verb:set package 'icp_test' build argument 'ament_cmake_args' from command line to 'None'
[0.162s] Level 5:colcon.colcon_core.verb:set package 'icp_test' build argument 'catkin_cmake_args' from command line to 'None'
[0.162s] Level 5:colcon.colcon_core.verb:set package 'icp_test' build argument 'catkin_skip_building_tests' from command line to 'False'
[0.162s] DEBUG:colcon.colcon_core.verb:Building package 'icp_test' with the following arguments: {'ament_cmake_args': None, 'build_base': '/home/artificial/bags_ws/build/icp_test', 'catkin_cmake_args': None, 'catkin_skip_building_tests': False, 'cmake_args': None, 'cmake_clean_cache': False, 'cmake_clean_first': False, 'cmake_force_configure': False, 'cmake_target': None, 'cmake_target_skip_unavailable': False, 'install_base': '/home/artificial/bags_ws/install/icp_test', 'merge_install': False, 'path': '/home/artificial/bags_ws/src/icp_test', 'symlink_install': False, 'test_result_base': None}
[0.162s] Level 5:colcon.colcon_core.verb:set package 'luminar_iris_msgs' build argument 'cmake_args' from command line to 'None'
[0.162s] Level 5:colcon.colcon_core.verb:set package 'luminar_iris_msgs' build argument 'cmake_target' from command line to 'None'
[0.162s] Level 5:colcon.colcon_core.verb:set package 'luminar_iris_msgs' build argument 'cmake_target_skip_unavailable' from command line to 'False'
[0.162s] Level 5:colcon.colcon_core.verb:set package 'luminar_iris_msgs' build argument 'cmake_clean_cache' from command line to 'False'
[0.162s] Level 5:colcon.colcon_core.verb:set package 'luminar_iris_msgs' build argument 'cmake_clean_first' from command line to 'False'
[0.162s] Level 5:colcon.colcon_core.verb:set package 'luminar_iris_msgs' build argument 'cmake_force_configure' from command line to 'False'
[0.162s] Level 5:colcon.colcon_core.verb:set package 'luminar_iris_msgs' build argument 'ament_cmake_args' from command line to 'None'
[0.162s] Level 5:colcon.colcon_core.verb:set package 'luminar_iris_msgs' build argument 'catkin_cmake_args' from command line to 'None'
[0.162s] Level 5:colcon.colcon_core.verb:set package 'luminar_iris_msgs' build argument 'catkin_skip_building_tests' from command line to 'False'
[0.162s] DEBUG:colcon.colcon_core.verb:Building package 'luminar_iris_msgs' with the following arguments: {'ament_cmake_args': None, 'build_base': '/home/artificial/bags_ws/build/luminar_iris_msgs', 'catkin_cmake_args': None, 'catkin_skip_building_tests': False, 'cmake_args': None, 'cmake_clean_cache': False, 'cmake_clean_first': False, 'cmake_force_configure': False, 'cmake_target': None, 'cmake_target_skip_unavailable': False, 'install_base': '/home/artificial/bags_ws/install/luminar_iris_msgs', 'merge_install': False, 'path': '/home/artificial/bags_ws/src/ros2_iris_driver/luminar_iris_msgs', 'symlink_install': False, 'test_result_base': None}
[0.162s] Level 5:colcon.colcon_core.verb:set package 'my_cpp_package' build argument 'cmake_args' from command line to 'None'
[0.162s] Level 5:colcon.colcon_core.verb:set package 'my_cpp_package' build argument 'cmake_target' from command line to 'None'
[0.162s] Level 5:colcon.colcon_core.verb:set package 'my_cpp_package' build argument 'cmake_target_skip_unavailable' from command line to 'False'
[0.162s] Level 5:colcon.colcon_core.verb:set package 'my_cpp_package' build argument 'cmake_clean_cache' from command line to 'False'
[0.162s] Level 5:colcon.colcon_core.verb:set package 'my_cpp_package' build argument 'cmake_clean_first' from command line to 'False'
[0.162s] Level 5:colcon.colcon_core.verb:set package 'my_cpp_package' build argument 'cmake_force_configure' from command line to 'False'
[0.162s] Level 5:colcon.colcon_core.verb:set package 'my_cpp_package' build argument 'ament_cmake_args' from command line to 'None'
[0.162s] Level 5:colcon.colcon_core.verb:set package 'my_cpp_package' build argument 'catkin_cmake_args' from command line to 'None'
[0.162s] Level 5:colcon.colcon_core.verb:set package 'my_cpp_package' build argument 'catkin_skip_building_tests' from command line to 'False'
[0.162s] DEBUG:colcon.colcon_core.verb:Building package 'my_cpp_package' with the following arguments: {'ament_cmake_args': None, 'build_base': '/home/artificial/bags_ws/build/my_cpp_package', 'catkin_cmake_args': None, 'catkin_skip_building_tests': False, 'cmake_args': None, 'cmake_clean_cache': False, 'cmake_clean_first': False, 'cmake_force_configure': False, 'cmake_target': None, 'cmake_target_skip_unavailable': False, 'install_base': '/home/artificial/bags_ws/install/my_cpp_package', 'merge_install': False, 'path': '/home/artificial/bags_ws/src/my_cpp_package', 'symlink_install': False, 'test_result_base': None}
[0.162s] Level 5:colcon.colcon_core.verb:set package 'ros2_iris_driver' build argument 'cmake_args' from command line to 'None'
[0.162s] Level 5:colcon.colcon_core.verb:set package 'ros2_iris_driver' build argument 'cmake_target' from command line to 'None'
[0.162s] Level 5:colcon.colcon_core.verb:set package 'ros2_iris_driver' build argument 'cmake_target_skip_unavailable' from command line to 'False'
[0.162s] Level 5:colcon.colcon_core.verb:set package 'ros2_iris_driver' build argument 'cmake_clean_cache' from command line to 'False'
[0.162s] Level 5:colcon.colcon_core.verb:set package 'ros2_iris_driver' build argument 'cmake_clean_first' from command line to 'False'
[0.162s] Level 5:colcon.colcon_core.verb:set package 'ros2_iris_driver' build argument 'cmake_force_configure' from command line to 'False'
[0.162s] Level 5:colcon.colcon_core.verb:set package 'ros2_iris_driver' build argument 'ament_cmake_args' from command line to 'None'
[0.162s] Level 5:colcon.colcon_core.verb:set package 'ros2_iris_driver' build argument 'catkin_cmake_args' from command line to 'None'
[0.162s] Level 5:colcon.colcon_core.verb:set package 'ros2_iris_driver' build argument 'catkin_skip_building_tests' from command line to 'False'
[0.162s] DEBUG:colcon.colcon_core.verb:Building package 'ros2_iris_driver' with the following arguments: {'ament_cmake_args': None, 'build_base': '/home/artificial/bags_ws/build/ros2_iris_driver', 'catkin_cmake_args': None, 'catkin_skip_building_tests': False, 'cmake_args': None, 'cmake_clean_cache': False, 'cmake_clean_first': False, 'cmake_force_configure': False, 'cmake_target': None, 'cmake_target_skip_unavailable': False, 'install_base': '/home/artificial/bags_ws/install/ros2_iris_driver', 'merge_install': False, 'path': '/home/artificial/bags_ws/src/ros2_iris_driver/ros2_iris_driver', 'symlink_install': False, 'test_result_base': None}
[0.163s] INFO:colcon.colcon_core.executor:Executing jobs using 'parallel' executor
[0.163s] DEBUG:colcon.colcon_parallel_executor.executor.parallel:run_until_complete
[0.163s] INFO:colcon.colcon_ros.task.ament_cmake.build:Building ROS package in '/home/artificial/bags_ws/src/ros2_iris_driver/luminar_iris_msgs' with build type 'ament_cmake'
[0.163s] INFO:colcon.colcon_cmake.task.cmake.build:Building CMake package in '/home/artificial/bags_ws/src/ros2_iris_driver/luminar_iris_msgs'
[0.164s] INFO:colcon.colcon_core.plugin_system:Skipping extension 'colcon_core.shell.bat': Not used on non-Windows systems
[0.164s] INFO:colcon.colcon_core.shell:Skip shell extension 'powershell' for command environment: Not usable outside of PowerShell
[0.164s] DEBUG:colcon.colcon_core.shell:Skip shell extension 'dsv' for command environment
[0.166s] INFO:colcon.colcon_ros.task.ament_cmake.build:Building ROS package in '/home/artificial/bags_ws/src/icp_test' with build type 'ament_cmake'
[0.166s] INFO:colcon.colcon_cmake.task.cmake.build:Building CMake package in '/home/artificial/bags_ws/src/icp_test'
[0.166s] INFO:colcon.colcon_core.shell:Skip shell extension 'powershell' for command environment: Not usable outside of PowerShell
[0.166s] DEBUG:colcon.colcon_core.shell:Skip shell extension 'dsv' for command environment
[0.167s] INFO:colcon.colcon_ros.task.ament_cmake.build:Building ROS package in '/home/artificial/bags_ws/src/my_cpp_package' with build type 'ament_cmake'
[0.167s] INFO:colcon.colcon_cmake.task.cmake.build:Building CMake package in '/home/artificial/bags_ws/src/my_cpp_package'
[0.167s] INFO:colcon.colcon_core.shell:Skip shell extension 'powershell' for command environment: Not usable outside of PowerShell
[0.167s] DEBUG:colcon.colcon_core.shell:Skip shell extension 'dsv' for command environment
[0.170s] DEBUG:colcon.colcon_core.event_handler.log_command:Invoking command in '/home/artificial/bags_ws/build/luminar_iris_msgs': CMAKE_PREFIX_PATH=/opt/ros/humble /usr/bin/cmake /home/artificial/bags_ws/src/ros2_iris_driver/luminar_iris_msgs -DCMAKE_INSTALL_PREFIX=/home/artificial/bags_ws/install/luminar_iris_msgs
[0.171s] DEBUG:colcon.colcon_core.event_handler.log_command:Invoking command in '/home/artificial/bags_ws/build/icp_test': CMAKE_PREFIX_PATH=/opt/ros/humble /usr/bin/cmake /home/artificial/bags_ws/src/icp_test -DCMAKE_INSTALL_PREFIX=/home/artificial/bags_ws/install/icp_test
[0.172s] DEBUG:colcon.colcon_core.event_handler.log_command:Invoking command in '/home/artificial/bags_ws/build/my_cpp_package': CMAKE_PREFIX_PATH=/opt/ros/humble /usr/bin/cmake /home/artificial/bags_ws/src/my_cpp_package -DCMAKE_INSTALL_PREFIX=/home/artificial/bags_ws/install/my_cpp_package
[0.821s] DEBUG:colcon.colcon_core.event_handler.log_command:Invoked command in '/home/artificial/bags_ws/build/icp_test' returned '0': CMAKE_PREFIX_PATH=/opt/ros/humble /usr/bin/cmake /home/artificial/bags_ws/src/icp_test -DCMAKE_INSTALL_PREFIX=/home/artificial/bags_ws/install/icp_test
[0.821s] DEBUG:colcon.colcon_core.event_handler.log_command:Invoking command in '/home/artificial/bags_ws/build/icp_test': CMAKE_PREFIX_PATH=/opt/ros/humble /usr/bin/cmake --build /home/artificial/bags_ws/build/icp_test -- -j16 -l16
[1.049s] DEBUG:colcon.colcon_core.event_handler.log_command:Invoked command in '/home/artificial/bags_ws/build/luminar_iris_msgs' returned '0': CMAKE_PREFIX_PATH=/opt/ros/humble /usr/bin/cmake /home/artificial/bags_ws/src/ros2_iris_driver/luminar_iris_msgs -DCMAKE_INSTALL_PREFIX=/home/artificial/bags_ws/install/luminar_iris_msgs
[1.049s] DEBUG:colcon.colcon_core.event_handler.log_command:Invoking command in '/home/artificial/bags_ws/build/luminar_iris_msgs': CMAKE_PREFIX_PATH=/opt/ros/humble /usr/bin/cmake --build /home/artificial/bags_ws/build/luminar_iris_msgs -- -j16 -l16
[2.257s] DEBUG:colcon.colcon_core.event_handler.log_command:Invoked command in '/home/artificial/bags_ws/build/luminar_iris_msgs' returned '0': CMAKE_PREFIX_PATH=/opt/ros/humble /usr/bin/cmake --build /home/artificial/bags_ws/build/luminar_iris_msgs -- -j16 -l16
[2.274s] DEBUG:colcon.colcon_core.event_handler.log_command:Invoked command in '/home/artificial/bags_ws/build/my_cpp_package' returned '0': CMAKE_PREFIX_PATH=/opt/ros/humble /usr/bin/cmake /home/artificial/bags_ws/src/my_cpp_package -DCMAKE_INSTALL_PREFIX=/home/artificial/bags_ws/install/my_cpp_package
[2.275s] DEBUG:colcon.colcon_core.event_handler.log_command:Invoking command in '/home/artificial/bags_ws/build/my_cpp_package': CMAKE_PREFIX_PATH=/opt/ros/humble /usr/bin/cmake --build /home/artificial/bags_ws/build/my_cpp_package -- -j16 -l16
[2.300s] DEBUG:colcon.colcon_core.event_handler.log_command:Invoking command in '/home/artificial/bags_ws/build/luminar_iris_msgs': CMAKE_PREFIX_PATH=/opt/ros/humble /usr/bin/cmake --install /home/artificial/bags_ws/build/luminar_iris_msgs
[2.339s] Level 1:colcon.colcon_core.environment:create_environment_scripts_only(luminar_iris_msgs)
[2.339s] DEBUG:colcon.colcon_core.event_handler.log_command:Invoked command in '/home/artificial/bags_ws/build/luminar_iris_msgs' returned '0': CMAKE_PREFIX_PATH=/opt/ros/humble /usr/bin/cmake --install /home/artificial/bags_ws/build/luminar_iris_msgs
[2.341s] Level 1:colcon.colcon_core.environment:checking '/home/artificial/bags_ws/install/luminar_iris_msgs' for CMake module files
[2.341s] Level 1:colcon.colcon_core.environment:checking '/home/artificial/bags_ws/install/luminar_iris_msgs' for CMake config files
[2.342s] Level 1:colcon.colcon_core.shell:create_environment_hook('luminar_iris_msgs', 'cmake_prefix_path')
[2.342s] INFO:colcon.colcon_core.shell:Creating environment hook '/home/artificial/bags_ws/install/luminar_iris_msgs/share/luminar_iris_msgs/hook/cmake_prefix_path.ps1'
[2.343s] INFO:colcon.colcon_core.shell:Creating environment descriptor '/home/artificial/bags_ws/install/luminar_iris_msgs/share/luminar_iris_msgs/hook/cmake_prefix_path.dsv'
[2.343s] INFO:colcon.colcon_core.shell:Creating environment hook '/home/artificial/bags_ws/install/luminar_iris_msgs/share/luminar_iris_msgs/hook/cmake_prefix_path.sh'
[2.343s] Level 1:colcon.colcon_core.environment:checking '/home/artificial/bags_ws/install/luminar_iris_msgs/lib'
[2.343s] Level 1:colcon.colcon_core.shell:create_environment_hook('luminar_iris_msgs', 'ld_library_path_lib')
[2.343s] INFO:colcon.colcon_core.shell:Creating environment hook '/home/artificial/bags_ws/install/luminar_iris_msgs/share/luminar_iris_msgs/hook/ld_library_path_lib.ps1'
[2.344s] INFO:colcon.colcon_core.shell:Creating environment descriptor '/home/artificial/bags_ws/install/luminar_iris_msgs/share/luminar_iris_msgs/hook/ld_library_path_lib.dsv'
[2.344s] INFO:colcon.colcon_core.shell:Creating environment hook '/home/artificial/bags_ws/install/luminar_iris_msgs/share/luminar_iris_msgs/hook/ld_library_path_lib.sh'
[2.344s] Level 1:colcon.colcon_core.environment:checking '/home/artificial/bags_ws/install/luminar_iris_msgs/bin'
[2.344s] Level 1:colcon.colcon_core.environment:checking '/home/artificial/bags_ws/install/luminar_iris_msgs/lib/pkgconfig/luminar_iris_msgs.pc'
[2.344s] Level 1:colcon.colcon_core.environment:checking '/home/artificial/bags_ws/install/luminar_iris_msgs/lib/python3.10/site-packages'
[2.344s] Level 1:colcon.colcon_core.environment:checking '/home/artificial/bags_ws/install/luminar_iris_msgs/bin'
[2.344s] INFO:colcon.colcon_core.shell:Creating package script '/home/artificial/bags_ws/install/luminar_iris_msgs/share/luminar_iris_msgs/package.ps1'
[2.345s] INFO:colcon.colcon_core.shell:Creating package descriptor '/home/artificial/bags_ws/install/luminar_iris_msgs/share/luminar_iris_msgs/package.dsv'
[2.345s] INFO:colcon.colcon_core.shell:Creating package script '/home/artificial/bags_ws/install/luminar_iris_msgs/share/luminar_iris_msgs/package.sh'
[2.346s] INFO:colcon.colcon_core.shell:Creating package script '/home/artificial/bags_ws/install/luminar_iris_msgs/share/luminar_iris_msgs/package.bash'
[2.346s] INFO:colcon.colcon_core.shell:Creating package script '/home/artificial/bags_ws/install/luminar_iris_msgs/share/luminar_iris_msgs/package.zsh'
[2.346s] Level 1:colcon.colcon_core.environment:create_file_with_runtime_dependencies(/home/artificial/bags_ws/install/luminar_iris_msgs/share/colcon-core/packages/luminar_iris_msgs)
[2.380s] Level 1:colcon.colcon_core.environment:create_environment_scripts_only(luminar_iris_msgs)
[2.380s] Level 1:colcon.colcon_core.environment:checking '/home/artificial/bags_ws/install/luminar_iris_msgs' for CMake module files
[2.380s] Level 1:colcon.colcon_core.environment:checking '/home/artificial/bags_ws/install/luminar_iris_msgs' for CMake config files
[2.380s] Level 1:colcon.colcon_core.shell:create_environment_hook('luminar_iris_msgs', 'cmake_prefix_path')
[2.381s] INFO:colcon.colcon_core.shell:Creating environment hook '/home/artificial/bags_ws/install/luminar_iris_msgs/share/luminar_iris_msgs/hook/cmake_prefix_path.ps1'
[2.381s] INFO:colcon.colcon_core.shell:Creating environment descriptor '/home/artificial/bags_ws/install/luminar_iris_msgs/share/luminar_iris_msgs/hook/cmake_prefix_path.dsv'
[2.381s] INFO:colcon.colcon_core.shell:Creating environment hook '/home/artificial/bags_ws/install/luminar_iris_msgs/share/luminar_iris_msgs/hook/cmake_prefix_path.sh'
[2.381s] Level 1:colcon.colcon_core.environment:checking '/home/artificial/bags_ws/install/luminar_iris_msgs/lib'
[2.381s] Level 1:colcon.colcon_core.shell:create_environment_hook('luminar_iris_msgs', 'ld_library_path_lib')
[2.381s] INFO:colcon.colcon_core.shell:Creating environment hook '/home/artificial/bags_ws/install/luminar_iris_msgs/share/luminar_iris_msgs/hook/ld_library_path_lib.ps1'
[2.382s] INFO:colcon.colcon_core.shell:Creating environment descriptor '/home/artificial/bags_ws/install/luminar_iris_msgs/share/luminar_iris_msgs/hook/ld_library_path_lib.dsv'
[2.382s] INFO:colcon.colcon_core.shell:Creating environment hook '/home/artificial/bags_ws/install/luminar_iris_msgs/share/luminar_iris_msgs/hook/ld_library_path_lib.sh'
[2.382s] Level 1:colcon.colcon_core.environment:checking '/home/artificial/bags_ws/install/luminar_iris_msgs/bin'
[2.382s] Level 1:colcon.colcon_core.environment:checking '/home/artificial/bags_ws/install/luminar_iris_msgs/lib/pkgconfig/luminar_iris_msgs.pc'
[2.382s] Level 1:colcon.colcon_core.environment:checking '/home/artificial/bags_ws/install/luminar_iris_msgs/lib/python3.10/site-packages'
[2.382s] Level 1:colcon.colcon_core.environment:checking '/home/artificial/bags_ws/install/luminar_iris_msgs/bin'
[2.382s] INFO:colcon.colcon_core.shell:Creating package script '/home/artificial/bags_ws/install/luminar_iris_msgs/share/luminar_iris_msgs/package.ps1'
[2.383s] INFO:colcon.colcon_core.shell:Creating package descriptor '/home/artificial/bags_ws/install/luminar_iris_msgs/share/luminar_iris_msgs/package.dsv'
[2.383s] INFO:colcon.colcon_core.shell:Creating package script '/home/artificial/bags_ws/install/luminar_iris_msgs/share/luminar_iris_msgs/package.sh'
[2.383s] INFO:colcon.colcon_core.shell:Creating package script '/home/artificial/bags_ws/install/luminar_iris_msgs/share/luminar_iris_msgs/package.bash'
[2.383s] INFO:colcon.colcon_core.shell:Creating package script '/home/artificial/bags_ws/install/luminar_iris_msgs/share/luminar_iris_msgs/package.zsh'
[2.384s] Level 1:colcon.colcon_core.environment:create_file_with_runtime_dependencies(/home/artificial/bags_ws/install/luminar_iris_msgs/share/colcon-core/packages/luminar_iris_msgs)
[2.384s] INFO:colcon.colcon_ros.task.ament_cmake.build:Building ROS package in '/home/artificial/bags_ws/src/ros2_iris_driver/ros2_iris_driver' with build type 'ament_cmake'
[2.384s] INFO:colcon.colcon_cmake.task.cmake.build:Building CMake package in '/home/artificial/bags_ws/src/ros2_iris_driver/ros2_iris_driver'
[2.384s] INFO:colcon.colcon_core.shell:Skip shell extension 'powershell' for command environment: Not usable outside of PowerShell
[2.384s] DEBUG:colcon.colcon_core.shell:Skip shell extension 'dsv' for command environment
[2.389s] DEBUG:colcon.colcon_core.event_handler.log_command:Invoking command in '/home/artificial/bags_ws/build/ros2_iris_driver': AMENT_PREFIX_PATH=/home/artificial/bags_ws/install/luminar_iris_msgs:${AMENT_PREFIX_PATH} CMAKE_PREFIX_PATH=/home/artificial/bags_ws/install/luminar_iris_msgs:/opt/ros/humble LD_LIBRARY_PATH=/home/artificial/bags_ws/install/luminar_iris_msgs/lib:/opt/ros/humble/opt/rviz_ogre_vendor/lib:/opt/ros/humble/lib/x86_64-linux-gnu:/opt/ros/humble/lib:/opt/blasfeo/lib:/opt/hpipm/lib:/usr/local/lib:/usr/lib PYTHONPATH=/home/artificial/bags_ws/install/luminar_iris_msgs/local/lib/python3.10/dist-packages:${PYTHONPATH} /usr/bin/cmake /home/artificial/bags_ws/src/ros2_iris_driver/ros2_iris_driver -DCMAKE_INSTALL_PREFIX=/home/artificial/bags_ws/install/ros2_iris_driver
[3.751s] DEBUG:colcon.colcon_core.event_handler.log_command:Invoked command in '/home/artificial/bags_ws/build/ros2_iris_driver' returned '0': AMENT_PREFIX_PATH=/home/artificial/bags_ws/install/luminar_iris_msgs:${AMENT_PREFIX_PATH} CMAKE_PREFIX_PATH=/home/artificial/bags_ws/install/luminar_iris_msgs:/opt/ros/humble LD_LIBRARY_PATH=/home/artificial/bags_ws/install/luminar_iris_msgs/lib:/opt/ros/humble/opt/rviz_ogre_vendor/lib:/opt/ros/humble/lib/x86_64-linux-gnu:/opt/ros/humble/lib:/opt/blasfeo/lib:/opt/hpipm/lib:/usr/local/lib:/usr/lib PYTHONPATH=/home/artificial/bags_ws/install/luminar_iris_msgs/local/lib/python3.10/dist-packages:${PYTHONPATH} /usr/bin/cmake /home/artificial/bags_ws/src/ros2_iris_driver/ros2_iris_driver -DCMAKE_INSTALL_PREFIX=/home/artificial/bags_ws/install/ros2_iris_driver
[3.751s] DEBUG:colcon.colcon_core.event_handler.log_command:Invoking command in '/home/artificial/bags_ws/build/ros2_iris_driver': AMENT_PREFIX_PATH=/home/artificial/bags_ws/install/luminar_iris_msgs:${AMENT_PREFIX_PATH} CMAKE_PREFIX_PATH=/home/artificial/bags_ws/install/luminar_iris_msgs:/opt/ros/humble LD_LIBRARY_PATH=/home/artificial/bags_ws/install/luminar_iris_msgs/lib:/opt/ros/humble/opt/rviz_ogre_vendor/lib:/opt/ros/humble/lib/x86_64-linux-gnu:/opt/ros/humble/lib:/opt/blasfeo/lib:/opt/hpipm/lib:/usr/local/lib:/usr/lib PYTHONPATH=/home/artificial/bags_ws/install/luminar_iris_msgs/local/lib/python3.10/dist-packages:${PYTHONPATH} /usr/bin/cmake --build /home/artificial/bags_ws/build/ros2_iris_driver -- -j16 -l16
[5.473s] DEBUG:colcon.colcon_core.event_handler.log_command:Invoked command in '/home/artificial/bags_ws/build/icp_test' returned '2': CMAKE_PREFIX_PATH=/opt/ros/humble /usr/bin/cmake --build /home/artificial/bags_ws/build/icp_test -- -j16 -l16
[5.491s] Level 1:colcon.colcon_core.environment:create_environment_scripts_only(icp_test)
[5.491s] Level 1:colcon.colcon_core.environment:checking '/home/artificial/bags_ws/install/icp_test' for CMake module files
[5.491s] Level 1:colcon.colcon_core.environment:checking '/home/artificial/bags_ws/install/icp_test' for CMake config files
[5.492s] Level 1:colcon.colcon_core.environment:checking '/home/artificial/bags_ws/install/icp_test/bin'
[5.492s] Level 1:colcon.colcon_core.environment:checking '/home/artificial/bags_ws/install/icp_test/lib/pkgconfig/icp_test.pc'
[5.492s] Level 1:colcon.colcon_core.environment:checking '/home/artificial/bags_ws/install/icp_test/lib/python3.10/site-packages'
[5.492s] Level 1:colcon.colcon_core.environment:checking '/home/artificial/bags_ws/install/icp_test/bin'
[5.492s] INFO:colcon.colcon_core.shell:Creating package script '/home/artificial/bags_ws/install/icp_test/share/icp_test/package.ps1'
[5.492s] INFO:colcon.colcon_core.shell:Creating package descriptor '/home/artificial/bags_ws/install/icp_test/share/icp_test/package.dsv'
[5.492s] INFO:colcon.colcon_core.shell:Creating package script '/home/artificial/bags_ws/install/icp_test/share/icp_test/package.sh'
[5.493s] INFO:colcon.colcon_core.shell:Creating package script '/home/artificial/bags_ws/install/icp_test/share/icp_test/package.bash'
[5.493s] INFO:colcon.colcon_core.shell:Creating package script '/home/artificial/bags_ws/install/icp_test/share/icp_test/package.zsh'
[5.493s] Level 1:colcon.colcon_core.environment:create_file_with_runtime_dependencies(/home/artificial/bags_ws/install/icp_test/share/colcon-core/packages/icp_test)
[10.125s] DEBUG:colcon.colcon_parallel_executor.executor.parallel:closing loop
[10.125s] DEBUG:colcon.colcon_parallel_executor.executor.parallel:loop closed
[10.125s] DEBUG:colcon.colcon_parallel_executor.executor.parallel:run_until_complete finished with '2'
[10.125s] DEBUG:colcon.colcon_core.event_reactor:joining thread
[10.130s] INFO:colcon.colcon_core.plugin_system:Skipping extension 'colcon_notification.desktop_notification.terminal_notifier': Not used on non-Darwin systems
[10.130s] INFO:colcon.colcon_core.plugin_system:Skipping extension 'colcon_notification.desktop_notification.win32': Not used on non-Windows systems
[10.130s] INFO:colcon.colcon_notification.desktop_notification:Sending desktop notification using 'notify2'
[10.142s] DEBUG:colcon.colcon_core.event_reactor:joined thread
[10.142s] INFO:colcon.colcon_core.shell:Creating prefix script '/home/artificial/bags_ws/install/local_setup.ps1'
[10.143s] INFO:colcon.colcon_core.shell:Creating prefix util module '/home/artificial/bags_ws/install/_local_setup_util_ps1.py'
[10.144s] INFO:colcon.colcon_core.shell:Creating prefix chain script '/home/artificial/bags_ws/install/setup.ps1'
[10.145s] INFO:colcon.colcon_core.shell:Creating prefix script '/home/artificial/bags_ws/install/local_setup.sh'
[10.145s] INFO:colcon.colcon_core.shell:Creating prefix util module '/home/artificial/bags_ws/install/_local_setup_util_sh.py'
[10.146s] INFO:colcon.colcon_core.shell:Creating prefix chain script '/home/artificial/bags_ws/install/setup.sh'
[10.146s] INFO:colcon.colcon_core.shell:Creating prefix script '/home/artificial/bags_ws/install/local_setup.bash'
[10.147s] INFO:colcon.colcon_core.shell:Creating prefix chain script '/home/artificial/bags_ws/install/setup.bash'
[10.147s] INFO:colcon.colcon_core.shell:Creating prefix script '/home/artificial/bags_ws/install/local_setup.zsh'
[10.147s] INFO:colcon.colcon_core.shell:Creating prefix chain script '/home/artificial/bags_ws/install/setup.zsh'
