[0.006s] Invoking command in '/home/artificial/bags_ws/build/luminar_iris_msgs': CMAKE_PREFIX_PATH=/opt/ros/humble /usr/bin/cmake /home/artificial/bags_ws/src/ros2_iris_driver/luminar_iris_msgs -DCMAKE_INSTALL_PREFIX=/home/artificial/bags_ws/install/luminar_iris_msgs
[0.032s] -- The C compiler identification is GNU 11.4.0
[0.061s] -- The CXX compiler identification is GNU 11.4.0
[0.065s] -- Detecting C compiler ABI info
[0.102s] -- Detecting C compiler ABI info - done
[0.106s] -- Check for working C compiler: /usr/bin/cc - skipped
[0.106s] -- Detecting C compile features
[0.107s] -- Detecting C compile features - done
[0.108s] -- Detecting CXX compiler ABI info
[0.152s] -- Detecting CXX compiler ABI info - done
[0.156s] -- Check for working CXX compiler: /usr/bin/c++ - skipped
[0.156s] -- Detecting CXX compile features
[0.156s] -- Detecting CXX compile features - done
[0.157s] -- Found ament_cmake_auto: 1.3.9 (/opt/ros/humble/share/ament_cmake_auto/cmake)
[0.238s] -- Found Python3: /usr/bin/python3 (found version "3.10.12") found components: Interpreter 
[0.313s] -- Using all available rosidl_typesupport_c: rosidl_typesupport_fastrtps_c;rosidl_typesupport_introspection_c
[0.316s] -- Found rosidl_adapter: 3.1.5 (/opt/ros/humble/share/rosidl_adapter/cmake)
[0.337s] -- Using all available rosidl_typesupport_cpp: rosidl_typesupport_fastrtps_cpp;rosidl_typesupport_introspection_cpp
[0.495s] -- Found ament_cmake_ros: 0.10.0 (/opt/ros/humble/share/ament_cmake_ros/cmake)
[0.611s] -- Using all available rosidl_typesupport_c: rosidl_typesupport_fastrtps_c;rosidl_typesupport_introspection_c
[0.776s] -- Using all available rosidl_typesupport_cpp: rosidl_typesupport_fastrtps_cpp;rosidl_typesupport_introspection_cpp
[0.790s] -- Found PythonInterp: /usr/bin/python3 (found suitable version "3.10.12", minimum required is "3.6") 
[0.791s] -- Found python_cmake_module: 0.10.0 (/opt/ros/humble/share/python_cmake_module/cmake)
[0.807s] -- Found PythonLibs: /usr/lib/x86_64-linux-gnu/libpython3.10.so (found suitable version "3.10.12", minimum required is "3.5") 
[0.807s] -- Using PYTHON_EXECUTABLE: /usr/bin/python3
[0.807s] -- Using PYTHON_INCLUDE_DIRS: /usr/include/python3.10
[0.807s] -- Using PYTHON_LIBRARIES: /usr/lib/x86_64-linux-gnu/libpython3.10.so
[0.821s] -- Found PythonExtra: .so  
[0.850s] -- Found ament_lint_auto: 0.12.11 (/opt/ros/humble/share/ament_lint_auto/cmake)
[0.860s] -- Added test 'lint_cmake' to check CMake code style
[0.860s] -- Added test 'xmllint' to check XML markup files
[0.861s] -- Configuring done
[0.879s] -- Generating done
[0.881s] -- Build files have been written to: /home/artificial/bags_ws/build/luminar_iris_msgs
[0.885s] Invoked command in '/home/artificial/bags_ws/build/luminar_iris_msgs' returned '0': CMAKE_PREFIX_PATH=/opt/ros/humble /usr/bin/cmake /home/artificial/bags_ws/src/ros2_iris_driver/luminar_iris_msgs -DCMAKE_INSTALL_PREFIX=/home/artificial/bags_ws/install/luminar_iris_msgs
[0.886s] Invoking command in '/home/artificial/bags_ws/build/luminar_iris_msgs': CMAKE_PREFIX_PATH=/opt/ros/humble /usr/bin/cmake --build /home/artificial/bags_ws/build/luminar_iris_msgs -- -j16 -l16
[0.911s] [  3%] [34m[1mGenerating C code for ROS interfaces[0m
[0.918s] [  6%] [34m[1mGenerating C++ code for ROS interfaces[0m
[0.923s] [  6%] Built target ament_cmake_python_copy_luminar_iris_msgs
[1.096s] [  9%] [32mBuilding C object CMakeFiles/luminar_iris_msgs__rosidl_generator_c.dir/rosidl_generator_c/luminar_iris_msgs/msg/detail/sensor_health__functions.c.o[0m
[1.096s] [  9%] Built target luminar_iris_msgs__cpp
[1.103s] [ 12%] [34m[1mGenerating C++ type support dispatch for ROS interfaces[0m
[1.103s] running egg_info
[1.103s] [ 16%] [34m[1mGenerating C++ introspection for ROS interfaces[0m
[1.103s] creating luminar_iris_msgs.egg-info
[1.104s] writing luminar_iris_msgs.egg-info/PKG-INFO
[1.104s] writing dependency_links to luminar_iris_msgs.egg-info/dependency_links.txt
[1.104s] writing top-level names to luminar_iris_msgs.egg-info/top_level.txt
[1.105s] writing manifest file 'luminar_iris_msgs.egg-info/SOURCES.txt'
[1.105s] [ 19%] [34m[1mGenerating C++ type support for eProsima Fast-RTPS[0m
[1.106s] reading manifest file 'luminar_iris_msgs.egg-info/SOURCES.txt'
[1.106s] writing manifest file 'luminar_iris_msgs.egg-info/SOURCES.txt'
[1.126s] [ 19%] Built target ament_cmake_python_build_luminar_iris_msgs_egg
[1.131s] [ 22%] [32m[1mLinking C shared library libluminar_iris_msgs__rosidl_generator_c.so[0m
[1.156s] [ 22%] Built target luminar_iris_msgs__rosidl_generator_c
[1.165s] [ 25%] [34m[1mGenerating C type support for eProsima Fast-RTPS[0m
[1.165s] [ 29%] [34m[1mGenerating C type support dispatch for ROS interfaces[0m
[1.165s] [ 32%] [34m[1mGenerating C introspection for ROS interfaces[0m
[1.290s] [ 35%] [32mBuilding CXX object CMakeFiles/luminar_iris_msgs__rosidl_typesupport_cpp.dir/rosidl_typesupport_cpp/luminar_iris_msgs/msg/sensor_health__type_support.cpp.o[0m
[1.300s] [ 38%] [32mBuilding CXX object CMakeFiles/luminar_iris_msgs__rosidl_typesupport_fastrtps_cpp.dir/rosidl_typesupport_fastrtps_cpp/luminar_iris_msgs/msg/detail/dds_fastrtps/sensor_health__type_support.cpp.o[0m
[1.360s] [ 41%] [32mBuilding CXX object CMakeFiles/luminar_iris_msgs__rosidl_typesupport_fastrtps_c.dir/rosidl_typesupport_fastrtps_c/luminar_iris_msgs/msg/detail/sensor_health__type_support_c.cpp.o[0m
[1.366s] [ 45%] [32mBuilding CXX object CMakeFiles/luminar_iris_msgs__rosidl_typesupport_c.dir/rosidl_typesupport_c/luminar_iris_msgs/msg/sensor_health__type_support.cpp.o[0m
[1.392s] [ 48%] [32mBuilding CXX object CMakeFiles/luminar_iris_msgs__rosidl_typesupport_introspection_cpp.dir/rosidl_typesupport_introspection_cpp/luminar_iris_msgs/msg/detail/sensor_health__type_support.cpp.o[0m
[1.399s] [ 51%] [32m[1mLinking CXX shared library libluminar_iris_msgs__rosidl_typesupport_c.so[0m
[1.436s] [ 54%] [32mBuilding C object CMakeFiles/luminar_iris_msgs__rosidl_typesupport_introspection_c.dir/rosidl_typesupport_introspection_c/luminar_iris_msgs/msg/detail/sensor_health__type_support.c.o[0m
[1.442s] [ 54%] Built target luminar_iris_msgs__rosidl_typesupport_c
[1.458s] [ 58%] [32m[1mLinking C shared library libluminar_iris_msgs__rosidl_typesupport_introspection_c.so[0m
[1.461s] [ 61%] [32m[1mLinking CXX shared library libluminar_iris_msgs__rosidl_typesupport_cpp.so[0m
[1.479s] [ 61%] Built target luminar_iris_msgs__rosidl_typesupport_introspection_c
[1.489s] [ 61%] Built target luminar_iris_msgs__rosidl_typesupport_cpp
[1.557s] [ 64%] [32m[1mLinking CXX shared library libluminar_iris_msgs__rosidl_typesupport_fastrtps_cpp.so[0m
[1.569s] [ 67%] [32m[1mLinking CXX shared library libluminar_iris_msgs__rosidl_typesupport_fastrtps_c.so[0m
[1.606s] [ 67%] Built target luminar_iris_msgs__rosidl_typesupport_fastrtps_cpp
[1.619s] [ 67%] Built target luminar_iris_msgs__rosidl_typesupport_fastrtps_c
[1.620s] [ 70%] [32m[1mLinking CXX shared library libluminar_iris_msgs__rosidl_typesupport_introspection_cpp.so[0m
[1.660s] [ 70%] Built target luminar_iris_msgs__rosidl_typesupport_introspection_cpp
[1.673s] [ 70%] Built target luminar_iris_msgs
[1.685s] [ 74%] [34m[1mGenerating Python code for ROS interfaces[0m
[1.887s] [ 74%] Built target luminar_iris_msgs__py
[1.899s] [ 77%] [32mBuilding C object CMakeFiles/luminar_iris_msgs__rosidl_generator_py.dir/rosidl_generator_py/luminar_iris_msgs/msg/_sensor_health_s.c.o[0m
[1.959s] [ 80%] [32m[1mLinking C shared library rosidl_generator_py/luminar_iris_msgs/libluminar_iris_msgs__rosidl_generator_py.so[0m
[1.984s] [ 80%] Built target luminar_iris_msgs__rosidl_generator_py
[1.997s] [ 90%] [32mBuilding C object CMakeFiles/luminar_iris_msgs__rosidl_typesupport_fastrtps_c__pyext.dir/rosidl_generator_py/luminar_iris_msgs/_luminar_iris_msgs_s.ep.rosidl_typesupport_fastrtps_c.c.o[0m
[1.997s] [ 90%] [32mBuilding C object CMakeFiles/luminar_iris_msgs__rosidl_typesupport_introspection_c__pyext.dir/rosidl_generator_py/luminar_iris_msgs/_luminar_iris_msgs_s.ep.rosidl_typesupport_introspection_c.c.o[0m
[1.997s] [ 90%] [32mBuilding C object CMakeFiles/luminar_iris_msgs__rosidl_typesupport_c__pyext.dir/rosidl_generator_py/luminar_iris_msgs/_luminar_iris_msgs_s.ep.rosidl_typesupport_c.c.o[0m
[2.060s] [100%] [32m[1mLinking C shared library rosidl_generator_py/luminar_iris_msgs/luminar_iris_msgs_s__rosidl_typesupport_c.cpython-310-x86_64-linux-gnu.so[0m
[2.060s] [100%] [32m[1mLinking C shared library rosidl_generator_py/luminar_iris_msgs/luminar_iris_msgs_s__rosidl_typesupport_introspection_c.cpython-310-x86_64-linux-gnu.so[0m
[2.060s] [100%] [32m[1mLinking C shared library rosidl_generator_py/luminar_iris_msgs/luminar_iris_msgs_s__rosidl_typesupport_fastrtps_c.cpython-310-x86_64-linux-gnu.so[0m
[2.085s] [100%] Built target luminar_iris_msgs__rosidl_typesupport_fastrtps_c__pyext
[2.085s] [100%] Built target luminar_iris_msgs__rosidl_typesupport_introspection_c__pyext
[2.085s] [100%] Built target luminar_iris_msgs__rosidl_typesupport_c__pyext
[2.094s] Invoked command in '/home/artificial/bags_ws/build/luminar_iris_msgs' returned '0': CMAKE_PREFIX_PATH=/opt/ros/humble /usr/bin/cmake --build /home/artificial/bags_ws/build/luminar_iris_msgs -- -j16 -l16
[2.136s] Invoking command in '/home/artificial/bags_ws/build/luminar_iris_msgs': CMAKE_PREFIX_PATH=/opt/ros/humble /usr/bin/cmake --install /home/artificial/bags_ws/build/luminar_iris_msgs
[2.141s] -- Install configuration: ""
[2.141s] -- Installing: /home/artificial/bags_ws/install/luminar_iris_msgs/share/ament_index/resource_index/rosidl_interfaces/luminar_iris_msgs
[2.141s] -- Installing: /home/artificial/bags_ws/install/luminar_iris_msgs/include/luminar_iris_msgs/luminar_iris_msgs
[2.141s] -- Installing: /home/artificial/bags_ws/install/luminar_iris_msgs/include/luminar_iris_msgs/luminar_iris_msgs/msg
[2.141s] -- Installing: /home/artificial/bags_ws/install/luminar_iris_msgs/include/luminar_iris_msgs/luminar_iris_msgs/msg/sensor_health.h
[2.141s] -- Installing: /home/artificial/bags_ws/install/luminar_iris_msgs/include/luminar_iris_msgs/luminar_iris_msgs/msg/detail
[2.141s] -- Installing: /home/artificial/bags_ws/install/luminar_iris_msgs/include/luminar_iris_msgs/luminar_iris_msgs/msg/detail/sensor_health__struct.h
[2.141s] -- Installing: /home/artificial/bags_ws/install/luminar_iris_msgs/include/luminar_iris_msgs/luminar_iris_msgs/msg/detail/sensor_health__functions.c
[2.141s] -- Installing: /home/artificial/bags_ws/install/luminar_iris_msgs/include/luminar_iris_msgs/luminar_iris_msgs/msg/detail/sensor_health__functions.h
[2.141s] -- Installing: /home/artificial/bags_ws/install/luminar_iris_msgs/include/luminar_iris_msgs/luminar_iris_msgs/msg/detail/sensor_health__type_support.h
[2.141s] -- Installing: /home/artificial/bags_ws/install/luminar_iris_msgs/include/luminar_iris_msgs/luminar_iris_msgs/msg/rosidl_generator_c__visibility_control.h
[2.141s] -- Installing: /home/artificial/bags_ws/install/luminar_iris_msgs/share/luminar_iris_msgs/environment/library_path.sh
[2.141s] -- Installing: /home/artificial/bags_ws/install/luminar_iris_msgs/share/luminar_iris_msgs/environment/library_path.dsv
[2.141s] -- Installing: /home/artificial/bags_ws/install/luminar_iris_msgs/lib/libluminar_iris_msgs__rosidl_generator_c.so
[2.142s] -- Set runtime path of "/home/artificial/bags_ws/install/luminar_iris_msgs/lib/libluminar_iris_msgs__rosidl_generator_c.so" to ""
[2.142s] -- Up-to-date: /home/artificial/bags_ws/install/luminar_iris_msgs/include/luminar_iris_msgs/luminar_iris_msgs
[2.142s] -- Up-to-date: /home/artificial/bags_ws/install/luminar_iris_msgs/include/luminar_iris_msgs/luminar_iris_msgs/msg
[2.142s] -- Up-to-date: /home/artificial/bags_ws/install/luminar_iris_msgs/include/luminar_iris_msgs/luminar_iris_msgs/msg/detail
[2.142s] -- Installing: /home/artificial/bags_ws/install/luminar_iris_msgs/include/luminar_iris_msgs/luminar_iris_msgs/msg/detail/sensor_health__rosidl_typesupport_fastrtps_c.h
[2.142s] -- Installing: /home/artificial/bags_ws/install/luminar_iris_msgs/include/luminar_iris_msgs/luminar_iris_msgs/msg/rosidl_typesupport_fastrtps_c__visibility_control.h
[2.142s] -- Installing: /home/artificial/bags_ws/install/luminar_iris_msgs/lib/libluminar_iris_msgs__rosidl_typesupport_fastrtps_c.so
[2.142s] -- Set runtime path of "/home/artificial/bags_ws/install/luminar_iris_msgs/lib/libluminar_iris_msgs__rosidl_typesupport_fastrtps_c.so" to ""
[2.142s] -- Up-to-date: /home/artificial/bags_ws/install/luminar_iris_msgs/include/luminar_iris_msgs/luminar_iris_msgs
[2.142s] -- Up-to-date: /home/artificial/bags_ws/install/luminar_iris_msgs/include/luminar_iris_msgs/luminar_iris_msgs/msg
[2.142s] -- Up-to-date: /home/artificial/bags_ws/install/luminar_iris_msgs/include/luminar_iris_msgs/luminar_iris_msgs/msg/detail
[2.142s] -- Installing: /home/artificial/bags_ws/install/luminar_iris_msgs/include/luminar_iris_msgs/luminar_iris_msgs/msg/detail/sensor_health__rosidl_typesupport_introspection_c.h
[2.142s] -- Installing: /home/artificial/bags_ws/install/luminar_iris_msgs/include/luminar_iris_msgs/luminar_iris_msgs/msg/detail/sensor_health__type_support.c
[2.142s] -- Installing: /home/artificial/bags_ws/install/luminar_iris_msgs/include/luminar_iris_msgs/luminar_iris_msgs/msg/rosidl_typesupport_introspection_c__visibility_control.h
[2.142s] -- Installing: /home/artificial/bags_ws/install/luminar_iris_msgs/lib/libluminar_iris_msgs__rosidl_typesupport_introspection_c.so
[2.142s] -- Set runtime path of "/home/artificial/bags_ws/install/luminar_iris_msgs/lib/libluminar_iris_msgs__rosidl_typesupport_introspection_c.so" to ""
[2.143s] -- Installing: /home/artificial/bags_ws/install/luminar_iris_msgs/lib/libluminar_iris_msgs__rosidl_typesupport_c.so
[2.143s] -- Set runtime path of "/home/artificial/bags_ws/install/luminar_iris_msgs/lib/libluminar_iris_msgs__rosidl_typesupport_c.so" to ""
[2.143s] -- Up-to-date: /home/artificial/bags_ws/install/luminar_iris_msgs/include/luminar_iris_msgs/luminar_iris_msgs
[2.143s] -- Up-to-date: /home/artificial/bags_ws/install/luminar_iris_msgs/include/luminar_iris_msgs/luminar_iris_msgs/msg
[2.143s] -- Installing: /home/artificial/bags_ws/install/luminar_iris_msgs/include/luminar_iris_msgs/luminar_iris_msgs/msg/sensor_health.hpp
[2.143s] -- Up-to-date: /home/artificial/bags_ws/install/luminar_iris_msgs/include/luminar_iris_msgs/luminar_iris_msgs/msg/detail
[2.143s] -- Installing: /home/artificial/bags_ws/install/luminar_iris_msgs/include/luminar_iris_msgs/luminar_iris_msgs/msg/detail/sensor_health__struct.hpp
[2.143s] -- Installing: /home/artificial/bags_ws/install/luminar_iris_msgs/include/luminar_iris_msgs/luminar_iris_msgs/msg/detail/sensor_health__traits.hpp
[2.143s] -- Installing: /home/artificial/bags_ws/install/luminar_iris_msgs/include/luminar_iris_msgs/luminar_iris_msgs/msg/detail/sensor_health__builder.hpp
[2.143s] -- Up-to-date: /home/artificial/bags_ws/install/luminar_iris_msgs/include/luminar_iris_msgs/luminar_iris_msgs
[2.143s] -- Up-to-date: /home/artificial/bags_ws/install/luminar_iris_msgs/include/luminar_iris_msgs/luminar_iris_msgs/msg
[2.143s] -- Up-to-date: /home/artificial/bags_ws/install/luminar_iris_msgs/include/luminar_iris_msgs/luminar_iris_msgs/msg/detail
[2.143s] -- Installing: /home/artificial/bags_ws/install/luminar_iris_msgs/include/luminar_iris_msgs/luminar_iris_msgs/msg/detail/sensor_health__rosidl_typesupport_fastrtps_cpp.hpp
[2.143s] -- Installing: /home/artificial/bags_ws/install/luminar_iris_msgs/include/luminar_iris_msgs/luminar_iris_msgs/msg/detail/dds_fastrtps
[2.143s] -- Installing: /home/artificial/bags_ws/install/luminar_iris_msgs/include/luminar_iris_msgs/luminar_iris_msgs/msg/rosidl_typesupport_fastrtps_cpp__visibility_control.h
[2.143s] -- Installing: /home/artificial/bags_ws/install/luminar_iris_msgs/lib/libluminar_iris_msgs__rosidl_typesupport_fastrtps_cpp.so
[2.143s] -- Set runtime path of "/home/artificial/bags_ws/install/luminar_iris_msgs/lib/libluminar_iris_msgs__rosidl_typesupport_fastrtps_cpp.so" to ""
[2.144s] -- Up-to-date: /home/artificial/bags_ws/install/luminar_iris_msgs/include/luminar_iris_msgs/luminar_iris_msgs
[2.144s] -- Up-to-date: /home/artificial/bags_ws/install/luminar_iris_msgs/include/luminar_iris_msgs/luminar_iris_msgs/msg
[2.144s] -- Up-to-date: /home/artificial/bags_ws/install/luminar_iris_msgs/include/luminar_iris_msgs/luminar_iris_msgs/msg/detail
[2.144s] -- Installing: /home/artificial/bags_ws/install/luminar_iris_msgs/include/luminar_iris_msgs/luminar_iris_msgs/msg/detail/sensor_health__type_support.cpp
[2.144s] -- Installing: /home/artificial/bags_ws/install/luminar_iris_msgs/include/luminar_iris_msgs/luminar_iris_msgs/msg/detail/sensor_health__rosidl_typesupport_introspection_cpp.hpp
[2.144s] -- Installing: /home/artificial/bags_ws/install/luminar_iris_msgs/lib/libluminar_iris_msgs__rosidl_typesupport_introspection_cpp.so
[2.144s] -- Set runtime path of "/home/artificial/bags_ws/install/luminar_iris_msgs/lib/libluminar_iris_msgs__rosidl_typesupport_introspection_cpp.so" to ""
[2.144s] -- Installing: /home/artificial/bags_ws/install/luminar_iris_msgs/lib/libluminar_iris_msgs__rosidl_typesupport_cpp.so
[2.144s] -- Set runtime path of "/home/artificial/bags_ws/install/luminar_iris_msgs/lib/libluminar_iris_msgs__rosidl_typesupport_cpp.so" to ""
[2.144s] -- Installing: /home/artificial/bags_ws/install/luminar_iris_msgs/share/luminar_iris_msgs/environment/pythonpath.sh
[2.144s] -- Installing: /home/artificial/bags_ws/install/luminar_iris_msgs/share/luminar_iris_msgs/environment/pythonpath.dsv
[2.144s] -- Installing: /home/artificial/bags_ws/install/luminar_iris_msgs/local/lib/python3.10/dist-packages/luminar_iris_msgs-0.0.0-py3.10.egg-info
[2.144s] -- Installing: /home/artificial/bags_ws/install/luminar_iris_msgs/local/lib/python3.10/dist-packages/luminar_iris_msgs-0.0.0-py3.10.egg-info/SOURCES.txt
[2.144s] -- Installing: /home/artificial/bags_ws/install/luminar_iris_msgs/local/lib/python3.10/dist-packages/luminar_iris_msgs-0.0.0-py3.10.egg-info/PKG-INFO
[2.144s] -- Installing: /home/artificial/bags_ws/install/luminar_iris_msgs/local/lib/python3.10/dist-packages/luminar_iris_msgs-0.0.0-py3.10.egg-info/dependency_links.txt
[2.145s] -- Installing: /home/artificial/bags_ws/install/luminar_iris_msgs/local/lib/python3.10/dist-packages/luminar_iris_msgs-0.0.0-py3.10.egg-info/top_level.txt
[2.145s] -- Installing: /home/artificial/bags_ws/install/luminar_iris_msgs/local/lib/python3.10/dist-packages/luminar_iris_msgs
[2.145s] -- Installing: /home/artificial/bags_ws/install/luminar_iris_msgs/local/lib/python3.10/dist-packages/luminar_iris_msgs/_luminar_iris_msgs_s.ep.rosidl_typesupport_introspection_c.c
[2.145s] -- Installing: /home/artificial/bags_ws/install/luminar_iris_msgs/local/lib/python3.10/dist-packages/luminar_iris_msgs/libluminar_iris_msgs__rosidl_generator_py.so
[2.145s] -- Installing: /home/artificial/bags_ws/install/luminar_iris_msgs/local/lib/python3.10/dist-packages/luminar_iris_msgs/_luminar_iris_msgs_s.ep.rosidl_typesupport_fastrtps_c.c
[2.145s] -- Installing: /home/artificial/bags_ws/install/luminar_iris_msgs/local/lib/python3.10/dist-packages/luminar_iris_msgs/__init__.py
[2.145s] -- Installing: /home/artificial/bags_ws/install/luminar_iris_msgs/local/lib/python3.10/dist-packages/luminar_iris_msgs/luminar_iris_msgs_s__rosidl_typesupport_c.cpython-310-x86_64-linux-gnu.so
[2.145s] -- Installing: /home/artificial/bags_ws/install/luminar_iris_msgs/local/lib/python3.10/dist-packages/luminar_iris_msgs/luminar_iris_msgs_s__rosidl_typesupport_introspection_c.cpython-310-x86_64-linux-gnu.so
[2.145s] -- Installing: /home/artificial/bags_ws/install/luminar_iris_msgs/local/lib/python3.10/dist-packages/luminar_iris_msgs/_luminar_iris_msgs_s.ep.rosidl_typesupport_c.c
[2.145s] -- Installing: /home/artificial/bags_ws/install/luminar_iris_msgs/local/lib/python3.10/dist-packages/luminar_iris_msgs/luminar_iris_msgs_s__rosidl_typesupport_fastrtps_c.cpython-310-x86_64-linux-gnu.so
[2.145s] -- Installing: /home/artificial/bags_ws/install/luminar_iris_msgs/local/lib/python3.10/dist-packages/luminar_iris_msgs/msg
[2.146s] -- Installing: /home/artificial/bags_ws/install/luminar_iris_msgs/local/lib/python3.10/dist-packages/luminar_iris_msgs/msg/_sensor_health.py
[2.146s] -- Installing: /home/artificial/bags_ws/install/luminar_iris_msgs/local/lib/python3.10/dist-packages/luminar_iris_msgs/msg/__init__.py
[2.146s] -- Installing: /home/artificial/bags_ws/install/luminar_iris_msgs/local/lib/python3.10/dist-packages/luminar_iris_msgs/msg/_sensor_health_s.c
[2.167s] Listing '/home/artificial/bags_ws/install/luminar_iris_msgs/local/lib/python3.10/dist-packages/luminar_iris_msgs'...
[2.167s] Compiling '/home/artificial/bags_ws/install/luminar_iris_msgs/local/lib/python3.10/dist-packages/luminar_iris_msgs/__init__.py'...
[2.167s] Listing '/home/artificial/bags_ws/install/luminar_iris_msgs/local/lib/python3.10/dist-packages/luminar_iris_msgs/msg'...
[2.167s] Compiling '/home/artificial/bags_ws/install/luminar_iris_msgs/local/lib/python3.10/dist-packages/luminar_iris_msgs/msg/__init__.py'...
[2.167s] Compiling '/home/artificial/bags_ws/install/luminar_iris_msgs/local/lib/python3.10/dist-packages/luminar_iris_msgs/msg/_sensor_health.py'...
[2.170s] -- Installing: /home/artificial/bags_ws/install/luminar_iris_msgs/local/lib/python3.10/dist-packages/luminar_iris_msgs/luminar_iris_msgs_s__rosidl_typesupport_fastrtps_c.cpython-310-x86_64-linux-gnu.so
[2.170s] -- Set runtime path of "/home/artificial/bags_ws/install/luminar_iris_msgs/local/lib/python3.10/dist-packages/luminar_iris_msgs/luminar_iris_msgs_s__rosidl_typesupport_fastrtps_c.cpython-310-x86_64-linux-gnu.so" to ""
[2.171s] -- Installing: /home/artificial/bags_ws/install/luminar_iris_msgs/local/lib/python3.10/dist-packages/luminar_iris_msgs/luminar_iris_msgs_s__rosidl_typesupport_introspection_c.cpython-310-x86_64-linux-gnu.so
[2.171s] -- Set runtime path of "/home/artificial/bags_ws/install/luminar_iris_msgs/local/lib/python3.10/dist-packages/luminar_iris_msgs/luminar_iris_msgs_s__rosidl_typesupport_introspection_c.cpython-310-x86_64-linux-gnu.so" to ""
[2.171s] -- Installing: /home/artificial/bags_ws/install/luminar_iris_msgs/local/lib/python3.10/dist-packages/luminar_iris_msgs/luminar_iris_msgs_s__rosidl_typesupport_c.cpython-310-x86_64-linux-gnu.so
[2.171s] -- Set runtime path of "/home/artificial/bags_ws/install/luminar_iris_msgs/local/lib/python3.10/dist-packages/luminar_iris_msgs/luminar_iris_msgs_s__rosidl_typesupport_c.cpython-310-x86_64-linux-gnu.so" to ""
[2.171s] -- Installing: /home/artificial/bags_ws/install/luminar_iris_msgs/lib/libluminar_iris_msgs__rosidl_generator_py.so
[2.171s] -- Set runtime path of "/home/artificial/bags_ws/install/luminar_iris_msgs/lib/libluminar_iris_msgs__rosidl_generator_py.so" to ""
[2.171s] -- Installing: /home/artificial/bags_ws/install/luminar_iris_msgs/share/luminar_iris_msgs/msg/SensorHealth.idl
[2.171s] -- Installing: /home/artificial/bags_ws/install/luminar_iris_msgs/share/luminar_iris_msgs/msg/SensorHealth.msg
[2.171s] -- Installing: /home/artificial/bags_ws/install/luminar_iris_msgs/share/ament_index/resource_index/package_run_dependencies/luminar_iris_msgs
[2.171s] -- Installing: /home/artificial/bags_ws/install/luminar_iris_msgs/share/ament_index/resource_index/parent_prefix_path/luminar_iris_msgs
[2.171s] -- Installing: /home/artificial/bags_ws/install/luminar_iris_msgs/share/luminar_iris_msgs/environment/ament_prefix_path.sh
[2.172s] -- Installing: /home/artificial/bags_ws/install/luminar_iris_msgs/share/luminar_iris_msgs/environment/ament_prefix_path.dsv
[2.172s] -- Installing: /home/artificial/bags_ws/install/luminar_iris_msgs/share/luminar_iris_msgs/environment/path.sh
[2.172s] -- Installing: /home/artificial/bags_ws/install/luminar_iris_msgs/share/luminar_iris_msgs/environment/path.dsv
[2.172s] -- Installing: /home/artificial/bags_ws/install/luminar_iris_msgs/share/luminar_iris_msgs/local_setup.bash
[2.172s] -- Installing: /home/artificial/bags_ws/install/luminar_iris_msgs/share/luminar_iris_msgs/local_setup.sh
[2.172s] -- Installing: /home/artificial/bags_ws/install/luminar_iris_msgs/share/luminar_iris_msgs/local_setup.zsh
[2.172s] -- Installing: /home/artificial/bags_ws/install/luminar_iris_msgs/share/luminar_iris_msgs/local_setup.dsv
[2.172s] -- Installing: /home/artificial/bags_ws/install/luminar_iris_msgs/share/luminar_iris_msgs/package.dsv
[2.172s] -- Installing: /home/artificial/bags_ws/install/luminar_iris_msgs/share/ament_index/resource_index/packages/luminar_iris_msgs
[2.172s] -- Installing: /home/artificial/bags_ws/install/luminar_iris_msgs/share/luminar_iris_msgs/cmake/export_luminar_iris_msgs__rosidl_generator_cExport.cmake
[2.172s] -- Installing: /home/artificial/bags_ws/install/luminar_iris_msgs/share/luminar_iris_msgs/cmake/export_luminar_iris_msgs__rosidl_generator_cExport-noconfig.cmake
[2.172s] -- Installing: /home/artificial/bags_ws/install/luminar_iris_msgs/share/luminar_iris_msgs/cmake/export_luminar_iris_msgs__rosidl_typesupport_fastrtps_cExport.cmake
[2.172s] -- Installing: /home/artificial/bags_ws/install/luminar_iris_msgs/share/luminar_iris_msgs/cmake/export_luminar_iris_msgs__rosidl_typesupport_fastrtps_cExport-noconfig.cmake
[2.172s] -- Installing: /home/artificial/bags_ws/install/luminar_iris_msgs/share/luminar_iris_msgs/cmake/luminar_iris_msgs__rosidl_typesupport_introspection_cExport.cmake
[2.172s] -- Installing: /home/artificial/bags_ws/install/luminar_iris_msgs/share/luminar_iris_msgs/cmake/luminar_iris_msgs__rosidl_typesupport_introspection_cExport-noconfig.cmake
[2.173s] -- Installing: /home/artificial/bags_ws/install/luminar_iris_msgs/share/luminar_iris_msgs/cmake/luminar_iris_msgs__rosidl_typesupport_cExport.cmake
[2.173s] -- Installing: /home/artificial/bags_ws/install/luminar_iris_msgs/share/luminar_iris_msgs/cmake/luminar_iris_msgs__rosidl_typesupport_cExport-noconfig.cmake
[2.173s] -- Installing: /home/artificial/bags_ws/install/luminar_iris_msgs/share/luminar_iris_msgs/cmake/export_luminar_iris_msgs__rosidl_generator_cppExport.cmake
[2.173s] -- Installing: /home/artificial/bags_ws/install/luminar_iris_msgs/share/luminar_iris_msgs/cmake/export_luminar_iris_msgs__rosidl_typesupport_fastrtps_cppExport.cmake
[2.173s] -- Installing: /home/artificial/bags_ws/install/luminar_iris_msgs/share/luminar_iris_msgs/cmake/export_luminar_iris_msgs__rosidl_typesupport_fastrtps_cppExport-noconfig.cmake
[2.173s] -- Installing: /home/artificial/bags_ws/install/luminar_iris_msgs/share/luminar_iris_msgs/cmake/luminar_iris_msgs__rosidl_typesupport_introspection_cppExport.cmake
[2.173s] -- Installing: /home/artificial/bags_ws/install/luminar_iris_msgs/share/luminar_iris_msgs/cmake/luminar_iris_msgs__rosidl_typesupport_introspection_cppExport-noconfig.cmake
[2.173s] -- Installing: /home/artificial/bags_ws/install/luminar_iris_msgs/share/luminar_iris_msgs/cmake/luminar_iris_msgs__rosidl_typesupport_cppExport.cmake
[2.173s] -- Installing: /home/artificial/bags_ws/install/luminar_iris_msgs/share/luminar_iris_msgs/cmake/luminar_iris_msgs__rosidl_typesupport_cppExport-noconfig.cmake
[2.173s] -- Installing: /home/artificial/bags_ws/install/luminar_iris_msgs/share/luminar_iris_msgs/cmake/export_luminar_iris_msgs__rosidl_generator_pyExport.cmake
[2.173s] -- Installing: /home/artificial/bags_ws/install/luminar_iris_msgs/share/luminar_iris_msgs/cmake/export_luminar_iris_msgs__rosidl_generator_pyExport-noconfig.cmake
[2.173s] -- Installing: /home/artificial/bags_ws/install/luminar_iris_msgs/share/luminar_iris_msgs/cmake/rosidl_cmake-extras.cmake
[2.173s] -- Installing: /home/artificial/bags_ws/install/luminar_iris_msgs/share/luminar_iris_msgs/cmake/ament_cmake_export_dependencies-extras.cmake
[2.173s] -- Installing: /home/artificial/bags_ws/install/luminar_iris_msgs/share/luminar_iris_msgs/cmake/ament_cmake_export_include_directories-extras.cmake
[2.173s] -- Installing: /home/artificial/bags_ws/install/luminar_iris_msgs/share/luminar_iris_msgs/cmake/ament_cmake_export_libraries-extras.cmake
[2.173s] -- Installing: /home/artificial/bags_ws/install/luminar_iris_msgs/share/luminar_iris_msgs/cmake/ament_cmake_export_targets-extras.cmake
[2.174s] -- Installing: /home/artificial/bags_ws/install/luminar_iris_msgs/share/luminar_iris_msgs/cmake/rosidl_cmake_export_typesupport_targets-extras.cmake
[2.174s] -- Installing: /home/artificial/bags_ws/install/luminar_iris_msgs/share/luminar_iris_msgs/cmake/rosidl_cmake_export_typesupport_libraries-extras.cmake
[2.174s] -- Installing: /home/artificial/bags_ws/install/luminar_iris_msgs/share/luminar_iris_msgs/cmake/luminar_iris_msgsConfig.cmake
[2.174s] -- Installing: /home/artificial/bags_ws/install/luminar_iris_msgs/share/luminar_iris_msgs/cmake/luminar_iris_msgsConfig-version.cmake
[2.174s] -- Installing: /home/artificial/bags_ws/install/luminar_iris_msgs/share/luminar_iris_msgs/package.xml
[2.175s] Invoked command in '/home/artificial/bags_ws/build/luminar_iris_msgs' returned '0': CMAKE_PREFIX_PATH=/opt/ros/humble /usr/bin/cmake --install /home/artificial/bags_ws/build/luminar_iris_msgs
