[35m[1mConsolidate compiler generated dependencies of target pointcloud_subscriber_component[0m
[35m[1mConsolidate compiler generated dependencies of target pointcloud_publisher_component[0m
[ 33%] Built target pointcloud_subscriber_component
[ 66%] Built target pointcloud_publisher_component
[35m[1mConsolidate compiler generated dependencies of target component_manager[0m
[100%] Built target component_manager
-- Install configuration: ""
-- Installing: /home/artificial/bags_ws/install/my_cpp_package/share/my_cpp_package/launch
-- Installing: /home/artificial/bags_ws/install/my_cpp_package/share/my_cpp_package/launch/test.launch.py
-- Installing: /home/artificial/bags_ws/install/my_cpp_package/share/my_cpp_package/launch/bags.launch.py
-- Installing: /home/artificial/bags_ws/install/my_cpp_package/share/my_cpp_package/param
-- Installing: /home/artificial/bags_ws/install/my_cpp_package/share/my_cpp_package/param/bags.param.yaml
-- Installing: /home/artificial/bags_ws/install/my_cpp_package/my_cpp_package/my_cpp_package/lib/libpointcloud_publisher_component.so
-- Set runtime path of "/home/artificial/bags_ws/install/my_cpp_package/my_cpp_package/my_cpp_package/lib/libpointcloud_publisher_component.so" to ""
-- Installing: /home/artificial/bags_ws/install/my_cpp_package/my_cpp_package/my_cpp_package/lib/libpointcloud_subscriber_component.so
-- Set runtime path of "/home/artificial/bags_ws/install/my_cpp_package/my_cpp_package/my_cpp_package/lib/libpointcloud_subscriber_component.so" to ""
-- Installing: /home/artificial/bags_ws/install/my_cpp_package/my_cpp_package/my_cpp_package/lib/component_manager
-- Set runtime path of "/home/artificial/bags_ws/install/my_cpp_package/my_cpp_package/my_cpp_package/lib/component_manager" to ""
-- Installing: /home/artificial/bags_ws/install/my_cpp_package/share/ament_index/resource_index/package_run_dependencies/my_cpp_package
-- Installing: /home/artificial/bags_ws/install/my_cpp_package/share/ament_index/resource_index/parent_prefix_path/my_cpp_package
-- Installing: /home/artificial/bags_ws/install/my_cpp_package/share/my_cpp_package/environment/ament_prefix_path.sh
-- Installing: /home/artificial/bags_ws/install/my_cpp_package/share/my_cpp_package/environment/ament_prefix_path.dsv
-- Installing: /home/artificial/bags_ws/install/my_cpp_package/share/my_cpp_package/environment/path.sh
-- Installing: /home/artificial/bags_ws/install/my_cpp_package/share/my_cpp_package/environment/path.dsv
-- Installing: /home/artificial/bags_ws/install/my_cpp_package/share/my_cpp_package/local_setup.bash
-- Installing: /home/artificial/bags_ws/install/my_cpp_package/share/my_cpp_package/local_setup.sh
-- Installing: /home/artificial/bags_ws/install/my_cpp_package/share/my_cpp_package/local_setup.zsh
-- Installing: /home/artificial/bags_ws/install/my_cpp_package/share/my_cpp_package/local_setup.dsv
-- Installing: /home/artificial/bags_ws/install/my_cpp_package/share/my_cpp_package/package.dsv
-- Installing: /home/artificial/bags_ws/install/my_cpp_package/share/ament_index/resource_index/packages/my_cpp_package
-- Installing: /home/artificial/bags_ws/install/my_cpp_package/share/ament_index/resource_index/rclcpp_components/my_cpp_package
-- Installing: /home/artificial/bags_ws/install/my_cpp_package/share/my_cpp_package/cmake/my_cpp_packageConfig.cmake
-- Installing: /home/artificial/bags_ws/install/my_cpp_package/share/my_cpp_package/cmake/my_cpp_packageConfig-version.cmake
-- Installing: /home/artificial/bags_ws/install/my_cpp_package/share/my_cpp_package/package.xml
