[0.006s] Invoking command in '/home/artificial/bags_ws/build/my_cpp_package': CMAKE_PREFIX_PATH=/opt/ros/humble /usr/bin/cmake --build /home/artificial/bags_ws/build/my_cpp_package -- -j16 -l16
[0.032s] [35m[1mConsolidate compiler generated dependencies of target pointcloud_subscriber_component[0m
[0.033s] [35m[1mConsolidate compiler generated dependencies of target pointcloud_publisher_component[0m
[0.049s] [ 33%] Built target pointcloud_subscriber_component
[0.050s] [ 66%] Built target pointcloud_publisher_component
[0.056s] [35m[1mConsolidate compiler generated dependencies of target component_manager[0m
[0.064s] [100%] Built target component_manager
[0.070s] Invoked command in '/home/artificial/bags_ws/build/my_cpp_package' returned '0': CMAKE_PREFIX_PATH=/opt/ros/humble /usr/bin/cmake --build /home/artificial/bags_ws/build/my_cpp_package -- -j16 -l16
[0.093s] Invoking command in '/home/artificial/bags_ws/build/my_cpp_package': CMAKE_PREFIX_PATH=/opt/ros/humble /usr/bin/cmake --install /home/artificial/bags_ws/build/my_cpp_package
[0.098s] -- Install configuration: ""
[0.098s] -- Installing: /home/artificial/bags_ws/install/my_cpp_package/share/my_cpp_package/launch
[0.098s] -- Installing: /home/artificial/bags_ws/install/my_cpp_package/share/my_cpp_package/launch/test.launch.py
[0.099s] -- Installing: /home/artificial/bags_ws/install/my_cpp_package/share/my_cpp_package/launch/bags.launch.py
[0.099s] -- Installing: /home/artificial/bags_ws/install/my_cpp_package/share/my_cpp_package/param
[0.099s] -- Installing: /home/artificial/bags_ws/install/my_cpp_package/share/my_cpp_package/param/bags.param.yaml
[0.099s] -- Installing: /home/artificial/bags_ws/install/my_cpp_package/my_cpp_package/my_cpp_package/lib/libpointcloud_publisher_component.so
[0.100s] -- Set runtime path of "/home/artificial/bags_ws/install/my_cpp_package/my_cpp_package/my_cpp_package/lib/libpointcloud_publisher_component.so" to ""
[0.100s] -- Installing: /home/artificial/bags_ws/install/my_cpp_package/my_cpp_package/my_cpp_package/lib/libpointcloud_subscriber_component.so
[0.103s] -- Set runtime path of "/home/artificial/bags_ws/install/my_cpp_package/my_cpp_package/my_cpp_package/lib/libpointcloud_subscriber_component.so" to ""
[0.103s] -- Installing: /home/artificial/bags_ws/install/my_cpp_package/my_cpp_package/my_cpp_package/lib/component_manager
[0.104s] -- Set runtime path of "/home/artificial/bags_ws/install/my_cpp_package/my_cpp_package/my_cpp_package/lib/component_manager" to ""
[0.104s] -- Installing: /home/artificial/bags_ws/install/my_cpp_package/share/ament_index/resource_index/package_run_dependencies/my_cpp_package
[0.104s] -- Installing: /home/artificial/bags_ws/install/my_cpp_package/share/ament_index/resource_index/parent_prefix_path/my_cpp_package
[0.104s] -- Installing: /home/artificial/bags_ws/install/my_cpp_package/share/my_cpp_package/environment/ament_prefix_path.sh
[0.104s] -- Installing: /home/artificial/bags_ws/install/my_cpp_package/share/my_cpp_package/environment/ament_prefix_path.dsv
[0.104s] -- Installing: /home/artificial/bags_ws/install/my_cpp_package/share/my_cpp_package/environment/path.sh
[0.104s] -- Installing: /home/artificial/bags_ws/install/my_cpp_package/share/my_cpp_package/environment/path.dsv
[0.104s] -- Installing: /home/artificial/bags_ws/install/my_cpp_package/share/my_cpp_package/local_setup.bash
[0.104s] -- Installing: /home/artificial/bags_ws/install/my_cpp_package/share/my_cpp_package/local_setup.sh
[0.104s] -- Installing: /home/artificial/bags_ws/install/my_cpp_package/share/my_cpp_package/local_setup.zsh
[0.104s] -- Installing: /home/artificial/bags_ws/install/my_cpp_package/share/my_cpp_package/local_setup.dsv
[0.104s] -- Installing: /home/artificial/bags_ws/install/my_cpp_package/share/my_cpp_package/package.dsv
[0.104s] -- Installing: /home/artificial/bags_ws/install/my_cpp_package/share/ament_index/resource_index/packages/my_cpp_package
[0.104s] -- Installing: /home/artificial/bags_ws/install/my_cpp_package/share/ament_index/resource_index/rclcpp_components/my_cpp_package
[0.104s] -- Installing: /home/artificial/bags_ws/install/my_cpp_package/share/my_cpp_package/cmake/my_cpp_packageConfig.cmake
[0.105s] -- Installing: /home/artificial/bags_ws/install/my_cpp_package/share/my_cpp_package/cmake/my_cpp_packageConfig-version.cmake
[0.105s] -- Installing: /home/artificial/bags_ws/install/my_cpp_package/share/my_cpp_package/package.xml
[0.106s] Invoked command in '/home/artificial/bags_ws/build/my_cpp_package' returned '0': CMAKE_PREFIX_PATH=/opt/ros/humble /usr/bin/cmake --install /home/artificial/bags_ws/build/my_cpp_package
