[ 33%] Built target pointcloud_subscriber_component
[ 66%] Built target pointcloud_publisher_component
[100%] Built target component_manager
-- Install configuration: ""
-- Up-to-date: /home/artificial/bags_ws/install/my_cpp_package/share/my_cpp_package/launch
-- Up-to-date: /home/artificial/bags_ws/install/my_cpp_package/share/my_cpp_package/launch/test.launch.py
-- Up-to-date: /home/artificial/bags_ws/install/my_cpp_package/share/my_cpp_package/launch/bags.launch.py
-- Up-to-date: /home/artificial/bags_ws/install/my_cpp_package/share/my_cpp_package/param
-- Up-to-date: /home/artificial/bags_ws/install/my_cpp_package/share/my_cpp_package/param/bags.param.yaml
-- Up-to-date: /home/artificial/bags_ws/install/my_cpp_package/my_cpp_package/my_cpp_package/lib/libpointcloud_publisher_component.so
-- Up-to-date: /home/artificial/bags_ws/install/my_cpp_package/my_cpp_package/my_cpp_package/lib/libpointcloud_subscriber_component.so
-- Up-to-date: /home/artificial/bags_ws/install/my_cpp_package/my_cpp_package/my_cpp_package/lib/component_manager
-- Up-to-date: /home/artificial/bags_ws/install/my_cpp_package/share/ament_index/resource_index/package_run_dependencies/my_cpp_package
-- Up-to-date: /home/artificial/bags_ws/install/my_cpp_package/share/ament_index/resource_index/parent_prefix_path/my_cpp_package
-- Up-to-date: /home/artificial/bags_ws/install/my_cpp_package/share/my_cpp_package/environment/ament_prefix_path.sh
-- Up-to-date: /home/artificial/bags_ws/install/my_cpp_package/share/my_cpp_package/environment/ament_prefix_path.dsv
-- Up-to-date: /home/artificial/bags_ws/install/my_cpp_package/share/my_cpp_package/environment/path.sh
-- Up-to-date: /home/artificial/bags_ws/install/my_cpp_package/share/my_cpp_package/environment/path.dsv
-- Up-to-date: /home/artificial/bags_ws/install/my_cpp_package/share/my_cpp_package/local_setup.bash
-- Up-to-date: /home/artificial/bags_ws/install/my_cpp_package/share/my_cpp_package/local_setup.sh
-- Up-to-date: /home/artificial/bags_ws/install/my_cpp_package/share/my_cpp_package/local_setup.zsh
-- Up-to-date: /home/artificial/bags_ws/install/my_cpp_package/share/my_cpp_package/local_setup.dsv
-- Installing: /home/artificial/bags_ws/install/my_cpp_package/share/my_cpp_package/package.dsv
-- Up-to-date: /home/artificial/bags_ws/install/my_cpp_package/share/ament_index/resource_index/packages/my_cpp_package
-- Up-to-date: /home/artificial/bags_ws/install/my_cpp_package/share/ament_index/resource_index/rclcpp_components/my_cpp_package
-- Up-to-date: /home/artificial/bags_ws/install/my_cpp_package/share/my_cpp_package/cmake/my_cpp_packageConfig.cmake
-- Up-to-date: /home/artificial/bags_ws/install/my_cpp_package/share/my_cpp_package/cmake/my_cpp_packageConfig-version.cmake
-- Up-to-date: /home/artificial/bags_ws/install/my_cpp_package/share/my_cpp_package/package.xml
