[0.005s] Invoking command in '/home/artificial/bags_ws/build/ros2_iris_driver': AMENT_PREFIX_PATH=/home/artificial/bags_ws/install/luminar_iris_msgs:${AMENT_PREFIX_PATH} CMAKE_PREFIX_PATH=/home/artificial/bags_ws/install/luminar_iris_msgs:/opt/ros/humble LD_LIBRARY_PATH=/home/artificial/bags_ws/install/luminar_iris_msgs/lib:/opt/ros/humble/opt/rviz_ogre_vendor/lib:/opt/ros/humble/lib/x86_64-linux-gnu:/opt/ros/humble/lib:/opt/blasfeo/lib:/opt/hpipm/lib:/usr/local/lib:/usr/lib PYTHONPATH=/home/artificial/bags_ws/install/luminar_iris_msgs/local/lib/python3.10/dist-packages:${PYTHONPATH} /usr/bin/cmake /home/artificial/bags_ws/src/ros2_iris_driver/ros2_iris_driver -DCMAKE_INSTALL_PREFIX=/home/artificial/bags_ws/install/ros2_iris_driver
[0.040s] -- The C compiler identification is GNU 11.4.0
[0.075s] -- The CXX compiler identification is GNU 11.4.0
[0.080s] -- Detecting C compiler ABI info
[0.124s] -- Detecting C compiler ABI info - done
[0.128s] -- Check for working C compiler: /usr/bin/cc - skipped
[0.129s] -- Detecting C compile features
[0.129s] -- Detecting C compile features - done
[0.131s] -- Detecting CXX compiler ABI info
[0.182s] -- Detecting CXX compiler ABI info - done
[0.190s] -- Check for working CXX compiler: /usr/bin/c++ - skipped
[0.190s] -- Detecting CXX compile features
[0.190s] -- Detecting CXX compile features - done
[0.191s] -- Found ament_cmake: 1.3.9 (/opt/ros/humble/share/ament_cmake/cmake)
[0.291s] -- Found Python3: /usr/bin/python3 (found version "3.10.12") found components: Interpreter 
[0.342s] -- Conan: Using autogenerated Findlum_drivers_data_client.cmake
[0.342s] -- Found lum_drivers_data_client: 1.0.0 (found version "1.0.0") 
[0.342s] -- Library lum_drivers_data_client found /home/artificial/bags_ws/src/ros2_iris_driver/ros2_iris_driver/lib/lum_drivers_data_client/lib/liblum_drivers_data_client.a
[0.342s] -- Found: /home/artificial/bags_ws/src/ros2_iris_driver/ros2_iris_driver/lib/lum_drivers_data_client/lib/liblum_drivers_data_client.a
[0.343s] -- Conan: Using autogenerated Findlum_common_types_observable.cmake
[0.343s] -- Found lum_common_types_observable: 1.0.0 (found version "1.0.0") 
[0.344s] -- Conan: Using autogenerated Findlum_common_exceptions.cmake
[0.344s] -- Found lum_common_exceptions: 1.0.0 (found version "1.0.0") 
[0.344s] -- Library lum_common_exceptions found /home/artificial/bags_ws/src/ros2_iris_driver/ros2_iris_driver/lib/lum_common_exceptions/lib/liblum_common_exceptions.a
[0.344s] -- Found: /home/artificial/bags_ws/src/ros2_iris_driver/ros2_iris_driver/lib/lum_common_exceptions/lib/liblum_common_exceptions.a
[0.345s] -- Conan: Using autogenerated Findlum_common_log.cmake
[0.345s] -- Found lum_common_log: 1.0.0 (found version "1.0.0") 
[0.345s] -- Library lum_common_log found /home/artificial/bags_ws/src/ros2_iris_driver/ros2_iris_driver/lib/lum_common_log/lib/liblum_common_log.a
[0.345s] -- Found: /home/artificial/bags_ws/src/ros2_iris_driver/ros2_iris_driver/lib/lum_common_log/lib/liblum_common_log.a
[0.345s] -- Conan: Using autogenerated Findlum_common_types.cmake
[0.346s] -- Found lum_common_types: 1.0.0 (found version "1.0.0") 
[0.346s] -- Conan: Using autogenerated Findlum_common_casts.cmake
[0.346s] -- Found lum_common_casts: 1.0.0 (found version "1.0.0") 
[0.347s] -- Conan: Using autogenerated Findlum_platform_process.cmake
[0.347s] -- Found lum_platform_process: 1.0.0 (found version "1.0.0") 
[0.348s] -- Library lum_platform_process found /home/artificial/bags_ws/src/ros2_iris_driver/ros2_iris_driver/lib/lum_platform_process/lib/liblum_platform_process.a
[0.348s] -- Found: /home/artificial/bags_ws/src/ros2_iris_driver/ros2_iris_driver/lib/lum_platform_process/lib/liblum_platform_process.a
[0.348s] -- Dependency lum_common_log already found
[0.349s] -- Conan: Using autogenerated Findlum_common_memory.cmake
[0.349s] -- Found lum_common_memory: 1.0.0 (found version "1.0.0") 
[0.349s] -- Dependency lum_common_types already found
[0.350s] -- Conan: Using autogenerated Findlum_common_swc.cmake
[0.350s] -- Found lum_common_swc: 1.0.0 (found version "1.0.0") 
[0.350s] -- Library lum_common_swc found /home/artificial/bags_ws/src/ros2_iris_driver/ros2_iris_driver/lib/lum_common_swc/lib/liblum_common_swc.a
[0.350s] -- Found: /home/artificial/bags_ws/src/ros2_iris_driver/ros2_iris_driver/lib/lum_common_swc/lib/liblum_common_swc.a
[0.350s] -- Dependency lum_common_log already found
[0.350s] -- Dependency lum_common_exceptions already found
[0.350s] -- Dependency lum_common_types already found
[0.351s] -- Conan: Using autogenerated Findlum_common_multi_thread.cmake
[0.351s] -- Found lum_common_multi_thread: 1.0.0 (found version "1.0.0") 
[0.351s] -- Dependency lum_common_exceptions already found
[0.351s] -- Dependency lum_platform_process already found
[0.352s] -- Conan: Using autogenerated FindMicrosoft.GSL.cmake
[0.352s] -- Found Microsoft.GSL: 3.1.0 (found version "3.1.0") 
[0.353s] -- Conan: Using autogenerated Findlum_drivers_data_client_types.cmake
[0.353s] -- Found lum_drivers_data_client_types: 1.0.0 (found version "1.0.0") 
[0.353s] -- Dependency lum_common_memory already found
[0.353s] -- Dependency lum_common_types already found
[0.353s] -- Dependency lum_common_types_observable already found
[0.354s] -- Conan: Using autogenerated Findlum_drivers_pcap.cmake
[0.354s] -- Found lum_drivers_pcap: 1.0.0 (found version "1.0.0") 
[0.354s] -- Library lum_drivers_pcap found /home/artificial/bags_ws/src/ros2_iris_driver/ros2_iris_driver/lib/lum_drivers_pcap/lib/liblum_drivers_pcap.a
[0.354s] -- Found: /home/artificial/bags_ws/src/ros2_iris_driver/ros2_iris_driver/lib/lum_drivers_pcap/lib/liblum_drivers_pcap.a
[0.354s] -- Dependency lum_common_types already found
[0.356s] -- Conan: Using autogenerated FindBoost.cmake
[0.356s] -- Found Boost: 1.71.0 (found version "1.71.0") 
[0.357s] -- Library boost_coroutine found /home/artificial/bags_ws/src/ros2_iris_driver/ros2_iris_driver/lib/boost/lib/libboost_coroutine.so
[0.357s] -- Found: /home/artificial/bags_ws/src/ros2_iris_driver/ros2_iris_driver/lib/boost/lib/libboost_coroutine.so
[0.357s] -- Library boost_fiber found /home/artificial/bags_ws/src/ros2_iris_driver/ros2_iris_driver/lib/boost/lib/libboost_fiber.so
[0.357s] -- Found: /home/artificial/bags_ws/src/ros2_iris_driver/ros2_iris_driver/lib/boost/lib/libboost_fiber.so
[0.357s] -- Library boost_context found /home/artificial/bags_ws/src/ros2_iris_driver/ros2_iris_driver/lib/boost/lib/libboost_context.so
[0.357s] -- Found: /home/artificial/bags_ws/src/ros2_iris_driver/ros2_iris_driver/lib/boost/lib/libboost_context.so
[0.357s] -- Library boost_iostreams found /home/artificial/bags_ws/src/ros2_iris_driver/ros2_iris_driver/lib/boost/lib/libboost_iostreams.so
[0.357s] -- Found: /home/artificial/bags_ws/src/ros2_iris_driver/ros2_iris_driver/lib/boost/lib/libboost_iostreams.so
[0.357s] -- Library boost_locale found /home/artificial/bags_ws/src/ros2_iris_driver/ros2_iris_driver/lib/boost/lib/libboost_locale.so
[0.357s] -- Found: /home/artificial/bags_ws/src/ros2_iris_driver/ros2_iris_driver/lib/boost/lib/libboost_locale.so
[0.357s] -- Library boost_log_setup found /home/artificial/bags_ws/src/ros2_iris_driver/ros2_iris_driver/lib/boost/lib/libboost_log_setup.so
[0.357s] -- Found: /home/artificial/bags_ws/src/ros2_iris_driver/ros2_iris_driver/lib/boost/lib/libboost_log_setup.so
[0.357s] -- Library boost_log found /home/artificial/bags_ws/src/ros2_iris_driver/ros2_iris_driver/lib/boost/lib/libboost_log.so
[0.357s] -- Found: /home/artificial/bags_ws/src/ros2_iris_driver/ros2_iris_driver/lib/boost/lib/libboost_log.so
[0.357s] -- Library boost_math_c99 found /home/artificial/bags_ws/src/ros2_iris_driver/ros2_iris_driver/lib/boost/lib/libboost_math_c99.so
[0.357s] -- Found: /home/artificial/bags_ws/src/ros2_iris_driver/ros2_iris_driver/lib/boost/lib/libboost_math_c99.so
[0.357s] -- Library boost_math_c99f found /home/artificial/bags_ws/src/ros2_iris_driver/ros2_iris_driver/lib/boost/lib/libboost_math_c99f.so
[0.357s] -- Found: /home/artificial/bags_ws/src/ros2_iris_driver/ros2_iris_driver/lib/boost/lib/libboost_math_c99f.so
[0.357s] -- Library boost_math_c99l found /home/artificial/bags_ws/src/ros2_iris_driver/ros2_iris_driver/lib/boost/lib/libboost_math_c99l.so
[0.357s] -- Found: /home/artificial/bags_ws/src/ros2_iris_driver/ros2_iris_driver/lib/boost/lib/libboost_math_c99l.so
[0.357s] -- Library boost_math_tr1 found /home/artificial/bags_ws/src/ros2_iris_driver/ros2_iris_driver/lib/boost/lib/libboost_math_tr1.so
[0.357s] -- Found: /home/artificial/bags_ws/src/ros2_iris_driver/ros2_iris_driver/lib/boost/lib/libboost_math_tr1.so
[0.357s] -- Library boost_math_tr1f found /home/artificial/bags_ws/src/ros2_iris_driver/ros2_iris_driver/lib/boost/lib/libboost_math_tr1f.so
[0.357s] -- Found: /home/artificial/bags_ws/src/ros2_iris_driver/ros2_iris_driver/lib/boost/lib/libboost_math_tr1f.so
[0.357s] -- Library boost_math_tr1l found /home/artificial/bags_ws/src/ros2_iris_driver/ros2_iris_driver/lib/boost/lib/libboost_math_tr1l.so
[0.357s] -- Found: /home/artificial/bags_ws/src/ros2_iris_driver/ros2_iris_driver/lib/boost/lib/libboost_math_tr1l.so
[0.358s] -- Library boost_program_options found /home/artificial/bags_ws/src/ros2_iris_driver/ros2_iris_driver/lib/boost/lib/libboost_program_options.so
[0.358s] -- Found: /home/artificial/bags_ws/src/ros2_iris_driver/ros2_iris_driver/lib/boost/lib/libboost_program_options.so
[0.358s] -- Library boost_random found /home/artificial/bags_ws/src/ros2_iris_driver/ros2_iris_driver/lib/boost/lib/libboost_random.so
[0.358s] -- Found: /home/artificial/bags_ws/src/ros2_iris_driver/ros2_iris_driver/lib/boost/lib/libboost_random.so
[0.358s] -- Library boost_regex found /home/artificial/bags_ws/src/ros2_iris_driver/ros2_iris_driver/lib/boost/lib/libboost_regex.so
[0.358s] -- Found: /home/artificial/bags_ws/src/ros2_iris_driver/ros2_iris_driver/lib/boost/lib/libboost_regex.so
[0.358s] -- Library boost_stacktrace_addr2line found /home/artificial/bags_ws/src/ros2_iris_driver/ros2_iris_driver/lib/boost/lib/libboost_stacktrace_addr2line.so
[0.358s] -- Found: /home/artificial/bags_ws/src/ros2_iris_driver/ros2_iris_driver/lib/boost/lib/libboost_stacktrace_addr2line.so
[0.358s] -- Library boost_stacktrace_backtrace found /home/artificial/bags_ws/src/ros2_iris_driver/ros2_iris_driver/lib/boost/lib/libboost_stacktrace_backtrace.so
[0.358s] -- Found: /home/artificial/bags_ws/src/ros2_iris_driver/ros2_iris_driver/lib/boost/lib/libboost_stacktrace_backtrace.so
[0.358s] -- Library boost_stacktrace_basic found /home/artificial/bags_ws/src/ros2_iris_driver/ros2_iris_driver/lib/boost/lib/libboost_stacktrace_basic.so
[0.358s] -- Found: /home/artificial/bags_ws/src/ros2_iris_driver/ros2_iris_driver/lib/boost/lib/libboost_stacktrace_basic.so
[0.358s] -- Library boost_stacktrace_noop found /home/artificial/bags_ws/src/ros2_iris_driver/ros2_iris_driver/lib/boost/lib/libboost_stacktrace_noop.so
[0.358s] -- Found: /home/artificial/bags_ws/src/ros2_iris_driver/ros2_iris_driver/lib/boost/lib/libboost_stacktrace_noop.so
[0.358s] -- Library boost_timer found /home/artificial/bags_ws/src/ros2_iris_driver/ros2_iris_driver/lib/boost/lib/libboost_timer.so
[0.358s] -- Found: /home/artificial/bags_ws/src/ros2_iris_driver/ros2_iris_driver/lib/boost/lib/libboost_timer.so
[0.358s] -- Library boost_type_erasure found /home/artificial/bags_ws/src/ros2_iris_driver/ros2_iris_driver/lib/boost/lib/libboost_type_erasure.so
[0.358s] -- Found: /home/artificial/bags_ws/src/ros2_iris_driver/ros2_iris_driver/lib/boost/lib/libboost_type_erasure.so
[0.358s] -- Library boost_thread found /home/artificial/bags_ws/src/ros2_iris_driver/ros2_iris_driver/lib/boost/lib/libboost_thread.so
[0.358s] -- Found: /home/artificial/bags_ws/src/ros2_iris_driver/ros2_iris_driver/lib/boost/lib/libboost_thread.so
[0.358s] -- Library boost_atomic found /home/artificial/bags_ws/src/ros2_iris_driver/ros2_iris_driver/lib/boost/lib/libboost_atomic.so
[0.358s] -- Found: /home/artificial/bags_ws/src/ros2_iris_driver/ros2_iris_driver/lib/boost/lib/libboost_atomic.so
[0.358s] -- Library boost_chrono found /home/artificial/bags_ws/src/ros2_iris_driver/ros2_iris_driver/lib/boost/lib/libboost_chrono.so
[0.358s] -- Found: /home/artificial/bags_ws/src/ros2_iris_driver/ros2_iris_driver/lib/boost/lib/libboost_chrono.so
[0.358s] -- Library boost_container found /home/artificial/bags_ws/src/ros2_iris_driver/ros2_iris_driver/lib/boost/lib/libboost_container.so
[0.358s] -- Found: /home/artificial/bags_ws/src/ros2_iris_driver/ros2_iris_driver/lib/boost/lib/libboost_container.so
[0.358s] -- Library boost_date_time found /home/artificial/bags_ws/src/ros2_iris_driver/ros2_iris_driver/lib/boost/lib/libboost_date_time.so
[0.358s] -- Found: /home/artificial/bags_ws/src/ros2_iris_driver/ros2_iris_driver/lib/boost/lib/libboost_date_time.so
[0.358s] -- Library boost_exception found /home/artificial/bags_ws/src/ros2_iris_driver/ros2_iris_driver/lib/boost/lib/libboost_exception.a
[0.359s] -- Found: /home/artificial/bags_ws/src/ros2_iris_driver/ros2_iris_driver/lib/boost/lib/libboost_exception.a
[0.359s] -- Library boost_wave found /home/artificial/bags_ws/src/ros2_iris_driver/ros2_iris_driver/lib/boost/lib/libboost_wave.so
[0.359s] -- Found: /home/artificial/bags_ws/src/ros2_iris_driver/ros2_iris_driver/lib/boost/lib/libboost_wave.so
[0.359s] -- Library boost_filesystem found /home/artificial/bags_ws/src/ros2_iris_driver/ros2_iris_driver/lib/boost/lib/libboost_filesystem.so
[0.359s] -- Found: /home/artificial/bags_ws/src/ros2_iris_driver/ros2_iris_driver/lib/boost/lib/libboost_filesystem.so
[0.359s] -- Library boost_system found /home/artificial/bags_ws/src/ros2_iris_driver/ros2_iris_driver/lib/boost/lib/libboost_system.so
[0.359s] -- Found: /home/artificial/bags_ws/src/ros2_iris_driver/ros2_iris_driver/lib/boost/lib/libboost_system.so
[0.359s] -- Library boost_wserialization found /home/artificial/bags_ws/src/ros2_iris_driver/ros2_iris_driver/lib/boost/lib/libboost_wserialization.so
[0.359s] -- Found: /home/artificial/bags_ws/src/ros2_iris_driver/ros2_iris_driver/lib/boost/lib/libboost_wserialization.so
[0.359s] -- Library boost_serialization found /home/artificial/bags_ws/src/ros2_iris_driver/ros2_iris_driver/lib/boost/lib/libboost_serialization.so
[0.359s] -- Found: /home/artificial/bags_ws/src/ros2_iris_driver/ros2_iris_driver/lib/boost/lib/libboost_serialization.so
[0.360s] -- Conan: Using autogenerated FindIconv.cmake
[0.360s] -- Found Iconv: 1.16 (found version "1.16") 
[0.360s] -- Library iconv found /home/artificial/bags_ws/src/ros2_iris_driver/ros2_iris_driver/lib/libiconv/lib/libiconv.a
[0.360s] -- Found: /home/artificial/bags_ws/src/ros2_iris_driver/ros2_iris_driver/lib/libiconv/lib/libiconv.a
[0.360s] -- Library charset found /home/artificial/bags_ws/src/ros2_iris_driver/ros2_iris_driver/lib/libiconv/lib/libcharset.a
[0.360s] -- Found: /home/artificial/bags_ws/src/ros2_iris_driver/ros2_iris_driver/lib/libiconv/lib/libcharset.a
[0.360s] -- Library boost_serialization found /home/artificial/bags_ws/src/ros2_iris_driver/ros2_iris_driver/lib/boost/lib/libboost_serialization.so
[0.360s] -- Found: /home/artificial/bags_ws/src/ros2_iris_driver/ros2_iris_driver/lib/boost/lib/libboost_serialization.so
[0.360s] -- Library boost_wserialization found /home/artificial/bags_ws/src/ros2_iris_driver/ros2_iris_driver/lib/boost/lib/libboost_wserialization.so
[0.361s] -- Found: /home/artificial/bags_ws/src/ros2_iris_driver/ros2_iris_driver/lib/boost/lib/libboost_wserialization.so
[0.361s] -- Library boost_system found /home/artificial/bags_ws/src/ros2_iris_driver/ros2_iris_driver/lib/boost/lib/libboost_system.so
[0.361s] -- Found: /home/artificial/bags_ws/src/ros2_iris_driver/ros2_iris_driver/lib/boost/lib/libboost_system.so
[0.361s] -- Library boost_filesystem found /home/artificial/bags_ws/src/ros2_iris_driver/ros2_iris_driver/lib/boost/lib/libboost_filesystem.so
[0.361s] -- Found: /home/artificial/bags_ws/src/ros2_iris_driver/ros2_iris_driver/lib/boost/lib/libboost_filesystem.so
[0.361s] -- Library boost_wave found /home/artificial/bags_ws/src/ros2_iris_driver/ros2_iris_driver/lib/boost/lib/libboost_wave.so
[0.361s] -- Found: /home/artificial/bags_ws/src/ros2_iris_driver/ros2_iris_driver/lib/boost/lib/libboost_wave.so
[0.361s] -- Library boost_exception found /home/artificial/bags_ws/src/ros2_iris_driver/ros2_iris_driver/lib/boost/lib/libboost_exception.a
[0.361s] -- Found: /home/artificial/bags_ws/src/ros2_iris_driver/ros2_iris_driver/lib/boost/lib/libboost_exception.a
[0.361s] -- Library boost_date_time found /home/artificial/bags_ws/src/ros2_iris_driver/ros2_iris_driver/lib/boost/lib/libboost_date_time.so
[0.361s] -- Found: /home/artificial/bags_ws/src/ros2_iris_driver/ros2_iris_driver/lib/boost/lib/libboost_date_time.so
[0.361s] -- Library boost_container found /home/artificial/bags_ws/src/ros2_iris_driver/ros2_iris_driver/lib/boost/lib/libboost_container.so
[0.361s] -- Found: /home/artificial/bags_ws/src/ros2_iris_driver/ros2_iris_driver/lib/boost/lib/libboost_container.so
[0.361s] -- Library boost_chrono found /home/artificial/bags_ws/src/ros2_iris_driver/ros2_iris_driver/lib/boost/lib/libboost_chrono.so
[0.361s] -- Found: /home/artificial/bags_ws/src/ros2_iris_driver/ros2_iris_driver/lib/boost/lib/libboost_chrono.so
[0.361s] -- Library boost_atomic found /home/artificial/bags_ws/src/ros2_iris_driver/ros2_iris_driver/lib/boost/lib/libboost_atomic.so
[0.361s] -- Found: /home/artificial/bags_ws/src/ros2_iris_driver/ros2_iris_driver/lib/boost/lib/libboost_atomic.so
[0.361s] -- Library boost_thread found /home/artificial/bags_ws/src/ros2_iris_driver/ros2_iris_driver/lib/boost/lib/libboost_thread.so
[0.362s] -- Found: /home/artificial/bags_ws/src/ros2_iris_driver/ros2_iris_driver/lib/boost/lib/libboost_thread.so
[0.362s] -- Library boost_type_erasure found /home/artificial/bags_ws/src/ros2_iris_driver/ros2_iris_driver/lib/boost/lib/libboost_type_erasure.so
[0.362s] -- Found: /home/artificial/bags_ws/src/ros2_iris_driver/ros2_iris_driver/lib/boost/lib/libboost_type_erasure.so
[0.362s] -- Library boost_timer found /home/artificial/bags_ws/src/ros2_iris_driver/ros2_iris_driver/lib/boost/lib/libboost_timer.so
[0.362s] -- Found: /home/artificial/bags_ws/src/ros2_iris_driver/ros2_iris_driver/lib/boost/lib/libboost_timer.so
[0.362s] -- Library boost_stacktrace_noop found /home/artificial/bags_ws/src/ros2_iris_driver/ros2_iris_driver/lib/boost/lib/libboost_stacktrace_noop.so
[0.362s] -- Found: /home/artificial/bags_ws/src/ros2_iris_driver/ros2_iris_driver/lib/boost/lib/libboost_stacktrace_noop.so
[0.362s] -- Library boost_stacktrace_basic found /home/artificial/bags_ws/src/ros2_iris_driver/ros2_iris_driver/lib/boost/lib/libboost_stacktrace_basic.so
[0.362s] -- Found: /home/artificial/bags_ws/src/ros2_iris_driver/ros2_iris_driver/lib/boost/lib/libboost_stacktrace_basic.so
[0.362s] -- Library boost_stacktrace_backtrace found /home/artificial/bags_ws/src/ros2_iris_driver/ros2_iris_driver/lib/boost/lib/libboost_stacktrace_backtrace.so
[0.362s] -- Found: /home/artificial/bags_ws/src/ros2_iris_driver/ros2_iris_driver/lib/boost/lib/libboost_stacktrace_backtrace.so
[0.362s] -- Library boost_stacktrace_addr2line found /home/artificial/bags_ws/src/ros2_iris_driver/ros2_iris_driver/lib/boost/lib/libboost_stacktrace_addr2line.so
[0.362s] -- Found: /home/artificial/bags_ws/src/ros2_iris_driver/ros2_iris_driver/lib/boost/lib/libboost_stacktrace_addr2line.so
[0.362s] -- Library boost_regex found /home/artificial/bags_ws/src/ros2_iris_driver/ros2_iris_driver/lib/boost/lib/libboost_regex.so
[0.362s] -- Found: /home/artificial/bags_ws/src/ros2_iris_driver/ros2_iris_driver/lib/boost/lib/libboost_regex.so
[0.363s] -- Library boost_random found /home/artificial/bags_ws/src/ros2_iris_driver/ros2_iris_driver/lib/boost/lib/libboost_random.so
[0.363s] -- Found: /home/artificial/bags_ws/src/ros2_iris_driver/ros2_iris_driver/lib/boost/lib/libboost_random.so
[0.363s] -- Library boost_program_options found /home/artificial/bags_ws/src/ros2_iris_driver/ros2_iris_driver/lib/boost/lib/libboost_program_options.so
[0.363s] -- Found: /home/artificial/bags_ws/src/ros2_iris_driver/ros2_iris_driver/lib/boost/lib/libboost_program_options.so
[0.363s] -- Library boost_math_tr1l found /home/artificial/bags_ws/src/ros2_iris_driver/ros2_iris_driver/lib/boost/lib/libboost_math_tr1l.so
[0.363s] -- Found: /home/artificial/bags_ws/src/ros2_iris_driver/ros2_iris_driver/lib/boost/lib/libboost_math_tr1l.so
[0.363s] -- Library boost_math_tr1f found /home/artificial/bags_ws/src/ros2_iris_driver/ros2_iris_driver/lib/boost/lib/libboost_math_tr1f.so
[0.363s] -- Found: /home/artificial/bags_ws/src/ros2_iris_driver/ros2_iris_driver/lib/boost/lib/libboost_math_tr1f.so
[0.363s] -- Library boost_math_tr1 found /home/artificial/bags_ws/src/ros2_iris_driver/ros2_iris_driver/lib/boost/lib/libboost_math_tr1.so
[0.363s] -- Found: /home/artificial/bags_ws/src/ros2_iris_driver/ros2_iris_driver/lib/boost/lib/libboost_math_tr1.so
[0.363s] -- Library boost_math_c99l found /home/artificial/bags_ws/src/ros2_iris_driver/ros2_iris_driver/lib/boost/lib/libboost_math_c99l.so
[0.363s] -- Found: /home/artificial/bags_ws/src/ros2_iris_driver/ros2_iris_driver/lib/boost/lib/libboost_math_c99l.so
[0.363s] -- Library boost_math_c99f found /home/artificial/bags_ws/src/ros2_iris_driver/ros2_iris_driver/lib/boost/lib/libboost_math_c99f.so
[0.363s] -- Found: /home/artificial/bags_ws/src/ros2_iris_driver/ros2_iris_driver/lib/boost/lib/libboost_math_c99f.so
[0.363s] -- Library boost_math_c99 found /home/artificial/bags_ws/src/ros2_iris_driver/ros2_iris_driver/lib/boost/lib/libboost_math_c99.so
[0.363s] -- Found: /home/artificial/bags_ws/src/ros2_iris_driver/ros2_iris_driver/lib/boost/lib/libboost_math_c99.so
[0.363s] -- Library boost_log found /home/artificial/bags_ws/src/ros2_iris_driver/ros2_iris_driver/lib/boost/lib/libboost_log.so
[0.364s] -- Found: /home/artificial/bags_ws/src/ros2_iris_driver/ros2_iris_driver/lib/boost/lib/libboost_log.so
[0.364s] -- Library boost_log_setup found /home/artificial/bags_ws/src/ros2_iris_driver/ros2_iris_driver/lib/boost/lib/libboost_log_setup.so
[0.364s] -- Found: /home/artificial/bags_ws/src/ros2_iris_driver/ros2_iris_driver/lib/boost/lib/libboost_log_setup.so
[0.364s] -- Library boost_locale found /home/artificial/bags_ws/src/ros2_iris_driver/ros2_iris_driver/lib/boost/lib/libboost_locale.so
[0.364s] -- Found: /home/artificial/bags_ws/src/ros2_iris_driver/ros2_iris_driver/lib/boost/lib/libboost_locale.so
[0.364s] -- Library boost_iostreams found /home/artificial/bags_ws/src/ros2_iris_driver/ros2_iris_driver/lib/boost/lib/libboost_iostreams.so
[0.364s] -- Found: /home/artificial/bags_ws/src/ros2_iris_driver/ros2_iris_driver/lib/boost/lib/libboost_iostreams.so
[0.364s] -- Library boost_context found /home/artificial/bags_ws/src/ros2_iris_driver/ros2_iris_driver/lib/boost/lib/libboost_context.so
[0.364s] -- Found: /home/artificial/bags_ws/src/ros2_iris_driver/ros2_iris_driver/lib/boost/lib/libboost_context.so
[0.364s] -- Library boost_fiber found /home/artificial/bags_ws/src/ros2_iris_driver/ros2_iris_driver/lib/boost/lib/libboost_fiber.so
[0.364s] -- Found: /home/artificial/bags_ws/src/ros2_iris_driver/ros2_iris_driver/lib/boost/lib/libboost_fiber.so
[0.364s] -- Library boost_coroutine found /home/artificial/bags_ws/src/ros2_iris_driver/ros2_iris_driver/lib/boost/lib/libboost_coroutine.so
[0.364s] -- Found: /home/artificial/bags_ws/src/ros2_iris_driver/ros2_iris_driver/lib/boost/lib/libboost_coroutine.so
[0.365s] -- Dependency lum_common_casts already found
[0.365s] -- Dependency lum_common_exceptions already found
[0.366s] -- Conan: Using autogenerated Findlum_common_types_internal.cmake
[0.366s] -- Found lum_common_types_internal: 1.0.0 (found version "1.0.0") 
[0.367s] -- Conan: Using autogenerated Findlum_common_types_point.cmake
[0.367s] -- Found lum_common_types_point: 1.0.0 (found version "1.0.0") 
[0.367s] -- Dependency lum_common_casts already found
[0.368s] -- Conan: Using autogenerated Findlum_common_types_pointcloud.cmake
[0.368s] -- Found lum_common_types_pointcloud: 1.0.0 (found version "1.0.0") 
[0.368s] -- Dependency lum_common_exceptions already found
[0.368s] -- Dependency lum_common_types already found
[0.369s] -- Conan: Using autogenerated Findlum_common_geometry_types.cmake
[0.369s] -- Found lum_common_geometry_types: 1.0.0 (found version "1.0.0") 
[0.369s] -- Dependency lum_common_types_pointcloud already found
[0.370s] -- Conan: Using autogenerated Findlum_common_types_classification.cmake
[0.370s] -- Found lum_common_types_classification: 1.0.0 (found version "1.0.0") 
[0.370s] -- Dependency lum_common_types already found
[0.370s] -- Dependency lum_common_log already found
[0.371s] -- Conan: Using autogenerated Findlum_platform_networking.cmake
[0.371s] -- Found lum_platform_networking: 1.0.0 (found version "1.0.0") 
[0.371s] -- Library lum_platform_networking found /home/artificial/bags_ws/src/ros2_iris_driver/ros2_iris_driver/lib/lum_platform_networking/lib/liblum_platform_networking.a
[0.371s] -- Found: /home/artificial/bags_ws/src/ros2_iris_driver/ros2_iris_driver/lib/lum_platform_networking/lib/liblum_platform_networking.a
[0.371s] -- Dependency lum_common_casts already found
[0.371s] -- Dependency lum_common_log already found
[0.372s] -- Conan: Using autogenerated Findlum_platform_networking_types.cmake
[0.372s] -- Found lum_platform_networking_types: 1.0.0 (found version "1.0.0") 
[0.372s] -- Dependency Microsoft.GSL already found
[0.373s] -- Conan: Using autogenerated Findlibpcap.cmake
[0.373s] -- Found libpcap: 1.10.1 (found version "1.10.1") 
[0.373s] -- Library pcap found /home/artificial/bags_ws/src/ros2_iris_driver/ros2_iris_driver/lib/libpcap/lib/libpcap.a
[0.373s] -- Found: /home/artificial/bags_ws/src/ros2_iris_driver/ros2_iris_driver/lib/libpcap/lib/libpcap.a
[0.374s] -- Dependency lum_platform_networking already found
[0.374s] -- Dependency lum_platform_networking_types already found
[0.374s] -- Conan: Using autogenerated Findlum_drivers_lidar_iris_data_preprocessor_a.cmake
[0.374s] -- Found lum_drivers_lidar_iris_data_preprocessor_a: 1.0.0 (found version "1.0.0") 
[0.375s] -- Library lum_drivers_lidar_iris_data_preprocessor_a found /home/artificial/bags_ws/src/ros2_iris_driver/ros2_iris_driver/lib/lum_drivers_lidar_iris_data_preprocessor_a/lib/liblum_drivers_lidar_iris_data_preprocessor_a.so
[0.375s] -- Found: /home/artificial/bags_ws/src/ros2_iris_driver/ros2_iris_driver/lib/lum_drivers_lidar_iris_data_preprocessor_a/lib/liblum_drivers_lidar_iris_data_preprocessor_a.so
[0.376s] -- Conan: Using autogenerated Findlum_drivers_lidar_iris_internal_types.cmake
[0.376s] -- Found lum_drivers_lidar_iris_internal_types: 1.0.0 (found version "1.0.0") 
[0.376s] -- Dependency lum_common_memory already found
[0.376s] -- Dependency lum_common_types already found
[0.377s] -- Conan: Using autogenerated Findlum_common_math.cmake
[0.377s] -- Found lum_common_math: 1.0.0 (found version "1.0.0") 
[0.377s] -- Dependency lum_common_log already found
[0.377s] -- Dependency lum_common_types already found
[0.377s] -- Dependency lum_common_types_internal already found
[0.377s] -- Dependency lum_common_types_observable already found
[0.377s] -- Dependency lum_common_types_pointcloud already found
[0.377s] -- Dependency lum_drivers_data_client_types already found
[0.378s] -- Conan: Using autogenerated Findlum_drivers_lidar_iris_types.cmake
[0.378s] -- Found lum_drivers_lidar_iris_types: 1.0.0 (found version "1.0.0") 
[0.378s] -- Dependency lum_common_types_pointcloud already found
[0.379s] -- Conan: Using autogenerated Findlum_drivers_lidar_legacy_types.cmake
[0.379s] -- Found lum_drivers_lidar_legacy_types: 1.0.0 (found version "1.0.0") 
[0.379s] -- Dependency lum_common_types_point already found
[0.379s] -- Dependency lum_common_types_pointcloud already found
[0.379s] -- Dependency lum_drivers_lidar_legacy_types already found
[0.379s] -- Dependency lum_drivers_lidar_iris_types already found
[0.380s] -- Conan: Using autogenerated Findlum_drivers_lidar_iris_data_preprocessor.cmake
[0.380s] -- Found lum_drivers_lidar_iris_data_preprocessor: 1.0.0 (found version "1.0.0") 
[0.380s] -- Library lum_drivers_lidar_iris_data_preprocessor found /home/artificial/bags_ws/src/ros2_iris_driver/ros2_iris_driver/lib/lum_drivers_lidar_iris_data_preprocessor/lib/liblum_drivers_lidar_iris_data_preprocessor.a
[0.380s] -- Found: /home/artificial/bags_ws/src/ros2_iris_driver/ros2_iris_driver/lib/lum_drivers_lidar_iris_data_preprocessor/lib/liblum_drivers_lidar_iris_data_preprocessor.a
[0.380s] -- Dependency lum_drivers_lidar_iris_internal_types already found
[0.380s] -- Dependency lum_drivers_lidar_iris_types already found
[0.380s] -- Dependency lum_common_log already found
[0.381s] -- Conan: Using autogenerated Findlum_common_pointcloud_conversion.cmake
[0.381s] -- Found lum_common_pointcloud_conversion: 1.0.0 (found version "1.0.0") 
[0.381s] -- Library lum_common_pointcloud_conversion found /home/artificial/bags_ws/src/ros2_iris_driver/ros2_iris_driver/lib/lum_common_pointcloud_conversion/lib/liblum_common_pointcloud_conversion.a
[0.381s] -- Found: /home/artificial/bags_ws/src/ros2_iris_driver/ros2_iris_driver/lib/lum_common_pointcloud_conversion/lib/liblum_common_pointcloud_conversion.a
[0.382s] -- Dependency lum_common_types_pointcloud already found
[0.382s] -- Conan: Using autogenerated Findlum_semantic_segmentation_types.cmake
[0.382s] -- Found lum_semantic_segmentation_types: 1.0.0 (found version "1.0.0") 
[0.383s] -- Dependency lum_common_types_classification already found
[0.383s] -- Dependency lum_common_types already found
[0.383s] -- Dependency lum_common_types_pointcloud already found
[0.383s] -- Conan: Using autogenerated Findlum_semantic_segmentation_internal_types.cmake
[0.383s] -- Found lum_semantic_segmentation_internal_types: 1.0.0 (found version "1.0.0") 
[0.384s] -- Dependency lum_common_types_classification already found
[0.384s] -- Dependency lum_common_types_point already found
[0.384s] -- Dependency lum_common_types_pointcloud already found
[0.384s] -- Dependency lum_semantic_segmentation_types already found
[0.384s] -- Dependency lum_drivers_lidar_iris_internal_types already found
[0.384s] -- Dependency lum_drivers_lidar_legacy_types already found
[0.384s] -- Dependency lum_common_log already found
[0.384s] -- Dependency lum_common_types already found
[0.384s] -- Dependency lum_common_types_observable already found
[0.385s] -- Conan: Using autogenerated Findlum_drivers_lidar_calibration.cmake
[0.385s] -- Found lum_drivers_lidar_calibration: 1.0.0 (found version "1.0.0") 
[0.385s] -- Dependency lum_common_math already found
[0.386s] -- Conan: Using autogenerated Findlum_drivers_lidar_iris_frame_aggregator.cmake
[0.386s] -- Found lum_drivers_lidar_iris_frame_aggregator: 1.0.0 (found version "1.0.0") 
[0.386s] -- Library lum_drivers_lidar_iris_frame_aggregator found /home/artificial/bags_ws/src/ros2_iris_driver/ros2_iris_driver/lib/lum_drivers_lidar_iris_frame_aggregator/lib/liblum_drivers_lidar_iris_frame_aggregator.a
[0.386s] -- Found: /home/artificial/bags_ws/src/ros2_iris_driver/ros2_iris_driver/lib/lum_drivers_lidar_iris_frame_aggregator/lib/liblum_drivers_lidar_iris_frame_aggregator.a
[0.386s] -- Dependency lum_drivers_lidar_calibration already found
[0.386s] -- Dependency lum_drivers_lidar_iris_internal_types already found
[0.386s] -- Dependency lum_common_log already found
[0.386s] -- Dependency lum_common_types_observable already found
[0.387s] -- Conan: Using autogenerated Findlum_drivers_lidar_iris_frame_boundary_detector.cmake
[0.387s] -- Found lum_drivers_lidar_iris_frame_boundary_detector: 1.0.0 (found version "1.0.0") 
[0.387s] -- Library lum_drivers_lidar_iris_frame_boundary_detector found /home/artificial/bags_ws/src/ros2_iris_driver/ros2_iris_driver/lib/lum_drivers_lidar_iris_frame_boundary_detector/lib/liblum_drivers_lidar_iris_frame_boundary_detector.a
[0.387s] -- Found: /home/artificial/bags_ws/src/ros2_iris_driver/ros2_iris_driver/lib/lum_drivers_lidar_iris_frame_boundary_detector/lib/liblum_drivers_lidar_iris_frame_boundary_detector.a
[0.387s] -- Dependency lum_drivers_lidar_iris_internal_types already found
[0.387s] -- Dependency lum_drivers_lidar_iris_types already found
[0.388s] -- Conan: Using autogenerated Findlum_drivers_lidar_point_cloud_filter.cmake
[0.388s] -- Found lum_drivers_lidar_point_cloud_filter: 1.0.0 (found version "1.0.0") 
[0.388s] -- Dependency lum_common_types_internal already found
[0.389s] -- Dependency lum_common_types_pointcloud already found
[0.389s] -- Dependency lum_drivers_lidar_calibration already found
[0.389s] -- Conan: Using autogenerated Findlum_drivers_lidar_iris_scanline_processor_a.cmake
[0.389s] -- Found lum_drivers_lidar_iris_scanline_processor_a: 1.0.0 (found version "1.0.0") 
[0.390s] -- Library lum_drivers_lidar_iris_scanline_processor_a found /home/artificial/bags_ws/src/ros2_iris_driver/ros2_iris_driver/lib/lum_drivers_lidar_iris_scanline_processor_a/lib/liblum_drivers_lidar_iris_scanline_processor_a.a
[0.390s] -- Found: /home/artificial/bags_ws/src/ros2_iris_driver/ros2_iris_driver/lib/lum_drivers_lidar_iris_scanline_processor_a/lib/liblum_drivers_lidar_iris_scanline_processor_a.a
[0.390s] -- Dependency lum_common_log already found
[0.390s] -- Dependency lum_common_math already found
[0.390s] -- Dependency lum_common_types already found
[0.390s] -- Dependency lum_drivers_lidar_iris_internal_types already found
[0.391s] -- Conan: Using autogenerated Findlum_drivers_lidar_iris_packet_parser_a.cmake
[0.391s] -- Found lum_drivers_lidar_iris_packet_parser_a: 1.0.0 (found version "1.0.0") 
[0.391s] -- Library lum_drivers_lidar_iris_packet_parser_a found /home/artificial/bags_ws/src/ros2_iris_driver/ros2_iris_driver/lib/lum_drivers_lidar_iris_packet_parser_a/lib/liblum_drivers_lidar_iris_packet_parser_a.a
[0.391s] -- Found: /home/artificial/bags_ws/src/ros2_iris_driver/ros2_iris_driver/lib/lum_drivers_lidar_iris_packet_parser_a/lib/liblum_drivers_lidar_iris_packet_parser_a.a
[0.391s] -- Dependency lum_common_log already found
[0.391s] -- Dependency lum_common_casts already found
[0.391s] -- Dependency lum_common_types already found
[0.392s] -- Conan: Using autogenerated Findlum_common_utils.cmake
[0.392s] -- Found lum_common_utils: 1.0.0 (found version "1.0.0") 
[0.392s] -- Library lum_common_utils found /home/artificial/bags_ws/src/ros2_iris_driver/ros2_iris_driver/lib/lum_common_utils/lib/liblum_common_utils.a
[0.392s] -- Found: /home/artificial/bags_ws/src/ros2_iris_driver/ros2_iris_driver/lib/lum_common_utils/lib/liblum_common_utils.a
[0.392s] -- Dependency lum_common_log already found
[0.392s] -- Dependency lum_common_geometry_types already found
[0.392s] -- Dependency lum_common_math already found
[0.392s] -- Dependency lum_common_types already found
[0.392s] -- Dependency lum_common_types_classification already found
[0.392s] -- Dependency lum_common_types_pointcloud already found
[0.392s] -- Dependency lum_drivers_lidar_iris_internal_types already found
[0.393s] -- Conan: Using autogenerated Findlum_drivers_lidar_iris_serialization.cmake
[0.393s] -- Found lum_drivers_lidar_iris_serialization: 1.0.0 (found version "1.0.0") 
[0.393s] -- Library lum_drivers_lidar_iris_serialization found /home/artificial/bags_ws/src/ros2_iris_driver/ros2_iris_driver/lib/lum_drivers_lidar_iris_serialization/lib/liblum_drivers_lidar_iris_serialization.a
[0.393s] -- Found: /home/artificial/bags_ws/src/ros2_iris_driver/ros2_iris_driver/lib/lum_drivers_lidar_iris_serialization/lib/liblum_drivers_lidar_iris_serialization.a
[0.393s] -- Dependency lum_common_log already found
[0.393s] -- Dependency lum_common_casts already found
[0.393s] -- Dependency lum_common_types already found
[0.393s] -- Dependency lum_common_types_internal already found
[0.393s] -- Dependency lum_drivers_lidar_iris_internal_types already found
[0.394s] -- Dependency lum_platform_networking already found
[0.394s] -- Conan: Using autogenerated Findlum_drivers_lidar_iris_line_aggregator.cmake
[0.394s] -- Found lum_drivers_lidar_iris_line_aggregator: 1.0.0 (found version "1.0.0") 
[0.395s] -- Library lum_drivers_lidar_iris_line_aggregator found /home/artificial/bags_ws/src/ros2_iris_driver/ros2_iris_driver/lib/lum_drivers_lidar_iris_line_aggregator/lib/liblum_drivers_lidar_iris_line_aggregator.a
[0.395s] -- Found: /home/artificial/bags_ws/src/ros2_iris_driver/ros2_iris_driver/lib/lum_drivers_lidar_iris_line_aggregator/lib/liblum_drivers_lidar_iris_line_aggregator.a
[0.395s] -- Dependency lum_drivers_lidar_iris_internal_types already found
[0.395s] -- Dependency lum_drivers_lidar_iris_types already found
[0.395s] -- Dependency lum_common_log already found
[0.395s] -- Dependency lum_common_types already found
[0.395s] -- Dependency lum_common_types_observable already found
[0.396s] -- Conan: Using autogenerated Findlum_drivers_lidar_iris_line_generator_a.cmake
[0.396s] -- Found lum_drivers_lidar_iris_line_generator_a: 1.0.0 (found version "1.0.0") 
[0.396s] -- Library lum_drivers_lidar_iris_line_generator_a found /home/artificial/bags_ws/src/ros2_iris_driver/ros2_iris_driver/lib/lum_drivers_lidar_iris_line_generator_a/lib/liblum_drivers_lidar_iris_line_generator_a.a
[0.396s] -- Found: /home/artificial/bags_ws/src/ros2_iris_driver/ros2_iris_driver/lib/lum_drivers_lidar_iris_line_generator_a/lib/liblum_drivers_lidar_iris_line_generator_a.a
[0.397s] -- Dependency lum_common_types_observable already found
[0.397s] -- Dependency lum_common_types_pointcloud already found
[0.397s] -- Dependency lum_drivers_lidar_iris_internal_types already found
[0.397s] -- Dependency lum_common_log already found
[0.397s] -- Dependency lum_common_math already found
[0.397s] -- Dependency lum_common_types already found
[0.397s] -- Dependency lum_drivers_lidar_iris_frame_boundary_detector already found
[0.397s] -- Dependency lum_drivers_lidar_iris_types already found
[0.397s] -- Conan: Using autogenerated Findlum_platform_interface.cmake
[0.398s] -- Found lum_platform_interface: 1.0.0 (found version "1.0.0") 
[0.398s] -- Library lum_platform_interface found /home/artificial/bags_ws/src/ros2_iris_driver/ros2_iris_driver/lib/lum_platform_interface/lib/liblum_platform_interface.a
[0.398s] -- Found: /home/artificial/bags_ws/src/ros2_iris_driver/ros2_iris_driver/lib/lum_platform_interface/lib/liblum_platform_interface.a
[0.398s] -- Dependency lum_common_log already found
[0.398s] -- Dependency lum_platform_networking already found
[0.398s] -- Dependency lum_platform_networking_types already found
[0.399s] -- Conan: Using autogenerated Findlum_common_ros_2_com_pointcloud_codecs.cmake
[0.399s] -- Found lum_common_ros_2_com_pointcloud_codecs: 1.0.0 (found version "1.0.0") 
[0.400s] -- Conan: Using autogenerated Findlum_common_ros_2_com_pointcloud.cmake
[0.400s] -- Found lum_common_ros_2_com_pointcloud: 1.0.0 (found version "1.0.0") 
[0.400s] -- Dependency lum_common_exceptions already found
[0.400s] -- Dependency lum_common_log already found
[0.400s] -- Dependency lum_common_types_pointcloud already found
[0.403s] -- Found sensor_msgs: 4.2.4 (/opt/ros/humble/share/sensor_msgs/cmake)
[0.443s] -- Found rosidl_generator_c: 3.1.5 (/opt/ros/humble/share/rosidl_generator_c/cmake)
[0.449s] -- Found rosidl_adapter: 3.1.5 (/opt/ros/humble/share/rosidl_adapter/cmake)
[0.457s] -- Found rosidl_generator_cpp: 3.1.5 (/opt/ros/humble/share/rosidl_generator_cpp/cmake)
[0.470s] -- Using all available rosidl_typesupport_c: rosidl_typesupport_fastrtps_c;rosidl_typesupport_introspection_c
[0.488s] -- Using all available rosidl_typesupport_cpp: rosidl_typesupport_fastrtps_cpp;rosidl_typesupport_introspection_cpp
[0.629s] -- Dependency lum_common_types_pointcloud already found
[0.630s] -- Conan: Using autogenerated Findlum_drivers_lidar_iris_codecs.cmake
[0.630s] -- Found lum_drivers_lidar_iris_codecs: 1.0.0 (found version "1.0.0") 
[0.630s] -- Dependency lum_common_types_pointcloud already found
[0.630s] -- Dependency lum_drivers_lidar_iris_types already found
[0.631s] -- Conan: Using autogenerated Findlum_drivers_lidar_iris_control_interface.cmake
[0.631s] -- Found lum_drivers_lidar_iris_control_interface: 1.0.0 (found version "1.0.0") 
[0.631s] -- Library lum_drivers_lidar_iris_control_interface found /home/artificial/bags_ws/src/ros2_iris_driver/ros2_iris_driver/lib/lum_drivers_lidar_iris_control_interface/lib/liblum_drivers_lidar_iris_control_interface.so
[0.631s] -- Found: /home/artificial/bags_ws/src/ros2_iris_driver/ros2_iris_driver/lib/lum_drivers_lidar_iris_control_interface/lib/liblum_drivers_lidar_iris_control_interface.so
[0.631s] -- Dependency lum_common_log already found
[0.631s] -- Dependency lum_common_types_observable already found
[0.631s] -- Dependency lum_drivers_lidar_iris_internal_types already found
[0.631s] -- Dependency lum_common_types_internal already found
[0.631s] -- Dependency lum_drivers_lidar_iris_serialization already found
[0.631s] -- Dependency lum_platform_networking_types already found
[0.632s] -- Conan: Using autogenerated Findlum_drivers_lidar_iris_vsomeip.cmake
[0.632s] -- Found lum_drivers_lidar_iris_vsomeip: 1.0.0 (found version "1.0.0") 
[0.632s] -- Library lum_drivers_lidar_iris_vsomeip found /home/artificial/bags_ws/src/ros2_iris_driver/ros2_iris_driver/lib/lum_drivers_lidar_iris_vsomeip/lib/liblum_drivers_lidar_iris_vsomeip.a
[0.632s] -- Found: /home/artificial/bags_ws/src/ros2_iris_driver/ros2_iris_driver/lib/lum_drivers_lidar_iris_vsomeip/lib/liblum_drivers_lidar_iris_vsomeip.a
[0.632s] -- Dependency lum_common_log already found
[0.632s] -- Dependency lum_common_types already found
[0.632s] -- Dependency lum_platform_networking_types already found
[0.633s] -- Conan: Using autogenerated Findvsomeip.cmake
[0.633s] -- Found vsomeip: 3.1.20.3 (found version "3.1.20.3") 
[0.633s] -- Library vsomeip found /home/artificial/bags_ws/src/ros2_iris_driver/ros2_iris_driver/lib/vsomeip/lib/libvsomeip.so
[0.633s] -- Found: /home/artificial/bags_ws/src/ros2_iris_driver/ros2_iris_driver/lib/vsomeip/lib/libvsomeip.so
[0.633s] -- Library vsomeip3 found /home/artificial/bags_ws/src/ros2_iris_driver/ros2_iris_driver/lib/vsomeip/lib/libvsomeip3.so
[0.633s] -- Found: /home/artificial/bags_ws/src/ros2_iris_driver/ros2_iris_driver/lib/vsomeip/lib/libvsomeip3.so
[0.633s] -- Library vsomeip3-cfg found /home/artificial/bags_ws/src/ros2_iris_driver/ros2_iris_driver/lib/vsomeip/lib/libvsomeip3-cfg.so
[0.633s] -- Found: /home/artificial/bags_ws/src/ros2_iris_driver/ros2_iris_driver/lib/vsomeip/lib/libvsomeip3-cfg.so
[0.633s] -- Library vsomeip3-e2e found /home/artificial/bags_ws/src/ros2_iris_driver/ros2_iris_driver/lib/vsomeip/lib/libvsomeip3-e2e.so
[0.633s] -- Found: /home/artificial/bags_ws/src/ros2_iris_driver/ros2_iris_driver/lib/vsomeip/lib/libvsomeip3-e2e.so
[0.633s] -- Library vsomeip3-sd found /home/artificial/bags_ws/src/ros2_iris_driver/ros2_iris_driver/lib/vsomeip/lib/libvsomeip3-sd.so
[0.633s] -- Found: /home/artificial/bags_ws/src/ros2_iris_driver/ros2_iris_driver/lib/vsomeip/lib/libvsomeip3-sd.so
[0.633s] -- Dependency Boost already found
[0.634s] -- Conan: Using autogenerated Findlum_platform_signal.cmake
[0.634s] -- Found lum_platform_signal: 1.0.0 (found version "1.0.0") 
[0.634s] -- Library lum_platform_signal found /home/artificial/bags_ws/src/ros2_iris_driver/ros2_iris_driver/lib/lum_platform_signal/lib/liblum_platform_signal.a
[0.634s] -- Found: /home/artificial/bags_ws/src/ros2_iris_driver/ros2_iris_driver/lib/lum_platform_signal/lib/liblum_platform_signal.a
[0.635s] -- Dependency lum_common_types_observable already found
[0.640s] -- Found rclcpp: 16.0.9 (/opt/ros/humble/share/rclcpp/cmake)
[0.698s] -- Found rmw_implementation_cmake: 6.1.2 (/opt/ros/humble/share/rmw_implementation_cmake/cmake)
[0.702s] -- Found rmw_fastrtps_cpp: 6.2.6 (/opt/ros/humble/share/rmw_fastrtps_cpp/cmake)
[0.773s] -- Found OpenSSL: /usr/lib/x86_64-linux-gnu/libcrypto.so (found version "3.0.2")  
[0.788s] -- Found FastRTPS: /opt/ros/humble/include  
[0.808s] -- Using RMW implementation 'rmw_fastrtps_cpp' as default
[0.820s] -- Looking for pthread.h
[0.864s] -- Looking for pthread.h - found
[0.864s] -- Performing Test CMAKE_HAVE_LIBC_PTHREAD
[0.910s] -- Performing Test CMAKE_HAVE_LIBC_PTHREAD - Success
[0.911s] -- Found Threads: TRUE  
[1.003s] -- Found luminar_iris_msgs: 0.0.0 (/home/artificial/bags_ws/install/luminar_iris_msgs/share/luminar_iris_msgs/cmake)
[1.052s] -- Checking for module 'eigen3'
[1.062s] --   Found eigen3, version 3.4.0
[1.081s] -- Found Eigen: /usr/include/eigen3 (Required is at least version "3.1") 
[1.081s] -- Eigen found (include: /usr/include/eigen3, version: 3.4.0)
[1.083s] -- Conan: Using autogenerated FindBoost.cmake
[1.083s] -- Found Boost: 1.71.0 (found suitable version "1.71.0", minimum required is "1.65.0") 
[1.083s] -- Conan: Component 'system' found in package 'Boost'
[1.083s] -- Conan: Component 'filesystem' found in package 'Boost'
[1.083s] -- Conan: Component 'date_time' found in package 'Boost'
[1.083s] -- Conan: Component 'iostreams' found in package 'Boost'
[1.083s] -- Conan: Component 'serialization' found in package 'Boost'
[1.083s] -- Library boost_coroutine found /home/artificial/bags_ws/src/ros2_iris_driver/ros2_iris_driver/lib/boost/lib/libboost_coroutine.so
[1.083s] -- Skipping already existing target: CONAN_LIB::Boost_boost_coroutine
[1.083s] -- Found: /home/artificial/bags_ws/src/ros2_iris_driver/ros2_iris_driver/lib/boost/lib/libboost_coroutine.so
[1.083s] -- Library boost_fiber found /home/artificial/bags_ws/src/ros2_iris_driver/ros2_iris_driver/lib/boost/lib/libboost_fiber.so
[1.083s] -- Skipping already existing target: CONAN_LIB::Boost_boost_fiber
[1.083s] -- Found: /home/artificial/bags_ws/src/ros2_iris_driver/ros2_iris_driver/lib/boost/lib/libboost_fiber.so
[1.083s] -- Library boost_context found /home/artificial/bags_ws/src/ros2_iris_driver/ros2_iris_driver/lib/boost/lib/libboost_context.so
[1.084s] -- Skipping already existing target: CONAN_LIB::Boost_boost_context
[1.084s] -- Found: /home/artificial/bags_ws/src/ros2_iris_driver/ros2_iris_driver/lib/boost/lib/libboost_context.so
[1.084s] -- Library boost_iostreams found /home/artificial/bags_ws/src/ros2_iris_driver/ros2_iris_driver/lib/boost/lib/libboost_iostreams.so
[1.084s] -- Skipping already existing target: CONAN_LIB::Boost_boost_iostreams
[1.084s] -- Found: /home/artificial/bags_ws/src/ros2_iris_driver/ros2_iris_driver/lib/boost/lib/libboost_iostreams.so
[1.084s] -- Library boost_locale found /home/artificial/bags_ws/src/ros2_iris_driver/ros2_iris_driver/lib/boost/lib/libboost_locale.so
[1.084s] -- Skipping already existing target: CONAN_LIB::Boost_boost_locale
[1.084s] -- Found: /home/artificial/bags_ws/src/ros2_iris_driver/ros2_iris_driver/lib/boost/lib/libboost_locale.so
[1.084s] -- Library boost_log_setup found /home/artificial/bags_ws/src/ros2_iris_driver/ros2_iris_driver/lib/boost/lib/libboost_log_setup.so
[1.084s] -- Skipping already existing target: CONAN_LIB::Boost_boost_log_setup
[1.084s] -- Found: /home/artificial/bags_ws/src/ros2_iris_driver/ros2_iris_driver/lib/boost/lib/libboost_log_setup.so
[1.084s] -- Library boost_log found /home/artificial/bags_ws/src/ros2_iris_driver/ros2_iris_driver/lib/boost/lib/libboost_log.so
[1.084s] -- Skipping already existing target: CONAN_LIB::Boost_boost_log
[1.084s] -- Found: /home/artificial/bags_ws/src/ros2_iris_driver/ros2_iris_driver/lib/boost/lib/libboost_log.so
[1.084s] -- Library boost_math_c99 found /home/artificial/bags_ws/src/ros2_iris_driver/ros2_iris_driver/lib/boost/lib/libboost_math_c99.so
[1.084s] -- Skipping already existing target: CONAN_LIB::Boost_boost_math_c99
[1.084s] -- Found: /home/artificial/bags_ws/src/ros2_iris_driver/ros2_iris_driver/lib/boost/lib/libboost_math_c99.so
[1.084s] -- Library boost_math_c99f found /home/artificial/bags_ws/src/ros2_iris_driver/ros2_iris_driver/lib/boost/lib/libboost_math_c99f.so
[1.084s] -- Skipping already existing target: CONAN_LIB::Boost_boost_math_c99f
[1.084s] -- Found: /home/artificial/bags_ws/src/ros2_iris_driver/ros2_iris_driver/lib/boost/lib/libboost_math_c99f.so
[1.084s] -- Library boost_math_c99l found /home/artificial/bags_ws/src/ros2_iris_driver/ros2_iris_driver/lib/boost/lib/libboost_math_c99l.so
[1.084s] -- Skipping already existing target: CONAN_LIB::Boost_boost_math_c99l
[1.084s] -- Found: /home/artificial/bags_ws/src/ros2_iris_driver/ros2_iris_driver/lib/boost/lib/libboost_math_c99l.so
[1.084s] -- Library boost_math_tr1 found /home/artificial/bags_ws/src/ros2_iris_driver/ros2_iris_driver/lib/boost/lib/libboost_math_tr1.so
[1.084s] -- Skipping already existing target: CONAN_LIB::Boost_boost_math_tr1
[1.084s] -- Found: /home/artificial/bags_ws/src/ros2_iris_driver/ros2_iris_driver/lib/boost/lib/libboost_math_tr1.so
[1.084s] -- Library boost_math_tr1f found /home/artificial/bags_ws/src/ros2_iris_driver/ros2_iris_driver/lib/boost/lib/libboost_math_tr1f.so
[1.084s] -- Skipping already existing target: CONAN_LIB::Boost_boost_math_tr1f
[1.084s] -- Found: /home/artificial/bags_ws/src/ros2_iris_driver/ros2_iris_driver/lib/boost/lib/libboost_math_tr1f.so
[1.085s] -- Library boost_math_tr1l found /home/artificial/bags_ws/src/ros2_iris_driver/ros2_iris_driver/lib/boost/lib/libboost_math_tr1l.so
[1.085s] -- Skipping already existing target: CONAN_LIB::Boost_boost_math_tr1l
[1.085s] -- Found: /home/artificial/bags_ws/src/ros2_iris_driver/ros2_iris_driver/lib/boost/lib/libboost_math_tr1l.so
[1.085s] -- Library boost_program_options found /home/artificial/bags_ws/src/ros2_iris_driver/ros2_iris_driver/lib/boost/lib/libboost_program_options.so
[1.085s] -- Skipping already existing target: CONAN_LIB::Boost_boost_program_options
[1.085s] -- Found: /home/artificial/bags_ws/src/ros2_iris_driver/ros2_iris_driver/lib/boost/lib/libboost_program_options.so
[1.085s] -- Library boost_random found /home/artificial/bags_ws/src/ros2_iris_driver/ros2_iris_driver/lib/boost/lib/libboost_random.so
[1.085s] -- Skipping already existing target: CONAN_LIB::Boost_boost_random
[1.085s] -- Found: /home/artificial/bags_ws/src/ros2_iris_driver/ros2_iris_driver/lib/boost/lib/libboost_random.so
[1.085s] -- Library boost_regex found /home/artificial/bags_ws/src/ros2_iris_driver/ros2_iris_driver/lib/boost/lib/libboost_regex.so
[1.085s] -- Skipping already existing target: CONAN_LIB::Boost_boost_regex
[1.085s] -- Found: /home/artificial/bags_ws/src/ros2_iris_driver/ros2_iris_driver/lib/boost/lib/libboost_regex.so
[1.085s] -- Library boost_stacktrace_addr2line found /home/artificial/bags_ws/src/ros2_iris_driver/ros2_iris_driver/lib/boost/lib/libboost_stacktrace_addr2line.so
[1.085s] -- Skipping already existing target: CONAN_LIB::Boost_boost_stacktrace_addr2line
[1.085s] -- Found: /home/artificial/bags_ws/src/ros2_iris_driver/ros2_iris_driver/lib/boost/lib/libboost_stacktrace_addr2line.so
[1.085s] -- Library boost_stacktrace_backtrace found /home/artificial/bags_ws/src/ros2_iris_driver/ros2_iris_driver/lib/boost/lib/libboost_stacktrace_backtrace.so
[1.085s] -- Skipping already existing target: CONAN_LIB::Boost_boost_stacktrace_backtrace
[1.085s] -- Found: /home/artificial/bags_ws/src/ros2_iris_driver/ros2_iris_driver/lib/boost/lib/libboost_stacktrace_backtrace.so
[1.085s] -- Library boost_stacktrace_basic found /home/artificial/bags_ws/src/ros2_iris_driver/ros2_iris_driver/lib/boost/lib/libboost_stacktrace_basic.so
[1.085s] -- Skipping already existing target: CONAN_LIB::Boost_boost_stacktrace_basic
[1.085s] -- Found: /home/artificial/bags_ws/src/ros2_iris_driver/ros2_iris_driver/lib/boost/lib/libboost_stacktrace_basic.so
[1.085s] -- Library boost_stacktrace_noop found /home/artificial/bags_ws/src/ros2_iris_driver/ros2_iris_driver/lib/boost/lib/libboost_stacktrace_noop.so
[1.085s] -- Skipping already existing target: CONAN_LIB::Boost_boost_stacktrace_noop
[1.085s] -- Found: /home/artificial/bags_ws/src/ros2_iris_driver/ros2_iris_driver/lib/boost/lib/libboost_stacktrace_noop.so
[1.085s] -- Library boost_timer found /home/artificial/bags_ws/src/ros2_iris_driver/ros2_iris_driver/lib/boost/lib/libboost_timer.so
[1.085s] -- Skipping already existing target: CONAN_LIB::Boost_boost_timer
[1.085s] -- Found: /home/artificial/bags_ws/src/ros2_iris_driver/ros2_iris_driver/lib/boost/lib/libboost_timer.so
[1.085s] -- Library boost_type_erasure found /home/artificial/bags_ws/src/ros2_iris_driver/ros2_iris_driver/lib/boost/lib/libboost_type_erasure.so
[1.085s] -- Skipping already existing target: CONAN_LIB::Boost_boost_type_erasure
[1.085s] -- Found: /home/artificial/bags_ws/src/ros2_iris_driver/ros2_iris_driver/lib/boost/lib/libboost_type_erasure.so
[1.085s] -- Library boost_thread found /home/artificial/bags_ws/src/ros2_iris_driver/ros2_iris_driver/lib/boost/lib/libboost_thread.so
[1.085s] -- Skipping already existing target: CONAN_LIB::Boost_boost_thread
[1.085s] -- Found: /home/artificial/bags_ws/src/ros2_iris_driver/ros2_iris_driver/lib/boost/lib/libboost_thread.so
[1.085s] -- Library boost_atomic found /home/artificial/bags_ws/src/ros2_iris_driver/ros2_iris_driver/lib/boost/lib/libboost_atomic.so
[1.085s] -- Skipping already existing target: CONAN_LIB::Boost_boost_atomic
[1.085s] -- Found: /home/artificial/bags_ws/src/ros2_iris_driver/ros2_iris_driver/lib/boost/lib/libboost_atomic.so
[1.085s] -- Library boost_chrono found /home/artificial/bags_ws/src/ros2_iris_driver/ros2_iris_driver/lib/boost/lib/libboost_chrono.so
[1.085s] -- Skipping already existing target: CONAN_LIB::Boost_boost_chrono
[1.085s] -- Found: /home/artificial/bags_ws/src/ros2_iris_driver/ros2_iris_driver/lib/boost/lib/libboost_chrono.so
[1.086s] -- Library boost_container found /home/artificial/bags_ws/src/ros2_iris_driver/ros2_iris_driver/lib/boost/lib/libboost_container.so
[1.086s] -- Skipping already existing target: CONAN_LIB::Boost_boost_container
[1.086s] -- Found: /home/artificial/bags_ws/src/ros2_iris_driver/ros2_iris_driver/lib/boost/lib/libboost_container.so
[1.086s] -- Library boost_date_time found /home/artificial/bags_ws/src/ros2_iris_driver/ros2_iris_driver/lib/boost/lib/libboost_date_time.so
[1.086s] -- Skipping already existing target: CONAN_LIB::Boost_boost_date_time
[1.086s] -- Found: /home/artificial/bags_ws/src/ros2_iris_driver/ros2_iris_driver/lib/boost/lib/libboost_date_time.so
[1.086s] -- Library boost_exception found /home/artificial/bags_ws/src/ros2_iris_driver/ros2_iris_driver/lib/boost/lib/libboost_exception.a
[1.086s] -- Skipping already existing target: CONAN_LIB::Boost_boost_exception
[1.086s] -- Found: /home/artificial/bags_ws/src/ros2_iris_driver/ros2_iris_driver/lib/boost/lib/libboost_exception.a
[1.086s] -- Library boost_wave found /home/artificial/bags_ws/src/ros2_iris_driver/ros2_iris_driver/lib/boost/lib/libboost_wave.so
[1.086s] -- Skipping already existing target: CONAN_LIB::Boost_boost_wave
[1.086s] -- Found: /home/artificial/bags_ws/src/ros2_iris_driver/ros2_iris_driver/lib/boost/lib/libboost_wave.so
[1.086s] -- Library boost_filesystem found /home/artificial/bags_ws/src/ros2_iris_driver/ros2_iris_driver/lib/boost/lib/libboost_filesystem.so
[1.086s] -- Skipping already existing target: CONAN_LIB::Boost_boost_filesystem
[1.086s] -- Found: /home/artificial/bags_ws/src/ros2_iris_driver/ros2_iris_driver/lib/boost/lib/libboost_filesystem.so
[1.086s] -- Library boost_system found /home/artificial/bags_ws/src/ros2_iris_driver/ros2_iris_driver/lib/boost/lib/libboost_system.so
[1.086s] -- Skipping already existing target: CONAN_LIB::Boost_boost_system
[1.086s] -- Found: /home/artificial/bags_ws/src/ros2_iris_driver/ros2_iris_driver/lib/boost/lib/libboost_system.so
[1.086s] -- Library boost_wserialization found /home/artificial/bags_ws/src/ros2_iris_driver/ros2_iris_driver/lib/boost/lib/libboost_wserialization.so
[1.086s] -- Skipping already existing target: CONAN_LIB::Boost_boost_wserialization
[1.086s] -- Found: /home/artificial/bags_ws/src/ros2_iris_driver/ros2_iris_driver/lib/boost/lib/libboost_wserialization.so
[1.086s] -- Library boost_serialization found /home/artificial/bags_ws/src/ros2_iris_driver/ros2_iris_driver/lib/boost/lib/libboost_serialization.so
[1.086s] -- Skipping already existing target: CONAN_LIB::Boost_boost_serialization
[1.086s] -- Found: /home/artificial/bags_ws/src/ros2_iris_driver/ros2_iris_driver/lib/boost/lib/libboost_serialization.so
[1.086s] -- Conan: Dependency Iconv already found
[1.086s] -- Library boost_serialization found /home/artificial/bags_ws/src/ros2_iris_driver/ros2_iris_driver/lib/boost/lib/libboost_serialization.so
[1.086s] -- Skipping already existing target: CONAN_LIB::Boost_serialization_boost_serialization
[1.086s] -- Found: /home/artificial/bags_ws/src/ros2_iris_driver/ros2_iris_driver/lib/boost/lib/libboost_serialization.so
[1.086s] -- Library boost_wserialization found /home/artificial/bags_ws/src/ros2_iris_driver/ros2_iris_driver/lib/boost/lib/libboost_wserialization.so
[1.086s] -- Skipping already existing target: CONAN_LIB::Boost_wserialization_boost_wserialization
[1.086s] -- Found: /home/artificial/bags_ws/src/ros2_iris_driver/ros2_iris_driver/lib/boost/lib/libboost_wserialization.so
[1.086s] -- Library boost_system found /home/artificial/bags_ws/src/ros2_iris_driver/ros2_iris_driver/lib/boost/lib/libboost_system.so
[1.086s] -- Skipping already existing target: CONAN_LIB::Boost_system_boost_system
[1.086s] -- Found: /home/artificial/bags_ws/src/ros2_iris_driver/ros2_iris_driver/lib/boost/lib/libboost_system.so
[1.087s] -- Library boost_filesystem found /home/artificial/bags_ws/src/ros2_iris_driver/ros2_iris_driver/lib/boost/lib/libboost_filesystem.so
[1.087s] -- Skipping already existing target: CONAN_LIB::Boost_filesystem_boost_filesystem
[1.087s] -- Found: /home/artificial/bags_ws/src/ros2_iris_driver/ros2_iris_driver/lib/boost/lib/libboost_filesystem.so
[1.087s] -- Library boost_wave found /home/artificial/bags_ws/src/ros2_iris_driver/ros2_iris_driver/lib/boost/lib/libboost_wave.so
[1.087s] -- Skipping already existing target: CONAN_LIB::Boost_wave_boost_wave
[1.087s] -- Found: /home/artificial/bags_ws/src/ros2_iris_driver/ros2_iris_driver/lib/boost/lib/libboost_wave.so
[1.087s] -- Library boost_exception found /home/artificial/bags_ws/src/ros2_iris_driver/ros2_iris_driver/lib/boost/lib/libboost_exception.a
[1.087s] -- Skipping already existing target: CONAN_LIB::Boost_exception_boost_exception
[1.087s] -- Found: /home/artificial/bags_ws/src/ros2_iris_driver/ros2_iris_driver/lib/boost/lib/libboost_exception.a
[1.087s] -- Library boost_date_time found /home/artificial/bags_ws/src/ros2_iris_driver/ros2_iris_driver/lib/boost/lib/libboost_date_time.so
[1.087s] -- Skipping already existing target: CONAN_LIB::Boost_date_time_boost_date_time
[1.087s] -- Found: /home/artificial/bags_ws/src/ros2_iris_driver/ros2_iris_driver/lib/boost/lib/libboost_date_time.so
[1.087s] -- Library boost_container found /home/artificial/bags_ws/src/ros2_iris_driver/ros2_iris_driver/lib/boost/lib/libboost_container.so
[1.087s] -- Skipping already existing target: CONAN_LIB::Boost_container_boost_container
[1.087s] -- Found: /home/artificial/bags_ws/src/ros2_iris_driver/ros2_iris_driver/lib/boost/lib/libboost_container.so
[1.087s] -- Library boost_chrono found /home/artificial/bags_ws/src/ros2_iris_driver/ros2_iris_driver/lib/boost/lib/libboost_chrono.so
[1.087s] -- Skipping already existing target: CONAN_LIB::Boost_chrono_boost_chrono
[1.087s] -- Found: /home/artificial/bags_ws/src/ros2_iris_driver/ros2_iris_driver/lib/boost/lib/libboost_chrono.so
[1.087s] -- Library boost_atomic found /home/artificial/bags_ws/src/ros2_iris_driver/ros2_iris_driver/lib/boost/lib/libboost_atomic.so
[1.087s] -- Skipping already existing target: CONAN_LIB::Boost_atomic_boost_atomic
[1.087s] -- Found: /home/artificial/bags_ws/src/ros2_iris_driver/ros2_iris_driver/lib/boost/lib/libboost_atomic.so
[1.087s] -- Library boost_thread found /home/artificial/bags_ws/src/ros2_iris_driver/ros2_iris_driver/lib/boost/lib/libboost_thread.so
[1.087s] -- Skipping already existing target: CONAN_LIB::Boost_thread_boost_thread
[1.087s] -- Found: /home/artificial/bags_ws/src/ros2_iris_driver/ros2_iris_driver/lib/boost/lib/libboost_thread.so
[1.087s] -- Library boost_type_erasure found /home/artificial/bags_ws/src/ros2_iris_driver/ros2_iris_driver/lib/boost/lib/libboost_type_erasure.so
[1.087s] -- Skipping already existing target: CONAN_LIB::Boost_type_erasure_boost_type_erasure
[1.087s] -- Found: /home/artificial/bags_ws/src/ros2_iris_driver/ros2_iris_driver/lib/boost/lib/libboost_type_erasure.so
[1.087s] -- Library boost_timer found /home/artificial/bags_ws/src/ros2_iris_driver/ros2_iris_driver/lib/boost/lib/libboost_timer.so
[1.087s] -- Skipping already existing target: CONAN_LIB::Boost_timer_boost_timer
[1.088s] -- Found: /home/artificial/bags_ws/src/ros2_iris_driver/ros2_iris_driver/lib/boost/lib/libboost_timer.so
[1.088s] -- Library boost_stacktrace_noop found /home/artificial/bags_ws/src/ros2_iris_driver/ros2_iris_driver/lib/boost/lib/libboost_stacktrace_noop.so
[1.088s] -- Skipping already existing target: CONAN_LIB::Boost_stacktrace_noop_boost_stacktrace_noop
[1.088s] -- Found: /home/artificial/bags_ws/src/ros2_iris_driver/ros2_iris_driver/lib/boost/lib/libboost_stacktrace_noop.so
[1.088s] -- Library boost_stacktrace_basic found /home/artificial/bags_ws/src/ros2_iris_driver/ros2_iris_driver/lib/boost/lib/libboost_stacktrace_basic.so
[1.088s] -- Skipping already existing target: CONAN_LIB::Boost_stacktrace_basic_boost_stacktrace_basic
[1.088s] -- Found: /home/artificial/bags_ws/src/ros2_iris_driver/ros2_iris_driver/lib/boost/lib/libboost_stacktrace_basic.so
[1.088s] -- Library boost_stacktrace_backtrace found /home/artificial/bags_ws/src/ros2_iris_driver/ros2_iris_driver/lib/boost/lib/libboost_stacktrace_backtrace.so
[1.088s] -- Skipping already existing target: CONAN_LIB::Boost_stacktrace_backtrace_boost_stacktrace_backtrace
[1.088s] -- Found: /home/artificial/bags_ws/src/ros2_iris_driver/ros2_iris_driver/lib/boost/lib/libboost_stacktrace_backtrace.so
[1.088s] -- Library boost_stacktrace_addr2line found /home/artificial/bags_ws/src/ros2_iris_driver/ros2_iris_driver/lib/boost/lib/libboost_stacktrace_addr2line.so
[1.088s] -- Skipping already existing target: CONAN_LIB::Boost_stacktrace_addr2line_boost_stacktrace_addr2line
[1.088s] -- Found: /home/artificial/bags_ws/src/ros2_iris_driver/ros2_iris_driver/lib/boost/lib/libboost_stacktrace_addr2line.so
[1.088s] -- Library boost_regex found /home/artificial/bags_ws/src/ros2_iris_driver/ros2_iris_driver/lib/boost/lib/libboost_regex.so
[1.088s] -- Skipping already existing target: CONAN_LIB::Boost_regex_boost_regex
[1.088s] -- Found: /home/artificial/bags_ws/src/ros2_iris_driver/ros2_iris_driver/lib/boost/lib/libboost_regex.so
[1.088s] -- Library boost_random found /home/artificial/bags_ws/src/ros2_iris_driver/ros2_iris_driver/lib/boost/lib/libboost_random.so
[1.088s] -- Skipping already existing target: CONAN_LIB::Boost_random_boost_random
[1.089s] -- Found: /home/artificial/bags_ws/src/ros2_iris_driver/ros2_iris_driver/lib/boost/lib/libboost_random.so
[1.089s] -- Library boost_program_options found /home/artificial/bags_ws/src/ros2_iris_driver/ros2_iris_driver/lib/boost/lib/libboost_program_options.so
[1.089s] -- Skipping already existing target: CONAN_LIB::Boost_program_options_boost_program_options
[1.089s] -- Found: /home/artificial/bags_ws/src/ros2_iris_driver/ros2_iris_driver/lib/boost/lib/libboost_program_options.so
[1.089s] -- Library boost_math_tr1l found /home/artificial/bags_ws/src/ros2_iris_driver/ros2_iris_driver/lib/boost/lib/libboost_math_tr1l.so
[1.089s] -- Skipping already existing target: CONAN_LIB::Boost_math_tr1l_boost_math_tr1l
[1.089s] -- Found: /home/artificial/bags_ws/src/ros2_iris_driver/ros2_iris_driver/lib/boost/lib/libboost_math_tr1l.so
[1.089s] -- Library boost_math_tr1f found /home/artificial/bags_ws/src/ros2_iris_driver/ros2_iris_driver/lib/boost/lib/libboost_math_tr1f.so
[1.089s] -- Skipping already existing target: CONAN_LIB::Boost_math_tr1f_boost_math_tr1f
[1.089s] -- Found: /home/artificial/bags_ws/src/ros2_iris_driver/ros2_iris_driver/lib/boost/lib/libboost_math_tr1f.so
[1.089s] -- Library boost_math_tr1 found /home/artificial/bags_ws/src/ros2_iris_driver/ros2_iris_driver/lib/boost/lib/libboost_math_tr1.so
[1.089s] -- Skipping already existing target: CONAN_LIB::Boost_math_tr1_boost_math_tr1
[1.089s] -- Found: /home/artificial/bags_ws/src/ros2_iris_driver/ros2_iris_driver/lib/boost/lib/libboost_math_tr1.so
[1.089s] -- Library boost_math_c99l found /home/artificial/bags_ws/src/ros2_iris_driver/ros2_iris_driver/lib/boost/lib/libboost_math_c99l.so
[1.089s] -- Skipping already existing target: CONAN_LIB::Boost_math_c99l_boost_math_c99l
[1.089s] -- Found: /home/artificial/bags_ws/src/ros2_iris_driver/ros2_iris_driver/lib/boost/lib/libboost_math_c99l.so
[1.089s] -- Library boost_math_c99f found /home/artificial/bags_ws/src/ros2_iris_driver/ros2_iris_driver/lib/boost/lib/libboost_math_c99f.so
[1.089s] -- Skipping already existing target: CONAN_LIB::Boost_math_c99f_boost_math_c99f
[1.089s] -- Found: /home/artificial/bags_ws/src/ros2_iris_driver/ros2_iris_driver/lib/boost/lib/libboost_math_c99f.so
[1.089s] -- Library boost_math_c99 found /home/artificial/bags_ws/src/ros2_iris_driver/ros2_iris_driver/lib/boost/lib/libboost_math_c99.so
[1.089s] -- Skipping already existing target: CONAN_LIB::Boost_math_c99_boost_math_c99
[1.089s] -- Found: /home/artificial/bags_ws/src/ros2_iris_driver/ros2_iris_driver/lib/boost/lib/libboost_math_c99.so
[1.089s] -- Library boost_log found /home/artificial/bags_ws/src/ros2_iris_driver/ros2_iris_driver/lib/boost/lib/libboost_log.so
[1.089s] -- Skipping already existing target: CONAN_LIB::Boost_log_boost_log
[1.089s] -- Found: /home/artificial/bags_ws/src/ros2_iris_driver/ros2_iris_driver/lib/boost/lib/libboost_log.so
[1.090s] -- Library boost_log_setup found /home/artificial/bags_ws/src/ros2_iris_driver/ros2_iris_driver/lib/boost/lib/libboost_log_setup.so
[1.090s] -- Skipping already existing target: CONAN_LIB::Boost_log_setup_boost_log_setup
[1.090s] -- Found: /home/artificial/bags_ws/src/ros2_iris_driver/ros2_iris_driver/lib/boost/lib/libboost_log_setup.so
[1.090s] -- Library boost_locale found /home/artificial/bags_ws/src/ros2_iris_driver/ros2_iris_driver/lib/boost/lib/libboost_locale.so
[1.090s] -- Skipping already existing target: CONAN_LIB::Boost_locale_boost_locale
[1.090s] -- Found: /home/artificial/bags_ws/src/ros2_iris_driver/ros2_iris_driver/lib/boost/lib/libboost_locale.so
[1.090s] -- Library boost_iostreams found /home/artificial/bags_ws/src/ros2_iris_driver/ros2_iris_driver/lib/boost/lib/libboost_iostreams.so
[1.090s] -- Skipping already existing target: CONAN_LIB::Boost_iostreams_boost_iostreams
[1.090s] -- Found: /home/artificial/bags_ws/src/ros2_iris_driver/ros2_iris_driver/lib/boost/lib/libboost_iostreams.so
[1.090s] -- Library boost_context found /home/artificial/bags_ws/src/ros2_iris_driver/ros2_iris_driver/lib/boost/lib/libboost_context.so
[1.090s] -- Skipping already existing target: CONAN_LIB::Boost_context_boost_context
[1.090s] -- Found: /home/artificial/bags_ws/src/ros2_iris_driver/ros2_iris_driver/lib/boost/lib/libboost_context.so
[1.090s] -- Library boost_fiber found /home/artificial/bags_ws/src/ros2_iris_driver/ros2_iris_driver/lib/boost/lib/libboost_fiber.so
[1.090s] -- Skipping already existing target: CONAN_LIB::Boost_fiber_boost_fiber
[1.090s] -- Found: /home/artificial/bags_ws/src/ros2_iris_driver/ros2_iris_driver/lib/boost/lib/libboost_fiber.so
[1.090s] -- Library boost_coroutine found /home/artificial/bags_ws/src/ros2_iris_driver/ros2_iris_driver/lib/boost/lib/libboost_coroutine.so
[1.090s] -- Skipping already existing target: CONAN_LIB::Boost_coroutine_boost_coroutine
[1.090s] -- Found: /home/artificial/bags_ws/src/ros2_iris_driver/ros2_iris_driver/lib/boost/lib/libboost_coroutine.so
[1.102s] -- Checking for module 'flann'
[1.114s] --   Found flann, version 1.9.1
[1.138s] -- Found FLANN: /usr/lib/x86_64-linux-gnu/libflann_cpp.so  
[1.138s] -- FLANN found (include: /usr/include, lib: /usr/lib/x86_64-linux-gnu/libflann_cpp.so)
[1.139s] -- looking for PCL_COMMON
[1.140s] -- Found PCL_COMMON: /usr/lib/x86_64-linux-gnu/libpcl_common.so  
[1.140s] -- looking for PCL_KDTREE
[1.140s] -- Found PCL_KDTREE: /usr/lib/x86_64-linux-gnu/libpcl_kdtree.so  
[1.140s] -- looking for PCL_OCTREE
[1.141s] -- Found PCL_OCTREE: /usr/lib/x86_64-linux-gnu/libpcl_octree.so  
[1.141s] -- looking for PCL_SEARCH
[1.141s] -- Found PCL_SEARCH: /usr/lib/x86_64-linux-gnu/libpcl_search.so  
[1.141s] -- looking for PCL_SAMPLE_CONSENSUS
[1.141s] -- Found PCL_SAMPLE_CONSENSUS: /usr/lib/x86_64-linux-gnu/libpcl_sample_consensus.so  
[1.141s] -- looking for PCL_FILTERS
[1.142s] -- Found PCL_FILTERS: /usr/lib/x86_64-linux-gnu/libpcl_filters.so  
[1.142s] -- looking for PCL_COMMMON
[1.142s] -- Could NOT find PCL_COMMMON (missing: PCL_COMMMON_LIBRARY PCL_COMMMON_INCLUDE_DIR) 
[1.143s] -- Found PCL: pcl_common;pcl_kdtree;pcl_octree;pcl_search;pcl_sample_consensus;pcl_filters;/home/artificial/bags_ws/src/ros2_iris_driver/ros2_iris_driver/lib/boost/lib/libboost_coroutine.so;/home/artificial/bags_ws/src/ros2_iris_driver/ros2_iris_driver/lib/boost/lib/libboost_fiber.so;/home/artificial/bags_ws/src/ros2_iris_driver/ros2_iris_driver/lib/boost/lib/libboost_context.so;/home/artificial/bags_ws/src/ros2_iris_driver/ros2_iris_driver/lib/boost/lib/libboost_iostreams.so;/home/artificial/bags_ws/src/ros2_iris_driver/ros2_iris_driver/lib/boost/lib/libboost_locale.so;/home/artificial/bags_ws/src/ros2_iris_driver/ros2_iris_driver/lib/boost/lib/libboost_log_setup.so;/home/artificial/bags_ws/src/ros2_iris_driver/ros2_iris_driver/lib/boost/lib/libboost_log.so;/home/artificial/bags_ws/src/ros2_iris_driver/ros2_iris_driver/lib/boost/lib/libboost_math_c99.so;/home/artificial/bags_ws/src/ros2_iris_driver/ros2_iris_driver/lib/boost/lib/libboost_math_c99f.so;/home/artificial/bags_ws/src/ros2_iris_driver/ros2_iris_driver/lib/boost/lib/libboost_math_c99l.so;/home/artificial/bags_ws/src/ros2_iris_driver/ros2_iris_driver/lib/boost/lib/libboost_math_tr1.so;/home/artificial/bags_ws/src/ros2_iris_driver/ros2_iris_driver/lib/boost/lib/libboost_math_tr1f.so;/home/artificial/bags_ws/src/ros2_iris_driver/ros2_iris_driver/lib/boost/lib/libboost_math_tr1l.so;/home/artificial/bags_ws/src/ros2_iris_driver/ros2_iris_driver/lib/boost/lib/libboost_program_options.so;/home/artificial/bags_ws/src/ros2_iris_driver/ros2_iris_driver/lib/boost/lib/libboost_random.so;/home/artificial/bags_ws/src/ros2_iris_driver/ros2_iris_driver/lib/boost/lib/libboost_regex.so;/home/artificial/bags_ws/src/ros2_iris_driver/ros2_iris_driver/lib/boost/lib/libboost_stacktrace_addr2line.so;/home/artificial/bags_ws/src/ros2_iris_driver/ros2_iris_driver/lib/boost/lib/libboost_stacktrace_backtrace.so;/home/artificial/bags_ws/src/ros2_iris_driver/ros2_iris_driver/lib/boost/lib/libboost_stacktrace_basic.so;/home/artificial/bags_ws/src/ros2_iris_driver/ros2_iris_driver/lib/boost/lib/libboost_stacktrace_noop.so;/home/artificial/bags_ws/src/ros2_iris_driver/ros2_iris_driver/lib/boost/lib/libboost_timer.so;/home/artificial/bags_ws/src/ros2_iris_driver/ros2_iris_driver/lib/boost/lib/libboost_type_erasure.so;/home/artificial/bags_ws/src/ros2_iris_driver/ros2_iris_driver/lib/boost/lib/libboost_thread.so;/home/artificial/bags_ws/src/ros2_iris_driver/ros2_iris_driver/lib/boost/lib/libboost_atomic.so;/home/artificial/bags_ws/src/ros2_iris_driver/ros2_iris_driver/lib/boost/lib/libboost_chrono.so;/home/artificial/bags_ws/src/ros2_iris_driver/ros2_iris_driver/lib/boost/lib/libboost_container.so;/home/artificial/bags_ws/src/ros2_iris_driver/ros2_iris_driver/lib/boost/lib/libboost_date_time.so;/home/artificial/bags_ws/src/ros2_iris_driver/ros2_iris_driver/lib/boost/lib/libboost_exception.a;/home/artificial/bags_ws/src/ros2_iris_driver/ros2_iris_driver/lib/boost/lib/libboost_wave.so;/home/artificial/bags_ws/src/ros2_iris_driver/ros2_iris_driver/lib/boost/lib/libboost_filesystem.so;/home/artificial/bags_ws/src/ros2_iris_driver/ros2_iris_driver/lib/boost/lib/libboost_system.so;/home/artificial/bags_ws/src/ros2_iris_driver/ros2_iris_driver/lib/boost/lib/libboost_wserialization.so;/home/artificial/bags_ws/src/ros2_iris_driver/ros2_iris_driver/lib/boost/lib/libboost_serialization.so;rt;pthread;Iconv::Iconv;FLANN::FLANN  
[1.145s] -- Found pcl_conversions: 2.4.0 (/opt/ros/humble/share/pcl_conversions/cmake)
[1.231s] -- Found backward_ros: 1.0.2 (/opt/ros/humble/share/backward_ros/cmake)
[1.234s] -- Found libdw: /usr/lib/x86_64-linux-gnu/libdw.so  
[1.237s] -- Found libbfd: /usr/lib/x86_64-linux-gnu/libbfd.so  
[1.237s] -- BACKWARD_HAS_UNWIND=1
[1.237s] -- BACKWARD_HAS_BACKTRACE=0
[1.237s] -- BACKWARD_HAS_BACKTRACE_SYMBOL=0
[1.237s] -- BACKWARD_HAS_DW=1
[1.237s] -- BACKWARD_HAS_BFD=0
[1.237s] -- Found Backward: /opt/ros/humble/share/backward_ros/cmake  
[1.323s] -- Configuring done
[1.357s] -- Generating done
[1.358s] -- Build files have been written to: /home/artificial/bags_ws/build/ros2_iris_driver
[1.366s] Invoked command in '/home/artificial/bags_ws/build/ros2_iris_driver' returned '0': AMENT_PREFIX_PATH=/home/artificial/bags_ws/install/luminar_iris_msgs:${AMENT_PREFIX_PATH} CMAKE_PREFIX_PATH=/home/artificial/bags_ws/install/luminar_iris_msgs:/opt/ros/humble LD_LIBRARY_PATH=/home/artificial/bags_ws/install/luminar_iris_msgs/lib:/opt/ros/humble/opt/rviz_ogre_vendor/lib:/opt/ros/humble/lib/x86_64-linux-gnu:/opt/ros/humble/lib:/opt/blasfeo/lib:/opt/hpipm/lib:/usr/local/lib:/usr/lib PYTHONPATH=/home/artificial/bags_ws/install/luminar_iris_msgs/local/lib/python3.10/dist-packages:${PYTHONPATH} /usr/bin/cmake /home/artificial/bags_ws/src/ros2_iris_driver/ros2_iris_driver -DCMAKE_INSTALL_PREFIX=/home/artificial/bags_ws/install/ros2_iris_driver
[1.367s] Invoking command in '/home/artificial/bags_ws/build/ros2_iris_driver': AMENT_PREFIX_PATH=/home/artificial/bags_ws/install/luminar_iris_msgs:${AMENT_PREFIX_PATH} CMAKE_PREFIX_PATH=/home/artificial/bags_ws/install/luminar_iris_msgs:/opt/ros/humble LD_LIBRARY_PATH=/home/artificial/bags_ws/install/luminar_iris_msgs/lib:/opt/ros/humble/opt/rviz_ogre_vendor/lib:/opt/ros/humble/lib/x86_64-linux-gnu:/opt/ros/humble/lib:/opt/blasfeo/lib:/opt/hpipm/lib:/usr/local/lib:/usr/lib PYTHONPATH=/home/artificial/bags_ws/install/luminar_iris_msgs/local/lib/python3.10/dist-packages:${PYTHONPATH} /usr/bin/cmake --build /home/artificial/bags_ws/build/ros2_iris_driver -- -j16 -l16
[1.395s] [ 16%] [32mBuilding CXX object CMakeFiles/iris_data_interface.dir/src/interface/iris_data_interface.cpp.o[0m
[1.395s] [ 33%] [32mBuilding CXX object CMakeFiles/iris_control_interface.dir/src/interface/iris_control_interface.cpp.o[0m
[2.575s] [ 50%] [32m[1mLinking CXX static library libiris_control_interface.a[0m
[2.618s] [ 50%] Built target iris_control_interface
[4.798s] [ 66%] [32m[1mLinking CXX static library libiris_data_interface.a[0m
[4.838s] [ 66%] Built target iris_data_interface
[4.851s] [ 83%] [32mBuilding CXX object CMakeFiles/iris_ros_driver.dir/src/iris_driver.cpp.o[0m
[7.483s] [100%] [32m[1mLinking CXX executable iris_ros_driver[0m
[7.642s] /usr/bin/ld: warning: libboost_thread.so.1.74.0, needed by /home/artificial/bags_ws/src/ros2_iris_driver/ros2_iris_driver/lib/vsomeip/lib/libvsomeip3.so, may conflict with libboost_thread.so.1.71.0
[7.720s] [100%] Built target iris_ros_driver
