[35m[1mConsolidate compiler generated dependencies of target composition_nodes[0m
[ 20%] [32mBuilding CXX object CMakeFiles/composition_nodes.dir/src/minimal_publisher.cpp.o[0m
[ 40%] [32m[1mLinking CXX shared library libcomposition_nodes.so[0m
[ 60%] Built target composition_nodes
[35m[1mConsolidate compiler generated dependencies of target composition_composed[0m
[ 80%] [32m[1mLinking CXX executable composition_composed[0m
[100%] Built target composition_composed
-- Install configuration: ""
-- Up-to-date: /home/artificial/bags_ws/install/my_cpp_package/share/my_cpp_package/environment/library_path.sh
-- Up-to-date: /home/artificial/bags_ws/install/my_cpp_package/share/my_cpp_package/environment/library_path.dsv
-- Up-to-date: /home/artificial/bags_ws/install/my_cpp_package/share/my_cpp_package/launch
-- Up-to-date: /home/artificial/bags_ws/install/my_cpp_package/share/my_cpp_package/launch/test.launch.py
-- Up-to-date: /home/artificial/bags_ws/install/my_cpp_package/share/my_cpp_package/launch/bags.launch.py
-- Up-to-date: /home/artificial/bags_ws/install/my_cpp_package/share/my_cpp_package/param
-- Up-to-date: /home/artificial/bags_ws/install/my_cpp_package/share/my_cpp_package/param/bags.param.yaml
-- Installing: /home/artificial/bags_ws/install/my_cpp_package/lib/libcomposition_nodes.so
-- Set runtime path of "/home/artificial/bags_ws/install/my_cpp_package/lib/libcomposition_nodes.so" to ""
-- Installing: /home/artificial/bags_ws/install/my_cpp_package/lib/my_cpp_package/composition_composed
-- Set runtime path of "/home/artificial/bags_ws/install/my_cpp_package/lib/my_cpp_package/composition_composed" to ""
-- Up-to-date: /home/artificial/bags_ws/install/my_cpp_package/share/ament_index/resource_index/package_run_dependencies/my_cpp_package
-- Up-to-date: /home/artificial/bags_ws/install/my_cpp_package/share/ament_index/resource_index/parent_prefix_path/my_cpp_package
-- Up-to-date: /home/artificial/bags_ws/install/my_cpp_package/share/my_cpp_package/environment/ament_prefix_path.sh
-- Up-to-date: /home/artificial/bags_ws/install/my_cpp_package/share/my_cpp_package/environment/ament_prefix_path.dsv
-- Up-to-date: /home/artificial/bags_ws/install/my_cpp_package/share/my_cpp_package/environment/path.sh
-- Up-to-date: /home/artificial/bags_ws/install/my_cpp_package/share/my_cpp_package/environment/path.dsv
-- Up-to-date: /home/artificial/bags_ws/install/my_cpp_package/share/my_cpp_package/local_setup.bash
-- Up-to-date: /home/artificial/bags_ws/install/my_cpp_package/share/my_cpp_package/local_setup.sh
-- Up-to-date: /home/artificial/bags_ws/install/my_cpp_package/share/my_cpp_package/local_setup.zsh
-- Up-to-date: /home/artificial/bags_ws/install/my_cpp_package/share/my_cpp_package/local_setup.dsv
-- Installing: /home/artificial/bags_ws/install/my_cpp_package/share/my_cpp_package/package.dsv
-- Up-to-date: /home/artificial/bags_ws/install/my_cpp_package/share/ament_index/resource_index/packages/my_cpp_package
-- Up-to-date: /home/artificial/bags_ws/install/my_cpp_package/share/my_cpp_package/cmake/my_cpp_packageConfig.cmake
-- Up-to-date: /home/artificial/bags_ws/install/my_cpp_package/share/my_cpp_package/cmake/my_cpp_packageConfig-version.cmake
-- Up-to-date: /home/artificial/bags_ws/install/my_cpp_package/share/my_cpp_package/package.xml
