[0.005s] Invoking command in '/home/artificial/bags_ws/build/luminar_iris_msgs': CMAKE_PREFIX_PATH=${CMAKE_PREFIX_PATH}:/opt/ros/humble /usr/bin/cmake /home/artificial/bags_ws/src/ros2_iris_driver/luminar_iris_msgs -DCMAKE_INSTALL_PREFIX=/home/artificial/bags_ws/install/luminar_iris_msgs
[0.032s] -- The C compiler identification is GNU 11.4.0
[0.057s] -- The CXX compiler identification is GNU 11.4.0
[0.060s] -- Detecting C compiler ABI info
[0.094s] -- Detecting C compiler ABI info - done
[0.097s] -- Check for working C compiler: /usr/bin/cc - skipped
[0.098s] -- Detecting C compile features
[0.098s] -- Detecting C compile features - done
[0.099s] -- Detecting CXX compiler ABI info
[0.139s] -- Detecting CXX compiler ABI info - done
[0.142s] -- Check for working CXX compiler: /usr/bin/c++ - skipped
[0.143s] -- Detecting CXX compile features
[0.143s] -- Detecting CXX compile features - done
[0.144s] -- Found ament_cmake_auto: 1.3.9 (/opt/ros/humble/share/ament_cmake_auto/cmake)
[0.219s] -- Found Python3: /usr/bin/python3 (found version "3.10.12") found components: Interpreter 
[0.290s] -- Using all available rosidl_typesupport_c: rosidl_typesupport_fastrtps_c;rosidl_typesupport_introspection_c
[0.293s] -- Found rosidl_adapter: 3.1.5 (/opt/ros/humble/share/rosidl_adapter/cmake)
[0.311s] -- Using all available rosidl_typesupport_cpp: rosidl_typesupport_fastrtps_cpp;rosidl_typesupport_introspection_cpp
[0.451s] -- Found ament_cmake_ros: 0.10.0 (/opt/ros/humble/share/ament_cmake_ros/cmake)
[0.558s] -- Using all available rosidl_typesupport_c: rosidl_typesupport_fastrtps_c;rosidl_typesupport_introspection_c
[0.693s] -- Using all available rosidl_typesupport_cpp: rosidl_typesupport_fastrtps_cpp;rosidl_typesupport_introspection_cpp
[0.705s] -- Found PythonInterp: /usr/bin/python3 (found suitable version "3.10.12", minimum required is "3.6") 
[0.705s] -- Found python_cmake_module: 0.10.0 (/opt/ros/humble/share/python_cmake_module/cmake)
[0.718s] -- Found PythonLibs: /usr/lib/x86_64-linux-gnu/libpython3.10.so (found suitable version "3.10.12", minimum required is "3.5") 
[0.718s] -- Using PYTHON_EXECUTABLE: /usr/bin/python3
[0.718s] -- Using PYTHON_INCLUDE_DIRS: /usr/include/python3.10
[0.718s] -- Using PYTHON_LIBRARIES: /usr/lib/x86_64-linux-gnu/libpython3.10.so
[0.729s] -- Found PythonExtra: .so  
[0.752s] -- Found ament_lint_auto: 0.12.11 (/opt/ros/humble/share/ament_lint_auto/cmake)
[0.760s] -- Added test 'lint_cmake' to check CMake code style
[0.760s] -- Added test 'xmllint' to check XML markup files
[0.761s] -- Configuring done
[0.774s] -- Generating done
[0.775s] -- Build files have been written to: /home/artificial/bags_ws/build/luminar_iris_msgs
[0.781s] Invoked command in '/home/artificial/bags_ws/build/luminar_iris_msgs' returned '0': CMAKE_PREFIX_PATH=${CMAKE_PREFIX_PATH}:/opt/ros/humble /usr/bin/cmake /home/artificial/bags_ws/src/ros2_iris_driver/luminar_iris_msgs -DCMAKE_INSTALL_PREFIX=/home/artificial/bags_ws/install/luminar_iris_msgs
[0.781s] Invoking command in '/home/artificial/bags_ws/build/luminar_iris_msgs': CMAKE_PREFIX_PATH=${CMAKE_PREFIX_PATH}:/opt/ros/humble /usr/bin/cmake --build /home/artificial/bags_ws/build/luminar_iris_msgs -- -j16 -l16
[0.801s] [  3%] [34m[1mGenerating C code for ROS interfaces[0m
[0.806s] [  6%] [34m[1mGenerating C++ code for ROS interfaces[0m
[0.811s] [  6%] Built target ament_cmake_python_copy_luminar_iris_msgs
[0.949s] [  6%] Built target luminar_iris_msgs__cpp
[0.951s] [  9%] [32mBuilding C object CMakeFiles/luminar_iris_msgs__rosidl_generator_c.dir/rosidl_generator_c/luminar_iris_msgs/msg/detail/sensor_health__functions.c.o[0m
[0.955s] running egg_info
[0.955s] [ 12%] [34m[1mGenerating C++ type support dispatch for ROS interfaces[0m
[0.955s] creating luminar_iris_msgs.egg-info
[0.955s] [ 16%] [34m[1mGenerating C++ type support for eProsima Fast-RTPS[0m
[0.955s] writing luminar_iris_msgs.egg-info/PKG-INFO
[0.956s] [ 19%] [34m[1mGenerating C++ introspection for ROS interfaces[0m
[0.956s] writing dependency_links to luminar_iris_msgs.egg-info/dependency_links.txt
[0.956s] writing top-level names to luminar_iris_msgs.egg-info/top_level.txt
[0.956s] writing manifest file 'luminar_iris_msgs.egg-info/SOURCES.txt'
[0.958s] reading manifest file 'luminar_iris_msgs.egg-info/SOURCES.txt'
[0.958s] writing manifest file 'luminar_iris_msgs.egg-info/SOURCES.txt'
[0.974s] [ 19%] Built target ament_cmake_python_build_luminar_iris_msgs_egg
[0.980s] [ 22%] [32m[1mLinking C shared library libluminar_iris_msgs__rosidl_generator_c.so[0m
[1.001s] [ 22%] Built target luminar_iris_msgs__rosidl_generator_c
[1.008s] [ 25%] [34m[1mGenerating C type support for eProsima Fast-RTPS[0m
[1.008s] [ 32%] [34m[1mGenerating C type support dispatch for ROS interfaces[0m
[1.008s] [ 32%] [34m[1mGenerating C introspection for ROS interfaces[0m
[1.105s] [ 35%] [32mBuilding CXX object CMakeFiles/luminar_iris_msgs__rosidl_typesupport_cpp.dir/rosidl_typesupport_cpp/luminar_iris_msgs/msg/sensor_health__type_support.cpp.o[0m
[1.115s] [ 38%] [32mBuilding CXX object CMakeFiles/luminar_iris_msgs__rosidl_typesupport_introspection_cpp.dir/rosidl_typesupport_introspection_cpp/luminar_iris_msgs/msg/detail/sensor_health__type_support.cpp.o[0m
[1.120s] [ 41%] [32mBuilding CXX object CMakeFiles/luminar_iris_msgs__rosidl_typesupport_fastrtps_cpp.dir/rosidl_typesupport_fastrtps_cpp/luminar_iris_msgs/msg/detail/dds_fastrtps/sensor_health__type_support.cpp.o[0m
[1.164s] [ 45%] [32mBuilding CXX object CMakeFiles/luminar_iris_msgs__rosidl_typesupport_c.dir/rosidl_typesupport_c/luminar_iris_msgs/msg/sensor_health__type_support.cpp.o[0m
[1.177s] [ 48%] [32mBuilding C object CMakeFiles/luminar_iris_msgs__rosidl_typesupport_introspection_c.dir/rosidl_typesupport_introspection_c/luminar_iris_msgs/msg/detail/sensor_health__type_support.c.o[0m
[1.184s] [ 51%] [32mBuilding CXX object CMakeFiles/luminar_iris_msgs__rosidl_typesupport_fastrtps_c.dir/rosidl_typesupport_fastrtps_c/luminar_iris_msgs/msg/detail/sensor_health__type_support_c.cpp.o[0m
[1.185s] [ 54%] [32m[1mLinking CXX shared library libluminar_iris_msgs__rosidl_typesupport_c.so[0m
[1.199s] [ 58%] [32m[1mLinking C shared library libluminar_iris_msgs__rosidl_typesupport_introspection_c.so[0m
[1.212s] [ 58%] Built target luminar_iris_msgs__rosidl_typesupport_c
[1.219s] [ 58%] Built target luminar_iris_msgs__rosidl_typesupport_introspection_c
[1.256s] [ 61%] [32m[1mLinking CXX shared library libluminar_iris_msgs__rosidl_typesupport_cpp.so[0m
[1.281s] [ 61%] Built target luminar_iris_msgs__rosidl_typesupport_cpp
[1.323s] [ 64%] [32m[1mLinking CXX shared library libluminar_iris_msgs__rosidl_typesupport_introspection_cpp.so[0m
[1.341s] [ 67%] [32m[1mLinking CXX shared library libluminar_iris_msgs__rosidl_typesupport_fastrtps_cpp.so[0m
[1.358s] [ 67%] Built target luminar_iris_msgs__rosidl_typesupport_introspection_cpp
[1.365s] [ 70%] [32m[1mLinking CXX shared library libluminar_iris_msgs__rosidl_typesupport_fastrtps_c.so[0m
[1.381s] [ 70%] Built target luminar_iris_msgs__rosidl_typesupport_fastrtps_cpp
[1.403s] [ 70%] Built target luminar_iris_msgs__rosidl_typesupport_fastrtps_c
[1.413s] [ 70%] Built target luminar_iris_msgs
[1.423s] [ 74%] [34m[1mGenerating Python code for ROS interfaces[0m
[1.580s] [ 74%] Built target luminar_iris_msgs__py
[1.590s] [ 77%] [32mBuilding C object CMakeFiles/luminar_iris_msgs__rosidl_generator_py.dir/rosidl_generator_py/luminar_iris_msgs/msg/_sensor_health_s.c.o[0m
[1.638s] [ 80%] [32m[1mLinking C shared library rosidl_generator_py/luminar_iris_msgs/libluminar_iris_msgs__rosidl_generator_py.so[0m
[1.658s] [ 80%] Built target luminar_iris_msgs__rosidl_generator_py
[1.669s] [ 83%] [32mBuilding C object CMakeFiles/luminar_iris_msgs__rosidl_typesupport_fastrtps_c__pyext.dir/rosidl_generator_py/luminar_iris_msgs/_luminar_iris_msgs_s.ep.rosidl_typesupport_fastrtps_c.c.o[0m
[1.669s] [ 87%] [32mBuilding C object CMakeFiles/luminar_iris_msgs__rosidl_typesupport_introspection_c__pyext.dir/rosidl_generator_py/luminar_iris_msgs/_luminar_iris_msgs_s.ep.rosidl_typesupport_introspection_c.c.o[0m
[1.669s] [ 90%] [32mBuilding C object CMakeFiles/luminar_iris_msgs__rosidl_typesupport_c__pyext.dir/rosidl_generator_py/luminar_iris_msgs/_luminar_iris_msgs_s.ep.rosidl_typesupport_c.c.o[0m
[1.720s] [100%] [32m[1mLinking C shared library rosidl_generator_py/luminar_iris_msgs/luminar_iris_msgs_s__rosidl_typesupport_fastrtps_c.cpython-310-x86_64-linux-gnu.so[0m
[1.720s] [100%] [32m[1mLinking C shared library rosidl_generator_py/luminar_iris_msgs/luminar_iris_msgs_s__rosidl_typesupport_c.cpython-310-x86_64-linux-gnu.so[0m
[1.720s] [100%] [32m[1mLinking C shared library rosidl_generator_py/luminar_iris_msgs/luminar_iris_msgs_s__rosidl_typesupport_introspection_c.cpython-310-x86_64-linux-gnu.so[0m
[1.742s] [100%] Built target luminar_iris_msgs__rosidl_typesupport_introspection_c__pyext
[1.742s] [100%] Built target luminar_iris_msgs__rosidl_typesupport_fastrtps_c__pyext
[1.742s] [100%] Built target luminar_iris_msgs__rosidl_typesupport_c__pyext
[1.748s] Invoked command in '/home/artificial/bags_ws/build/luminar_iris_msgs' returned '0': CMAKE_PREFIX_PATH=${CMAKE_PREFIX_PATH}:/opt/ros/humble /usr/bin/cmake --build /home/artificial/bags_ws/build/luminar_iris_msgs -- -j16 -l16
[1.784s] Invoking command in '/home/artificial/bags_ws/build/luminar_iris_msgs': CMAKE_PREFIX_PATH=${CMAKE_PREFIX_PATH}:/opt/ros/humble /usr/bin/cmake --install /home/artificial/bags_ws/build/luminar_iris_msgs
[1.788s] -- Install configuration: ""
[1.788s] -- Installing: /home/artificial/bags_ws/install/luminar_iris_msgs/share/ament_index/resource_index/rosidl_interfaces/luminar_iris_msgs
[1.788s] -- Installing: /home/artificial/bags_ws/install/luminar_iris_msgs/include/luminar_iris_msgs/luminar_iris_msgs
[1.788s] -- Installing: /home/artificial/bags_ws/install/luminar_iris_msgs/include/luminar_iris_msgs/luminar_iris_msgs/msg
[1.789s] -- Installing: /home/artificial/bags_ws/install/luminar_iris_msgs/include/luminar_iris_msgs/luminar_iris_msgs/msg/sensor_health.h
[1.789s] -- Installing: /home/artificial/bags_ws/install/luminar_iris_msgs/include/luminar_iris_msgs/luminar_iris_msgs/msg/detail
[1.789s] -- Installing: /home/artificial/bags_ws/install/luminar_iris_msgs/include/luminar_iris_msgs/luminar_iris_msgs/msg/detail/sensor_health__struct.h
[1.789s] -- Installing: /home/artificial/bags_ws/install/luminar_iris_msgs/include/luminar_iris_msgs/luminar_iris_msgs/msg/detail/sensor_health__functions.c
[1.789s] -- Installing: /home/artificial/bags_ws/install/luminar_iris_msgs/include/luminar_iris_msgs/luminar_iris_msgs/msg/detail/sensor_health__functions.h
[1.789s] -- Installing: /home/artificial/bags_ws/install/luminar_iris_msgs/include/luminar_iris_msgs/luminar_iris_msgs/msg/detail/sensor_health__type_support.h
[1.789s] -- Installing: /home/artificial/bags_ws/install/luminar_iris_msgs/include/luminar_iris_msgs/luminar_iris_msgs/msg/rosidl_generator_c__visibility_control.h
[1.789s] -- Installing: /home/artificial/bags_ws/install/luminar_iris_msgs/share/luminar_iris_msgs/environment/library_path.sh
[1.789s] -- Installing: /home/artificial/bags_ws/install/luminar_iris_msgs/share/luminar_iris_msgs/environment/library_path.dsv
[1.789s] -- Installing: /home/artificial/bags_ws/install/luminar_iris_msgs/lib/libluminar_iris_msgs__rosidl_generator_c.so
[1.789s] -- Set runtime path of "/home/artificial/bags_ws/install/luminar_iris_msgs/lib/libluminar_iris_msgs__rosidl_generator_c.so" to ""
[1.789s] -- Up-to-date: /home/artificial/bags_ws/install/luminar_iris_msgs/include/luminar_iris_msgs/luminar_iris_msgs
[1.789s] -- Up-to-date: /home/artificial/bags_ws/install/luminar_iris_msgs/include/luminar_iris_msgs/luminar_iris_msgs/msg
[1.789s] -- Up-to-date: /home/artificial/bags_ws/install/luminar_iris_msgs/include/luminar_iris_msgs/luminar_iris_msgs/msg/detail
[1.789s] -- Installing: /home/artificial/bags_ws/install/luminar_iris_msgs/include/luminar_iris_msgs/luminar_iris_msgs/msg/detail/sensor_health__rosidl_typesupport_fastrtps_c.h
[1.789s] -- Installing: /home/artificial/bags_ws/install/luminar_iris_msgs/include/luminar_iris_msgs/luminar_iris_msgs/msg/rosidl_typesupport_fastrtps_c__visibility_control.h
[1.789s] -- Installing: /home/artificial/bags_ws/install/luminar_iris_msgs/lib/libluminar_iris_msgs__rosidl_typesupport_fastrtps_c.so
[1.789s] -- Set runtime path of "/home/artificial/bags_ws/install/luminar_iris_msgs/lib/libluminar_iris_msgs__rosidl_typesupport_fastrtps_c.so" to ""
[1.789s] -- Up-to-date: /home/artificial/bags_ws/install/luminar_iris_msgs/include/luminar_iris_msgs/luminar_iris_msgs
[1.789s] -- Up-to-date: /home/artificial/bags_ws/install/luminar_iris_msgs/include/luminar_iris_msgs/luminar_iris_msgs/msg
[1.789s] -- Up-to-date: /home/artificial/bags_ws/install/luminar_iris_msgs/include/luminar_iris_msgs/luminar_iris_msgs/msg/detail
[1.789s] -- Installing: /home/artificial/bags_ws/install/luminar_iris_msgs/include/luminar_iris_msgs/luminar_iris_msgs/msg/detail/sensor_health__rosidl_typesupport_introspection_c.h
[1.789s] -- Installing: /home/artificial/bags_ws/install/luminar_iris_msgs/include/luminar_iris_msgs/luminar_iris_msgs/msg/detail/sensor_health__type_support.c
[1.789s] -- Installing: /home/artificial/bags_ws/install/luminar_iris_msgs/include/luminar_iris_msgs/luminar_iris_msgs/msg/rosidl_typesupport_introspection_c__visibility_control.h
[1.789s] -- Installing: /home/artificial/bags_ws/install/luminar_iris_msgs/lib/libluminar_iris_msgs__rosidl_typesupport_introspection_c.so
[1.790s] -- Set runtime path of "/home/artificial/bags_ws/install/luminar_iris_msgs/lib/libluminar_iris_msgs__rosidl_typesupport_introspection_c.so" to ""
[1.790s] -- Installing: /home/artificial/bags_ws/install/luminar_iris_msgs/lib/libluminar_iris_msgs__rosidl_typesupport_c.so
[1.790s] -- Set runtime path of "/home/artificial/bags_ws/install/luminar_iris_msgs/lib/libluminar_iris_msgs__rosidl_typesupport_c.so" to ""
[1.790s] -- Up-to-date: /home/artificial/bags_ws/install/luminar_iris_msgs/include/luminar_iris_msgs/luminar_iris_msgs
[1.790s] -- Up-to-date: /home/artificial/bags_ws/install/luminar_iris_msgs/include/luminar_iris_msgs/luminar_iris_msgs/msg
[1.790s] -- Installing: /home/artificial/bags_ws/install/luminar_iris_msgs/include/luminar_iris_msgs/luminar_iris_msgs/msg/sensor_health.hpp
[1.790s] -- Up-to-date: /home/artificial/bags_ws/install/luminar_iris_msgs/include/luminar_iris_msgs/luminar_iris_msgs/msg/detail
[1.790s] -- Installing: /home/artificial/bags_ws/install/luminar_iris_msgs/include/luminar_iris_msgs/luminar_iris_msgs/msg/detail/sensor_health__struct.hpp
[1.790s] -- Installing: /home/artificial/bags_ws/install/luminar_iris_msgs/include/luminar_iris_msgs/luminar_iris_msgs/msg/detail/sensor_health__traits.hpp
[1.790s] -- Installing: /home/artificial/bags_ws/install/luminar_iris_msgs/include/luminar_iris_msgs/luminar_iris_msgs/msg/detail/sensor_health__builder.hpp
[1.790s] -- Up-to-date: /home/artificial/bags_ws/install/luminar_iris_msgs/include/luminar_iris_msgs/luminar_iris_msgs
[1.790s] -- Up-to-date: /home/artificial/bags_ws/install/luminar_iris_msgs/include/luminar_iris_msgs/luminar_iris_msgs/msg
[1.790s] -- Up-to-date: /home/artificial/bags_ws/install/luminar_iris_msgs/include/luminar_iris_msgs/luminar_iris_msgs/msg/detail
[1.790s] -- Installing: /home/artificial/bags_ws/install/luminar_iris_msgs/include/luminar_iris_msgs/luminar_iris_msgs/msg/detail/sensor_health__rosidl_typesupport_fastrtps_cpp.hpp
[1.790s] -- Installing: /home/artificial/bags_ws/install/luminar_iris_msgs/include/luminar_iris_msgs/luminar_iris_msgs/msg/detail/dds_fastrtps
[1.790s] -- Installing: /home/artificial/bags_ws/install/luminar_iris_msgs/include/luminar_iris_msgs/luminar_iris_msgs/msg/rosidl_typesupport_fastrtps_cpp__visibility_control.h
[1.790s] -- Installing: /home/artificial/bags_ws/install/luminar_iris_msgs/lib/libluminar_iris_msgs__rosidl_typesupport_fastrtps_cpp.so
[1.790s] -- Set runtime path of "/home/artificial/bags_ws/install/luminar_iris_msgs/lib/libluminar_iris_msgs__rosidl_typesupport_fastrtps_cpp.so" to ""
[1.790s] -- Up-to-date: /home/artificial/bags_ws/install/luminar_iris_msgs/include/luminar_iris_msgs/luminar_iris_msgs
[1.790s] -- Up-to-date: /home/artificial/bags_ws/install/luminar_iris_msgs/include/luminar_iris_msgs/luminar_iris_msgs/msg
[1.790s] -- Up-to-date: /home/artificial/bags_ws/install/luminar_iris_msgs/include/luminar_iris_msgs/luminar_iris_msgs/msg/detail
[1.790s] -- Installing: /home/artificial/bags_ws/install/luminar_iris_msgs/include/luminar_iris_msgs/luminar_iris_msgs/msg/detail/sensor_health__type_support.cpp
[1.790s] -- Installing: /home/artificial/bags_ws/install/luminar_iris_msgs/include/luminar_iris_msgs/luminar_iris_msgs/msg/detail/sensor_health__rosidl_typesupport_introspection_cpp.hpp
[1.790s] -- Installing: /home/artificial/bags_ws/install/luminar_iris_msgs/lib/libluminar_iris_msgs__rosidl_typesupport_introspection_cpp.so
[1.791s] -- Set runtime path of "/home/artificial/bags_ws/install/luminar_iris_msgs/lib/libluminar_iris_msgs__rosidl_typesupport_introspection_cpp.so" to ""
[1.791s] -- Installing: /home/artificial/bags_ws/install/luminar_iris_msgs/lib/libluminar_iris_msgs__rosidl_typesupport_cpp.so
[1.791s] -- Set runtime path of "/home/artificial/bags_ws/install/luminar_iris_msgs/lib/libluminar_iris_msgs__rosidl_typesupport_cpp.so" to ""
[1.791s] -- Installing: /home/artificial/bags_ws/install/luminar_iris_msgs/share/luminar_iris_msgs/environment/pythonpath.sh
[1.791s] -- Installing: /home/artificial/bags_ws/install/luminar_iris_msgs/share/luminar_iris_msgs/environment/pythonpath.dsv
[1.791s] -- Installing: /home/artificial/bags_ws/install/luminar_iris_msgs/local/lib/python3.10/dist-packages/luminar_iris_msgs-0.0.0-py3.10.egg-info
[1.791s] -- Installing: /home/artificial/bags_ws/install/luminar_iris_msgs/local/lib/python3.10/dist-packages/luminar_iris_msgs-0.0.0-py3.10.egg-info/SOURCES.txt
[1.791s] -- Installing: /home/artificial/bags_ws/install/luminar_iris_msgs/local/lib/python3.10/dist-packages/luminar_iris_msgs-0.0.0-py3.10.egg-info/PKG-INFO
[1.791s] -- Installing: /home/artificial/bags_ws/install/luminar_iris_msgs/local/lib/python3.10/dist-packages/luminar_iris_msgs-0.0.0-py3.10.egg-info/dependency_links.txt
[1.791s] -- Installing: /home/artificial/bags_ws/install/luminar_iris_msgs/local/lib/python3.10/dist-packages/luminar_iris_msgs-0.0.0-py3.10.egg-info/top_level.txt
[1.791s] -- Installing: /home/artificial/bags_ws/install/luminar_iris_msgs/local/lib/python3.10/dist-packages/luminar_iris_msgs
[1.791s] -- Installing: /home/artificial/bags_ws/install/luminar_iris_msgs/local/lib/python3.10/dist-packages/luminar_iris_msgs/_luminar_iris_msgs_s.ep.rosidl_typesupport_introspection_c.c
[1.791s] -- Installing: /home/artificial/bags_ws/install/luminar_iris_msgs/local/lib/python3.10/dist-packages/luminar_iris_msgs/libluminar_iris_msgs__rosidl_generator_py.so
[1.791s] -- Installing: /home/artificial/bags_ws/install/luminar_iris_msgs/local/lib/python3.10/dist-packages/luminar_iris_msgs/_luminar_iris_msgs_s.ep.rosidl_typesupport_fastrtps_c.c
[1.791s] -- Installing: /home/artificial/bags_ws/install/luminar_iris_msgs/local/lib/python3.10/dist-packages/luminar_iris_msgs/__init__.py
[1.791s] -- Installing: /home/artificial/bags_ws/install/luminar_iris_msgs/local/lib/python3.10/dist-packages/luminar_iris_msgs/luminar_iris_msgs_s__rosidl_typesupport_c.cpython-310-x86_64-linux-gnu.so
[1.791s] -- Installing: /home/artificial/bags_ws/install/luminar_iris_msgs/local/lib/python3.10/dist-packages/luminar_iris_msgs/luminar_iris_msgs_s__rosidl_typesupport_introspection_c.cpython-310-x86_64-linux-gnu.so
[1.791s] -- Installing: /home/artificial/bags_ws/install/luminar_iris_msgs/local/lib/python3.10/dist-packages/luminar_iris_msgs/_luminar_iris_msgs_s.ep.rosidl_typesupport_c.c
[1.791s] -- Installing: /home/artificial/bags_ws/install/luminar_iris_msgs/local/lib/python3.10/dist-packages/luminar_iris_msgs/luminar_iris_msgs_s__rosidl_typesupport_fastrtps_c.cpython-310-x86_64-linux-gnu.so
[1.791s] -- Installing: /home/artificial/bags_ws/install/luminar_iris_msgs/local/lib/python3.10/dist-packages/luminar_iris_msgs/msg
[1.791s] -- Installing: /home/artificial/bags_ws/install/luminar_iris_msgs/local/lib/python3.10/dist-packages/luminar_iris_msgs/msg/_sensor_health.py
[1.791s] -- Installing: /home/artificial/bags_ws/install/luminar_iris_msgs/local/lib/python3.10/dist-packages/luminar_iris_msgs/msg/__init__.py
[1.791s] -- Installing: /home/artificial/bags_ws/install/luminar_iris_msgs/local/lib/python3.10/dist-packages/luminar_iris_msgs/msg/_sensor_health_s.c
[1.810s] Listing '/home/artificial/bags_ws/install/luminar_iris_msgs/local/lib/python3.10/dist-packages/luminar_iris_msgs'...
[1.810s] Compiling '/home/artificial/bags_ws/install/luminar_iris_msgs/local/lib/python3.10/dist-packages/luminar_iris_msgs/__init__.py'...
[1.810s] Listing '/home/artificial/bags_ws/install/luminar_iris_msgs/local/lib/python3.10/dist-packages/luminar_iris_msgs/msg'...
[1.810s] Compiling '/home/artificial/bags_ws/install/luminar_iris_msgs/local/lib/python3.10/dist-packages/luminar_iris_msgs/msg/__init__.py'...
[1.810s] Compiling '/home/artificial/bags_ws/install/luminar_iris_msgs/local/lib/python3.10/dist-packages/luminar_iris_msgs/msg/_sensor_health.py'...
[1.813s] -- Installing: /home/artificial/bags_ws/install/luminar_iris_msgs/local/lib/python3.10/dist-packages/luminar_iris_msgs/luminar_iris_msgs_s__rosidl_typesupport_fastrtps_c.cpython-310-x86_64-linux-gnu.so
[1.813s] -- Set runtime path of "/home/artificial/bags_ws/install/luminar_iris_msgs/local/lib/python3.10/dist-packages/luminar_iris_msgs/luminar_iris_msgs_s__rosidl_typesupport_fastrtps_c.cpython-310-x86_64-linux-gnu.so" to ""
[1.813s] -- Installing: /home/artificial/bags_ws/install/luminar_iris_msgs/local/lib/python3.10/dist-packages/luminar_iris_msgs/luminar_iris_msgs_s__rosidl_typesupport_introspection_c.cpython-310-x86_64-linux-gnu.so
[1.813s] -- Set runtime path of "/home/artificial/bags_ws/install/luminar_iris_msgs/local/lib/python3.10/dist-packages/luminar_iris_msgs/luminar_iris_msgs_s__rosidl_typesupport_introspection_c.cpython-310-x86_64-linux-gnu.so" to ""
[1.813s] -- Installing: /home/artificial/bags_ws/install/luminar_iris_msgs/local/lib/python3.10/dist-packages/luminar_iris_msgs/luminar_iris_msgs_s__rosidl_typesupport_c.cpython-310-x86_64-linux-gnu.so
[1.813s] -- Set runtime path of "/home/artificial/bags_ws/install/luminar_iris_msgs/local/lib/python3.10/dist-packages/luminar_iris_msgs/luminar_iris_msgs_s__rosidl_typesupport_c.cpython-310-x86_64-linux-gnu.so" to ""
[1.813s] -- Installing: /home/artificial/bags_ws/install/luminar_iris_msgs/lib/libluminar_iris_msgs__rosidl_generator_py.so
[1.814s] -- Set runtime path of "/home/artificial/bags_ws/install/luminar_iris_msgs/lib/libluminar_iris_msgs__rosidl_generator_py.so" to ""
[1.814s] -- Installing: /home/artificial/bags_ws/install/luminar_iris_msgs/share/luminar_iris_msgs/msg/SensorHealth.idl
[1.814s] -- Installing: /home/artificial/bags_ws/install/luminar_iris_msgs/share/luminar_iris_msgs/msg/SensorHealth.msg
[1.814s] -- Installing: /home/artificial/bags_ws/install/luminar_iris_msgs/share/ament_index/resource_index/package_run_dependencies/luminar_iris_msgs
[1.814s] -- Installing: /home/artificial/bags_ws/install/luminar_iris_msgs/share/ament_index/resource_index/parent_prefix_path/luminar_iris_msgs
[1.814s] -- Installing: /home/artificial/bags_ws/install/luminar_iris_msgs/share/luminar_iris_msgs/environment/ament_prefix_path.sh
[1.814s] -- Installing: /home/artificial/bags_ws/install/luminar_iris_msgs/share/luminar_iris_msgs/environment/ament_prefix_path.dsv
[1.814s] -- Installing: /home/artificial/bags_ws/install/luminar_iris_msgs/share/luminar_iris_msgs/environment/path.sh
[1.814s] -- Installing: /home/artificial/bags_ws/install/luminar_iris_msgs/share/luminar_iris_msgs/environment/path.dsv
[1.814s] -- Installing: /home/artificial/bags_ws/install/luminar_iris_msgs/share/luminar_iris_msgs/local_setup.bash
[1.814s] -- Installing: /home/artificial/bags_ws/install/luminar_iris_msgs/share/luminar_iris_msgs/local_setup.sh
[1.814s] -- Installing: /home/artificial/bags_ws/install/luminar_iris_msgs/share/luminar_iris_msgs/local_setup.zsh
[1.814s] -- Installing: /home/artificial/bags_ws/install/luminar_iris_msgs/share/luminar_iris_msgs/local_setup.dsv
[1.814s] -- Installing: /home/artificial/bags_ws/install/luminar_iris_msgs/share/luminar_iris_msgs/package.dsv
[1.814s] -- Installing: /home/artificial/bags_ws/install/luminar_iris_msgs/share/ament_index/resource_index/packages/luminar_iris_msgs
[1.814s] -- Installing: /home/artificial/bags_ws/install/luminar_iris_msgs/share/luminar_iris_msgs/cmake/export_luminar_iris_msgs__rosidl_generator_cExport.cmake
[1.814s] -- Installing: /home/artificial/bags_ws/install/luminar_iris_msgs/share/luminar_iris_msgs/cmake/export_luminar_iris_msgs__rosidl_generator_cExport-noconfig.cmake
[1.814s] -- Installing: /home/artificial/bags_ws/install/luminar_iris_msgs/share/luminar_iris_msgs/cmake/export_luminar_iris_msgs__rosidl_typesupport_fastrtps_cExport.cmake
[1.815s] -- Installing: /home/artificial/bags_ws/install/luminar_iris_msgs/share/luminar_iris_msgs/cmake/export_luminar_iris_msgs__rosidl_typesupport_fastrtps_cExport-noconfig.cmake
[1.815s] -- Installing: /home/artificial/bags_ws/install/luminar_iris_msgs/share/luminar_iris_msgs/cmake/luminar_iris_msgs__rosidl_typesupport_introspection_cExport.cmake
[1.815s] -- Installing: /home/artificial/bags_ws/install/luminar_iris_msgs/share/luminar_iris_msgs/cmake/luminar_iris_msgs__rosidl_typesupport_introspection_cExport-noconfig.cmake
[1.815s] -- Installing: /home/artificial/bags_ws/install/luminar_iris_msgs/share/luminar_iris_msgs/cmake/luminar_iris_msgs__rosidl_typesupport_cExport.cmake
[1.815s] -- Installing: /home/artificial/bags_ws/install/luminar_iris_msgs/share/luminar_iris_msgs/cmake/luminar_iris_msgs__rosidl_typesupport_cExport-noconfig.cmake
[1.815s] -- Installing: /home/artificial/bags_ws/install/luminar_iris_msgs/share/luminar_iris_msgs/cmake/export_luminar_iris_msgs__rosidl_generator_cppExport.cmake
[1.815s] -- Installing: /home/artificial/bags_ws/install/luminar_iris_msgs/share/luminar_iris_msgs/cmake/export_luminar_iris_msgs__rosidl_typesupport_fastrtps_cppExport.cmake
[1.815s] -- Installing: /home/artificial/bags_ws/install/luminar_iris_msgs/share/luminar_iris_msgs/cmake/export_luminar_iris_msgs__rosidl_typesupport_fastrtps_cppExport-noconfig.cmake
[1.815s] -- Installing: /home/artificial/bags_ws/install/luminar_iris_msgs/share/luminar_iris_msgs/cmake/luminar_iris_msgs__rosidl_typesupport_introspection_cppExport.cmake
[1.815s] -- Installing: /home/artificial/bags_ws/install/luminar_iris_msgs/share/luminar_iris_msgs/cmake/luminar_iris_msgs__rosidl_typesupport_introspection_cppExport-noconfig.cmake
[1.815s] -- Installing: /home/artificial/bags_ws/install/luminar_iris_msgs/share/luminar_iris_msgs/cmake/luminar_iris_msgs__rosidl_typesupport_cppExport.cmake
[1.815s] -- Installing: /home/artificial/bags_ws/install/luminar_iris_msgs/share/luminar_iris_msgs/cmake/luminar_iris_msgs__rosidl_typesupport_cppExport-noconfig.cmake
[1.815s] -- Installing: /home/artificial/bags_ws/install/luminar_iris_msgs/share/luminar_iris_msgs/cmake/export_luminar_iris_msgs__rosidl_generator_pyExport.cmake
[1.815s] -- Installing: /home/artificial/bags_ws/install/luminar_iris_msgs/share/luminar_iris_msgs/cmake/export_luminar_iris_msgs__rosidl_generator_pyExport-noconfig.cmake
[1.815s] -- Installing: /home/artificial/bags_ws/install/luminar_iris_msgs/share/luminar_iris_msgs/cmake/rosidl_cmake-extras.cmake
[1.815s] -- Installing: /home/artificial/bags_ws/install/luminar_iris_msgs/share/luminar_iris_msgs/cmake/ament_cmake_export_dependencies-extras.cmake
[1.815s] -- Installing: /home/artificial/bags_ws/install/luminar_iris_msgs/share/luminar_iris_msgs/cmake/ament_cmake_export_include_directories-extras.cmake
[1.815s] -- Installing: /home/artificial/bags_ws/install/luminar_iris_msgs/share/luminar_iris_msgs/cmake/ament_cmake_export_libraries-extras.cmake
[1.815s] -- Installing: /home/artificial/bags_ws/install/luminar_iris_msgs/share/luminar_iris_msgs/cmake/ament_cmake_export_targets-extras.cmake
[1.815s] -- Installing: /home/artificial/bags_ws/install/luminar_iris_msgs/share/luminar_iris_msgs/cmake/rosidl_cmake_export_typesupport_targets-extras.cmake
[1.815s] -- Installing: /home/artificial/bags_ws/install/luminar_iris_msgs/share/luminar_iris_msgs/cmake/rosidl_cmake_export_typesupport_libraries-extras.cmake
[1.815s] -- Installing: /home/artificial/bags_ws/install/luminar_iris_msgs/share/luminar_iris_msgs/cmake/luminar_iris_msgsConfig.cmake
[1.815s] -- Installing: /home/artificial/bags_ws/install/luminar_iris_msgs/share/luminar_iris_msgs/cmake/luminar_iris_msgsConfig-version.cmake
[1.815s] -- Installing: /home/artificial/bags_ws/install/luminar_iris_msgs/share/luminar_iris_msgs/package.xml
[1.817s] Invoked command in '/home/artificial/bags_ws/build/luminar_iris_msgs' returned '0': CMAKE_PREFIX_PATH=${CMAKE_PREFIX_PATH}:/opt/ros/humble /usr/bin/cmake --install /home/artificial/bags_ws/build/luminar_iris_msgs
