[0.044s] DEBUG:colcon:Command line arguments: ['/usr/bin/colcon', 'build']
[0.044s] DEBUG:colcon:Parsed command line arguments: Namespace(log_base=None, log_level=None, verb_name='build', build_base='build', install_base='install', merge_install=False, symlink_install=False, test_result_base=None, continue_on_error=False, executor='parallel', parallel_workers=16, event_handlers=None, ignore_user_meta=False, metas=['./colcon.meta'], base_paths=['.'], packages_ignore=None, packages_ignore_regex=None, paths=None, packages_up_to=None, packages_up_to_regex=None, packages_above=None, packages_above_and_dependencies=None, packages_above_depth=None, packages_select_by_dep=None, packages_skip_by_dep=None, packages_skip_up_to=None, packages_select_build_failed=False, packages_skip_build_finished=False, packages_select_test_failures=False, packages_skip_test_passed=False, packages_select=None, packages_skip=None, packages_select_regex=None, packages_skip_regex=None, packages_start=None, packages_end=None, allow_overriding=[], cmake_args=None, cmake_target=None, cmake_target_skip_unavailable=False, cmake_clean_cache=False, cmake_clean_first=False, cmake_force_configure=False, ament_cmake_args=None, catkin_cmake_args=None, catkin_skip_building_tests=False, verb_parser=<colcon_defaults.argument_parser.defaults.DefaultArgumentsDecorator object at 0x7ce7db001de0>, verb_extension=<colcon_core.verb.build.BuildVerb object at 0x7ce7db001840>, main=<bound method BuildVerb.main of <colcon_core.verb.build.BuildVerb object at 0x7ce7db001840>>)
[0.124s] Level 1:colcon.colcon_core.package_discovery:discover_packages(colcon_meta) check parameters
[0.124s] Level 1:colcon.colcon_core.package_discovery:discover_packages(recursive) check parameters
[0.124s] Level 1:colcon.colcon_core.package_discovery:discover_packages(ignore) check parameters
[0.124s] Level 1:colcon.colcon_core.package_discovery:discover_packages(path) check parameters
[0.124s] Level 1:colcon.colcon_core.package_discovery:discover_packages(colcon_meta) discover
[0.124s] Level 1:colcon.colcon_core.package_discovery:discover_packages(recursive) discover
[0.124s] INFO:colcon.colcon_core.package_discovery:Crawling recursively for packages in '/home/artificial/bags_ws'
[0.124s] Level 1:colcon.colcon_core.package_identification:_identify(.) by extensions ['ignore', 'ignore_ament_install']
[0.124s] Level 1:colcon.colcon_core.package_identification:_identify(.) by extension 'ignore'
[0.125s] Level 1:colcon.colcon_core.package_identification:_identify(.) by extension 'ignore_ament_install'
[0.125s] Level 1:colcon.colcon_core.package_identification:_identify(.) by extensions ['colcon_pkg']
[0.125s] Level 1:colcon.colcon_core.package_identification:_identify(.) by extension 'colcon_pkg'
[0.125s] Level 1:colcon.colcon_core.package_identification:_identify(.) by extensions ['colcon_meta']
[0.125s] Level 1:colcon.colcon_core.package_identification:_identify(.) by extension 'colcon_meta'
[0.125s] Level 1:colcon.colcon_core.package_identification:_identify(.) by extensions ['ros']
[0.125s] Level 1:colcon.colcon_core.package_identification:_identify(.) by extension 'ros'
[0.129s] Level 1:colcon.colcon_core.package_identification:_identify(.) by extensions ['cmake', 'python']
[0.129s] Level 1:colcon.colcon_core.package_identification:_identify(.) by extension 'cmake'
[0.129s] Level 1:colcon.colcon_core.package_identification:_identify(.) by extension 'python'
[0.129s] Level 1:colcon.colcon_core.package_identification:_identify(.) by extensions ['python_setup_py']
[0.130s] Level 1:colcon.colcon_core.package_identification:_identify(.) by extension 'python_setup_py'
[0.130s] Level 1:colcon.colcon_core.package_identification:_identify(build) by extensions ['ignore', 'ignore_ament_install']
[0.130s] Level 1:colcon.colcon_core.package_identification:_identify(build) by extension 'ignore'
[0.130s] Level 1:colcon.colcon_core.package_identification:_identify(build) ignored
[0.130s] Level 1:colcon.colcon_core.package_identification:_identify(install) by extensions ['ignore', 'ignore_ament_install']
[0.130s] Level 1:colcon.colcon_core.package_identification:_identify(install) by extension 'ignore'
[0.130s] Level 1:colcon.colcon_core.package_identification:_identify(install) ignored
[0.130s] Level 1:colcon.colcon_core.package_identification:_identify(log) by extensions ['ignore', 'ignore_ament_install']
[0.130s] Level 1:colcon.colcon_core.package_identification:_identify(log) by extension 'ignore'
[0.130s] Level 1:colcon.colcon_core.package_identification:_identify(log) ignored
[0.130s] Level 1:colcon.colcon_core.package_identification:_identify(src) by extensions ['ignore', 'ignore_ament_install']
[0.130s] Level 1:colcon.colcon_core.package_identification:_identify(src) by extension 'ignore'
[0.130s] Level 1:colcon.colcon_core.package_identification:_identify(src) by extension 'ignore_ament_install'
[0.130s] Level 1:colcon.colcon_core.package_identification:_identify(src) by extensions ['colcon_pkg']
[0.130s] Level 1:colcon.colcon_core.package_identification:_identify(src) by extension 'colcon_pkg'
[0.130s] Level 1:colcon.colcon_core.package_identification:_identify(src) by extensions ['colcon_meta']
[0.130s] Level 1:colcon.colcon_core.package_identification:_identify(src) by extension 'colcon_meta'
[0.130s] Level 1:colcon.colcon_core.package_identification:_identify(src) by extensions ['ros']
[0.130s] Level 1:colcon.colcon_core.package_identification:_identify(src) by extension 'ros'
[0.130s] Level 1:colcon.colcon_core.package_identification:_identify(src) by extensions ['cmake', 'python']
[0.130s] Level 1:colcon.colcon_core.package_identification:_identify(src) by extension 'cmake'
[0.130s] Level 1:colcon.colcon_core.package_identification:_identify(src) by extension 'python'
[0.130s] Level 1:colcon.colcon_core.package_identification:_identify(src) by extensions ['python_setup_py']
[0.130s] Level 1:colcon.colcon_core.package_identification:_identify(src) by extension 'python_setup_py'
[0.130s] Level 1:colcon.colcon_core.package_identification:_identify(src/icp_test) by extensions ['ignore', 'ignore_ament_install']
[0.130s] Level 1:colcon.colcon_core.package_identification:_identify(src/icp_test) by extension 'ignore'
[0.130s] Level 1:colcon.colcon_core.package_identification:_identify(src/icp_test) by extension 'ignore_ament_install'
[0.130s] Level 1:colcon.colcon_core.package_identification:_identify(src/icp_test) by extensions ['colcon_pkg']
[0.130s] Level 1:colcon.colcon_core.package_identification:_identify(src/icp_test) by extension 'colcon_pkg'
[0.130s] Level 1:colcon.colcon_core.package_identification:_identify(src/icp_test) by extensions ['colcon_meta']
[0.130s] Level 1:colcon.colcon_core.package_identification:_identify(src/icp_test) by extension 'colcon_meta'
[0.130s] Level 1:colcon.colcon_core.package_identification:_identify(src/icp_test) by extensions ['ros']
[0.130s] Level 1:colcon.colcon_core.package_identification:_identify(src/icp_test) by extension 'ros'
[0.132s] DEBUG:colcon.colcon_core.package_identification:Package 'src/icp_test' with type 'ros.ament_cmake' and name 'icp_test'
[0.132s] Level 1:colcon.colcon_core.package_identification:_identify(src/my_cpp_package) by extensions ['ignore', 'ignore_ament_install']
[0.132s] Level 1:colcon.colcon_core.package_identification:_identify(src/my_cpp_package) by extension 'ignore'
[0.132s] Level 1:colcon.colcon_core.package_identification:_identify(src/my_cpp_package) by extension 'ignore_ament_install'
[0.132s] Level 1:colcon.colcon_core.package_identification:_identify(src/my_cpp_package) by extensions ['colcon_pkg']
[0.132s] Level 1:colcon.colcon_core.package_identification:_identify(src/my_cpp_package) by extension 'colcon_pkg'
[0.132s] Level 1:colcon.colcon_core.package_identification:_identify(src/my_cpp_package) by extensions ['colcon_meta']
[0.132s] Level 1:colcon.colcon_core.package_identification:_identify(src/my_cpp_package) by extension 'colcon_meta'
[0.132s] Level 1:colcon.colcon_core.package_identification:_identify(src/my_cpp_package) by extensions ['ros']
[0.132s] Level 1:colcon.colcon_core.package_identification:_identify(src/my_cpp_package) by extension 'ros'
[0.132s] DEBUG:colcon.colcon_core.package_identification:Package 'src/my_cpp_package' with type 'ros.ament_cmake' and name 'my_cpp_package'
[0.132s] Level 1:colcon.colcon_core.package_identification:_identify(src/ros2_iris_driver) by extensions ['ignore', 'ignore_ament_install']
[0.133s] Level 1:colcon.colcon_core.package_identification:_identify(src/ros2_iris_driver) by extension 'ignore'
[0.133s] Level 1:colcon.colcon_core.package_identification:_identify(src/ros2_iris_driver) by extension 'ignore_ament_install'
[0.133s] Level 1:colcon.colcon_core.package_identification:_identify(src/ros2_iris_driver) by extensions ['colcon_pkg']
[0.133s] Level 1:colcon.colcon_core.package_identification:_identify(src/ros2_iris_driver) by extension 'colcon_pkg'
[0.133s] Level 1:colcon.colcon_core.package_identification:_identify(src/ros2_iris_driver) by extensions ['colcon_meta']
[0.133s] Level 1:colcon.colcon_core.package_identification:_identify(src/ros2_iris_driver) by extension 'colcon_meta'
[0.133s] Level 1:colcon.colcon_core.package_identification:_identify(src/ros2_iris_driver) by extensions ['ros']
[0.133s] Level 1:colcon.colcon_core.package_identification:_identify(src/ros2_iris_driver) by extension 'ros'
[0.133s] Level 1:colcon.colcon_core.package_identification:_identify(src/ros2_iris_driver) by extensions ['cmake', 'python']
[0.133s] Level 1:colcon.colcon_core.package_identification:_identify(src/ros2_iris_driver) by extension 'cmake'
[0.133s] Level 1:colcon.colcon_core.package_identification:_identify(src/ros2_iris_driver) by extension 'python'
[0.133s] Level 1:colcon.colcon_core.package_identification:_identify(src/ros2_iris_driver) by extensions ['python_setup_py']
[0.133s] Level 1:colcon.colcon_core.package_identification:_identify(src/ros2_iris_driver) by extension 'python_setup_py'
[0.133s] Level 1:colcon.colcon_core.package_identification:_identify(src/ros2_iris_driver/luminar_iris_msgs) by extensions ['ignore', 'ignore_ament_install']
[0.133s] Level 1:colcon.colcon_core.package_identification:_identify(src/ros2_iris_driver/luminar_iris_msgs) by extension 'ignore'
[0.133s] Level 1:colcon.colcon_core.package_identification:_identify(src/ros2_iris_driver/luminar_iris_msgs) by extension 'ignore_ament_install'
[0.133s] Level 1:colcon.colcon_core.package_identification:_identify(src/ros2_iris_driver/luminar_iris_msgs) by extensions ['colcon_pkg']
[0.133s] Level 1:colcon.colcon_core.package_identification:_identify(src/ros2_iris_driver/luminar_iris_msgs) by extension 'colcon_pkg'
[0.133s] Level 1:colcon.colcon_core.package_identification:_identify(src/ros2_iris_driver/luminar_iris_msgs) by extensions ['colcon_meta']
[0.133s] Level 1:colcon.colcon_core.package_identification:_identify(src/ros2_iris_driver/luminar_iris_msgs) by extension 'colcon_meta'
[0.133s] Level 1:colcon.colcon_core.package_identification:_identify(src/ros2_iris_driver/luminar_iris_msgs) by extensions ['ros']
[0.133s] Level 1:colcon.colcon_core.package_identification:_identify(src/ros2_iris_driver/luminar_iris_msgs) by extension 'ros'
[0.133s] DEBUG:colcon.colcon_core.package_identification:Package 'src/ros2_iris_driver/luminar_iris_msgs' with type 'ros.ament_cmake' and name 'luminar_iris_msgs'
[0.133s] Level 1:colcon.colcon_core.package_identification:_identify(src/ros2_iris_driver/ros2_iris_driver) by extensions ['ignore', 'ignore_ament_install']
[0.133s] Level 1:colcon.colcon_core.package_identification:_identify(src/ros2_iris_driver/ros2_iris_driver) by extension 'ignore'
[0.133s] Level 1:colcon.colcon_core.package_identification:_identify(src/ros2_iris_driver/ros2_iris_driver) by extension 'ignore_ament_install'
[0.133s] Level 1:colcon.colcon_core.package_identification:_identify(src/ros2_iris_driver/ros2_iris_driver) by extensions ['colcon_pkg']
[0.133s] Level 1:colcon.colcon_core.package_identification:_identify(src/ros2_iris_driver/ros2_iris_driver) by extension 'colcon_pkg'
[0.133s] Level 1:colcon.colcon_core.package_identification:_identify(src/ros2_iris_driver/ros2_iris_driver) by extensions ['colcon_meta']
[0.133s] Level 1:colcon.colcon_core.package_identification:_identify(src/ros2_iris_driver/ros2_iris_driver) by extension 'colcon_meta'
[0.133s] Level 1:colcon.colcon_core.package_identification:_identify(src/ros2_iris_driver/ros2_iris_driver) by extensions ['ros']
[0.133s] Level 1:colcon.colcon_core.package_identification:_identify(src/ros2_iris_driver/ros2_iris_driver) by extension 'ros'
[0.138s] DEBUG:colcon.colcon_core.package_identification:Package 'src/ros2_iris_driver/ros2_iris_driver' with type 'ros.ament_cmake' and name 'ros2_iris_driver'
[0.138s] Level 1:colcon.colcon_core.package_discovery:discover_packages(recursive) using defaults
[0.138s] Level 1:colcon.colcon_core.package_discovery:discover_packages(ignore) discover
[0.138s] Level 1:colcon.colcon_core.package_discovery:discover_packages(ignore) using defaults
[0.138s] Level 1:colcon.colcon_core.package_discovery:discover_packages(path) discover
[0.138s] Level 1:colcon.colcon_core.package_discovery:discover_packages(path) using defaults
[0.147s] Level 1:colcon.colcon_core.package_discovery:discover_packages(prefix_path) check parameters
[0.147s] Level 1:colcon.colcon_core.package_discovery:discover_packages(prefix_path) discover
[0.148s] DEBUG:colcon.colcon_installed_package_information.package_discovery:Found 298 installed packages in /opt/ros/humble
[0.148s] Level 1:colcon.colcon_core.package_discovery:discover_packages(prefix_path) using defaults
[0.164s] Level 5:colcon.colcon_core.verb:set package 'icp_test' build argument 'cmake_args' from command line to 'None'
[0.164s] Level 5:colcon.colcon_core.verb:set package 'icp_test' build argument 'cmake_target' from command line to 'None'
[0.164s] Level 5:colcon.colcon_core.verb:set package 'icp_test' build argument 'cmake_target_skip_unavailable' from command line to 'False'
[0.164s] Level 5:colcon.colcon_core.verb:set package 'icp_test' build argument 'cmake_clean_cache' from command line to 'False'
[0.164s] Level 5:colcon.colcon_core.verb:set package 'icp_test' build argument 'cmake_clean_first' from command line to 'False'
[0.164s] Level 5:colcon.colcon_core.verb:set package 'icp_test' build argument 'cmake_force_configure' from command line to 'False'
[0.164s] Level 5:colcon.colcon_core.verb:set package 'icp_test' build argument 'ament_cmake_args' from command line to 'None'
[0.164s] Level 5:colcon.colcon_core.verb:set package 'icp_test' build argument 'catkin_cmake_args' from command line to 'None'
[0.164s] Level 5:colcon.colcon_core.verb:set package 'icp_test' build argument 'catkin_skip_building_tests' from command line to 'False'
[0.164s] DEBUG:colcon.colcon_core.verb:Building package 'icp_test' with the following arguments: {'ament_cmake_args': None, 'build_base': '/home/artificial/bags_ws/build/icp_test', 'catkin_cmake_args': None, 'catkin_skip_building_tests': False, 'cmake_args': None, 'cmake_clean_cache': False, 'cmake_clean_first': False, 'cmake_force_configure': False, 'cmake_target': None, 'cmake_target_skip_unavailable': False, 'install_base': '/home/artificial/bags_ws/install/icp_test', 'merge_install': False, 'path': '/home/artificial/bags_ws/src/icp_test', 'symlink_install': False, 'test_result_base': None}
[0.164s] Level 5:colcon.colcon_core.verb:set package 'luminar_iris_msgs' build argument 'cmake_args' from command line to 'None'
[0.164s] Level 5:colcon.colcon_core.verb:set package 'luminar_iris_msgs' build argument 'cmake_target' from command line to 'None'
[0.164s] Level 5:colcon.colcon_core.verb:set package 'luminar_iris_msgs' build argument 'cmake_target_skip_unavailable' from command line to 'False'
[0.164s] Level 5:colcon.colcon_core.verb:set package 'luminar_iris_msgs' build argument 'cmake_clean_cache' from command line to 'False'
[0.164s] Level 5:colcon.colcon_core.verb:set package 'luminar_iris_msgs' build argument 'cmake_clean_first' from command line to 'False'
[0.164s] Level 5:colcon.colcon_core.verb:set package 'luminar_iris_msgs' build argument 'cmake_force_configure' from command line to 'False'
[0.164s] Level 5:colcon.colcon_core.verb:set package 'luminar_iris_msgs' build argument 'ament_cmake_args' from command line to 'None'
[0.164s] Level 5:colcon.colcon_core.verb:set package 'luminar_iris_msgs' build argument 'catkin_cmake_args' from command line to 'None'
[0.164s] Level 5:colcon.colcon_core.verb:set package 'luminar_iris_msgs' build argument 'catkin_skip_building_tests' from command line to 'False'
[0.164s] DEBUG:colcon.colcon_core.verb:Building package 'luminar_iris_msgs' with the following arguments: {'ament_cmake_args': None, 'build_base': '/home/artificial/bags_ws/build/luminar_iris_msgs', 'catkin_cmake_args': None, 'catkin_skip_building_tests': False, 'cmake_args': None, 'cmake_clean_cache': False, 'cmake_clean_first': False, 'cmake_force_configure': False, 'cmake_target': None, 'cmake_target_skip_unavailable': False, 'install_base': '/home/artificial/bags_ws/install/luminar_iris_msgs', 'merge_install': False, 'path': '/home/artificial/bags_ws/src/ros2_iris_driver/luminar_iris_msgs', 'symlink_install': False, 'test_result_base': None}
[0.164s] Level 5:colcon.colcon_core.verb:set package 'my_cpp_package' build argument 'cmake_args' from command line to 'None'
[0.164s] Level 5:colcon.colcon_core.verb:set package 'my_cpp_package' build argument 'cmake_target' from command line to 'None'
[0.164s] Level 5:colcon.colcon_core.verb:set package 'my_cpp_package' build argument 'cmake_target_skip_unavailable' from command line to 'False'
[0.164s] Level 5:colcon.colcon_core.verb:set package 'my_cpp_package' build argument 'cmake_clean_cache' from command line to 'False'
[0.164s] Level 5:colcon.colcon_core.verb:set package 'my_cpp_package' build argument 'cmake_clean_first' from command line to 'False'
[0.164s] Level 5:colcon.colcon_core.verb:set package 'my_cpp_package' build argument 'cmake_force_configure' from command line to 'False'
[0.164s] Level 5:colcon.colcon_core.verb:set package 'my_cpp_package' build argument 'ament_cmake_args' from command line to 'None'
[0.164s] Level 5:colcon.colcon_core.verb:set package 'my_cpp_package' build argument 'catkin_cmake_args' from command line to 'None'
[0.164s] Level 5:colcon.colcon_core.verb:set package 'my_cpp_package' build argument 'catkin_skip_building_tests' from command line to 'False'
[0.164s] DEBUG:colcon.colcon_core.verb:Building package 'my_cpp_package' with the following arguments: {'ament_cmake_args': None, 'build_base': '/home/artificial/bags_ws/build/my_cpp_package', 'catkin_cmake_args': None, 'catkin_skip_building_tests': False, 'cmake_args': None, 'cmake_clean_cache': False, 'cmake_clean_first': False, 'cmake_force_configure': False, 'cmake_target': None, 'cmake_target_skip_unavailable': False, 'install_base': '/home/artificial/bags_ws/install/my_cpp_package', 'merge_install': False, 'path': '/home/artificial/bags_ws/src/my_cpp_package', 'symlink_install': False, 'test_result_base': None}
[0.165s] Level 5:colcon.colcon_core.verb:set package 'ros2_iris_driver' build argument 'cmake_args' from command line to 'None'
[0.165s] Level 5:colcon.colcon_core.verb:set package 'ros2_iris_driver' build argument 'cmake_target' from command line to 'None'
[0.165s] Level 5:colcon.colcon_core.verb:set package 'ros2_iris_driver' build argument 'cmake_target_skip_unavailable' from command line to 'False'
[0.165s] Level 5:colcon.colcon_core.verb:set package 'ros2_iris_driver' build argument 'cmake_clean_cache' from command line to 'False'
[0.165s] Level 5:colcon.colcon_core.verb:set package 'ros2_iris_driver' build argument 'cmake_clean_first' from command line to 'False'
[0.165s] Level 5:colcon.colcon_core.verb:set package 'ros2_iris_driver' build argument 'cmake_force_configure' from command line to 'False'
[0.165s] Level 5:colcon.colcon_core.verb:set package 'ros2_iris_driver' build argument 'ament_cmake_args' from command line to 'None'
[0.165s] Level 5:colcon.colcon_core.verb:set package 'ros2_iris_driver' build argument 'catkin_cmake_args' from command line to 'None'
[0.165s] Level 5:colcon.colcon_core.verb:set package 'ros2_iris_driver' build argument 'catkin_skip_building_tests' from command line to 'False'
[0.165s] DEBUG:colcon.colcon_core.verb:Building package 'ros2_iris_driver' with the following arguments: {'ament_cmake_args': None, 'build_base': '/home/artificial/bags_ws/build/ros2_iris_driver', 'catkin_cmake_args': None, 'catkin_skip_building_tests': False, 'cmake_args': None, 'cmake_clean_cache': False, 'cmake_clean_first': False, 'cmake_force_configure': False, 'cmake_target': None, 'cmake_target_skip_unavailable': False, 'install_base': '/home/artificial/bags_ws/install/ros2_iris_driver', 'merge_install': False, 'path': '/home/artificial/bags_ws/src/ros2_iris_driver/ros2_iris_driver', 'symlink_install': False, 'test_result_base': None}
[0.165s] INFO:colcon.colcon_core.executor:Executing jobs using 'parallel' executor
[0.165s] DEBUG:colcon.colcon_parallel_executor.executor.parallel:run_until_complete
[0.166s] INFO:colcon.colcon_ros.task.ament_cmake.build:Building ROS package in '/home/artificial/bags_ws/src/ros2_iris_driver/luminar_iris_msgs' with build type 'ament_cmake'
[0.166s] INFO:colcon.colcon_cmake.task.cmake.build:Building CMake package in '/home/artificial/bags_ws/src/ros2_iris_driver/luminar_iris_msgs'
[0.166s] INFO:colcon.colcon_core.plugin_system:Skipping extension 'colcon_core.shell.bat': Not used on non-Windows systems
[0.166s] INFO:colcon.colcon_core.shell:Skip shell extension 'powershell' for command environment: Not usable outside of PowerShell
[0.166s] DEBUG:colcon.colcon_core.shell:Skip shell extension 'dsv' for command environment
[0.168s] INFO:colcon.colcon_ros.task.ament_cmake.build:Building ROS package in '/home/artificial/bags_ws/src/icp_test' with build type 'ament_cmake'
[0.168s] INFO:colcon.colcon_cmake.task.cmake.build:Building CMake package in '/home/artificial/bags_ws/src/icp_test'
[0.168s] INFO:colcon.colcon_core.shell:Skip shell extension 'powershell' for command environment: Not usable outside of PowerShell
[0.168s] DEBUG:colcon.colcon_core.shell:Skip shell extension 'dsv' for command environment
[0.169s] INFO:colcon.colcon_ros.task.ament_cmake.build:Building ROS package in '/home/artificial/bags_ws/src/my_cpp_package' with build type 'ament_cmake'
[0.169s] INFO:colcon.colcon_cmake.task.cmake.build:Building CMake package in '/home/artificial/bags_ws/src/my_cpp_package'
[0.169s] INFO:colcon.colcon_core.shell:Skip shell extension 'powershell' for command environment: Not usable outside of PowerShell
[0.169s] DEBUG:colcon.colcon_core.shell:Skip shell extension 'dsv' for command environment
[0.172s] DEBUG:colcon.colcon_core.event_handler.log_command:Invoking command in '/home/artificial/bags_ws/build/luminar_iris_msgs': CMAKE_PREFIX_PATH=/opt/ros/humble /usr/bin/cmake --build /home/artificial/bags_ws/build/luminar_iris_msgs -- -j16 -l16
[0.173s] DEBUG:colcon.colcon_core.event_handler.log_command:Invoking command in '/home/artificial/bags_ws/build/icp_test': CMAKE_PREFIX_PATH=/opt/ros/humble /usr/bin/cmake --build /home/artificial/bags_ws/build/icp_test -- -j16 -l16
[0.175s] DEBUG:colcon.colcon_core.event_handler.log_command:Invoking command in '/home/artificial/bags_ws/build/my_cpp_package': CMAKE_PREFIX_PATH=/opt/ros/humble /usr/bin/cmake --build /home/artificial/bags_ws/build/my_cpp_package -- -j16 -l16
[0.227s] DEBUG:colcon.colcon_core.event_handler.log_command:Invoked command in '/home/artificial/bags_ws/build/my_cpp_package' returned '0': CMAKE_PREFIX_PATH=/opt/ros/humble /usr/bin/cmake --build /home/artificial/bags_ws/build/my_cpp_package -- -j16 -l16
[0.250s] DEBUG:colcon.colcon_core.event_handler.log_command:Invoking command in '/home/artificial/bags_ws/build/my_cpp_package': CMAKE_PREFIX_PATH=/opt/ros/humble /usr/bin/cmake --install /home/artificial/bags_ws/build/my_cpp_package
[0.255s] Level 1:colcon.colcon_core.environment:create_environment_scripts_only(my_cpp_package)
[0.256s] DEBUG:colcon.colcon_core.event_handler.log_command:Invoked command in '/home/artificial/bags_ws/build/my_cpp_package' returned '0': CMAKE_PREFIX_PATH=/opt/ros/humble /usr/bin/cmake --install /home/artificial/bags_ws/build/my_cpp_package
[0.257s] Level 1:colcon.colcon_core.environment:checking '/home/artificial/bags_ws/install/my_cpp_package' for CMake module files
[0.257s] Level 1:colcon.colcon_core.environment:checking '/home/artificial/bags_ws/install/my_cpp_package' for CMake config files
[0.257s] Level 1:colcon.colcon_core.shell:create_environment_hook('my_cpp_package', 'cmake_prefix_path')
[0.257s] INFO:colcon.colcon_core.shell:Creating environment hook '/home/artificial/bags_ws/install/my_cpp_package/share/my_cpp_package/hook/cmake_prefix_path.ps1'
[0.258s] INFO:colcon.colcon_core.shell:Creating environment descriptor '/home/artificial/bags_ws/install/my_cpp_package/share/my_cpp_package/hook/cmake_prefix_path.dsv'
[0.258s] INFO:colcon.colcon_core.shell:Creating environment hook '/home/artificial/bags_ws/install/my_cpp_package/share/my_cpp_package/hook/cmake_prefix_path.sh'
[0.259s] Level 1:colcon.colcon_core.environment:checking '/home/artificial/bags_ws/install/my_cpp_package/bin'
[0.259s] Level 1:colcon.colcon_core.environment:checking '/home/artificial/bags_ws/install/my_cpp_package/lib/pkgconfig/my_cpp_package.pc'
[0.259s] Level 1:colcon.colcon_core.environment:checking '/home/artificial/bags_ws/install/my_cpp_package/lib/python3.10/site-packages'
[0.259s] Level 1:colcon.colcon_core.environment:checking '/home/artificial/bags_ws/install/my_cpp_package/bin'
[0.259s] INFO:colcon.colcon_core.shell:Creating package script '/home/artificial/bags_ws/install/my_cpp_package/share/my_cpp_package/package.ps1'
[0.259s] INFO:colcon.colcon_core.shell:Creating package descriptor '/home/artificial/bags_ws/install/my_cpp_package/share/my_cpp_package/package.dsv'
[0.260s] INFO:colcon.colcon_core.shell:Creating package script '/home/artificial/bags_ws/install/my_cpp_package/share/my_cpp_package/package.sh'
[0.260s] INFO:colcon.colcon_core.shell:Creating package script '/home/artificial/bags_ws/install/my_cpp_package/share/my_cpp_package/package.bash'
[0.260s] INFO:colcon.colcon_core.shell:Creating package script '/home/artificial/bags_ws/install/my_cpp_package/share/my_cpp_package/package.zsh'
[0.261s] Level 1:colcon.colcon_core.environment:create_file_with_runtime_dependencies(/home/artificial/bags_ws/install/my_cpp_package/share/colcon-core/packages/my_cpp_package)
[0.281s] Level 1:colcon.colcon_core.environment:create_environment_scripts_only(my_cpp_package)
[0.281s] Level 1:colcon.colcon_core.environment:checking '/home/artificial/bags_ws/install/my_cpp_package' for CMake module files
[0.281s] Level 1:colcon.colcon_core.environment:checking '/home/artificial/bags_ws/install/my_cpp_package' for CMake config files
[0.281s] Level 1:colcon.colcon_core.shell:create_environment_hook('my_cpp_package', 'cmake_prefix_path')
[0.281s] INFO:colcon.colcon_core.shell:Creating environment hook '/home/artificial/bags_ws/install/my_cpp_package/share/my_cpp_package/hook/cmake_prefix_path.ps1'
[0.282s] INFO:colcon.colcon_core.shell:Creating environment descriptor '/home/artificial/bags_ws/install/my_cpp_package/share/my_cpp_package/hook/cmake_prefix_path.dsv'
[0.282s] INFO:colcon.colcon_core.shell:Creating environment hook '/home/artificial/bags_ws/install/my_cpp_package/share/my_cpp_package/hook/cmake_prefix_path.sh'
[0.282s] Level 1:colcon.colcon_core.environment:checking '/home/artificial/bags_ws/install/my_cpp_package/bin'
[0.282s] Level 1:colcon.colcon_core.environment:checking '/home/artificial/bags_ws/install/my_cpp_package/lib/pkgconfig/my_cpp_package.pc'
[0.282s] Level 1:colcon.colcon_core.environment:checking '/home/artificial/bags_ws/install/my_cpp_package/lib/python3.10/site-packages'
[0.282s] Level 1:colcon.colcon_core.environment:checking '/home/artificial/bags_ws/install/my_cpp_package/bin'
[0.283s] INFO:colcon.colcon_core.shell:Creating package script '/home/artificial/bags_ws/install/my_cpp_package/share/my_cpp_package/package.ps1'
[0.283s] INFO:colcon.colcon_core.shell:Creating package descriptor '/home/artificial/bags_ws/install/my_cpp_package/share/my_cpp_package/package.dsv'
[0.283s] INFO:colcon.colcon_core.shell:Creating package script '/home/artificial/bags_ws/install/my_cpp_package/share/my_cpp_package/package.sh'
[0.283s] INFO:colcon.colcon_core.shell:Creating package script '/home/artificial/bags_ws/install/my_cpp_package/share/my_cpp_package/package.bash'
[0.283s] INFO:colcon.colcon_core.shell:Creating package script '/home/artificial/bags_ws/install/my_cpp_package/share/my_cpp_package/package.zsh'
[0.284s] Level 1:colcon.colcon_core.environment:create_file_with_runtime_dependencies(/home/artificial/bags_ws/install/my_cpp_package/share/colcon-core/packages/my_cpp_package)
[0.366s] DEBUG:colcon.colcon_core.event_handler.log_command:Invoked command in '/home/artificial/bags_ws/build/luminar_iris_msgs' returned '0': CMAKE_PREFIX_PATH=/opt/ros/humble /usr/bin/cmake --build /home/artificial/bags_ws/build/luminar_iris_msgs -- -j16 -l16
[0.398s] DEBUG:colcon.colcon_core.event_handler.log_command:Invoking command in '/home/artificial/bags_ws/build/luminar_iris_msgs': CMAKE_PREFIX_PATH=/opt/ros/humble /usr/bin/cmake --install /home/artificial/bags_ws/build/luminar_iris_msgs
[0.425s] Level 1:colcon.colcon_core.environment:create_environment_scripts_only(luminar_iris_msgs)
[0.425s] DEBUG:colcon.colcon_core.event_handler.log_command:Invoked command in '/home/artificial/bags_ws/build/luminar_iris_msgs' returned '0': CMAKE_PREFIX_PATH=/opt/ros/humble /usr/bin/cmake --install /home/artificial/bags_ws/build/luminar_iris_msgs
[0.425s] Level 1:colcon.colcon_core.environment:checking '/home/artificial/bags_ws/install/luminar_iris_msgs' for CMake module files
[0.425s] Level 1:colcon.colcon_core.environment:checking '/home/artificial/bags_ws/install/luminar_iris_msgs' for CMake config files
[0.426s] Level 1:colcon.colcon_core.shell:create_environment_hook('luminar_iris_msgs', 'cmake_prefix_path')
[0.426s] INFO:colcon.colcon_core.shell:Creating environment hook '/home/artificial/bags_ws/install/luminar_iris_msgs/share/luminar_iris_msgs/hook/cmake_prefix_path.ps1'
[0.426s] INFO:colcon.colcon_core.shell:Creating environment descriptor '/home/artificial/bags_ws/install/luminar_iris_msgs/share/luminar_iris_msgs/hook/cmake_prefix_path.dsv'
[0.426s] INFO:colcon.colcon_core.shell:Creating environment hook '/home/artificial/bags_ws/install/luminar_iris_msgs/share/luminar_iris_msgs/hook/cmake_prefix_path.sh'
[0.426s] Level 1:colcon.colcon_core.environment:checking '/home/artificial/bags_ws/install/luminar_iris_msgs/lib'
[0.426s] Level 1:colcon.colcon_core.shell:create_environment_hook('luminar_iris_msgs', 'ld_library_path_lib')
[0.427s] INFO:colcon.colcon_core.shell:Creating environment hook '/home/artificial/bags_ws/install/luminar_iris_msgs/share/luminar_iris_msgs/hook/ld_library_path_lib.ps1'
[0.427s] INFO:colcon.colcon_core.shell:Creating environment descriptor '/home/artificial/bags_ws/install/luminar_iris_msgs/share/luminar_iris_msgs/hook/ld_library_path_lib.dsv'
[0.427s] INFO:colcon.colcon_core.shell:Creating environment hook '/home/artificial/bags_ws/install/luminar_iris_msgs/share/luminar_iris_msgs/hook/ld_library_path_lib.sh'
[0.427s] Level 1:colcon.colcon_core.environment:checking '/home/artificial/bags_ws/install/luminar_iris_msgs/bin'
[0.427s] Level 1:colcon.colcon_core.environment:checking '/home/artificial/bags_ws/install/luminar_iris_msgs/lib/pkgconfig/luminar_iris_msgs.pc'
[0.427s] Level 1:colcon.colcon_core.environment:checking '/home/artificial/bags_ws/install/luminar_iris_msgs/lib/python3.10/site-packages'
[0.427s] Level 1:colcon.colcon_core.environment:checking '/home/artificial/bags_ws/install/luminar_iris_msgs/bin'
[0.427s] INFO:colcon.colcon_core.shell:Creating package script '/home/artificial/bags_ws/install/luminar_iris_msgs/share/luminar_iris_msgs/package.ps1'
[0.428s] INFO:colcon.colcon_core.shell:Creating package descriptor '/home/artificial/bags_ws/install/luminar_iris_msgs/share/luminar_iris_msgs/package.dsv'
[0.428s] INFO:colcon.colcon_core.shell:Creating package script '/home/artificial/bags_ws/install/luminar_iris_msgs/share/luminar_iris_msgs/package.sh'
[0.428s] INFO:colcon.colcon_core.shell:Creating package script '/home/artificial/bags_ws/install/luminar_iris_msgs/share/luminar_iris_msgs/package.bash'
[0.428s] INFO:colcon.colcon_core.shell:Creating package script '/home/artificial/bags_ws/install/luminar_iris_msgs/share/luminar_iris_msgs/package.zsh'
[0.428s] Level 1:colcon.colcon_core.environment:create_file_with_runtime_dependencies(/home/artificial/bags_ws/install/luminar_iris_msgs/share/colcon-core/packages/luminar_iris_msgs)
[0.456s] Level 1:colcon.colcon_core.environment:create_environment_scripts_only(luminar_iris_msgs)
[0.456s] Level 1:colcon.colcon_core.environment:checking '/home/artificial/bags_ws/install/luminar_iris_msgs' for CMake module files
[0.457s] Level 1:colcon.colcon_core.environment:checking '/home/artificial/bags_ws/install/luminar_iris_msgs' for CMake config files
[0.457s] Level 1:colcon.colcon_core.shell:create_environment_hook('luminar_iris_msgs', 'cmake_prefix_path')
[0.457s] INFO:colcon.colcon_core.shell:Creating environment hook '/home/artificial/bags_ws/install/luminar_iris_msgs/share/luminar_iris_msgs/hook/cmake_prefix_path.ps1'
[0.457s] INFO:colcon.colcon_core.shell:Creating environment descriptor '/home/artificial/bags_ws/install/luminar_iris_msgs/share/luminar_iris_msgs/hook/cmake_prefix_path.dsv'
[0.457s] INFO:colcon.colcon_core.shell:Creating environment hook '/home/artificial/bags_ws/install/luminar_iris_msgs/share/luminar_iris_msgs/hook/cmake_prefix_path.sh'
[0.457s] Level 1:colcon.colcon_core.environment:checking '/home/artificial/bags_ws/install/luminar_iris_msgs/lib'
[0.457s] Level 1:colcon.colcon_core.shell:create_environment_hook('luminar_iris_msgs', 'ld_library_path_lib')
[0.458s] INFO:colcon.colcon_core.shell:Creating environment hook '/home/artificial/bags_ws/install/luminar_iris_msgs/share/luminar_iris_msgs/hook/ld_library_path_lib.ps1'
[0.458s] INFO:colcon.colcon_core.shell:Creating environment descriptor '/home/artificial/bags_ws/install/luminar_iris_msgs/share/luminar_iris_msgs/hook/ld_library_path_lib.dsv'
[0.458s] INFO:colcon.colcon_core.shell:Creating environment hook '/home/artificial/bags_ws/install/luminar_iris_msgs/share/luminar_iris_msgs/hook/ld_library_path_lib.sh'
[0.458s] Level 1:colcon.colcon_core.environment:checking '/home/artificial/bags_ws/install/luminar_iris_msgs/bin'
[0.458s] Level 1:colcon.colcon_core.environment:checking '/home/artificial/bags_ws/install/luminar_iris_msgs/lib/pkgconfig/luminar_iris_msgs.pc'
[0.458s] Level 1:colcon.colcon_core.environment:checking '/home/artificial/bags_ws/install/luminar_iris_msgs/lib/python3.10/site-packages'
[0.458s] Level 1:colcon.colcon_core.environment:checking '/home/artificial/bags_ws/install/luminar_iris_msgs/bin'
[0.458s] INFO:colcon.colcon_core.shell:Creating package script '/home/artificial/bags_ws/install/luminar_iris_msgs/share/luminar_iris_msgs/package.ps1'
[0.459s] INFO:colcon.colcon_core.shell:Creating package descriptor '/home/artificial/bags_ws/install/luminar_iris_msgs/share/luminar_iris_msgs/package.dsv'
[0.459s] INFO:colcon.colcon_core.shell:Creating package script '/home/artificial/bags_ws/install/luminar_iris_msgs/share/luminar_iris_msgs/package.sh'
[0.459s] INFO:colcon.colcon_core.shell:Creating package script '/home/artificial/bags_ws/install/luminar_iris_msgs/share/luminar_iris_msgs/package.bash'
[0.459s] INFO:colcon.colcon_core.shell:Creating package script '/home/artificial/bags_ws/install/luminar_iris_msgs/share/luminar_iris_msgs/package.zsh'
[0.459s] Level 1:colcon.colcon_core.environment:create_file_with_runtime_dependencies(/home/artificial/bags_ws/install/luminar_iris_msgs/share/colcon-core/packages/luminar_iris_msgs)
[0.459s] INFO:colcon.colcon_ros.task.ament_cmake.build:Building ROS package in '/home/artificial/bags_ws/src/ros2_iris_driver/ros2_iris_driver' with build type 'ament_cmake'
[0.460s] INFO:colcon.colcon_cmake.task.cmake.build:Building CMake package in '/home/artificial/bags_ws/src/ros2_iris_driver/ros2_iris_driver'
[0.460s] INFO:colcon.colcon_core.shell:Skip shell extension 'powershell' for command environment: Not usable outside of PowerShell
[0.460s] DEBUG:colcon.colcon_core.shell:Skip shell extension 'dsv' for command environment
[0.464s] DEBUG:colcon.colcon_core.event_handler.log_command:Invoking command in '/home/artificial/bags_ws/build/ros2_iris_driver': AMENT_PREFIX_PATH=/home/artificial/bags_ws/install/luminar_iris_msgs:${AMENT_PREFIX_PATH} CMAKE_PREFIX_PATH=/home/artificial/bags_ws/install/luminar_iris_msgs:/opt/ros/humble LD_LIBRARY_PATH=/home/artificial/bags_ws/install/luminar_iris_msgs/lib:/opt/ros/humble/opt/rviz_ogre_vendor/lib:/opt/ros/humble/lib/x86_64-linux-gnu:/opt/ros/humble/lib:/opt/blasfeo/lib:/opt/hpipm/lib:/usr/local/lib:/usr/lib PYTHONPATH=/home/artificial/bags_ws/install/luminar_iris_msgs/local/lib/python3.10/dist-packages:${PYTHONPATH} /usr/bin/cmake --build /home/artificial/bags_ws/build/ros2_iris_driver -- -j16 -l16
[0.514s] DEBUG:colcon.colcon_core.event_handler.log_command:Invoked command in '/home/artificial/bags_ws/build/ros2_iris_driver' returned '0': AMENT_PREFIX_PATH=/home/artificial/bags_ws/install/luminar_iris_msgs:${AMENT_PREFIX_PATH} CMAKE_PREFIX_PATH=/home/artificial/bags_ws/install/luminar_iris_msgs:/opt/ros/humble LD_LIBRARY_PATH=/home/artificial/bags_ws/install/luminar_iris_msgs/lib:/opt/ros/humble/opt/rviz_ogre_vendor/lib:/opt/ros/humble/lib/x86_64-linux-gnu:/opt/ros/humble/lib:/opt/blasfeo/lib:/opt/hpipm/lib:/usr/local/lib:/usr/lib PYTHONPATH=/home/artificial/bags_ws/install/luminar_iris_msgs/local/lib/python3.10/dist-packages:${PYTHONPATH} /usr/bin/cmake --build /home/artificial/bags_ws/build/ros2_iris_driver -- -j16 -l16
[0.529s] DEBUG:colcon.colcon_core.event_handler.log_command:Invoking command in '/home/artificial/bags_ws/build/ros2_iris_driver': AMENT_PREFIX_PATH=/home/artificial/bags_ws/install/luminar_iris_msgs:${AMENT_PREFIX_PATH} CMAKE_PREFIX_PATH=/home/artificial/bags_ws/install/luminar_iris_msgs:/opt/ros/humble LD_LIBRARY_PATH=/home/artificial/bags_ws/install/luminar_iris_msgs/lib:/opt/ros/humble/opt/rviz_ogre_vendor/lib:/opt/ros/humble/lib/x86_64-linux-gnu:/opt/ros/humble/lib:/opt/blasfeo/lib:/opt/hpipm/lib:/usr/local/lib:/usr/lib PYTHONPATH=/home/artificial/bags_ws/install/luminar_iris_msgs/local/lib/python3.10/dist-packages:${PYTHONPATH} /usr/bin/cmake --install /home/artificial/bags_ws/build/ros2_iris_driver
[0.534s] Level 1:colcon.colcon_core.environment:create_environment_scripts_only(ros2_iris_driver)
[0.534s] Level 1:colcon.colcon_core.environment:checking '/home/artificial/bags_ws/install/ros2_iris_driver' for CMake module files
[0.534s] DEBUG:colcon.colcon_core.event_handler.log_command:Invoked command in '/home/artificial/bags_ws/build/ros2_iris_driver' returned '0': AMENT_PREFIX_PATH=/home/artificial/bags_ws/install/luminar_iris_msgs:${AMENT_PREFIX_PATH} CMAKE_PREFIX_PATH=/home/artificial/bags_ws/install/luminar_iris_msgs:/opt/ros/humble LD_LIBRARY_PATH=/home/artificial/bags_ws/install/luminar_iris_msgs/lib:/opt/ros/humble/opt/rviz_ogre_vendor/lib:/opt/ros/humble/lib/x86_64-linux-gnu:/opt/ros/humble/lib:/opt/blasfeo/lib:/opt/hpipm/lib:/usr/local/lib:/usr/lib PYTHONPATH=/home/artificial/bags_ws/install/luminar_iris_msgs/local/lib/python3.10/dist-packages:${PYTHONPATH} /usr/bin/cmake --install /home/artificial/bags_ws/build/ros2_iris_driver
[0.534s] Level 1:colcon.colcon_core.environment:checking '/home/artificial/bags_ws/install/ros2_iris_driver' for CMake config files
[0.535s] Level 1:colcon.colcon_core.shell:create_environment_hook('ros2_iris_driver', 'cmake_prefix_path')
[0.535s] INFO:colcon.colcon_core.shell:Creating environment hook '/home/artificial/bags_ws/install/ros2_iris_driver/share/ros2_iris_driver/hook/cmake_prefix_path.ps1'
[0.535s] INFO:colcon.colcon_core.shell:Creating environment descriptor '/home/artificial/bags_ws/install/ros2_iris_driver/share/ros2_iris_driver/hook/cmake_prefix_path.dsv'
[0.535s] INFO:colcon.colcon_core.shell:Creating environment hook '/home/artificial/bags_ws/install/ros2_iris_driver/share/ros2_iris_driver/hook/cmake_prefix_path.sh'
[0.535s] Level 1:colcon.colcon_core.environment:checking '/home/artificial/bags_ws/install/ros2_iris_driver/lib'
[0.535s] Level 1:colcon.colcon_core.shell:create_environment_hook('ros2_iris_driver', 'ld_library_path_lib')
[0.535s] INFO:colcon.colcon_core.shell:Creating environment hook '/home/artificial/bags_ws/install/ros2_iris_driver/share/ros2_iris_driver/hook/ld_library_path_lib.ps1'
[0.536s] INFO:colcon.colcon_core.shell:Creating environment descriptor '/home/artificial/bags_ws/install/ros2_iris_driver/share/ros2_iris_driver/hook/ld_library_path_lib.dsv'
[0.536s] INFO:colcon.colcon_core.shell:Creating environment hook '/home/artificial/bags_ws/install/ros2_iris_driver/share/ros2_iris_driver/hook/ld_library_path_lib.sh'
[0.536s] Level 1:colcon.colcon_core.environment:checking '/home/artificial/bags_ws/install/ros2_iris_driver/bin'
[0.536s] Level 1:colcon.colcon_core.environment:checking '/home/artificial/bags_ws/install/ros2_iris_driver/lib/pkgconfig/ros2_iris_driver.pc'
[0.536s] Level 1:colcon.colcon_core.environment:checking '/home/artificial/bags_ws/install/ros2_iris_driver/lib/python3.10/site-packages'
[0.536s] Level 1:colcon.colcon_core.environment:checking '/home/artificial/bags_ws/install/ros2_iris_driver/bin'
[0.536s] INFO:colcon.colcon_core.shell:Creating package script '/home/artificial/bags_ws/install/ros2_iris_driver/share/ros2_iris_driver/package.ps1'
[0.536s] INFO:colcon.colcon_core.shell:Creating package descriptor '/home/artificial/bags_ws/install/ros2_iris_driver/share/ros2_iris_driver/package.dsv'
[0.536s] INFO:colcon.colcon_core.shell:Creating package script '/home/artificial/bags_ws/install/ros2_iris_driver/share/ros2_iris_driver/package.sh'
[0.537s] INFO:colcon.colcon_core.shell:Creating package script '/home/artificial/bags_ws/install/ros2_iris_driver/share/ros2_iris_driver/package.bash'
[0.537s] INFO:colcon.colcon_core.shell:Creating package script '/home/artificial/bags_ws/install/ros2_iris_driver/share/ros2_iris_driver/package.zsh'
[0.537s] Level 1:colcon.colcon_core.environment:create_file_with_runtime_dependencies(/home/artificial/bags_ws/install/ros2_iris_driver/share/colcon-core/packages/ros2_iris_driver)
[0.552s] Level 1:colcon.colcon_core.environment:create_environment_scripts_only(ros2_iris_driver)
[0.552s] Level 1:colcon.colcon_core.environment:checking '/home/artificial/bags_ws/install/ros2_iris_driver' for CMake module files
[0.553s] Level 1:colcon.colcon_core.environment:checking '/home/artificial/bags_ws/install/ros2_iris_driver' for CMake config files
[0.553s] Level 1:colcon.colcon_core.shell:create_environment_hook('ros2_iris_driver', 'cmake_prefix_path')
[0.553s] INFO:colcon.colcon_core.shell:Creating environment hook '/home/artificial/bags_ws/install/ros2_iris_driver/share/ros2_iris_driver/hook/cmake_prefix_path.ps1'
[0.553s] INFO:colcon.colcon_core.shell:Creating environment descriptor '/home/artificial/bags_ws/install/ros2_iris_driver/share/ros2_iris_driver/hook/cmake_prefix_path.dsv'
[0.553s] INFO:colcon.colcon_core.shell:Creating environment hook '/home/artificial/bags_ws/install/ros2_iris_driver/share/ros2_iris_driver/hook/cmake_prefix_path.sh'
[0.553s] Level 1:colcon.colcon_core.environment:checking '/home/artificial/bags_ws/install/ros2_iris_driver/lib'
[0.554s] Level 1:colcon.colcon_core.shell:create_environment_hook('ros2_iris_driver', 'ld_library_path_lib')
[0.554s] INFO:colcon.colcon_core.shell:Creating environment hook '/home/artificial/bags_ws/install/ros2_iris_driver/share/ros2_iris_driver/hook/ld_library_path_lib.ps1'
[0.554s] INFO:colcon.colcon_core.shell:Creating environment descriptor '/home/artificial/bags_ws/install/ros2_iris_driver/share/ros2_iris_driver/hook/ld_library_path_lib.dsv'
[0.554s] INFO:colcon.colcon_core.shell:Creating environment hook '/home/artificial/bags_ws/install/ros2_iris_driver/share/ros2_iris_driver/hook/ld_library_path_lib.sh'
[0.554s] Level 1:colcon.colcon_core.environment:checking '/home/artificial/bags_ws/install/ros2_iris_driver/bin'
[0.554s] Level 1:colcon.colcon_core.environment:checking '/home/artificial/bags_ws/install/ros2_iris_driver/lib/pkgconfig/ros2_iris_driver.pc'
[0.554s] Level 1:colcon.colcon_core.environment:checking '/home/artificial/bags_ws/install/ros2_iris_driver/lib/python3.10/site-packages'
[0.554s] Level 1:colcon.colcon_core.environment:checking '/home/artificial/bags_ws/install/ros2_iris_driver/bin'
[0.554s] INFO:colcon.colcon_core.shell:Creating package script '/home/artificial/bags_ws/install/ros2_iris_driver/share/ros2_iris_driver/package.ps1'
[0.555s] INFO:colcon.colcon_core.shell:Creating package descriptor '/home/artificial/bags_ws/install/ros2_iris_driver/share/ros2_iris_driver/package.dsv'
[0.555s] INFO:colcon.colcon_core.shell:Creating package script '/home/artificial/bags_ws/install/ros2_iris_driver/share/ros2_iris_driver/package.sh'
[0.555s] INFO:colcon.colcon_core.shell:Creating package script '/home/artificial/bags_ws/install/ros2_iris_driver/share/ros2_iris_driver/package.bash'
[0.555s] INFO:colcon.colcon_core.shell:Creating package script '/home/artificial/bags_ws/install/ros2_iris_driver/share/ros2_iris_driver/package.zsh'
[0.555s] Level 1:colcon.colcon_core.environment:create_file_with_runtime_dependencies(/home/artificial/bags_ws/install/ros2_iris_driver/share/colcon-core/packages/ros2_iris_driver)
[1.635s] DEBUG:colcon.colcon_core.event_handler.log_command:Invoked command in '/home/artificial/bags_ws/build/icp_test' returned '0': CMAKE_PREFIX_PATH=/opt/ros/humble /usr/bin/cmake --build /home/artificial/bags_ws/build/icp_test -- -j16 -l16
[1.655s] DEBUG:colcon.colcon_core.event_handler.log_command:Invoking command in '/home/artificial/bags_ws/build/icp_test': CMAKE_PREFIX_PATH=/opt/ros/humble /usr/bin/cmake --install /home/artificial/bags_ws/build/icp_test
[1.676s] Level 1:colcon.colcon_core.environment:create_environment_scripts_only(icp_test)
[1.677s] Level 1:colcon.colcon_core.environment:checking '/home/artificial/bags_ws/install/icp_test' for CMake module files
[1.677s] DEBUG:colcon.colcon_core.event_handler.log_command:Invoked command in '/home/artificial/bags_ws/build/icp_test' returned '0': CMAKE_PREFIX_PATH=/opt/ros/humble /usr/bin/cmake --install /home/artificial/bags_ws/build/icp_test
[1.677s] Level 1:colcon.colcon_core.environment:checking '/home/artificial/bags_ws/install/icp_test' for CMake config files
[1.678s] Level 1:colcon.colcon_core.shell:create_environment_hook('icp_test', 'cmake_prefix_path')
[1.678s] INFO:colcon.colcon_core.shell:Creating environment hook '/home/artificial/bags_ws/install/icp_test/share/icp_test/hook/cmake_prefix_path.ps1'
[1.678s] INFO:colcon.colcon_core.shell:Creating environment descriptor '/home/artificial/bags_ws/install/icp_test/share/icp_test/hook/cmake_prefix_path.dsv'
[1.678s] INFO:colcon.colcon_core.shell:Creating environment hook '/home/artificial/bags_ws/install/icp_test/share/icp_test/hook/cmake_prefix_path.sh'
[1.679s] Level 1:colcon.colcon_core.environment:checking '/home/artificial/bags_ws/install/icp_test/lib'
[1.679s] Level 1:colcon.colcon_core.environment:checking '/home/artificial/bags_ws/install/icp_test/bin'
[1.679s] Level 1:colcon.colcon_core.environment:checking '/home/artificial/bags_ws/install/icp_test/lib/pkgconfig/icp_test.pc'
[1.679s] Level 1:colcon.colcon_core.environment:checking '/home/artificial/bags_ws/install/icp_test/lib/python3.10/site-packages'
[1.679s] Level 1:colcon.colcon_core.environment:checking '/home/artificial/bags_ws/install/icp_test/bin'
[1.680s] INFO:colcon.colcon_core.shell:Creating package script '/home/artificial/bags_ws/install/icp_test/share/icp_test/package.ps1'
[1.680s] INFO:colcon.colcon_core.shell:Creating package descriptor '/home/artificial/bags_ws/install/icp_test/share/icp_test/package.dsv'
[1.680s] INFO:colcon.colcon_core.shell:Creating package script '/home/artificial/bags_ws/install/icp_test/share/icp_test/package.sh'
[1.681s] INFO:colcon.colcon_core.shell:Creating package script '/home/artificial/bags_ws/install/icp_test/share/icp_test/package.bash'
[1.681s] INFO:colcon.colcon_core.shell:Creating package script '/home/artificial/bags_ws/install/icp_test/share/icp_test/package.zsh'
[1.681s] Level 1:colcon.colcon_core.environment:create_file_with_runtime_dependencies(/home/artificial/bags_ws/install/icp_test/share/colcon-core/packages/icp_test)
[1.704s] Level 1:colcon.colcon_core.environment:create_environment_scripts_only(icp_test)
[1.704s] Level 1:colcon.colcon_core.environment:checking '/home/artificial/bags_ws/install/icp_test' for CMake module files
[1.704s] Level 1:colcon.colcon_core.environment:checking '/home/artificial/bags_ws/install/icp_test' for CMake config files
[1.704s] Level 1:colcon.colcon_core.shell:create_environment_hook('icp_test', 'cmake_prefix_path')
[1.705s] INFO:colcon.colcon_core.shell:Creating environment hook '/home/artificial/bags_ws/install/icp_test/share/icp_test/hook/cmake_prefix_path.ps1'
[1.705s] INFO:colcon.colcon_core.shell:Creating environment descriptor '/home/artificial/bags_ws/install/icp_test/share/icp_test/hook/cmake_prefix_path.dsv'
[1.705s] INFO:colcon.colcon_core.shell:Creating environment hook '/home/artificial/bags_ws/install/icp_test/share/icp_test/hook/cmake_prefix_path.sh'
[1.705s] Level 1:colcon.colcon_core.environment:checking '/home/artificial/bags_ws/install/icp_test/lib'
[1.705s] Level 1:colcon.colcon_core.environment:checking '/home/artificial/bags_ws/install/icp_test/bin'
[1.705s] Level 1:colcon.colcon_core.environment:checking '/home/artificial/bags_ws/install/icp_test/lib/pkgconfig/icp_test.pc'
[1.705s] Level 1:colcon.colcon_core.environment:checking '/home/artificial/bags_ws/install/icp_test/lib/python3.10/site-packages'
[1.705s] Level 1:colcon.colcon_core.environment:checking '/home/artificial/bags_ws/install/icp_test/bin'
[1.705s] INFO:colcon.colcon_core.shell:Creating package script '/home/artificial/bags_ws/install/icp_test/share/icp_test/package.ps1'
[1.706s] INFO:colcon.colcon_core.shell:Creating package descriptor '/home/artificial/bags_ws/install/icp_test/share/icp_test/package.dsv'
[1.706s] INFO:colcon.colcon_core.shell:Creating package script '/home/artificial/bags_ws/install/icp_test/share/icp_test/package.sh'
[1.706s] INFO:colcon.colcon_core.shell:Creating package script '/home/artificial/bags_ws/install/icp_test/share/icp_test/package.bash'
[1.706s] INFO:colcon.colcon_core.shell:Creating package script '/home/artificial/bags_ws/install/icp_test/share/icp_test/package.zsh'
[1.706s] Level 1:colcon.colcon_core.environment:create_file_with_runtime_dependencies(/home/artificial/bags_ws/install/icp_test/share/colcon-core/packages/icp_test)
[1.706s] DEBUG:colcon.colcon_parallel_executor.executor.parallel:closing loop
[1.706s] DEBUG:colcon.colcon_parallel_executor.executor.parallel:loop closed
[1.706s] DEBUG:colcon.colcon_parallel_executor.executor.parallel:run_until_complete finished with '0'
[1.706s] DEBUG:colcon.colcon_core.event_reactor:joining thread
[1.709s] INFO:colcon.colcon_core.plugin_system:Skipping extension 'colcon_notification.desktop_notification.terminal_notifier': Not used on non-Darwin systems
[1.709s] INFO:colcon.colcon_core.plugin_system:Skipping extension 'colcon_notification.desktop_notification.win32': Not used on non-Windows systems
[1.709s] INFO:colcon.colcon_notification.desktop_notification:Sending desktop notification using 'notify2'
[1.715s] DEBUG:colcon.colcon_core.event_reactor:joined thread
[1.715s] INFO:colcon.colcon_core.shell:Creating prefix script '/home/artificial/bags_ws/install/local_setup.ps1'
[1.716s] INFO:colcon.colcon_core.shell:Creating prefix util module '/home/artificial/bags_ws/install/_local_setup_util_ps1.py'
[1.716s] INFO:colcon.colcon_core.shell:Creating prefix chain script '/home/artificial/bags_ws/install/setup.ps1'
[1.717s] INFO:colcon.colcon_core.shell:Creating prefix script '/home/artificial/bags_ws/install/local_setup.sh'
[1.717s] INFO:colcon.colcon_core.shell:Creating prefix util module '/home/artificial/bags_ws/install/_local_setup_util_sh.py'
[1.718s] INFO:colcon.colcon_core.shell:Creating prefix chain script '/home/artificial/bags_ws/install/setup.sh'
[1.718s] INFO:colcon.colcon_core.shell:Creating prefix script '/home/artificial/bags_ws/install/local_setup.bash'
[1.718s] INFO:colcon.colcon_core.shell:Creating prefix chain script '/home/artificial/bags_ws/install/setup.bash'
[1.719s] INFO:colcon.colcon_core.shell:Creating prefix script '/home/artificial/bags_ws/install/local_setup.zsh'
[1.719s] INFO:colcon.colcon_core.shell:Creating prefix chain script '/home/artificial/bags_ws/install/setup.zsh'
