[  3%] Built target luminar_iris_msgs__cpp
[ 12%] Built target luminar_iris_msgs__rosidl_generator_c
[ 12%] Built target ament_cmake_python_copy_luminar_iris_msgs
[ 22%] Built target luminar_iris_msgs__rosidl_typesupport_cpp
[ 32%] Built target luminar_iris_msgs__rosidl_typesupport_fastrtps_cpp
[ 41%] Built target luminar_iris_msgs__rosidl_typesupport_introspection_c
[ 51%] Built target luminar_iris_msgs__rosidl_typesupport_fastrtps_c
[ 61%] Built target luminar_iris_msgs__rosidl_typesupport_c
[ 70%] Built target luminar_iris_msgs__rosidl_typesupport_introspection_cpp
[ 70%] Built target luminar_iris_msgs
[ 74%] Built target luminar_iris_msgs__py
[ 80%] Built target luminar_iris_msgs__rosidl_generator_py
[ 93%] Built target luminar_iris_msgs__rosidl_typesupport_c__pyext
[ 93%] Built target luminar_iris_msgs__rosidl_typesupport_fastrtps_c__pyext
[100%] Built target luminar_iris_msgs__rosidl_typesupport_introspection_c__pyext
running egg_info
writing luminar_iris_msgs.egg-info/PKG-INFO
writing dependency_links to luminar_iris_msgs.egg-info/dependency_links.txt
writing top-level names to luminar_iris_msgs.egg-info/top_level.txt
reading manifest file 'luminar_iris_msgs.egg-info/SOURCES.txt'
writing manifest file 'luminar_iris_msgs.egg-info/SOURCES.txt'
[100%] Built target ament_cmake_python_build_luminar_iris_msgs_egg
-- Install configuration: ""
-- Up-to-date: /home/artificial/bags_ws/install/luminar_iris_msgs/share/ament_index/resource_index/rosidl_interfaces/luminar_iris_msgs
-- Up-to-date: /home/artificial/bags_ws/install/luminar_iris_msgs/include/luminar_iris_msgs/luminar_iris_msgs
-- Up-to-date: /home/artificial/bags_ws/install/luminar_iris_msgs/include/luminar_iris_msgs/luminar_iris_msgs/msg
-- Up-to-date: /home/artificial/bags_ws/install/luminar_iris_msgs/include/luminar_iris_msgs/luminar_iris_msgs/msg/sensor_health.h
-- Up-to-date: /home/artificial/bags_ws/install/luminar_iris_msgs/include/luminar_iris_msgs/luminar_iris_msgs/msg/detail
-- Up-to-date: /home/artificial/bags_ws/install/luminar_iris_msgs/include/luminar_iris_msgs/luminar_iris_msgs/msg/detail/sensor_health__struct.h
-- Up-to-date: /home/artificial/bags_ws/install/luminar_iris_msgs/include/luminar_iris_msgs/luminar_iris_msgs/msg/detail/sensor_health__functions.c
-- Up-to-date: /home/artificial/bags_ws/install/luminar_iris_msgs/include/luminar_iris_msgs/luminar_iris_msgs/msg/detail/sensor_health__functions.h
-- Up-to-date: /home/artificial/bags_ws/install/luminar_iris_msgs/include/luminar_iris_msgs/luminar_iris_msgs/msg/detail/sensor_health__type_support.h
-- Up-to-date: /home/artificial/bags_ws/install/luminar_iris_msgs/include/luminar_iris_msgs/luminar_iris_msgs/msg/rosidl_generator_c__visibility_control.h
-- Up-to-date: /home/artificial/bags_ws/install/luminar_iris_msgs/share/luminar_iris_msgs/environment/library_path.sh
-- Up-to-date: /home/artificial/bags_ws/install/luminar_iris_msgs/share/luminar_iris_msgs/environment/library_path.dsv
-- Up-to-date: /home/artificial/bags_ws/install/luminar_iris_msgs/lib/libluminar_iris_msgs__rosidl_generator_c.so
-- Up-to-date: /home/artificial/bags_ws/install/luminar_iris_msgs/include/luminar_iris_msgs/luminar_iris_msgs
-- Up-to-date: /home/artificial/bags_ws/install/luminar_iris_msgs/include/luminar_iris_msgs/luminar_iris_msgs/msg
-- Up-to-date: /home/artificial/bags_ws/install/luminar_iris_msgs/include/luminar_iris_msgs/luminar_iris_msgs/msg/detail
-- Up-to-date: /home/artificial/bags_ws/install/luminar_iris_msgs/include/luminar_iris_msgs/luminar_iris_msgs/msg/detail/sensor_health__rosidl_typesupport_fastrtps_c.h
-- Up-to-date: /home/artificial/bags_ws/install/luminar_iris_msgs/include/luminar_iris_msgs/luminar_iris_msgs/msg/rosidl_typesupport_fastrtps_c__visibility_control.h
-- Up-to-date: /home/artificial/bags_ws/install/luminar_iris_msgs/lib/libluminar_iris_msgs__rosidl_typesupport_fastrtps_c.so
-- Up-to-date: /home/artificial/bags_ws/install/luminar_iris_msgs/include/luminar_iris_msgs/luminar_iris_msgs
-- Up-to-date: /home/artificial/bags_ws/install/luminar_iris_msgs/include/luminar_iris_msgs/luminar_iris_msgs/msg
-- Up-to-date: /home/artificial/bags_ws/install/luminar_iris_msgs/include/luminar_iris_msgs/luminar_iris_msgs/msg/detail
-- Up-to-date: /home/artificial/bags_ws/install/luminar_iris_msgs/include/luminar_iris_msgs/luminar_iris_msgs/msg/detail/sensor_health__rosidl_typesupport_introspection_c.h
-- Up-to-date: /home/artificial/bags_ws/install/luminar_iris_msgs/include/luminar_iris_msgs/luminar_iris_msgs/msg/detail/sensor_health__type_support.c
-- Up-to-date: /home/artificial/bags_ws/install/luminar_iris_msgs/include/luminar_iris_msgs/luminar_iris_msgs/msg/rosidl_typesupport_introspection_c__visibility_control.h
-- Up-to-date: /home/artificial/bags_ws/install/luminar_iris_msgs/lib/libluminar_iris_msgs__rosidl_typesupport_introspection_c.so
-- Up-to-date: /home/artificial/bags_ws/install/luminar_iris_msgs/lib/libluminar_iris_msgs__rosidl_typesupport_c.so
-- Up-to-date: /home/artificial/bags_ws/install/luminar_iris_msgs/include/luminar_iris_msgs/luminar_iris_msgs
-- Up-to-date: /home/artificial/bags_ws/install/luminar_iris_msgs/include/luminar_iris_msgs/luminar_iris_msgs/msg
-- Up-to-date: /home/artificial/bags_ws/install/luminar_iris_msgs/include/luminar_iris_msgs/luminar_iris_msgs/msg/sensor_health.hpp
-- Up-to-date: /home/artificial/bags_ws/install/luminar_iris_msgs/include/luminar_iris_msgs/luminar_iris_msgs/msg/detail
-- Up-to-date: /home/artificial/bags_ws/install/luminar_iris_msgs/include/luminar_iris_msgs/luminar_iris_msgs/msg/detail/sensor_health__struct.hpp
-- Up-to-date: /home/artificial/bags_ws/install/luminar_iris_msgs/include/luminar_iris_msgs/luminar_iris_msgs/msg/detail/sensor_health__traits.hpp
-- Up-to-date: /home/artificial/bags_ws/install/luminar_iris_msgs/include/luminar_iris_msgs/luminar_iris_msgs/msg/detail/sensor_health__builder.hpp
-- Up-to-date: /home/artificial/bags_ws/install/luminar_iris_msgs/include/luminar_iris_msgs/luminar_iris_msgs
-- Up-to-date: /home/artificial/bags_ws/install/luminar_iris_msgs/include/luminar_iris_msgs/luminar_iris_msgs/msg
-- Up-to-date: /home/artificial/bags_ws/install/luminar_iris_msgs/include/luminar_iris_msgs/luminar_iris_msgs/msg/detail
-- Up-to-date: /home/artificial/bags_ws/install/luminar_iris_msgs/include/luminar_iris_msgs/luminar_iris_msgs/msg/detail/sensor_health__rosidl_typesupport_fastrtps_cpp.hpp
-- Up-to-date: /home/artificial/bags_ws/install/luminar_iris_msgs/include/luminar_iris_msgs/luminar_iris_msgs/msg/detail/dds_fastrtps
-- Up-to-date: /home/artificial/bags_ws/install/luminar_iris_msgs/include/luminar_iris_msgs/luminar_iris_msgs/msg/rosidl_typesupport_fastrtps_cpp__visibility_control.h
-- Up-to-date: /home/artificial/bags_ws/install/luminar_iris_msgs/lib/libluminar_iris_msgs__rosidl_typesupport_fastrtps_cpp.so
-- Up-to-date: /home/artificial/bags_ws/install/luminar_iris_msgs/include/luminar_iris_msgs/luminar_iris_msgs
-- Up-to-date: /home/artificial/bags_ws/install/luminar_iris_msgs/include/luminar_iris_msgs/luminar_iris_msgs/msg
-- Up-to-date: /home/artificial/bags_ws/install/luminar_iris_msgs/include/luminar_iris_msgs/luminar_iris_msgs/msg/detail
-- Up-to-date: /home/artificial/bags_ws/install/luminar_iris_msgs/include/luminar_iris_msgs/luminar_iris_msgs/msg/detail/sensor_health__type_support.cpp
-- Up-to-date: /home/artificial/bags_ws/install/luminar_iris_msgs/include/luminar_iris_msgs/luminar_iris_msgs/msg/detail/sensor_health__rosidl_typesupport_introspection_cpp.hpp
-- Up-to-date: /home/artificial/bags_ws/install/luminar_iris_msgs/lib/libluminar_iris_msgs__rosidl_typesupport_introspection_cpp.so
-- Up-to-date: /home/artificial/bags_ws/install/luminar_iris_msgs/lib/libluminar_iris_msgs__rosidl_typesupport_cpp.so
-- Up-to-date: /home/artificial/bags_ws/install/luminar_iris_msgs/share/luminar_iris_msgs/environment/pythonpath.sh
-- Up-to-date: /home/artificial/bags_ws/install/luminar_iris_msgs/share/luminar_iris_msgs/environment/pythonpath.dsv
-- Up-to-date: /home/artificial/bags_ws/install/luminar_iris_msgs/local/lib/python3.10/dist-packages/luminar_iris_msgs-0.0.0-py3.10.egg-info
-- Installing: /home/artificial/bags_ws/install/luminar_iris_msgs/local/lib/python3.10/dist-packages/luminar_iris_msgs-0.0.0-py3.10.egg-info/SOURCES.txt
-- Installing: /home/artificial/bags_ws/install/luminar_iris_msgs/local/lib/python3.10/dist-packages/luminar_iris_msgs-0.0.0-py3.10.egg-info/PKG-INFO
-- Installing: /home/artificial/bags_ws/install/luminar_iris_msgs/local/lib/python3.10/dist-packages/luminar_iris_msgs-0.0.0-py3.10.egg-info/dependency_links.txt
-- Installing: /home/artificial/bags_ws/install/luminar_iris_msgs/local/lib/python3.10/dist-packages/luminar_iris_msgs-0.0.0-py3.10.egg-info/top_level.txt
-- Up-to-date: /home/artificial/bags_ws/install/luminar_iris_msgs/local/lib/python3.10/dist-packages/luminar_iris_msgs
-- Up-to-date: /home/artificial/bags_ws/install/luminar_iris_msgs/local/lib/python3.10/dist-packages/luminar_iris_msgs/_luminar_iris_msgs_s.ep.rosidl_typesupport_introspection_c.c
-- Up-to-date: /home/artificial/bags_ws/install/luminar_iris_msgs/local/lib/python3.10/dist-packages/luminar_iris_msgs/libluminar_iris_msgs__rosidl_generator_py.so
-- Up-to-date: /home/artificial/bags_ws/install/luminar_iris_msgs/local/lib/python3.10/dist-packages/luminar_iris_msgs/_luminar_iris_msgs_s.ep.rosidl_typesupport_fastrtps_c.c
-- Up-to-date: /home/artificial/bags_ws/install/luminar_iris_msgs/local/lib/python3.10/dist-packages/luminar_iris_msgs/__init__.py
-- Up-to-date: /home/artificial/bags_ws/install/luminar_iris_msgs/local/lib/python3.10/dist-packages/luminar_iris_msgs/luminar_iris_msgs_s__rosidl_typesupport_c.cpython-310-x86_64-linux-gnu.so
-- Up-to-date: /home/artificial/bags_ws/install/luminar_iris_msgs/local/lib/python3.10/dist-packages/luminar_iris_msgs/luminar_iris_msgs_s__rosidl_typesupport_introspection_c.cpython-310-x86_64-linux-gnu.so
-- Up-to-date: /home/artificial/bags_ws/install/luminar_iris_msgs/local/lib/python3.10/dist-packages/luminar_iris_msgs/_luminar_iris_msgs_s.ep.rosidl_typesupport_c.c
-- Up-to-date: /home/artificial/bags_ws/install/luminar_iris_msgs/local/lib/python3.10/dist-packages/luminar_iris_msgs/luminar_iris_msgs_s__rosidl_typesupport_fastrtps_c.cpython-310-x86_64-linux-gnu.so
-- Up-to-date: /home/artificial/bags_ws/install/luminar_iris_msgs/local/lib/python3.10/dist-packages/luminar_iris_msgs/msg
-- Up-to-date: /home/artificial/bags_ws/install/luminar_iris_msgs/local/lib/python3.10/dist-packages/luminar_iris_msgs/msg/_sensor_health.py
-- Up-to-date: /home/artificial/bags_ws/install/luminar_iris_msgs/local/lib/python3.10/dist-packages/luminar_iris_msgs/msg/__init__.py
-- Up-to-date: /home/artificial/bags_ws/install/luminar_iris_msgs/local/lib/python3.10/dist-packages/luminar_iris_msgs/msg/_sensor_health_s.c
Listing '/home/artificial/bags_ws/install/luminar_iris_msgs/local/lib/python3.10/dist-packages/luminar_iris_msgs'...
Listing '/home/artificial/bags_ws/install/luminar_iris_msgs/local/lib/python3.10/dist-packages/luminar_iris_msgs/msg'...
-- Up-to-date: /home/artificial/bags_ws/install/luminar_iris_msgs/local/lib/python3.10/dist-packages/luminar_iris_msgs/luminar_iris_msgs_s__rosidl_typesupport_fastrtps_c.cpython-310-x86_64-linux-gnu.so
-- Up-to-date: /home/artificial/bags_ws/install/luminar_iris_msgs/local/lib/python3.10/dist-packages/luminar_iris_msgs/luminar_iris_msgs_s__rosidl_typesupport_introspection_c.cpython-310-x86_64-linux-gnu.so
-- Up-to-date: /home/artificial/bags_ws/install/luminar_iris_msgs/local/lib/python3.10/dist-packages/luminar_iris_msgs/luminar_iris_msgs_s__rosidl_typesupport_c.cpython-310-x86_64-linux-gnu.so
-- Up-to-date: /home/artificial/bags_ws/install/luminar_iris_msgs/lib/libluminar_iris_msgs__rosidl_generator_py.so
-- Up-to-date: /home/artificial/bags_ws/install/luminar_iris_msgs/share/luminar_iris_msgs/msg/SensorHealth.idl
-- Up-to-date: /home/artificial/bags_ws/install/luminar_iris_msgs/share/luminar_iris_msgs/msg/SensorHealth.msg
-- Up-to-date: /home/artificial/bags_ws/install/luminar_iris_msgs/share/ament_index/resource_index/package_run_dependencies/luminar_iris_msgs
-- Up-to-date: /home/artificial/bags_ws/install/luminar_iris_msgs/share/ament_index/resource_index/parent_prefix_path/luminar_iris_msgs
-- Up-to-date: /home/artificial/bags_ws/install/luminar_iris_msgs/share/luminar_iris_msgs/environment/ament_prefix_path.sh
-- Up-to-date: /home/artificial/bags_ws/install/luminar_iris_msgs/share/luminar_iris_msgs/environment/ament_prefix_path.dsv
-- Up-to-date: /home/artificial/bags_ws/install/luminar_iris_msgs/share/luminar_iris_msgs/environment/path.sh
-- Up-to-date: /home/artificial/bags_ws/install/luminar_iris_msgs/share/luminar_iris_msgs/environment/path.dsv
-- Up-to-date: /home/artificial/bags_ws/install/luminar_iris_msgs/share/luminar_iris_msgs/local_setup.bash
-- Up-to-date: /home/artificial/bags_ws/install/luminar_iris_msgs/share/luminar_iris_msgs/local_setup.sh
-- Up-to-date: /home/artificial/bags_ws/install/luminar_iris_msgs/share/luminar_iris_msgs/local_setup.zsh
-- Up-to-date: /home/artificial/bags_ws/install/luminar_iris_msgs/share/luminar_iris_msgs/local_setup.dsv
-- Installing: /home/artificial/bags_ws/install/luminar_iris_msgs/share/luminar_iris_msgs/package.dsv
-- Up-to-date: /home/artificial/bags_ws/install/luminar_iris_msgs/share/ament_index/resource_index/packages/luminar_iris_msgs
-- Up-to-date: /home/artificial/bags_ws/install/luminar_iris_msgs/share/luminar_iris_msgs/cmake/export_luminar_iris_msgs__rosidl_generator_cExport.cmake
-- Up-to-date: /home/artificial/bags_ws/install/luminar_iris_msgs/share/luminar_iris_msgs/cmake/export_luminar_iris_msgs__rosidl_generator_cExport-noconfig.cmake
-- Up-to-date: /home/artificial/bags_ws/install/luminar_iris_msgs/share/luminar_iris_msgs/cmake/export_luminar_iris_msgs__rosidl_typesupport_fastrtps_cExport.cmake
-- Up-to-date: /home/artificial/bags_ws/install/luminar_iris_msgs/share/luminar_iris_msgs/cmake/export_luminar_iris_msgs__rosidl_typesupport_fastrtps_cExport-noconfig.cmake
-- Up-to-date: /home/artificial/bags_ws/install/luminar_iris_msgs/share/luminar_iris_msgs/cmake/luminar_iris_msgs__rosidl_typesupport_introspection_cExport.cmake
-- Up-to-date: /home/artificial/bags_ws/install/luminar_iris_msgs/share/luminar_iris_msgs/cmake/luminar_iris_msgs__rosidl_typesupport_introspection_cExport-noconfig.cmake
-- Up-to-date: /home/artificial/bags_ws/install/luminar_iris_msgs/share/luminar_iris_msgs/cmake/luminar_iris_msgs__rosidl_typesupport_cExport.cmake
-- Up-to-date: /home/artificial/bags_ws/install/luminar_iris_msgs/share/luminar_iris_msgs/cmake/luminar_iris_msgs__rosidl_typesupport_cExport-noconfig.cmake
-- Up-to-date: /home/artificial/bags_ws/install/luminar_iris_msgs/share/luminar_iris_msgs/cmake/export_luminar_iris_msgs__rosidl_generator_cppExport.cmake
-- Up-to-date: /home/artificial/bags_ws/install/luminar_iris_msgs/share/luminar_iris_msgs/cmake/export_luminar_iris_msgs__rosidl_typesupport_fastrtps_cppExport.cmake
-- Up-to-date: /home/artificial/bags_ws/install/luminar_iris_msgs/share/luminar_iris_msgs/cmake/export_luminar_iris_msgs__rosidl_typesupport_fastrtps_cppExport-noconfig.cmake
-- Up-to-date: /home/artificial/bags_ws/install/luminar_iris_msgs/share/luminar_iris_msgs/cmake/luminar_iris_msgs__rosidl_typesupport_introspection_cppExport.cmake
-- Up-to-date: /home/artificial/bags_ws/install/luminar_iris_msgs/share/luminar_iris_msgs/cmake/luminar_iris_msgs__rosidl_typesupport_introspection_cppExport-noconfig.cmake
-- Up-to-date: /home/artificial/bags_ws/install/luminar_iris_msgs/share/luminar_iris_msgs/cmake/luminar_iris_msgs__rosidl_typesupport_cppExport.cmake
-- Up-to-date: /home/artificial/bags_ws/install/luminar_iris_msgs/share/luminar_iris_msgs/cmake/luminar_iris_msgs__rosidl_typesupport_cppExport-noconfig.cmake
-- Up-to-date: /home/artificial/bags_ws/install/luminar_iris_msgs/share/luminar_iris_msgs/cmake/export_luminar_iris_msgs__rosidl_generator_pyExport.cmake
-- Up-to-date: /home/artificial/bags_ws/install/luminar_iris_msgs/share/luminar_iris_msgs/cmake/export_luminar_iris_msgs__rosidl_generator_pyExport-noconfig.cmake
-- Up-to-date: /home/artificial/bags_ws/install/luminar_iris_msgs/share/luminar_iris_msgs/cmake/rosidl_cmake-extras.cmake
-- Up-to-date: /home/artificial/bags_ws/install/luminar_iris_msgs/share/luminar_iris_msgs/cmake/ament_cmake_export_dependencies-extras.cmake
-- Up-to-date: /home/artificial/bags_ws/install/luminar_iris_msgs/share/luminar_iris_msgs/cmake/ament_cmake_export_include_directories-extras.cmake
-- Up-to-date: /home/artificial/bags_ws/install/luminar_iris_msgs/share/luminar_iris_msgs/cmake/ament_cmake_export_libraries-extras.cmake
-- Up-to-date: /home/artificial/bags_ws/install/luminar_iris_msgs/share/luminar_iris_msgs/cmake/ament_cmake_export_targets-extras.cmake
-- Up-to-date: /home/artificial/bags_ws/install/luminar_iris_msgs/share/luminar_iris_msgs/cmake/rosidl_cmake_export_typesupport_targets-extras.cmake
-- Up-to-date: /home/artificial/bags_ws/install/luminar_iris_msgs/share/luminar_iris_msgs/cmake/rosidl_cmake_export_typesupport_libraries-extras.cmake
-- Up-to-date: /home/artificial/bags_ws/install/luminar_iris_msgs/share/luminar_iris_msgs/cmake/luminar_iris_msgsConfig.cmake
-- Up-to-date: /home/artificial/bags_ws/install/luminar_iris_msgs/share/luminar_iris_msgs/cmake/luminar_iris_msgsConfig-version.cmake
-- Up-to-date: /home/artificial/bags_ws/install/luminar_iris_msgs/share/luminar_iris_msgs/package.xml
