[0.006s] Invoking command in '/home/artificial/bags_ws/build/luminar_iris_msgs': CMAKE_PREFIX_PATH=/opt/ros/humble /usr/bin/cmake --build /home/artificial/bags_ws/build/luminar_iris_msgs -- -j16 -l16
[0.030s] [  3%] Built target luminar_iris_msgs__cpp
[0.030s] [ 12%] Built target luminar_iris_msgs__rosidl_generator_c
[0.035s] [ 12%] Built target ament_cmake_python_copy_luminar_iris_msgs
[0.044s] [ 22%] Built target luminar_iris_msgs__rosidl_typesupport_cpp
[0.044s] [ 32%] Built target luminar_iris_msgs__rosidl_typesupport_fastrtps_cpp
[0.045s] [ 41%] Built target luminar_iris_msgs__rosidl_typesupport_introspection_c
[0.045s] [ 51%] Built target luminar_iris_msgs__rosidl_typesupport_fastrtps_c
[0.046s] [ 61%] Built target luminar_iris_msgs__rosidl_typesupport_c
[0.046s] [ 70%] Built target luminar_iris_msgs__rosidl_typesupport_introspection_cpp
[0.059s] [ 70%] Built target luminar_iris_msgs
[0.071s] [ 74%] Built target luminar_iris_msgs__py
[0.083s] [ 80%] Built target luminar_iris_msgs__rosidl_generator_py
[0.096s] [ 93%] Built target luminar_iris_msgs__rosidl_typesupport_c__pyext
[0.096s] [ 93%] Built target luminar_iris_msgs__rosidl_typesupport_fastrtps_c__pyext
[0.096s] [100%] Built target luminar_iris_msgs__rosidl_typesupport_introspection_c__pyext
[0.174s] running egg_info
[0.174s] writing luminar_iris_msgs.egg-info/PKG-INFO
[0.174s] writing dependency_links to luminar_iris_msgs.egg-info/dependency_links.txt
[0.174s] writing top-level names to luminar_iris_msgs.egg-info/top_level.txt
[0.176s] reading manifest file 'luminar_iris_msgs.egg-info/SOURCES.txt'
[0.176s] writing manifest file 'luminar_iris_msgs.egg-info/SOURCES.txt'
[0.188s] [100%] Built target ament_cmake_python_build_luminar_iris_msgs_egg
[0.194s] Invoked command in '/home/artificial/bags_ws/build/luminar_iris_msgs' returned '0': CMAKE_PREFIX_PATH=/opt/ros/humble /usr/bin/cmake --build /home/artificial/bags_ws/build/luminar_iris_msgs -- -j16 -l16
[0.225s] Invoking command in '/home/artificial/bags_ws/build/luminar_iris_msgs': CMAKE_PREFIX_PATH=/opt/ros/humble /usr/bin/cmake --install /home/artificial/bags_ws/build/luminar_iris_msgs
[0.231s] -- Install configuration: ""
[0.231s] -- Up-to-date: /home/artificial/bags_ws/install/luminar_iris_msgs/share/ament_index/resource_index/rosidl_interfaces/luminar_iris_msgs
[0.231s] -- Up-to-date: /home/artificial/bags_ws/install/luminar_iris_msgs/include/luminar_iris_msgs/luminar_iris_msgs
[0.231s] -- Up-to-date: /home/artificial/bags_ws/install/luminar_iris_msgs/include/luminar_iris_msgs/luminar_iris_msgs/msg
[0.231s] -- Up-to-date: /home/artificial/bags_ws/install/luminar_iris_msgs/include/luminar_iris_msgs/luminar_iris_msgs/msg/sensor_health.h
[0.231s] -- Up-to-date: /home/artificial/bags_ws/install/luminar_iris_msgs/include/luminar_iris_msgs/luminar_iris_msgs/msg/detail
[0.231s] -- Up-to-date: /home/artificial/bags_ws/install/luminar_iris_msgs/include/luminar_iris_msgs/luminar_iris_msgs/msg/detail/sensor_health__struct.h
[0.231s] -- Up-to-date: /home/artificial/bags_ws/install/luminar_iris_msgs/include/luminar_iris_msgs/luminar_iris_msgs/msg/detail/sensor_health__functions.c
[0.231s] -- Up-to-date: /home/artificial/bags_ws/install/luminar_iris_msgs/include/luminar_iris_msgs/luminar_iris_msgs/msg/detail/sensor_health__functions.h
[0.231s] -- Up-to-date: /home/artificial/bags_ws/install/luminar_iris_msgs/include/luminar_iris_msgs/luminar_iris_msgs/msg/detail/sensor_health__type_support.h
[0.231s] -- Up-to-date: /home/artificial/bags_ws/install/luminar_iris_msgs/include/luminar_iris_msgs/luminar_iris_msgs/msg/rosidl_generator_c__visibility_control.h
[0.231s] -- Up-to-date: /home/artificial/bags_ws/install/luminar_iris_msgs/share/luminar_iris_msgs/environment/library_path.sh
[0.231s] -- Up-to-date: /home/artificial/bags_ws/install/luminar_iris_msgs/share/luminar_iris_msgs/environment/library_path.dsv
[0.231s] -- Up-to-date: /home/artificial/bags_ws/install/luminar_iris_msgs/lib/libluminar_iris_msgs__rosidl_generator_c.so
[0.231s] -- Up-to-date: /home/artificial/bags_ws/install/luminar_iris_msgs/include/luminar_iris_msgs/luminar_iris_msgs
[0.231s] -- Up-to-date: /home/artificial/bags_ws/install/luminar_iris_msgs/include/luminar_iris_msgs/luminar_iris_msgs/msg
[0.231s] -- Up-to-date: /home/artificial/bags_ws/install/luminar_iris_msgs/include/luminar_iris_msgs/luminar_iris_msgs/msg/detail
[0.231s] -- Up-to-date: /home/artificial/bags_ws/install/luminar_iris_msgs/include/luminar_iris_msgs/luminar_iris_msgs/msg/detail/sensor_health__rosidl_typesupport_fastrtps_c.h
[0.231s] -- Up-to-date: /home/artificial/bags_ws/install/luminar_iris_msgs/include/luminar_iris_msgs/luminar_iris_msgs/msg/rosidl_typesupport_fastrtps_c__visibility_control.h
[0.231s] -- Up-to-date: /home/artificial/bags_ws/install/luminar_iris_msgs/lib/libluminar_iris_msgs__rosidl_typesupport_fastrtps_c.so
[0.232s] -- Up-to-date: /home/artificial/bags_ws/install/luminar_iris_msgs/include/luminar_iris_msgs/luminar_iris_msgs
[0.232s] -- Up-to-date: /home/artificial/bags_ws/install/luminar_iris_msgs/include/luminar_iris_msgs/luminar_iris_msgs/msg
[0.232s] -- Up-to-date: /home/artificial/bags_ws/install/luminar_iris_msgs/include/luminar_iris_msgs/luminar_iris_msgs/msg/detail
[0.232s] -- Up-to-date: /home/artificial/bags_ws/install/luminar_iris_msgs/include/luminar_iris_msgs/luminar_iris_msgs/msg/detail/sensor_health__rosidl_typesupport_introspection_c.h
[0.232s] -- Up-to-date: /home/artificial/bags_ws/install/luminar_iris_msgs/include/luminar_iris_msgs/luminar_iris_msgs/msg/detail/sensor_health__type_support.c
[0.232s] -- Up-to-date: /home/artificial/bags_ws/install/luminar_iris_msgs/include/luminar_iris_msgs/luminar_iris_msgs/msg/rosidl_typesupport_introspection_c__visibility_control.h
[0.232s] -- Up-to-date: /home/artificial/bags_ws/install/luminar_iris_msgs/lib/libluminar_iris_msgs__rosidl_typesupport_introspection_c.so
[0.232s] -- Up-to-date: /home/artificial/bags_ws/install/luminar_iris_msgs/lib/libluminar_iris_msgs__rosidl_typesupport_c.so
[0.232s] -- Up-to-date: /home/artificial/bags_ws/install/luminar_iris_msgs/include/luminar_iris_msgs/luminar_iris_msgs
[0.232s] -- Up-to-date: /home/artificial/bags_ws/install/luminar_iris_msgs/include/luminar_iris_msgs/luminar_iris_msgs/msg
[0.232s] -- Up-to-date: /home/artificial/bags_ws/install/luminar_iris_msgs/include/luminar_iris_msgs/luminar_iris_msgs/msg/sensor_health.hpp
[0.232s] -- Up-to-date: /home/artificial/bags_ws/install/luminar_iris_msgs/include/luminar_iris_msgs/luminar_iris_msgs/msg/detail
[0.232s] -- Up-to-date: /home/artificial/bags_ws/install/luminar_iris_msgs/include/luminar_iris_msgs/luminar_iris_msgs/msg/detail/sensor_health__struct.hpp
[0.232s] -- Up-to-date: /home/artificial/bags_ws/install/luminar_iris_msgs/include/luminar_iris_msgs/luminar_iris_msgs/msg/detail/sensor_health__traits.hpp
[0.232s] -- Up-to-date: /home/artificial/bags_ws/install/luminar_iris_msgs/include/luminar_iris_msgs/luminar_iris_msgs/msg/detail/sensor_health__builder.hpp
[0.232s] -- Up-to-date: /home/artificial/bags_ws/install/luminar_iris_msgs/include/luminar_iris_msgs/luminar_iris_msgs
[0.232s] -- Up-to-date: /home/artificial/bags_ws/install/luminar_iris_msgs/include/luminar_iris_msgs/luminar_iris_msgs/msg
[0.232s] -- Up-to-date: /home/artificial/bags_ws/install/luminar_iris_msgs/include/luminar_iris_msgs/luminar_iris_msgs/msg/detail
[0.232s] -- Up-to-date: /home/artificial/bags_ws/install/luminar_iris_msgs/include/luminar_iris_msgs/luminar_iris_msgs/msg/detail/sensor_health__rosidl_typesupport_fastrtps_cpp.hpp
[0.232s] -- Up-to-date: /home/artificial/bags_ws/install/luminar_iris_msgs/include/luminar_iris_msgs/luminar_iris_msgs/msg/detail/dds_fastrtps
[0.232s] -- Up-to-date: /home/artificial/bags_ws/install/luminar_iris_msgs/include/luminar_iris_msgs/luminar_iris_msgs/msg/rosidl_typesupport_fastrtps_cpp__visibility_control.h
[0.232s] -- Up-to-date: /home/artificial/bags_ws/install/luminar_iris_msgs/lib/libluminar_iris_msgs__rosidl_typesupport_fastrtps_cpp.so
[0.232s] -- Up-to-date: /home/artificial/bags_ws/install/luminar_iris_msgs/include/luminar_iris_msgs/luminar_iris_msgs
[0.232s] -- Up-to-date: /home/artificial/bags_ws/install/luminar_iris_msgs/include/luminar_iris_msgs/luminar_iris_msgs/msg
[0.232s] -- Up-to-date: /home/artificial/bags_ws/install/luminar_iris_msgs/include/luminar_iris_msgs/luminar_iris_msgs/msg/detail
[0.232s] -- Up-to-date: /home/artificial/bags_ws/install/luminar_iris_msgs/include/luminar_iris_msgs/luminar_iris_msgs/msg/detail/sensor_health__type_support.cpp
[0.232s] -- Up-to-date: /home/artificial/bags_ws/install/luminar_iris_msgs/include/luminar_iris_msgs/luminar_iris_msgs/msg/detail/sensor_health__rosidl_typesupport_introspection_cpp.hpp
[0.232s] -- Up-to-date: /home/artificial/bags_ws/install/luminar_iris_msgs/lib/libluminar_iris_msgs__rosidl_typesupport_introspection_cpp.so
[0.233s] -- Up-to-date: /home/artificial/bags_ws/install/luminar_iris_msgs/lib/libluminar_iris_msgs__rosidl_typesupport_cpp.so
[0.233s] -- Up-to-date: /home/artificial/bags_ws/install/luminar_iris_msgs/share/luminar_iris_msgs/environment/pythonpath.sh
[0.233s] -- Up-to-date: /home/artificial/bags_ws/install/luminar_iris_msgs/share/luminar_iris_msgs/environment/pythonpath.dsv
[0.233s] -- Up-to-date: /home/artificial/bags_ws/install/luminar_iris_msgs/local/lib/python3.10/dist-packages/luminar_iris_msgs-0.0.0-py3.10.egg-info
[0.233s] -- Installing: /home/artificial/bags_ws/install/luminar_iris_msgs/local/lib/python3.10/dist-packages/luminar_iris_msgs-0.0.0-py3.10.egg-info/SOURCES.txt
[0.233s] -- Installing: /home/artificial/bags_ws/install/luminar_iris_msgs/local/lib/python3.10/dist-packages/luminar_iris_msgs-0.0.0-py3.10.egg-info/PKG-INFO
[0.233s] -- Installing: /home/artificial/bags_ws/install/luminar_iris_msgs/local/lib/python3.10/dist-packages/luminar_iris_msgs-0.0.0-py3.10.egg-info/dependency_links.txt
[0.233s] -- Installing: /home/artificial/bags_ws/install/luminar_iris_msgs/local/lib/python3.10/dist-packages/luminar_iris_msgs-0.0.0-py3.10.egg-info/top_level.txt
[0.233s] -- Up-to-date: /home/artificial/bags_ws/install/luminar_iris_msgs/local/lib/python3.10/dist-packages/luminar_iris_msgs
[0.233s] -- Up-to-date: /home/artificial/bags_ws/install/luminar_iris_msgs/local/lib/python3.10/dist-packages/luminar_iris_msgs/_luminar_iris_msgs_s.ep.rosidl_typesupport_introspection_c.c
[0.233s] -- Up-to-date: /home/artificial/bags_ws/install/luminar_iris_msgs/local/lib/python3.10/dist-packages/luminar_iris_msgs/libluminar_iris_msgs__rosidl_generator_py.so
[0.233s] -- Up-to-date: /home/artificial/bags_ws/install/luminar_iris_msgs/local/lib/python3.10/dist-packages/luminar_iris_msgs/_luminar_iris_msgs_s.ep.rosidl_typesupport_fastrtps_c.c
[0.233s] -- Up-to-date: /home/artificial/bags_ws/install/luminar_iris_msgs/local/lib/python3.10/dist-packages/luminar_iris_msgs/__init__.py
[0.233s] -- Up-to-date: /home/artificial/bags_ws/install/luminar_iris_msgs/local/lib/python3.10/dist-packages/luminar_iris_msgs/luminar_iris_msgs_s__rosidl_typesupport_c.cpython-310-x86_64-linux-gnu.so
[0.233s] -- Up-to-date: /home/artificial/bags_ws/install/luminar_iris_msgs/local/lib/python3.10/dist-packages/luminar_iris_msgs/luminar_iris_msgs_s__rosidl_typesupport_introspection_c.cpython-310-x86_64-linux-gnu.so
[0.233s] -- Up-to-date: /home/artificial/bags_ws/install/luminar_iris_msgs/local/lib/python3.10/dist-packages/luminar_iris_msgs/_luminar_iris_msgs_s.ep.rosidl_typesupport_c.c
[0.233s] -- Up-to-date: /home/artificial/bags_ws/install/luminar_iris_msgs/local/lib/python3.10/dist-packages/luminar_iris_msgs/luminar_iris_msgs_s__rosidl_typesupport_fastrtps_c.cpython-310-x86_64-linux-gnu.so
[0.233s] -- Up-to-date: /home/artificial/bags_ws/install/luminar_iris_msgs/local/lib/python3.10/dist-packages/luminar_iris_msgs/msg
[0.233s] -- Up-to-date: /home/artificial/bags_ws/install/luminar_iris_msgs/local/lib/python3.10/dist-packages/luminar_iris_msgs/msg/_sensor_health.py
[0.233s] -- Up-to-date: /home/artificial/bags_ws/install/luminar_iris_msgs/local/lib/python3.10/dist-packages/luminar_iris_msgs/msg/__init__.py
[0.233s] -- Up-to-date: /home/artificial/bags_ws/install/luminar_iris_msgs/local/lib/python3.10/dist-packages/luminar_iris_msgs/msg/_sensor_health_s.c
[0.247s] Listing '/home/artificial/bags_ws/install/luminar_iris_msgs/local/lib/python3.10/dist-packages/luminar_iris_msgs'...
[0.247s] Listing '/home/artificial/bags_ws/install/luminar_iris_msgs/local/lib/python3.10/dist-packages/luminar_iris_msgs/msg'...
[0.249s] -- Up-to-date: /home/artificial/bags_ws/install/luminar_iris_msgs/local/lib/python3.10/dist-packages/luminar_iris_msgs/luminar_iris_msgs_s__rosidl_typesupport_fastrtps_c.cpython-310-x86_64-linux-gnu.so
[0.249s] -- Up-to-date: /home/artificial/bags_ws/install/luminar_iris_msgs/local/lib/python3.10/dist-packages/luminar_iris_msgs/luminar_iris_msgs_s__rosidl_typesupport_introspection_c.cpython-310-x86_64-linux-gnu.so
[0.249s] -- Up-to-date: /home/artificial/bags_ws/install/luminar_iris_msgs/local/lib/python3.10/dist-packages/luminar_iris_msgs/luminar_iris_msgs_s__rosidl_typesupport_c.cpython-310-x86_64-linux-gnu.so
[0.249s] -- Up-to-date: /home/artificial/bags_ws/install/luminar_iris_msgs/lib/libluminar_iris_msgs__rosidl_generator_py.so
[0.249s] -- Up-to-date: /home/artificial/bags_ws/install/luminar_iris_msgs/share/luminar_iris_msgs/msg/SensorHealth.idl
[0.249s] -- Up-to-date: /home/artificial/bags_ws/install/luminar_iris_msgs/share/luminar_iris_msgs/msg/SensorHealth.msg
[0.249s] -- Up-to-date: /home/artificial/bags_ws/install/luminar_iris_msgs/share/ament_index/resource_index/package_run_dependencies/luminar_iris_msgs
[0.249s] -- Up-to-date: /home/artificial/bags_ws/install/luminar_iris_msgs/share/ament_index/resource_index/parent_prefix_path/luminar_iris_msgs
[0.249s] -- Up-to-date: /home/artificial/bags_ws/install/luminar_iris_msgs/share/luminar_iris_msgs/environment/ament_prefix_path.sh
[0.249s] -- Up-to-date: /home/artificial/bags_ws/install/luminar_iris_msgs/share/luminar_iris_msgs/environment/ament_prefix_path.dsv
[0.250s] -- Up-to-date: /home/artificial/bags_ws/install/luminar_iris_msgs/share/luminar_iris_msgs/environment/path.sh
[0.250s] -- Up-to-date: /home/artificial/bags_ws/install/luminar_iris_msgs/share/luminar_iris_msgs/environment/path.dsv
[0.250s] -- Up-to-date: /home/artificial/bags_ws/install/luminar_iris_msgs/share/luminar_iris_msgs/local_setup.bash
[0.250s] -- Up-to-date: /home/artificial/bags_ws/install/luminar_iris_msgs/share/luminar_iris_msgs/local_setup.sh
[0.250s] -- Up-to-date: /home/artificial/bags_ws/install/luminar_iris_msgs/share/luminar_iris_msgs/local_setup.zsh
[0.250s] -- Up-to-date: /home/artificial/bags_ws/install/luminar_iris_msgs/share/luminar_iris_msgs/local_setup.dsv
[0.250s] -- Installing: /home/artificial/bags_ws/install/luminar_iris_msgs/share/luminar_iris_msgs/package.dsv
[0.250s] -- Up-to-date: /home/artificial/bags_ws/install/luminar_iris_msgs/share/ament_index/resource_index/packages/luminar_iris_msgs
[0.250s] -- Up-to-date: /home/artificial/bags_ws/install/luminar_iris_msgs/share/luminar_iris_msgs/cmake/export_luminar_iris_msgs__rosidl_generator_cExport.cmake
[0.250s] -- Up-to-date: /home/artificial/bags_ws/install/luminar_iris_msgs/share/luminar_iris_msgs/cmake/export_luminar_iris_msgs__rosidl_generator_cExport-noconfig.cmake
[0.250s] -- Up-to-date: /home/artificial/bags_ws/install/luminar_iris_msgs/share/luminar_iris_msgs/cmake/export_luminar_iris_msgs__rosidl_typesupport_fastrtps_cExport.cmake
[0.250s] -- Up-to-date: /home/artificial/bags_ws/install/luminar_iris_msgs/share/luminar_iris_msgs/cmake/export_luminar_iris_msgs__rosidl_typesupport_fastrtps_cExport-noconfig.cmake
[0.250s] -- Up-to-date: /home/artificial/bags_ws/install/luminar_iris_msgs/share/luminar_iris_msgs/cmake/luminar_iris_msgs__rosidl_typesupport_introspection_cExport.cmake
[0.250s] -- Up-to-date: /home/artificial/bags_ws/install/luminar_iris_msgs/share/luminar_iris_msgs/cmake/luminar_iris_msgs__rosidl_typesupport_introspection_cExport-noconfig.cmake
[0.250s] -- Up-to-date: /home/artificial/bags_ws/install/luminar_iris_msgs/share/luminar_iris_msgs/cmake/luminar_iris_msgs__rosidl_typesupport_cExport.cmake
[0.250s] -- Up-to-date: /home/artificial/bags_ws/install/luminar_iris_msgs/share/luminar_iris_msgs/cmake/luminar_iris_msgs__rosidl_typesupport_cExport-noconfig.cmake
[0.250s] -- Up-to-date: /home/artificial/bags_ws/install/luminar_iris_msgs/share/luminar_iris_msgs/cmake/export_luminar_iris_msgs__rosidl_generator_cppExport.cmake
[0.250s] -- Up-to-date: /home/artificial/bags_ws/install/luminar_iris_msgs/share/luminar_iris_msgs/cmake/export_luminar_iris_msgs__rosidl_typesupport_fastrtps_cppExport.cmake
[0.250s] -- Up-to-date: /home/artificial/bags_ws/install/luminar_iris_msgs/share/luminar_iris_msgs/cmake/export_luminar_iris_msgs__rosidl_typesupport_fastrtps_cppExport-noconfig.cmake
[0.250s] -- Up-to-date: /home/artificial/bags_ws/install/luminar_iris_msgs/share/luminar_iris_msgs/cmake/luminar_iris_msgs__rosidl_typesupport_introspection_cppExport.cmake
[0.250s] -- Up-to-date: /home/artificial/bags_ws/install/luminar_iris_msgs/share/luminar_iris_msgs/cmake/luminar_iris_msgs__rosidl_typesupport_introspection_cppExport-noconfig.cmake
[0.250s] -- Up-to-date: /home/artificial/bags_ws/install/luminar_iris_msgs/share/luminar_iris_msgs/cmake/luminar_iris_msgs__rosidl_typesupport_cppExport.cmake
[0.250s] -- Up-to-date: /home/artificial/bags_ws/install/luminar_iris_msgs/share/luminar_iris_msgs/cmake/luminar_iris_msgs__rosidl_typesupport_cppExport-noconfig.cmake
[0.250s] -- Up-to-date: /home/artificial/bags_ws/install/luminar_iris_msgs/share/luminar_iris_msgs/cmake/export_luminar_iris_msgs__rosidl_generator_pyExport.cmake
[0.250s] -- Up-to-date: /home/artificial/bags_ws/install/luminar_iris_msgs/share/luminar_iris_msgs/cmake/export_luminar_iris_msgs__rosidl_generator_pyExport-noconfig.cmake
[0.250s] -- Up-to-date: /home/artificial/bags_ws/install/luminar_iris_msgs/share/luminar_iris_msgs/cmake/rosidl_cmake-extras.cmake
[0.250s] -- Up-to-date: /home/artificial/bags_ws/install/luminar_iris_msgs/share/luminar_iris_msgs/cmake/ament_cmake_export_dependencies-extras.cmake
[0.250s] -- Up-to-date: /home/artificial/bags_ws/install/luminar_iris_msgs/share/luminar_iris_msgs/cmake/ament_cmake_export_include_directories-extras.cmake
[0.250s] -- Up-to-date: /home/artificial/bags_ws/install/luminar_iris_msgs/share/luminar_iris_msgs/cmake/ament_cmake_export_libraries-extras.cmake
[0.250s] -- Up-to-date: /home/artificial/bags_ws/install/luminar_iris_msgs/share/luminar_iris_msgs/cmake/ament_cmake_export_targets-extras.cmake
[0.250s] -- Up-to-date: /home/artificial/bags_ws/install/luminar_iris_msgs/share/luminar_iris_msgs/cmake/rosidl_cmake_export_typesupport_targets-extras.cmake
[0.250s] -- Up-to-date: /home/artificial/bags_ws/install/luminar_iris_msgs/share/luminar_iris_msgs/cmake/rosidl_cmake_export_typesupport_libraries-extras.cmake
[0.250s] -- Up-to-date: /home/artificial/bags_ws/install/luminar_iris_msgs/share/luminar_iris_msgs/cmake/luminar_iris_msgsConfig.cmake
[0.250s] -- Up-to-date: /home/artificial/bags_ws/install/luminar_iris_msgs/share/luminar_iris_msgs/cmake/luminar_iris_msgsConfig-version.cmake
[0.250s] -- Up-to-date: /home/artificial/bags_ws/install/luminar_iris_msgs/share/luminar_iris_msgs/package.xml
[0.251s] Invoked command in '/home/artificial/bags_ws/build/luminar_iris_msgs' returned '0': CMAKE_PREFIX_PATH=/opt/ros/humble /usr/bin/cmake --install /home/artificial/bags_ws/build/luminar_iris_msgs
