-- The C compiler identification is GNU 11.4.0
-- The CXX compiler identification is GNU 11.4.0
-- Detecting C compiler ABI info
-- Detecting C compiler ABI info - done
-- Check for working C compiler: /usr/bin/cc - skipped
-- Detecting C compile features
-- Detecting C compile features - done
-- Detecting CXX compiler ABI info
-- Detecting CXX compiler ABI info - done
-- Check for working CXX compiler: /usr/bin/c++ - skipped
-- Detecting CXX compile features
-- Detecting CXX compile features - done
-- Found ament_cmake: 1.3.9 (/opt/ros/humble/share/ament_cmake/cmake)
-- Found Python3: /usr/bin/python3 (found version "3.10.12") found components: Interpreter 
-- Conan: Using autogenerated Findlum_drivers_data_client.cmake
-- Found lum_drivers_data_client: 1.0.0 (found version "1.0.0") 
-- Library lum_drivers_data_client found /home/artificial/bags_ws/src/ros2_iris_driver/ros2_iris_driver/lib/lum_drivers_data_client/lib/liblum_drivers_data_client.a
-- Found: /home/artificial/bags_ws/src/ros2_iris_driver/ros2_iris_driver/lib/lum_drivers_data_client/lib/liblum_drivers_data_client.a
-- Conan: Using autogenerated Findlum_common_types_observable.cmake
-- Found lum_common_types_observable: 1.0.0 (found version "1.0.0") 
-- Conan: Using autogenerated Findlum_common_exceptions.cmake
-- Found lum_common_exceptions: 1.0.0 (found version "1.0.0") 
-- Library lum_common_exceptions found /home/artificial/bags_ws/src/ros2_iris_driver/ros2_iris_driver/lib/lum_common_exceptions/lib/liblum_common_exceptions.a
-- Found: /home/artificial/bags_ws/src/ros2_iris_driver/ros2_iris_driver/lib/lum_common_exceptions/lib/liblum_common_exceptions.a
-- Conan: Using autogenerated Findlum_common_log.cmake
-- Found lum_common_log: 1.0.0 (found version "1.0.0") 
-- Library lum_common_log found /home/artificial/bags_ws/src/ros2_iris_driver/ros2_iris_driver/lib/lum_common_log/lib/liblum_common_log.a
-- Found: /home/artificial/bags_ws/src/ros2_iris_driver/ros2_iris_driver/lib/lum_common_log/lib/liblum_common_log.a
-- Conan: Using autogenerated Findlum_common_types.cmake
-- Found lum_common_types: 1.0.0 (found version "1.0.0") 
-- Conan: Using autogenerated Findlum_common_casts.cmake
-- Found lum_common_casts: 1.0.0 (found version "1.0.0") 
-- Conan: Using autogenerated Findlum_platform_process.cmake
-- Found lum_platform_process: 1.0.0 (found version "1.0.0") 
-- Library lum_platform_process found /home/artificial/bags_ws/src/ros2_iris_driver/ros2_iris_driver/lib/lum_platform_process/lib/liblum_platform_process.a
-- Found: /home/artificial/bags_ws/src/ros2_iris_driver/ros2_iris_driver/lib/lum_platform_process/lib/liblum_platform_process.a
-- Dependency lum_common_log already found
-- Conan: Using autogenerated Findlum_common_memory.cmake
-- Found lum_common_memory: 1.0.0 (found version "1.0.0") 
-- Dependency lum_common_types already found
-- Conan: Using autogenerated Findlum_common_swc.cmake
-- Found lum_common_swc: 1.0.0 (found version "1.0.0") 
-- Library lum_common_swc found /home/artificial/bags_ws/src/ros2_iris_driver/ros2_iris_driver/lib/lum_common_swc/lib/liblum_common_swc.a
-- Found: /home/artificial/bags_ws/src/ros2_iris_driver/ros2_iris_driver/lib/lum_common_swc/lib/liblum_common_swc.a
-- Dependency lum_common_log already found
-- Dependency lum_common_exceptions already found
-- Dependency lum_common_types already found
-- Conan: Using autogenerated Findlum_common_multi_thread.cmake
-- Found lum_common_multi_thread: 1.0.0 (found version "1.0.0") 
-- Dependency lum_common_exceptions already found
-- Dependency lum_platform_process already found
-- Conan: Using autogenerated FindMicrosoft.GSL.cmake
-- Found Microsoft.GSL: 3.1.0 (found version "3.1.0") 
-- Conan: Using autogenerated Findlum_drivers_data_client_types.cmake
-- Found lum_drivers_data_client_types: 1.0.0 (found version "1.0.0") 
-- Dependency lum_common_memory already found
-- Dependency lum_common_types already found
-- Dependency lum_common_types_observable already found
-- Conan: Using autogenerated Findlum_drivers_pcap.cmake
-- Found lum_drivers_pcap: 1.0.0 (found version "1.0.0") 
-- Library lum_drivers_pcap found /home/artificial/bags_ws/src/ros2_iris_driver/ros2_iris_driver/lib/lum_drivers_pcap/lib/liblum_drivers_pcap.a
-- Found: /home/artificial/bags_ws/src/ros2_iris_driver/ros2_iris_driver/lib/lum_drivers_pcap/lib/liblum_drivers_pcap.a
-- Dependency lum_common_types already found
-- Conan: Using autogenerated FindBoost.cmake
-- Found Boost: 1.71.0 (found version "1.71.0") 
-- Library boost_coroutine found /home/artificial/bags_ws/src/ros2_iris_driver/ros2_iris_driver/lib/boost/lib/libboost_coroutine.so
-- Found: /home/artificial/bags_ws/src/ros2_iris_driver/ros2_iris_driver/lib/boost/lib/libboost_coroutine.so
-- Library boost_fiber found /home/artificial/bags_ws/src/ros2_iris_driver/ros2_iris_driver/lib/boost/lib/libboost_fiber.so
-- Found: /home/artificial/bags_ws/src/ros2_iris_driver/ros2_iris_driver/lib/boost/lib/libboost_fiber.so
-- Library boost_context found /home/artificial/bags_ws/src/ros2_iris_driver/ros2_iris_driver/lib/boost/lib/libboost_context.so
-- Found: /home/artificial/bags_ws/src/ros2_iris_driver/ros2_iris_driver/lib/boost/lib/libboost_context.so
-- Library boost_iostreams found /home/artificial/bags_ws/src/ros2_iris_driver/ros2_iris_driver/lib/boost/lib/libboost_iostreams.so
-- Found: /home/artificial/bags_ws/src/ros2_iris_driver/ros2_iris_driver/lib/boost/lib/libboost_iostreams.so
-- Library boost_locale found /home/artificial/bags_ws/src/ros2_iris_driver/ros2_iris_driver/lib/boost/lib/libboost_locale.so
-- Found: /home/artificial/bags_ws/src/ros2_iris_driver/ros2_iris_driver/lib/boost/lib/libboost_locale.so
-- Library boost_log_setup found /home/artificial/bags_ws/src/ros2_iris_driver/ros2_iris_driver/lib/boost/lib/libboost_log_setup.so
-- Found: /home/artificial/bags_ws/src/ros2_iris_driver/ros2_iris_driver/lib/boost/lib/libboost_log_setup.so
-- Library boost_log found /home/artificial/bags_ws/src/ros2_iris_driver/ros2_iris_driver/lib/boost/lib/libboost_log.so
-- Found: /home/artificial/bags_ws/src/ros2_iris_driver/ros2_iris_driver/lib/boost/lib/libboost_log.so
-- Library boost_math_c99 found /home/artificial/bags_ws/src/ros2_iris_driver/ros2_iris_driver/lib/boost/lib/libboost_math_c99.so
-- Found: /home/artificial/bags_ws/src/ros2_iris_driver/ros2_iris_driver/lib/boost/lib/libboost_math_c99.so
-- Library boost_math_c99f found /home/artificial/bags_ws/src/ros2_iris_driver/ros2_iris_driver/lib/boost/lib/libboost_math_c99f.so
-- Found: /home/artificial/bags_ws/src/ros2_iris_driver/ros2_iris_driver/lib/boost/lib/libboost_math_c99f.so
-- Library boost_math_c99l found /home/artificial/bags_ws/src/ros2_iris_driver/ros2_iris_driver/lib/boost/lib/libboost_math_c99l.so
-- Found: /home/artificial/bags_ws/src/ros2_iris_driver/ros2_iris_driver/lib/boost/lib/libboost_math_c99l.so
-- Library boost_math_tr1 found /home/artificial/bags_ws/src/ros2_iris_driver/ros2_iris_driver/lib/boost/lib/libboost_math_tr1.so
-- Found: /home/artificial/bags_ws/src/ros2_iris_driver/ros2_iris_driver/lib/boost/lib/libboost_math_tr1.so
-- Library boost_math_tr1f found /home/artificial/bags_ws/src/ros2_iris_driver/ros2_iris_driver/lib/boost/lib/libboost_math_tr1f.so
-- Found: /home/artificial/bags_ws/src/ros2_iris_driver/ros2_iris_driver/lib/boost/lib/libboost_math_tr1f.so
-- Library boost_math_tr1l found /home/artificial/bags_ws/src/ros2_iris_driver/ros2_iris_driver/lib/boost/lib/libboost_math_tr1l.so
-- Found: /home/artificial/bags_ws/src/ros2_iris_driver/ros2_iris_driver/lib/boost/lib/libboost_math_tr1l.so
-- Library boost_program_options found /home/artificial/bags_ws/src/ros2_iris_driver/ros2_iris_driver/lib/boost/lib/libboost_program_options.so
-- Found: /home/artificial/bags_ws/src/ros2_iris_driver/ros2_iris_driver/lib/boost/lib/libboost_program_options.so
-- Library boost_random found /home/artificial/bags_ws/src/ros2_iris_driver/ros2_iris_driver/lib/boost/lib/libboost_random.so
-- Found: /home/artificial/bags_ws/src/ros2_iris_driver/ros2_iris_driver/lib/boost/lib/libboost_random.so
-- Library boost_regex found /home/artificial/bags_ws/src/ros2_iris_driver/ros2_iris_driver/lib/boost/lib/libboost_regex.so
-- Found: /home/artificial/bags_ws/src/ros2_iris_driver/ros2_iris_driver/lib/boost/lib/libboost_regex.so
-- Library boost_stacktrace_addr2line found /home/artificial/bags_ws/src/ros2_iris_driver/ros2_iris_driver/lib/boost/lib/libboost_stacktrace_addr2line.so
-- Found: /home/artificial/bags_ws/src/ros2_iris_driver/ros2_iris_driver/lib/boost/lib/libboost_stacktrace_addr2line.so
-- Library boost_stacktrace_backtrace found /home/artificial/bags_ws/src/ros2_iris_driver/ros2_iris_driver/lib/boost/lib/libboost_stacktrace_backtrace.so
-- Found: /home/artificial/bags_ws/src/ros2_iris_driver/ros2_iris_driver/lib/boost/lib/libboost_stacktrace_backtrace.so
-- Library boost_stacktrace_basic found /home/artificial/bags_ws/src/ros2_iris_driver/ros2_iris_driver/lib/boost/lib/libboost_stacktrace_basic.so
-- Found: /home/artificial/bags_ws/src/ros2_iris_driver/ros2_iris_driver/lib/boost/lib/libboost_stacktrace_basic.so
-- Library boost_stacktrace_noop found /home/artificial/bags_ws/src/ros2_iris_driver/ros2_iris_driver/lib/boost/lib/libboost_stacktrace_noop.so
-- Found: /home/artificial/bags_ws/src/ros2_iris_driver/ros2_iris_driver/lib/boost/lib/libboost_stacktrace_noop.so
-- Library boost_timer found /home/artificial/bags_ws/src/ros2_iris_driver/ros2_iris_driver/lib/boost/lib/libboost_timer.so
-- Found: /home/artificial/bags_ws/src/ros2_iris_driver/ros2_iris_driver/lib/boost/lib/libboost_timer.so
-- Library boost_type_erasure found /home/artificial/bags_ws/src/ros2_iris_driver/ros2_iris_driver/lib/boost/lib/libboost_type_erasure.so
-- Found: /home/artificial/bags_ws/src/ros2_iris_driver/ros2_iris_driver/lib/boost/lib/libboost_type_erasure.so
-- Library boost_thread found /home/artificial/bags_ws/src/ros2_iris_driver/ros2_iris_driver/lib/boost/lib/libboost_thread.so
-- Found: /home/artificial/bags_ws/src/ros2_iris_driver/ros2_iris_driver/lib/boost/lib/libboost_thread.so
-- Library boost_atomic found /home/artificial/bags_ws/src/ros2_iris_driver/ros2_iris_driver/lib/boost/lib/libboost_atomic.so
-- Found: /home/artificial/bags_ws/src/ros2_iris_driver/ros2_iris_driver/lib/boost/lib/libboost_atomic.so
-- Library boost_chrono found /home/artificial/bags_ws/src/ros2_iris_driver/ros2_iris_driver/lib/boost/lib/libboost_chrono.so
-- Found: /home/artificial/bags_ws/src/ros2_iris_driver/ros2_iris_driver/lib/boost/lib/libboost_chrono.so
-- Library boost_container found /home/artificial/bags_ws/src/ros2_iris_driver/ros2_iris_driver/lib/boost/lib/libboost_container.so
-- Found: /home/artificial/bags_ws/src/ros2_iris_driver/ros2_iris_driver/lib/boost/lib/libboost_container.so
-- Library boost_date_time found /home/artificial/bags_ws/src/ros2_iris_driver/ros2_iris_driver/lib/boost/lib/libboost_date_time.so
-- Found: /home/artificial/bags_ws/src/ros2_iris_driver/ros2_iris_driver/lib/boost/lib/libboost_date_time.so
-- Library boost_exception found /home/artificial/bags_ws/src/ros2_iris_driver/ros2_iris_driver/lib/boost/lib/libboost_exception.a
-- Found: /home/artificial/bags_ws/src/ros2_iris_driver/ros2_iris_driver/lib/boost/lib/libboost_exception.a
-- Library boost_wave found /home/artificial/bags_ws/src/ros2_iris_driver/ros2_iris_driver/lib/boost/lib/libboost_wave.so
-- Found: /home/artificial/bags_ws/src/ros2_iris_driver/ros2_iris_driver/lib/boost/lib/libboost_wave.so
-- Library boost_filesystem found /home/artificial/bags_ws/src/ros2_iris_driver/ros2_iris_driver/lib/boost/lib/libboost_filesystem.so
-- Found: /home/artificial/bags_ws/src/ros2_iris_driver/ros2_iris_driver/lib/boost/lib/libboost_filesystem.so
-- Library boost_system found /home/artificial/bags_ws/src/ros2_iris_driver/ros2_iris_driver/lib/boost/lib/libboost_system.so
-- Found: /home/artificial/bags_ws/src/ros2_iris_driver/ros2_iris_driver/lib/boost/lib/libboost_system.so
-- Library boost_wserialization found /home/artificial/bags_ws/src/ros2_iris_driver/ros2_iris_driver/lib/boost/lib/libboost_wserialization.so
-- Found: /home/artificial/bags_ws/src/ros2_iris_driver/ros2_iris_driver/lib/boost/lib/libboost_wserialization.so
-- Library boost_serialization found /home/artificial/bags_ws/src/ros2_iris_driver/ros2_iris_driver/lib/boost/lib/libboost_serialization.so
-- Found: /home/artificial/bags_ws/src/ros2_iris_driver/ros2_iris_driver/lib/boost/lib/libboost_serialization.so
-- Conan: Using autogenerated FindIconv.cmake
-- Found Iconv: 1.16 (found version "1.16") 
-- Library iconv found /home/artificial/bags_ws/src/ros2_iris_driver/ros2_iris_driver/lib/libiconv/lib/libiconv.a
-- Found: /home/artificial/bags_ws/src/ros2_iris_driver/ros2_iris_driver/lib/libiconv/lib/libiconv.a
-- Library charset found /home/artificial/bags_ws/src/ros2_iris_driver/ros2_iris_driver/lib/libiconv/lib/libcharset.a
-- Found: /home/artificial/bags_ws/src/ros2_iris_driver/ros2_iris_driver/lib/libiconv/lib/libcharset.a
-- Library boost_serialization found /home/artificial/bags_ws/src/ros2_iris_driver/ros2_iris_driver/lib/boost/lib/libboost_serialization.so
-- Found: /home/artificial/bags_ws/src/ros2_iris_driver/ros2_iris_driver/lib/boost/lib/libboost_serialization.so
-- Library boost_wserialization found /home/artificial/bags_ws/src/ros2_iris_driver/ros2_iris_driver/lib/boost/lib/libboost_wserialization.so
-- Found: /home/artificial/bags_ws/src/ros2_iris_driver/ros2_iris_driver/lib/boost/lib/libboost_wserialization.so
-- Library boost_system found /home/artificial/bags_ws/src/ros2_iris_driver/ros2_iris_driver/lib/boost/lib/libboost_system.so
-- Found: /home/artificial/bags_ws/src/ros2_iris_driver/ros2_iris_driver/lib/boost/lib/libboost_system.so
-- Library boost_filesystem found /home/artificial/bags_ws/src/ros2_iris_driver/ros2_iris_driver/lib/boost/lib/libboost_filesystem.so
-- Found: /home/artificial/bags_ws/src/ros2_iris_driver/ros2_iris_driver/lib/boost/lib/libboost_filesystem.so
-- Library boost_wave found /home/artificial/bags_ws/src/ros2_iris_driver/ros2_iris_driver/lib/boost/lib/libboost_wave.so
-- Found: /home/artificial/bags_ws/src/ros2_iris_driver/ros2_iris_driver/lib/boost/lib/libboost_wave.so
-- Library boost_exception found /home/artificial/bags_ws/src/ros2_iris_driver/ros2_iris_driver/lib/boost/lib/libboost_exception.a
-- Found: /home/artificial/bags_ws/src/ros2_iris_driver/ros2_iris_driver/lib/boost/lib/libboost_exception.a
-- Library boost_date_time found /home/artificial/bags_ws/src/ros2_iris_driver/ros2_iris_driver/lib/boost/lib/libboost_date_time.so
-- Found: /home/artificial/bags_ws/src/ros2_iris_driver/ros2_iris_driver/lib/boost/lib/libboost_date_time.so
-- Library boost_container found /home/artificial/bags_ws/src/ros2_iris_driver/ros2_iris_driver/lib/boost/lib/libboost_container.so
-- Found: /home/artificial/bags_ws/src/ros2_iris_driver/ros2_iris_driver/lib/boost/lib/libboost_container.so
-- Library boost_chrono found /home/artificial/bags_ws/src/ros2_iris_driver/ros2_iris_driver/lib/boost/lib/libboost_chrono.so
-- Found: /home/artificial/bags_ws/src/ros2_iris_driver/ros2_iris_driver/lib/boost/lib/libboost_chrono.so
-- Library boost_atomic found /home/artificial/bags_ws/src/ros2_iris_driver/ros2_iris_driver/lib/boost/lib/libboost_atomic.so
-- Found: /home/artificial/bags_ws/src/ros2_iris_driver/ros2_iris_driver/lib/boost/lib/libboost_atomic.so
-- Library boost_thread found /home/artificial/bags_ws/src/ros2_iris_driver/ros2_iris_driver/lib/boost/lib/libboost_thread.so
-- Found: /home/artificial/bags_ws/src/ros2_iris_driver/ros2_iris_driver/lib/boost/lib/libboost_thread.so
-- Library boost_type_erasure found /home/artificial/bags_ws/src/ros2_iris_driver/ros2_iris_driver/lib/boost/lib/libboost_type_erasure.so
-- Found: /home/artificial/bags_ws/src/ros2_iris_driver/ros2_iris_driver/lib/boost/lib/libboost_type_erasure.so
-- Library boost_timer found /home/artificial/bags_ws/src/ros2_iris_driver/ros2_iris_driver/lib/boost/lib/libboost_timer.so
-- Found: /home/artificial/bags_ws/src/ros2_iris_driver/ros2_iris_driver/lib/boost/lib/libboost_timer.so
-- Library boost_stacktrace_noop found /home/artificial/bags_ws/src/ros2_iris_driver/ros2_iris_driver/lib/boost/lib/libboost_stacktrace_noop.so
-- Found: /home/artificial/bags_ws/src/ros2_iris_driver/ros2_iris_driver/lib/boost/lib/libboost_stacktrace_noop.so
-- Library boost_stacktrace_basic found /home/artificial/bags_ws/src/ros2_iris_driver/ros2_iris_driver/lib/boost/lib/libboost_stacktrace_basic.so
-- Found: /home/artificial/bags_ws/src/ros2_iris_driver/ros2_iris_driver/lib/boost/lib/libboost_stacktrace_basic.so
-- Library boost_stacktrace_backtrace found /home/artificial/bags_ws/src/ros2_iris_driver/ros2_iris_driver/lib/boost/lib/libboost_stacktrace_backtrace.so
-- Found: /home/artificial/bags_ws/src/ros2_iris_driver/ros2_iris_driver/lib/boost/lib/libboost_stacktrace_backtrace.so
-- Library boost_stacktrace_addr2line found /home/artificial/bags_ws/src/ros2_iris_driver/ros2_iris_driver/lib/boost/lib/libboost_stacktrace_addr2line.so
-- Found: /home/artificial/bags_ws/src/ros2_iris_driver/ros2_iris_driver/lib/boost/lib/libboost_stacktrace_addr2line.so
-- Library boost_regex found /home/artificial/bags_ws/src/ros2_iris_driver/ros2_iris_driver/lib/boost/lib/libboost_regex.so
-- Found: /home/artificial/bags_ws/src/ros2_iris_driver/ros2_iris_driver/lib/boost/lib/libboost_regex.so
-- Library boost_random found /home/artificial/bags_ws/src/ros2_iris_driver/ros2_iris_driver/lib/boost/lib/libboost_random.so
-- Found: /home/artificial/bags_ws/src/ros2_iris_driver/ros2_iris_driver/lib/boost/lib/libboost_random.so
-- Library boost_program_options found /home/artificial/bags_ws/src/ros2_iris_driver/ros2_iris_driver/lib/boost/lib/libboost_program_options.so
-- Found: /home/artificial/bags_ws/src/ros2_iris_driver/ros2_iris_driver/lib/boost/lib/libboost_program_options.so
-- Library boost_math_tr1l found /home/artificial/bags_ws/src/ros2_iris_driver/ros2_iris_driver/lib/boost/lib/libboost_math_tr1l.so
-- Found: /home/artificial/bags_ws/src/ros2_iris_driver/ros2_iris_driver/lib/boost/lib/libboost_math_tr1l.so
-- Library boost_math_tr1f found /home/artificial/bags_ws/src/ros2_iris_driver/ros2_iris_driver/lib/boost/lib/libboost_math_tr1f.so
-- Found: /home/artificial/bags_ws/src/ros2_iris_driver/ros2_iris_driver/lib/boost/lib/libboost_math_tr1f.so
-- Library boost_math_tr1 found /home/artificial/bags_ws/src/ros2_iris_driver/ros2_iris_driver/lib/boost/lib/libboost_math_tr1.so
-- Found: /home/artificial/bags_ws/src/ros2_iris_driver/ros2_iris_driver/lib/boost/lib/libboost_math_tr1.so
-- Library boost_math_c99l found /home/artificial/bags_ws/src/ros2_iris_driver/ros2_iris_driver/lib/boost/lib/libboost_math_c99l.so
-- Found: /home/artificial/bags_ws/src/ros2_iris_driver/ros2_iris_driver/lib/boost/lib/libboost_math_c99l.so
-- Library boost_math_c99f found /home/artificial/bags_ws/src/ros2_iris_driver/ros2_iris_driver/lib/boost/lib/libboost_math_c99f.so
-- Found: /home/artificial/bags_ws/src/ros2_iris_driver/ros2_iris_driver/lib/boost/lib/libboost_math_c99f.so
-- Library boost_math_c99 found /home/artificial/bags_ws/src/ros2_iris_driver/ros2_iris_driver/lib/boost/lib/libboost_math_c99.so
-- Found: /home/artificial/bags_ws/src/ros2_iris_driver/ros2_iris_driver/lib/boost/lib/libboost_math_c99.so
-- Library boost_log found /home/artificial/bags_ws/src/ros2_iris_driver/ros2_iris_driver/lib/boost/lib/libboost_log.so
-- Found: /home/artificial/bags_ws/src/ros2_iris_driver/ros2_iris_driver/lib/boost/lib/libboost_log.so
-- Library boost_log_setup found /home/artificial/bags_ws/src/ros2_iris_driver/ros2_iris_driver/lib/boost/lib/libboost_log_setup.so
-- Found: /home/artificial/bags_ws/src/ros2_iris_driver/ros2_iris_driver/lib/boost/lib/libboost_log_setup.so
-- Library boost_locale found /home/artificial/bags_ws/src/ros2_iris_driver/ros2_iris_driver/lib/boost/lib/libboost_locale.so
-- Found: /home/artificial/bags_ws/src/ros2_iris_driver/ros2_iris_driver/lib/boost/lib/libboost_locale.so
-- Library boost_iostreams found /home/artificial/bags_ws/src/ros2_iris_driver/ros2_iris_driver/lib/boost/lib/libboost_iostreams.so
-- Found: /home/artificial/bags_ws/src/ros2_iris_driver/ros2_iris_driver/lib/boost/lib/libboost_iostreams.so
-- Library boost_context found /home/artificial/bags_ws/src/ros2_iris_driver/ros2_iris_driver/lib/boost/lib/libboost_context.so
-- Found: /home/artificial/bags_ws/src/ros2_iris_driver/ros2_iris_driver/lib/boost/lib/libboost_context.so
-- Library boost_fiber found /home/artificial/bags_ws/src/ros2_iris_driver/ros2_iris_driver/lib/boost/lib/libboost_fiber.so
-- Found: /home/artificial/bags_ws/src/ros2_iris_driver/ros2_iris_driver/lib/boost/lib/libboost_fiber.so
-- Library boost_coroutine found /home/artificial/bags_ws/src/ros2_iris_driver/ros2_iris_driver/lib/boost/lib/libboost_coroutine.so
-- Found: /home/artificial/bags_ws/src/ros2_iris_driver/ros2_iris_driver/lib/boost/lib/libboost_coroutine.so
-- Dependency lum_common_casts already found
-- Dependency lum_common_exceptions already found
-- Conan: Using autogenerated Findlum_common_types_internal.cmake
-- Found lum_common_types_internal: 1.0.0 (found version "1.0.0") 
-- Conan: Using autogenerated Findlum_common_types_point.cmake
-- Found lum_common_types_point: 1.0.0 (found version "1.0.0") 
-- Dependency lum_common_casts already found
-- Conan: Using autogenerated Findlum_common_types_pointcloud.cmake
-- Found lum_common_types_pointcloud: 1.0.0 (found version "1.0.0") 
-- Dependency lum_common_exceptions already found
-- Dependency lum_common_types already found
-- Conan: Using autogenerated Findlum_common_geometry_types.cmake
-- Found lum_common_geometry_types: 1.0.0 (found version "1.0.0") 
-- Dependency lum_common_types_pointcloud already found
-- Conan: Using autogenerated Findlum_common_types_classification.cmake
-- Found lum_common_types_classification: 1.0.0 (found version "1.0.0") 
-- Dependency lum_common_types already found
-- Dependency lum_common_log already found
-- Conan: Using autogenerated Findlum_platform_networking.cmake
-- Found lum_platform_networking: 1.0.0 (found version "1.0.0") 
-- Library lum_platform_networking found /home/artificial/bags_ws/src/ros2_iris_driver/ros2_iris_driver/lib/lum_platform_networking/lib/liblum_platform_networking.a
-- Found: /home/artificial/bags_ws/src/ros2_iris_driver/ros2_iris_driver/lib/lum_platform_networking/lib/liblum_platform_networking.a
-- Dependency lum_common_casts already found
-- Dependency lum_common_log already found
-- Conan: Using autogenerated Findlum_platform_networking_types.cmake
-- Found lum_platform_networking_types: 1.0.0 (found version "1.0.0") 
-- Dependency Microsoft.GSL already found
-- Conan: Using autogenerated Findlibpcap.cmake
-- Found libpcap: 1.10.1 (found version "1.10.1") 
-- Library pcap found /home/artificial/bags_ws/src/ros2_iris_driver/ros2_iris_driver/lib/libpcap/lib/libpcap.a
-- Found: /home/artificial/bags_ws/src/ros2_iris_driver/ros2_iris_driver/lib/libpcap/lib/libpcap.a
-- Dependency lum_platform_networking already found
-- Dependency lum_platform_networking_types already found
-- Conan: Using autogenerated Findlum_drivers_lidar_iris_data_preprocessor_a.cmake
-- Found lum_drivers_lidar_iris_data_preprocessor_a: 1.0.0 (found version "1.0.0") 
-- Library lum_drivers_lidar_iris_data_preprocessor_a found /home/artificial/bags_ws/src/ros2_iris_driver/ros2_iris_driver/lib/lum_drivers_lidar_iris_data_preprocessor_a/lib/liblum_drivers_lidar_iris_data_preprocessor_a.so
-- Found: /home/artificial/bags_ws/src/ros2_iris_driver/ros2_iris_driver/lib/lum_drivers_lidar_iris_data_preprocessor_a/lib/liblum_drivers_lidar_iris_data_preprocessor_a.so
-- Conan: Using autogenerated Findlum_drivers_lidar_iris_internal_types.cmake
-- Found lum_drivers_lidar_iris_internal_types: 1.0.0 (found version "1.0.0") 
-- Dependency lum_common_memory already found
-- Dependency lum_common_types already found
-- Conan: Using autogenerated Findlum_common_math.cmake
-- Found lum_common_math: 1.0.0 (found version "1.0.0") 
-- Dependency lum_common_log already found
-- Dependency lum_common_types already found
-- Dependency lum_common_types_internal already found
-- Dependency lum_common_types_observable already found
-- Dependency lum_common_types_pointcloud already found
-- Dependency lum_drivers_data_client_types already found
-- Conan: Using autogenerated Findlum_drivers_lidar_iris_types.cmake
-- Found lum_drivers_lidar_iris_types: 1.0.0 (found version "1.0.0") 
-- Dependency lum_common_types_pointcloud already found
-- Conan: Using autogenerated Findlum_drivers_lidar_legacy_types.cmake
-- Found lum_drivers_lidar_legacy_types: 1.0.0 (found version "1.0.0") 
-- Dependency lum_common_types_point already found
-- Dependency lum_common_types_pointcloud already found
-- Dependency lum_drivers_lidar_legacy_types already found
-- Dependency lum_drivers_lidar_iris_types already found
-- Conan: Using autogenerated Findlum_drivers_lidar_iris_data_preprocessor.cmake
-- Found lum_drivers_lidar_iris_data_preprocessor: 1.0.0 (found version "1.0.0") 
-- Library lum_drivers_lidar_iris_data_preprocessor found /home/artificial/bags_ws/src/ros2_iris_driver/ros2_iris_driver/lib/lum_drivers_lidar_iris_data_preprocessor/lib/liblum_drivers_lidar_iris_data_preprocessor.a
-- Found: /home/artificial/bags_ws/src/ros2_iris_driver/ros2_iris_driver/lib/lum_drivers_lidar_iris_data_preprocessor/lib/liblum_drivers_lidar_iris_data_preprocessor.a
-- Dependency lum_drivers_lidar_iris_internal_types already found
-- Dependency lum_drivers_lidar_iris_types already found
-- Dependency lum_common_log already found
-- Conan: Using autogenerated Findlum_common_pointcloud_conversion.cmake
-- Found lum_common_pointcloud_conversion: 1.0.0 (found version "1.0.0") 
-- Library lum_common_pointcloud_conversion found /home/artificial/bags_ws/src/ros2_iris_driver/ros2_iris_driver/lib/lum_common_pointcloud_conversion/lib/liblum_common_pointcloud_conversion.a
-- Found: /home/artificial/bags_ws/src/ros2_iris_driver/ros2_iris_driver/lib/lum_common_pointcloud_conversion/lib/liblum_common_pointcloud_conversion.a
-- Dependency lum_common_types_pointcloud already found
-- Conan: Using autogenerated Findlum_semantic_segmentation_types.cmake
-- Found lum_semantic_segmentation_types: 1.0.0 (found version "1.0.0") 
-- Dependency lum_common_types_classification already found
-- Dependency lum_common_types already found
-- Dependency lum_common_types_pointcloud already found
-- Conan: Using autogenerated Findlum_semantic_segmentation_internal_types.cmake
-- Found lum_semantic_segmentation_internal_types: 1.0.0 (found version "1.0.0") 
-- Dependency lum_common_types_classification already found
-- Dependency lum_common_types_point already found
-- Dependency lum_common_types_pointcloud already found
-- Dependency lum_semantic_segmentation_types already found
-- Dependency lum_drivers_lidar_iris_internal_types already found
-- Dependency lum_drivers_lidar_legacy_types already found
-- Dependency lum_common_log already found
-- Dependency lum_common_types already found
-- Dependency lum_common_types_observable already found
-- Conan: Using autogenerated Findlum_drivers_lidar_calibration.cmake
-- Found lum_drivers_lidar_calibration: 1.0.0 (found version "1.0.0") 
-- Dependency lum_common_math already found
-- Conan: Using autogenerated Findlum_drivers_lidar_iris_frame_aggregator.cmake
-- Found lum_drivers_lidar_iris_frame_aggregator: 1.0.0 (found version "1.0.0") 
-- Library lum_drivers_lidar_iris_frame_aggregator found /home/artificial/bags_ws/src/ros2_iris_driver/ros2_iris_driver/lib/lum_drivers_lidar_iris_frame_aggregator/lib/liblum_drivers_lidar_iris_frame_aggregator.a
-- Found: /home/artificial/bags_ws/src/ros2_iris_driver/ros2_iris_driver/lib/lum_drivers_lidar_iris_frame_aggregator/lib/liblum_drivers_lidar_iris_frame_aggregator.a
-- Dependency lum_drivers_lidar_calibration already found
-- Dependency lum_drivers_lidar_iris_internal_types already found
-- Dependency lum_common_log already found
-- Dependency lum_common_types_observable already found
-- Conan: Using autogenerated Findlum_drivers_lidar_iris_frame_boundary_detector.cmake
-- Found lum_drivers_lidar_iris_frame_boundary_detector: 1.0.0 (found version "1.0.0") 
-- Library lum_drivers_lidar_iris_frame_boundary_detector found /home/artificial/bags_ws/src/ros2_iris_driver/ros2_iris_driver/lib/lum_drivers_lidar_iris_frame_boundary_detector/lib/liblum_drivers_lidar_iris_frame_boundary_detector.a
-- Found: /home/artificial/bags_ws/src/ros2_iris_driver/ros2_iris_driver/lib/lum_drivers_lidar_iris_frame_boundary_detector/lib/liblum_drivers_lidar_iris_frame_boundary_detector.a
-- Dependency lum_drivers_lidar_iris_internal_types already found
-- Dependency lum_drivers_lidar_iris_types already found
-- Conan: Using autogenerated Findlum_drivers_lidar_point_cloud_filter.cmake
-- Found lum_drivers_lidar_point_cloud_filter: 1.0.0 (found version "1.0.0") 
-- Dependency lum_common_types_internal already found
-- Dependency lum_common_types_pointcloud already found
-- Dependency lum_drivers_lidar_calibration already found
-- Conan: Using autogenerated Findlum_drivers_lidar_iris_scanline_processor_a.cmake
-- Found lum_drivers_lidar_iris_scanline_processor_a: 1.0.0 (found version "1.0.0") 
-- Library lum_drivers_lidar_iris_scanline_processor_a found /home/artificial/bags_ws/src/ros2_iris_driver/ros2_iris_driver/lib/lum_drivers_lidar_iris_scanline_processor_a/lib/liblum_drivers_lidar_iris_scanline_processor_a.a
-- Found: /home/artificial/bags_ws/src/ros2_iris_driver/ros2_iris_driver/lib/lum_drivers_lidar_iris_scanline_processor_a/lib/liblum_drivers_lidar_iris_scanline_processor_a.a
-- Dependency lum_common_log already found
-- Dependency lum_common_math already found
-- Dependency lum_common_types already found
-- Dependency lum_drivers_lidar_iris_internal_types already found
-- Conan: Using autogenerated Findlum_drivers_lidar_iris_packet_parser_a.cmake
-- Found lum_drivers_lidar_iris_packet_parser_a: 1.0.0 (found version "1.0.0") 
-- Library lum_drivers_lidar_iris_packet_parser_a found /home/artificial/bags_ws/src/ros2_iris_driver/ros2_iris_driver/lib/lum_drivers_lidar_iris_packet_parser_a/lib/liblum_drivers_lidar_iris_packet_parser_a.a
-- Found: /home/artificial/bags_ws/src/ros2_iris_driver/ros2_iris_driver/lib/lum_drivers_lidar_iris_packet_parser_a/lib/liblum_drivers_lidar_iris_packet_parser_a.a
-- Dependency lum_common_log already found
-- Dependency lum_common_casts already found
-- Dependency lum_common_types already found
-- Conan: Using autogenerated Findlum_common_utils.cmake
-- Found lum_common_utils: 1.0.0 (found version "1.0.0") 
-- Library lum_common_utils found /home/artificial/bags_ws/src/ros2_iris_driver/ros2_iris_driver/lib/lum_common_utils/lib/liblum_common_utils.a
-- Found: /home/artificial/bags_ws/src/ros2_iris_driver/ros2_iris_driver/lib/lum_common_utils/lib/liblum_common_utils.a
-- Dependency lum_common_log already found
-- Dependency lum_common_geometry_types already found
-- Dependency lum_common_math already found
-- Dependency lum_common_types already found
-- Dependency lum_common_types_classification already found
-- Dependency lum_common_types_pointcloud already found
-- Dependency lum_drivers_lidar_iris_internal_types already found
-- Conan: Using autogenerated Findlum_drivers_lidar_iris_serialization.cmake
-- Found lum_drivers_lidar_iris_serialization: 1.0.0 (found version "1.0.0") 
-- Library lum_drivers_lidar_iris_serialization found /home/artificial/bags_ws/src/ros2_iris_driver/ros2_iris_driver/lib/lum_drivers_lidar_iris_serialization/lib/liblum_drivers_lidar_iris_serialization.a
-- Found: /home/artificial/bags_ws/src/ros2_iris_driver/ros2_iris_driver/lib/lum_drivers_lidar_iris_serialization/lib/liblum_drivers_lidar_iris_serialization.a
-- Dependency lum_common_log already found
-- Dependency lum_common_casts already found
-- Dependency lum_common_types already found
-- Dependency lum_common_types_internal already found
-- Dependency lum_drivers_lidar_iris_internal_types already found
-- Dependency lum_platform_networking already found
-- Conan: Using autogenerated Findlum_drivers_lidar_iris_line_aggregator.cmake
-- Found lum_drivers_lidar_iris_line_aggregator: 1.0.0 (found version "1.0.0") 
-- Library lum_drivers_lidar_iris_line_aggregator found /home/artificial/bags_ws/src/ros2_iris_driver/ros2_iris_driver/lib/lum_drivers_lidar_iris_line_aggregator/lib/liblum_drivers_lidar_iris_line_aggregator.a
-- Found: /home/artificial/bags_ws/src/ros2_iris_driver/ros2_iris_driver/lib/lum_drivers_lidar_iris_line_aggregator/lib/liblum_drivers_lidar_iris_line_aggregator.a
-- Dependency lum_drivers_lidar_iris_internal_types already found
-- Dependency lum_drivers_lidar_iris_types already found
-- Dependency lum_common_log already found
-- Dependency lum_common_types already found
-- Dependency lum_common_types_observable already found
-- Conan: Using autogenerated Findlum_drivers_lidar_iris_line_generator_a.cmake
-- Found lum_drivers_lidar_iris_line_generator_a: 1.0.0 (found version "1.0.0") 
-- Library lum_drivers_lidar_iris_line_generator_a found /home/artificial/bags_ws/src/ros2_iris_driver/ros2_iris_driver/lib/lum_drivers_lidar_iris_line_generator_a/lib/liblum_drivers_lidar_iris_line_generator_a.a
-- Found: /home/artificial/bags_ws/src/ros2_iris_driver/ros2_iris_driver/lib/lum_drivers_lidar_iris_line_generator_a/lib/liblum_drivers_lidar_iris_line_generator_a.a
-- Dependency lum_common_types_observable already found
-- Dependency lum_common_types_pointcloud already found
-- Dependency lum_drivers_lidar_iris_internal_types already found
-- Dependency lum_common_log already found
-- Dependency lum_common_math already found
-- Dependency lum_common_types already found
-- Dependency lum_drivers_lidar_iris_frame_boundary_detector already found
-- Dependency lum_drivers_lidar_iris_types already found
-- Conan: Using autogenerated Findlum_platform_interface.cmake
-- Found lum_platform_interface: 1.0.0 (found version "1.0.0") 
-- Library lum_platform_interface found /home/artificial/bags_ws/src/ros2_iris_driver/ros2_iris_driver/lib/lum_platform_interface/lib/liblum_platform_interface.a
-- Found: /home/artificial/bags_ws/src/ros2_iris_driver/ros2_iris_driver/lib/lum_platform_interface/lib/liblum_platform_interface.a
-- Dependency lum_common_log already found
-- Dependency lum_platform_networking already found
-- Dependency lum_platform_networking_types already found
-- Conan: Using autogenerated Findlum_common_ros_2_com_pointcloud_codecs.cmake
-- Found lum_common_ros_2_com_pointcloud_codecs: 1.0.0 (found version "1.0.0") 
-- Conan: Using autogenerated Findlum_common_ros_2_com_pointcloud.cmake
-- Found lum_common_ros_2_com_pointcloud: 1.0.0 (found version "1.0.0") 
-- Dependency lum_common_exceptions already found
-- Dependency lum_common_log already found
-- Dependency lum_common_types_pointcloud already found
-- Found sensor_msgs: 4.2.4 (/opt/ros/humble/share/sensor_msgs/cmake)
-- Found rosidl_generator_c: 3.1.5 (/opt/ros/humble/share/rosidl_generator_c/cmake)
-- Found rosidl_adapter: 3.1.5 (/opt/ros/humble/share/rosidl_adapter/cmake)
-- Found rosidl_generator_cpp: 3.1.5 (/opt/ros/humble/share/rosidl_generator_cpp/cmake)
-- Using all available rosidl_typesupport_c: rosidl_typesupport_fastrtps_c;rosidl_typesupport_introspection_c
-- Using all available rosidl_typesupport_cpp: rosidl_typesupport_fastrtps_cpp;rosidl_typesupport_introspection_cpp
-- Dependency lum_common_types_pointcloud already found
-- Conan: Using autogenerated Findlum_drivers_lidar_iris_codecs.cmake
-- Found lum_drivers_lidar_iris_codecs: 1.0.0 (found version "1.0.0") 
-- Dependency lum_common_types_pointcloud already found
-- Dependency lum_drivers_lidar_iris_types already found
-- Conan: Using autogenerated Findlum_drivers_lidar_iris_control_interface.cmake
-- Found lum_drivers_lidar_iris_control_interface: 1.0.0 (found version "1.0.0") 
-- Library lum_drivers_lidar_iris_control_interface found /home/artificial/bags_ws/src/ros2_iris_driver/ros2_iris_driver/lib/lum_drivers_lidar_iris_control_interface/lib/liblum_drivers_lidar_iris_control_interface.so
-- Found: /home/artificial/bags_ws/src/ros2_iris_driver/ros2_iris_driver/lib/lum_drivers_lidar_iris_control_interface/lib/liblum_drivers_lidar_iris_control_interface.so
-- Dependency lum_common_log already found
-- Dependency lum_common_types_observable already found
-- Dependency lum_drivers_lidar_iris_internal_types already found
-- Dependency lum_common_types_internal already found
-- Dependency lum_drivers_lidar_iris_serialization already found
-- Dependency lum_platform_networking_types already found
-- Conan: Using autogenerated Findlum_drivers_lidar_iris_vsomeip.cmake
-- Found lum_drivers_lidar_iris_vsomeip: 1.0.0 (found version "1.0.0") 
-- Library lum_drivers_lidar_iris_vsomeip found /home/artificial/bags_ws/src/ros2_iris_driver/ros2_iris_driver/lib/lum_drivers_lidar_iris_vsomeip/lib/liblum_drivers_lidar_iris_vsomeip.a
-- Found: /home/artificial/bags_ws/src/ros2_iris_driver/ros2_iris_driver/lib/lum_drivers_lidar_iris_vsomeip/lib/liblum_drivers_lidar_iris_vsomeip.a
-- Dependency lum_common_log already found
-- Dependency lum_common_types already found
-- Dependency lum_platform_networking_types already found
-- Conan: Using autogenerated Findvsomeip.cmake
-- Found vsomeip: 3.1.20.3 (found version "3.1.20.3") 
-- Library vsomeip found /home/artificial/bags_ws/src/ros2_iris_driver/ros2_iris_driver/lib/vsomeip/lib/libvsomeip.so
-- Found: /home/artificial/bags_ws/src/ros2_iris_driver/ros2_iris_driver/lib/vsomeip/lib/libvsomeip.so
-- Library vsomeip3 found /home/artificial/bags_ws/src/ros2_iris_driver/ros2_iris_driver/lib/vsomeip/lib/libvsomeip3.so
-- Found: /home/artificial/bags_ws/src/ros2_iris_driver/ros2_iris_driver/lib/vsomeip/lib/libvsomeip3.so
-- Library vsomeip3-cfg found /home/artificial/bags_ws/src/ros2_iris_driver/ros2_iris_driver/lib/vsomeip/lib/libvsomeip3-cfg.so
-- Found: /home/artificial/bags_ws/src/ros2_iris_driver/ros2_iris_driver/lib/vsomeip/lib/libvsomeip3-cfg.so
-- Library vsomeip3-e2e found /home/artificial/bags_ws/src/ros2_iris_driver/ros2_iris_driver/lib/vsomeip/lib/libvsomeip3-e2e.so
-- Found: /home/artificial/bags_ws/src/ros2_iris_driver/ros2_iris_driver/lib/vsomeip/lib/libvsomeip3-e2e.so
-- Library vsomeip3-sd found /home/artificial/bags_ws/src/ros2_iris_driver/ros2_iris_driver/lib/vsomeip/lib/libvsomeip3-sd.so
-- Found: /home/artificial/bags_ws/src/ros2_iris_driver/ros2_iris_driver/lib/vsomeip/lib/libvsomeip3-sd.so
-- Dependency Boost already found
-- Conan: Using autogenerated Findlum_platform_signal.cmake
-- Found lum_platform_signal: 1.0.0 (found version "1.0.0") 
-- Library lum_platform_signal found /home/artificial/bags_ws/src/ros2_iris_driver/ros2_iris_driver/lib/lum_platform_signal/lib/liblum_platform_signal.a
-- Found: /home/artificial/bags_ws/src/ros2_iris_driver/ros2_iris_driver/lib/lum_platform_signal/lib/liblum_platform_signal.a
-- Dependency lum_common_types_observable already found
-- Found rclcpp: 16.0.9 (/opt/ros/humble/share/rclcpp/cmake)
-- Found rmw_implementation_cmake: 6.1.2 (/opt/ros/humble/share/rmw_implementation_cmake/cmake)
-- Found rmw_fastrtps_cpp: 6.2.6 (/opt/ros/humble/share/rmw_fastrtps_cpp/cmake)
-- Found OpenSSL: /usr/lib/x86_64-linux-gnu/libcrypto.so (found version "3.0.2")  
-- Found FastRTPS: /opt/ros/humble/include  
-- Using RMW implementation 'rmw_fastrtps_cpp' as default
-- Looking for pthread.h
-- Looking for pthread.h - found
-- Performing Test CMAKE_HAVE_LIBC_PTHREAD
-- Performing Test CMAKE_HAVE_LIBC_PTHREAD - Success
-- Found Threads: TRUE  
-- Found luminar_iris_msgs: 0.0.0 (/home/artificial/bags_ws/install/luminar_iris_msgs/share/luminar_iris_msgs/cmake)
-- Checking for module 'eigen3'
--   Found eigen3, version 3.4.0
-- Found Eigen: /usr/include/eigen3 (Required is at least version "3.1") 
-- Eigen found (include: /usr/include/eigen3, version: 3.4.0)
-- Conan: Using autogenerated FindBoost.cmake
-- Found Boost: 1.71.0 (found suitable version "1.71.0", minimum required is "1.65.0") 
-- Conan: Component 'system' found in package 'Boost'
-- Conan: Component 'filesystem' found in package 'Boost'
-- Conan: Component 'date_time' found in package 'Boost'
-- Conan: Component 'iostreams' found in package 'Boost'
-- Conan: Component 'serialization' found in package 'Boost'
-- Library boost_coroutine found /home/artificial/bags_ws/src/ros2_iris_driver/ros2_iris_driver/lib/boost/lib/libboost_coroutine.so
-- Skipping already existing target: CONAN_LIB::Boost_boost_coroutine
-- Found: /home/artificial/bags_ws/src/ros2_iris_driver/ros2_iris_driver/lib/boost/lib/libboost_coroutine.so
-- Library boost_fiber found /home/artificial/bags_ws/src/ros2_iris_driver/ros2_iris_driver/lib/boost/lib/libboost_fiber.so
-- Skipping already existing target: CONAN_LIB::Boost_boost_fiber
-- Found: /home/artificial/bags_ws/src/ros2_iris_driver/ros2_iris_driver/lib/boost/lib/libboost_fiber.so
-- Library boost_context found /home/artificial/bags_ws/src/ros2_iris_driver/ros2_iris_driver/lib/boost/lib/libboost_context.so
-- Skipping already existing target: CONAN_LIB::Boost_boost_context
-- Found: /home/artificial/bags_ws/src/ros2_iris_driver/ros2_iris_driver/lib/boost/lib/libboost_context.so
-- Library boost_iostreams found /home/artificial/bags_ws/src/ros2_iris_driver/ros2_iris_driver/lib/boost/lib/libboost_iostreams.so
-- Skipping already existing target: CONAN_LIB::Boost_boost_iostreams
-- Found: /home/artificial/bags_ws/src/ros2_iris_driver/ros2_iris_driver/lib/boost/lib/libboost_iostreams.so
-- Library boost_locale found /home/artificial/bags_ws/src/ros2_iris_driver/ros2_iris_driver/lib/boost/lib/libboost_locale.so
-- Skipping already existing target: CONAN_LIB::Boost_boost_locale
-- Found: /home/artificial/bags_ws/src/ros2_iris_driver/ros2_iris_driver/lib/boost/lib/libboost_locale.so
-- Library boost_log_setup found /home/artificial/bags_ws/src/ros2_iris_driver/ros2_iris_driver/lib/boost/lib/libboost_log_setup.so
-- Skipping already existing target: CONAN_LIB::Boost_boost_log_setup
-- Found: /home/artificial/bags_ws/src/ros2_iris_driver/ros2_iris_driver/lib/boost/lib/libboost_log_setup.so
-- Library boost_log found /home/artificial/bags_ws/src/ros2_iris_driver/ros2_iris_driver/lib/boost/lib/libboost_log.so
-- Skipping already existing target: CONAN_LIB::Boost_boost_log
-- Found: /home/artificial/bags_ws/src/ros2_iris_driver/ros2_iris_driver/lib/boost/lib/libboost_log.so
-- Library boost_math_c99 found /home/artificial/bags_ws/src/ros2_iris_driver/ros2_iris_driver/lib/boost/lib/libboost_math_c99.so
-- Skipping already existing target: CONAN_LIB::Boost_boost_math_c99
-- Found: /home/artificial/bags_ws/src/ros2_iris_driver/ros2_iris_driver/lib/boost/lib/libboost_math_c99.so
-- Library boost_math_c99f found /home/artificial/bags_ws/src/ros2_iris_driver/ros2_iris_driver/lib/boost/lib/libboost_math_c99f.so
-- Skipping already existing target: CONAN_LIB::Boost_boost_math_c99f
-- Found: /home/artificial/bags_ws/src/ros2_iris_driver/ros2_iris_driver/lib/boost/lib/libboost_math_c99f.so
-- Library boost_math_c99l found /home/artificial/bags_ws/src/ros2_iris_driver/ros2_iris_driver/lib/boost/lib/libboost_math_c99l.so
-- Skipping already existing target: CONAN_LIB::Boost_boost_math_c99l
-- Found: /home/artificial/bags_ws/src/ros2_iris_driver/ros2_iris_driver/lib/boost/lib/libboost_math_c99l.so
-- Library boost_math_tr1 found /home/artificial/bags_ws/src/ros2_iris_driver/ros2_iris_driver/lib/boost/lib/libboost_math_tr1.so
-- Skipping already existing target: CONAN_LIB::Boost_boost_math_tr1
-- Found: /home/artificial/bags_ws/src/ros2_iris_driver/ros2_iris_driver/lib/boost/lib/libboost_math_tr1.so
-- Library boost_math_tr1f found /home/artificial/bags_ws/src/ros2_iris_driver/ros2_iris_driver/lib/boost/lib/libboost_math_tr1f.so
-- Skipping already existing target: CONAN_LIB::Boost_boost_math_tr1f
-- Found: /home/artificial/bags_ws/src/ros2_iris_driver/ros2_iris_driver/lib/boost/lib/libboost_math_tr1f.so
-- Library boost_math_tr1l found /home/artificial/bags_ws/src/ros2_iris_driver/ros2_iris_driver/lib/boost/lib/libboost_math_tr1l.so
-- Skipping already existing target: CONAN_LIB::Boost_boost_math_tr1l
-- Found: /home/artificial/bags_ws/src/ros2_iris_driver/ros2_iris_driver/lib/boost/lib/libboost_math_tr1l.so
-- Library boost_program_options found /home/artificial/bags_ws/src/ros2_iris_driver/ros2_iris_driver/lib/boost/lib/libboost_program_options.so
-- Skipping already existing target: CONAN_LIB::Boost_boost_program_options
-- Found: /home/artificial/bags_ws/src/ros2_iris_driver/ros2_iris_driver/lib/boost/lib/libboost_program_options.so
-- Library boost_random found /home/artificial/bags_ws/src/ros2_iris_driver/ros2_iris_driver/lib/boost/lib/libboost_random.so
-- Skipping already existing target: CONAN_LIB::Boost_boost_random
-- Found: /home/artificial/bags_ws/src/ros2_iris_driver/ros2_iris_driver/lib/boost/lib/libboost_random.so
-- Library boost_regex found /home/artificial/bags_ws/src/ros2_iris_driver/ros2_iris_driver/lib/boost/lib/libboost_regex.so
-- Skipping already existing target: CONAN_LIB::Boost_boost_regex
-- Found: /home/artificial/bags_ws/src/ros2_iris_driver/ros2_iris_driver/lib/boost/lib/libboost_regex.so
-- Library boost_stacktrace_addr2line found /home/artificial/bags_ws/src/ros2_iris_driver/ros2_iris_driver/lib/boost/lib/libboost_stacktrace_addr2line.so
-- Skipping already existing target: CONAN_LIB::Boost_boost_stacktrace_addr2line
-- Found: /home/artificial/bags_ws/src/ros2_iris_driver/ros2_iris_driver/lib/boost/lib/libboost_stacktrace_addr2line.so
-- Library boost_stacktrace_backtrace found /home/artificial/bags_ws/src/ros2_iris_driver/ros2_iris_driver/lib/boost/lib/libboost_stacktrace_backtrace.so
-- Skipping already existing target: CONAN_LIB::Boost_boost_stacktrace_backtrace
-- Found: /home/artificial/bags_ws/src/ros2_iris_driver/ros2_iris_driver/lib/boost/lib/libboost_stacktrace_backtrace.so
-- Library boost_stacktrace_basic found /home/artificial/bags_ws/src/ros2_iris_driver/ros2_iris_driver/lib/boost/lib/libboost_stacktrace_basic.so
-- Skipping already existing target: CONAN_LIB::Boost_boost_stacktrace_basic
-- Found: /home/artificial/bags_ws/src/ros2_iris_driver/ros2_iris_driver/lib/boost/lib/libboost_stacktrace_basic.so
-- Library boost_stacktrace_noop found /home/artificial/bags_ws/src/ros2_iris_driver/ros2_iris_driver/lib/boost/lib/libboost_stacktrace_noop.so
-- Skipping already existing target: CONAN_LIB::Boost_boost_stacktrace_noop
-- Found: /home/artificial/bags_ws/src/ros2_iris_driver/ros2_iris_driver/lib/boost/lib/libboost_stacktrace_noop.so
-- Library boost_timer found /home/artificial/bags_ws/src/ros2_iris_driver/ros2_iris_driver/lib/boost/lib/libboost_timer.so
-- Skipping already existing target: CONAN_LIB::Boost_boost_timer
-- Found: /home/artificial/bags_ws/src/ros2_iris_driver/ros2_iris_driver/lib/boost/lib/libboost_timer.so
-- Library boost_type_erasure found /home/artificial/bags_ws/src/ros2_iris_driver/ros2_iris_driver/lib/boost/lib/libboost_type_erasure.so
-- Skipping already existing target: CONAN_LIB::Boost_boost_type_erasure
-- Found: /home/artificial/bags_ws/src/ros2_iris_driver/ros2_iris_driver/lib/boost/lib/libboost_type_erasure.so
-- Library boost_thread found /home/artificial/bags_ws/src/ros2_iris_driver/ros2_iris_driver/lib/boost/lib/libboost_thread.so
-- Skipping already existing target: CONAN_LIB::Boost_boost_thread
-- Found: /home/artificial/bags_ws/src/ros2_iris_driver/ros2_iris_driver/lib/boost/lib/libboost_thread.so
-- Library boost_atomic found /home/artificial/bags_ws/src/ros2_iris_driver/ros2_iris_driver/lib/boost/lib/libboost_atomic.so
-- Skipping already existing target: CONAN_LIB::Boost_boost_atomic
-- Found: /home/artificial/bags_ws/src/ros2_iris_driver/ros2_iris_driver/lib/boost/lib/libboost_atomic.so
-- Library boost_chrono found /home/artificial/bags_ws/src/ros2_iris_driver/ros2_iris_driver/lib/boost/lib/libboost_chrono.so
-- Skipping already existing target: CONAN_LIB::Boost_boost_chrono
-- Found: /home/artificial/bags_ws/src/ros2_iris_driver/ros2_iris_driver/lib/boost/lib/libboost_chrono.so
-- Library boost_container found /home/artificial/bags_ws/src/ros2_iris_driver/ros2_iris_driver/lib/boost/lib/libboost_container.so
-- Skipping already existing target: CONAN_LIB::Boost_boost_container
-- Found: /home/artificial/bags_ws/src/ros2_iris_driver/ros2_iris_driver/lib/boost/lib/libboost_container.so
-- Library boost_date_time found /home/artificial/bags_ws/src/ros2_iris_driver/ros2_iris_driver/lib/boost/lib/libboost_date_time.so
-- Skipping already existing target: CONAN_LIB::Boost_boost_date_time
-- Found: /home/artificial/bags_ws/src/ros2_iris_driver/ros2_iris_driver/lib/boost/lib/libboost_date_time.so
-- Library boost_exception found /home/artificial/bags_ws/src/ros2_iris_driver/ros2_iris_driver/lib/boost/lib/libboost_exception.a
-- Skipping already existing target: CONAN_LIB::Boost_boost_exception
-- Found: /home/artificial/bags_ws/src/ros2_iris_driver/ros2_iris_driver/lib/boost/lib/libboost_exception.a
-- Library boost_wave found /home/artificial/bags_ws/src/ros2_iris_driver/ros2_iris_driver/lib/boost/lib/libboost_wave.so
-- Skipping already existing target: CONAN_LIB::Boost_boost_wave
-- Found: /home/artificial/bags_ws/src/ros2_iris_driver/ros2_iris_driver/lib/boost/lib/libboost_wave.so
-- Library boost_filesystem found /home/artificial/bags_ws/src/ros2_iris_driver/ros2_iris_driver/lib/boost/lib/libboost_filesystem.so
-- Skipping already existing target: CONAN_LIB::Boost_boost_filesystem
-- Found: /home/artificial/bags_ws/src/ros2_iris_driver/ros2_iris_driver/lib/boost/lib/libboost_filesystem.so
-- Library boost_system found /home/artificial/bags_ws/src/ros2_iris_driver/ros2_iris_driver/lib/boost/lib/libboost_system.so
-- Skipping already existing target: CONAN_LIB::Boost_boost_system
-- Found: /home/artificial/bags_ws/src/ros2_iris_driver/ros2_iris_driver/lib/boost/lib/libboost_system.so
-- Library boost_wserialization found /home/artificial/bags_ws/src/ros2_iris_driver/ros2_iris_driver/lib/boost/lib/libboost_wserialization.so
-- Skipping already existing target: CONAN_LIB::Boost_boost_wserialization
-- Found: /home/artificial/bags_ws/src/ros2_iris_driver/ros2_iris_driver/lib/boost/lib/libboost_wserialization.so
-- Library boost_serialization found /home/artificial/bags_ws/src/ros2_iris_driver/ros2_iris_driver/lib/boost/lib/libboost_serialization.so
-- Skipping already existing target: CONAN_LIB::Boost_boost_serialization
-- Found: /home/artificial/bags_ws/src/ros2_iris_driver/ros2_iris_driver/lib/boost/lib/libboost_serialization.so
-- Conan: Dependency Iconv already found
-- Library boost_serialization found /home/artificial/bags_ws/src/ros2_iris_driver/ros2_iris_driver/lib/boost/lib/libboost_serialization.so
-- Skipping already existing target: CONAN_LIB::Boost_serialization_boost_serialization
-- Found: /home/artificial/bags_ws/src/ros2_iris_driver/ros2_iris_driver/lib/boost/lib/libboost_serialization.so
-- Library boost_wserialization found /home/artificial/bags_ws/src/ros2_iris_driver/ros2_iris_driver/lib/boost/lib/libboost_wserialization.so
-- Skipping already existing target: CONAN_LIB::Boost_wserialization_boost_wserialization
-- Found: /home/artificial/bags_ws/src/ros2_iris_driver/ros2_iris_driver/lib/boost/lib/libboost_wserialization.so
-- Library boost_system found /home/artificial/bags_ws/src/ros2_iris_driver/ros2_iris_driver/lib/boost/lib/libboost_system.so
-- Skipping already existing target: CONAN_LIB::Boost_system_boost_system
-- Found: /home/artificial/bags_ws/src/ros2_iris_driver/ros2_iris_driver/lib/boost/lib/libboost_system.so
-- Library boost_filesystem found /home/artificial/bags_ws/src/ros2_iris_driver/ros2_iris_driver/lib/boost/lib/libboost_filesystem.so
-- Skipping already existing target: CONAN_LIB::Boost_filesystem_boost_filesystem
-- Found: /home/artificial/bags_ws/src/ros2_iris_driver/ros2_iris_driver/lib/boost/lib/libboost_filesystem.so
-- Library boost_wave found /home/artificial/bags_ws/src/ros2_iris_driver/ros2_iris_driver/lib/boost/lib/libboost_wave.so
-- Skipping already existing target: CONAN_LIB::Boost_wave_boost_wave
-- Found: /home/artificial/bags_ws/src/ros2_iris_driver/ros2_iris_driver/lib/boost/lib/libboost_wave.so
-- Library boost_exception found /home/artificial/bags_ws/src/ros2_iris_driver/ros2_iris_driver/lib/boost/lib/libboost_exception.a
-- Skipping already existing target: CONAN_LIB::Boost_exception_boost_exception
-- Found: /home/artificial/bags_ws/src/ros2_iris_driver/ros2_iris_driver/lib/boost/lib/libboost_exception.a
-- Library boost_date_time found /home/artificial/bags_ws/src/ros2_iris_driver/ros2_iris_driver/lib/boost/lib/libboost_date_time.so
-- Skipping already existing target: CONAN_LIB::Boost_date_time_boost_date_time
-- Found: /home/artificial/bags_ws/src/ros2_iris_driver/ros2_iris_driver/lib/boost/lib/libboost_date_time.so
-- Library boost_container found /home/artificial/bags_ws/src/ros2_iris_driver/ros2_iris_driver/lib/boost/lib/libboost_container.so
-- Skipping already existing target: CONAN_LIB::Boost_container_boost_container
-- Found: /home/artificial/bags_ws/src/ros2_iris_driver/ros2_iris_driver/lib/boost/lib/libboost_container.so
-- Library boost_chrono found /home/artificial/bags_ws/src/ros2_iris_driver/ros2_iris_driver/lib/boost/lib/libboost_chrono.so
-- Skipping already existing target: CONAN_LIB::Boost_chrono_boost_chrono
-- Found: /home/artificial/bags_ws/src/ros2_iris_driver/ros2_iris_driver/lib/boost/lib/libboost_chrono.so
-- Library boost_atomic found /home/artificial/bags_ws/src/ros2_iris_driver/ros2_iris_driver/lib/boost/lib/libboost_atomic.so
-- Skipping already existing target: CONAN_LIB::Boost_atomic_boost_atomic
-- Found: /home/artificial/bags_ws/src/ros2_iris_driver/ros2_iris_driver/lib/boost/lib/libboost_atomic.so
-- Library boost_thread found /home/artificial/bags_ws/src/ros2_iris_driver/ros2_iris_driver/lib/boost/lib/libboost_thread.so
-- Skipping already existing target: CONAN_LIB::Boost_thread_boost_thread
-- Found: /home/artificial/bags_ws/src/ros2_iris_driver/ros2_iris_driver/lib/boost/lib/libboost_thread.so
-- Library boost_type_erasure found /home/artificial/bags_ws/src/ros2_iris_driver/ros2_iris_driver/lib/boost/lib/libboost_type_erasure.so
-- Skipping already existing target: CONAN_LIB::Boost_type_erasure_boost_type_erasure
-- Found: /home/artificial/bags_ws/src/ros2_iris_driver/ros2_iris_driver/lib/boost/lib/libboost_type_erasure.so
-- Library boost_timer found /home/artificial/bags_ws/src/ros2_iris_driver/ros2_iris_driver/lib/boost/lib/libboost_timer.so
-- Skipping already existing target: CONAN_LIB::Boost_timer_boost_timer
-- Found: /home/artificial/bags_ws/src/ros2_iris_driver/ros2_iris_driver/lib/boost/lib/libboost_timer.so
-- Library boost_stacktrace_noop found /home/artificial/bags_ws/src/ros2_iris_driver/ros2_iris_driver/lib/boost/lib/libboost_stacktrace_noop.so
-- Skipping already existing target: CONAN_LIB::Boost_stacktrace_noop_boost_stacktrace_noop
-- Found: /home/artificial/bags_ws/src/ros2_iris_driver/ros2_iris_driver/lib/boost/lib/libboost_stacktrace_noop.so
-- Library boost_stacktrace_basic found /home/artificial/bags_ws/src/ros2_iris_driver/ros2_iris_driver/lib/boost/lib/libboost_stacktrace_basic.so
-- Skipping already existing target: CONAN_LIB::Boost_stacktrace_basic_boost_stacktrace_basic
-- Found: /home/artificial/bags_ws/src/ros2_iris_driver/ros2_iris_driver/lib/boost/lib/libboost_stacktrace_basic.so
-- Library boost_stacktrace_backtrace found /home/artificial/bags_ws/src/ros2_iris_driver/ros2_iris_driver/lib/boost/lib/libboost_stacktrace_backtrace.so
-- Skipping already existing target: CONAN_LIB::Boost_stacktrace_backtrace_boost_stacktrace_backtrace
-- Found: /home/artificial/bags_ws/src/ros2_iris_driver/ros2_iris_driver/lib/boost/lib/libboost_stacktrace_backtrace.so
-- Library boost_stacktrace_addr2line found /home/artificial/bags_ws/src/ros2_iris_driver/ros2_iris_driver/lib/boost/lib/libboost_stacktrace_addr2line.so
-- Skipping already existing target: CONAN_LIB::Boost_stacktrace_addr2line_boost_stacktrace_addr2line
-- Found: /home/artificial/bags_ws/src/ros2_iris_driver/ros2_iris_driver/lib/boost/lib/libboost_stacktrace_addr2line.so
-- Library boost_regex found /home/artificial/bags_ws/src/ros2_iris_driver/ros2_iris_driver/lib/boost/lib/libboost_regex.so
-- Skipping already existing target: CONAN_LIB::Boost_regex_boost_regex
-- Found: /home/artificial/bags_ws/src/ros2_iris_driver/ros2_iris_driver/lib/boost/lib/libboost_regex.so
-- Library boost_random found /home/artificial/bags_ws/src/ros2_iris_driver/ros2_iris_driver/lib/boost/lib/libboost_random.so
-- Skipping already existing target: CONAN_LIB::Boost_random_boost_random
-- Found: /home/artificial/bags_ws/src/ros2_iris_driver/ros2_iris_driver/lib/boost/lib/libboost_random.so
-- Library boost_program_options found /home/artificial/bags_ws/src/ros2_iris_driver/ros2_iris_driver/lib/boost/lib/libboost_program_options.so
-- Skipping already existing target: CONAN_LIB::Boost_program_options_boost_program_options
-- Found: /home/artificial/bags_ws/src/ros2_iris_driver/ros2_iris_driver/lib/boost/lib/libboost_program_options.so
-- Library boost_math_tr1l found /home/artificial/bags_ws/src/ros2_iris_driver/ros2_iris_driver/lib/boost/lib/libboost_math_tr1l.so
-- Skipping already existing target: CONAN_LIB::Boost_math_tr1l_boost_math_tr1l
-- Found: /home/artificial/bags_ws/src/ros2_iris_driver/ros2_iris_driver/lib/boost/lib/libboost_math_tr1l.so
-- Library boost_math_tr1f found /home/artificial/bags_ws/src/ros2_iris_driver/ros2_iris_driver/lib/boost/lib/libboost_math_tr1f.so
-- Skipping already existing target: CONAN_LIB::Boost_math_tr1f_boost_math_tr1f
-- Found: /home/artificial/bags_ws/src/ros2_iris_driver/ros2_iris_driver/lib/boost/lib/libboost_math_tr1f.so
-- Library boost_math_tr1 found /home/artificial/bags_ws/src/ros2_iris_driver/ros2_iris_driver/lib/boost/lib/libboost_math_tr1.so
-- Skipping already existing target: CONAN_LIB::Boost_math_tr1_boost_math_tr1
-- Found: /home/artificial/bags_ws/src/ros2_iris_driver/ros2_iris_driver/lib/boost/lib/libboost_math_tr1.so
-- Library boost_math_c99l found /home/artificial/bags_ws/src/ros2_iris_driver/ros2_iris_driver/lib/boost/lib/libboost_math_c99l.so
-- Skipping already existing target: CONAN_LIB::Boost_math_c99l_boost_math_c99l
-- Found: /home/artificial/bags_ws/src/ros2_iris_driver/ros2_iris_driver/lib/boost/lib/libboost_math_c99l.so
-- Library boost_math_c99f found /home/artificial/bags_ws/src/ros2_iris_driver/ros2_iris_driver/lib/boost/lib/libboost_math_c99f.so
-- Skipping already existing target: CONAN_LIB::Boost_math_c99f_boost_math_c99f
-- Found: /home/artificial/bags_ws/src/ros2_iris_driver/ros2_iris_driver/lib/boost/lib/libboost_math_c99f.so
-- Library boost_math_c99 found /home/artificial/bags_ws/src/ros2_iris_driver/ros2_iris_driver/lib/boost/lib/libboost_math_c99.so
-- Skipping already existing target: CONAN_LIB::Boost_math_c99_boost_math_c99
-- Found: /home/artificial/bags_ws/src/ros2_iris_driver/ros2_iris_driver/lib/boost/lib/libboost_math_c99.so
-- Library boost_log found /home/artificial/bags_ws/src/ros2_iris_driver/ros2_iris_driver/lib/boost/lib/libboost_log.so
-- Skipping already existing target: CONAN_LIB::Boost_log_boost_log
-- Found: /home/artificial/bags_ws/src/ros2_iris_driver/ros2_iris_driver/lib/boost/lib/libboost_log.so
-- Library boost_log_setup found /home/artificial/bags_ws/src/ros2_iris_driver/ros2_iris_driver/lib/boost/lib/libboost_log_setup.so
-- Skipping already existing target: CONAN_LIB::Boost_log_setup_boost_log_setup
-- Found: /home/artificial/bags_ws/src/ros2_iris_driver/ros2_iris_driver/lib/boost/lib/libboost_log_setup.so
-- Library boost_locale found /home/artificial/bags_ws/src/ros2_iris_driver/ros2_iris_driver/lib/boost/lib/libboost_locale.so
-- Skipping already existing target: CONAN_LIB::Boost_locale_boost_locale
-- Found: /home/artificial/bags_ws/src/ros2_iris_driver/ros2_iris_driver/lib/boost/lib/libboost_locale.so
-- Library boost_iostreams found /home/artificial/bags_ws/src/ros2_iris_driver/ros2_iris_driver/lib/boost/lib/libboost_iostreams.so
-- Skipping already existing target: CONAN_LIB::Boost_iostreams_boost_iostreams
-- Found: /home/artificial/bags_ws/src/ros2_iris_driver/ros2_iris_driver/lib/boost/lib/libboost_iostreams.so
-- Library boost_context found /home/artificial/bags_ws/src/ros2_iris_driver/ros2_iris_driver/lib/boost/lib/libboost_context.so
-- Skipping already existing target: CONAN_LIB::Boost_context_boost_context
-- Found: /home/artificial/bags_ws/src/ros2_iris_driver/ros2_iris_driver/lib/boost/lib/libboost_context.so
-- Library boost_fiber found /home/artificial/bags_ws/src/ros2_iris_driver/ros2_iris_driver/lib/boost/lib/libboost_fiber.so
-- Skipping already existing target: CONAN_LIB::Boost_fiber_boost_fiber
-- Found: /home/artificial/bags_ws/src/ros2_iris_driver/ros2_iris_driver/lib/boost/lib/libboost_fiber.so
-- Library boost_coroutine found /home/artificial/bags_ws/src/ros2_iris_driver/ros2_iris_driver/lib/boost/lib/libboost_coroutine.so
-- Skipping already existing target: CONAN_LIB::Boost_coroutine_boost_coroutine
-- Found: /home/artificial/bags_ws/src/ros2_iris_driver/ros2_iris_driver/lib/boost/lib/libboost_coroutine.so
-- Checking for module 'flann'
--   Found flann, version 1.9.1
-- Found FLANN: /usr/lib/x86_64-linux-gnu/libflann_cpp.so  
-- FLANN found (include: /usr/include, lib: /usr/lib/x86_64-linux-gnu/libflann_cpp.so)
-- looking for PCL_COMMON
-- Found PCL_COMMON: /usr/lib/x86_64-linux-gnu/libpcl_common.so  
-- looking for PCL_KDTREE
-- Found PCL_KDTREE: /usr/lib/x86_64-linux-gnu/libpcl_kdtree.so  
-- looking for PCL_OCTREE
-- Found PCL_OCTREE: /usr/lib/x86_64-linux-gnu/libpcl_octree.so  
-- looking for PCL_SEARCH
-- Found PCL_SEARCH: /usr/lib/x86_64-linux-gnu/libpcl_search.so  
-- looking for PCL_SAMPLE_CONSENSUS
-- Found PCL_SAMPLE_CONSENSUS: /usr/lib/x86_64-linux-gnu/libpcl_sample_consensus.so  
-- looking for PCL_FILTERS
-- Found PCL_FILTERS: /usr/lib/x86_64-linux-gnu/libpcl_filters.so  
-- looking for PCL_COMMMON
-- Could NOT find PCL_COMMMON (missing: PCL_COMMMON_LIBRARY PCL_COMMMON_INCLUDE_DIR) 
-- Found PCL: pcl_common;pcl_kdtree;pcl_octree;pcl_search;pcl_sample_consensus;pcl_filters;/home/artificial/bags_ws/src/ros2_iris_driver/ros2_iris_driver/lib/boost/lib/libboost_coroutine.so;/home/artificial/bags_ws/src/ros2_iris_driver/ros2_iris_driver/lib/boost/lib/libboost_fiber.so;/home/artificial/bags_ws/src/ros2_iris_driver/ros2_iris_driver/lib/boost/lib/libboost_context.so;/home/artificial/bags_ws/src/ros2_iris_driver/ros2_iris_driver/lib/boost/lib/libboost_iostreams.so;/home/artificial/bags_ws/src/ros2_iris_driver/ros2_iris_driver/lib/boost/lib/libboost_locale.so;/home/artificial/bags_ws/src/ros2_iris_driver/ros2_iris_driver/lib/boost/lib/libboost_log_setup.so;/home/artificial/bags_ws/src/ros2_iris_driver/ros2_iris_driver/lib/boost/lib/libboost_log.so;/home/artificial/bags_ws/src/ros2_iris_driver/ros2_iris_driver/lib/boost/lib/libboost_math_c99.so;/home/artificial/bags_ws/src/ros2_iris_driver/ros2_iris_driver/lib/boost/lib/libboost_math_c99f.so;/home/artificial/bags_ws/src/ros2_iris_driver/ros2_iris_driver/lib/boost/lib/libboost_math_c99l.so;/home/artificial/bags_ws/src/ros2_iris_driver/ros2_iris_driver/lib/boost/lib/libboost_math_tr1.so;/home/artificial/bags_ws/src/ros2_iris_driver/ros2_iris_driver/lib/boost/lib/libboost_math_tr1f.so;/home/artificial/bags_ws/src/ros2_iris_driver/ros2_iris_driver/lib/boost/lib/libboost_math_tr1l.so;/home/artificial/bags_ws/src/ros2_iris_driver/ros2_iris_driver/lib/boost/lib/libboost_program_options.so;/home/artificial/bags_ws/src/ros2_iris_driver/ros2_iris_driver/lib/boost/lib/libboost_random.so;/home/artificial/bags_ws/src/ros2_iris_driver/ros2_iris_driver/lib/boost/lib/libboost_regex.so;/home/artificial/bags_ws/src/ros2_iris_driver/ros2_iris_driver/lib/boost/lib/libboost_stacktrace_addr2line.so;/home/artificial/bags_ws/src/ros2_iris_driver/ros2_iris_driver/lib/boost/lib/libboost_stacktrace_backtrace.so;/home/artificial/bags_ws/src/ros2_iris_driver/ros2_iris_driver/lib/boost/lib/libboost_stacktrace_basic.so;/home/artificial/bags_ws/src/ros2_iris_driver/ros2_iris_driver/lib/boost/lib/libboost_stacktrace_noop.so;/home/artificial/bags_ws/src/ros2_iris_driver/ros2_iris_driver/lib/boost/lib/libboost_timer.so;/home/artificial/bags_ws/src/ros2_iris_driver/ros2_iris_driver/lib/boost/lib/libboost_type_erasure.so;/home/artificial/bags_ws/src/ros2_iris_driver/ros2_iris_driver/lib/boost/lib/libboost_thread.so;/home/artificial/bags_ws/src/ros2_iris_driver/ros2_iris_driver/lib/boost/lib/libboost_atomic.so;/home/artificial/bags_ws/src/ros2_iris_driver/ros2_iris_driver/lib/boost/lib/libboost_chrono.so;/home/artificial/bags_ws/src/ros2_iris_driver/ros2_iris_driver/lib/boost/lib/libboost_container.so;/home/artificial/bags_ws/src/ros2_iris_driver/ros2_iris_driver/lib/boost/lib/libboost_date_time.so;/home/artificial/bags_ws/src/ros2_iris_driver/ros2_iris_driver/lib/boost/lib/libboost_exception.a;/home/artificial/bags_ws/src/ros2_iris_driver/ros2_iris_driver/lib/boost/lib/libboost_wave.so;/home/artificial/bags_ws/src/ros2_iris_driver/ros2_iris_driver/lib/boost/lib/libboost_filesystem.so;/home/artificial/bags_ws/src/ros2_iris_driver/ros2_iris_driver/lib/boost/lib/libboost_system.so;/home/artificial/bags_ws/src/ros2_iris_driver/ros2_iris_driver/lib/boost/lib/libboost_wserialization.so;/home/artificial/bags_ws/src/ros2_iris_driver/ros2_iris_driver/lib/boost/lib/libboost_serialization.so;rt;pthread;Iconv::Iconv;FLANN::FLANN  
-- Found pcl_conversions: 2.4.0 (/opt/ros/humble/share/pcl_conversions/cmake)
-- Found backward_ros: 1.0.2 (/opt/ros/humble/share/backward_ros/cmake)
-- Found libdw: /usr/lib/x86_64-linux-gnu/libdw.so  
-- Found libbfd: /usr/lib/x86_64-linux-gnu/libbfd.so  
-- BACKWARD_HAS_UNWIND=1
-- BACKWARD_HAS_BACKTRACE=0
-- BACKWARD_HAS_BACKTRACE_SYMBOL=0
-- BACKWARD_HAS_DW=1
-- BACKWARD_HAS_BFD=0
-- Found Backward: /opt/ros/humble/share/backward_ros/cmake  
-- Configuring done
-- Generating done
-- Build files have been written to: /home/artificial/bags_ws/build/ros2_iris_driver
[ 16%] [32mBuilding CXX object CMakeFiles/iris_data_interface.dir/src/interface/iris_data_interface.cpp.o[0m
[ 33%] [32mBuilding CXX object CMakeFiles/iris_control_interface.dir/src/interface/iris_control_interface.cpp.o[0m
[ 50%] [32m[1mLinking CXX static library libiris_control_interface.a[0m
[ 50%] Built target iris_control_interface
[ 66%] [32m[1mLinking CXX static library libiris_data_interface.a[0m
[ 66%] Built target iris_data_interface
[ 83%] [32mBuilding CXX object CMakeFiles/iris_ros_driver.dir/src/iris_driver.cpp.o[0m
[100%] [32m[1mLinking CXX executable iris_ros_driver[0m
/usr/bin/ld: warning: libboost_thread.so.1.74.0, needed by /home/artificial/bags_ws/src/ros2_iris_driver/ros2_iris_driver/lib/vsomeip/lib/libvsomeip3.so, may conflict with libboost_thread.so.1.71.0
[100%] Built target iris_ros_driver
-- Install configuration: ""
-- Installing: /home/artificial/bags_ws/install/ros2_iris_driver/include
-- Installing: /home/artificial/bags_ws/install/ros2_iris_driver/include/ros2_iris_driver
-- Installing: /home/artificial/bags_ws/install/ros2_iris_driver/include/ros2_iris_driver/interface
-- Installing: /home/artificial/bags_ws/install/ros2_iris_driver/include/ros2_iris_driver/interface/iris_control_interface.hpp
-- Installing: /home/artificial/bags_ws/install/ros2_iris_driver/include/ros2_iris_driver/interface/iris_data_interface.hpp
-- Installing: /home/artificial/bags_ws/install/ros2_iris_driver/include/ros2_iris_driver/iris_driver.hpp
-- Installing: /home/artificial/bags_ws/install/ros2_iris_driver/lib/libiris_data_interface.a
-- Installing: /home/artificial/bags_ws/install/ros2_iris_driver/lib/libiris_control_interface.a
-- Installing: /home/artificial/bags_ws/install/ros2_iris_driver/share/ros2_iris_driver/environment/library_path.sh
-- Installing: /home/artificial/bags_ws/install/ros2_iris_driver/share/ros2_iris_driver/environment/library_path.dsv
-- Installing: /home/artificial/bags_ws/install/ros2_iris_driver/lib/ros2_iris_driver/iris_ros_driver
-- Set runtime path of "/home/artificial/bags_ws/install/ros2_iris_driver/lib/ros2_iris_driver/iris_ros_driver" to "$ORIGIN:/opt/ros/galactic/lib:/opt/ros/humble/lib:/home/artificial/bags_ws/install/luminar_iris_msgs/lib"
-- Installing: /home/artificial/bags_ws/install/ros2_iris_driver/share/ros2_iris_driver/param
-- Installing: /home/artificial/bags_ws/install/ros2_iris_driver/share/ros2_iris_driver/param/car_7.yaml
-- Installing: /home/artificial/bags_ws/install/ros2_iris_driver/share/ros2_iris_driver/param/test.yaml
-- Installing: /home/artificial/bags_ws/install/ros2_iris_driver/share/ros2_iris_driver/param/.gitkeep
-- Installing: /home/artificial/bags_ws/install/ros2_iris_driver/share/ros2_iris_driver/param/vsome_ip.json
-- Installing: /home/artificial/bags_ws/install/ros2_iris_driver/share/ros2_iris_driver/param/car_7_test.yaml
-- Installing: /home/artificial/bags_ws/install/ros2_iris_driver/share/ros2_iris_driver/param/car_7_test2.yaml
-- Installing: /home/artificial/bags_ws/install/ros2_iris_driver/share/ros2_iris_driver/param/car_2.yaml
-- Installing: /home/artificial/bags_ws/install/ros2_iris_driver/lib/liblum_drivers_lidar_iris_data_preprocessor_a.so
-- Installing: /home/artificial/bags_ws/install/ros2_iris_driver/lib/liblum_drivers_lidar_iris_control_interface.so
-- Installing: /home/artificial/bags_ws/install/ros2_iris_driver/lib/libvsomeip.so
-- Installing: /home/artificial/bags_ws/install/ros2_iris_driver/lib/libvsomeip.so.2
-- Installing: /home/artificial/bags_ws/install/ros2_iris_driver/lib/libvsomeip.so.2.99.99
-- Installing: /home/artificial/bags_ws/install/ros2_iris_driver/lib/libvsomeip3-cfg.so
-- Installing: /home/artificial/bags_ws/install/ros2_iris_driver/lib/libvsomeip3-cfg.so.3
-- Installing: /home/artificial/bags_ws/install/ros2_iris_driver/lib/libvsomeip3-cfg.so.3.1.20
-- Installing: /home/artificial/bags_ws/install/ros2_iris_driver/lib/libvsomeip3-e2e.so
-- Installing: /home/artificial/bags_ws/install/ros2_iris_driver/lib/libvsomeip3-e2e.so.3
-- Installing: /home/artificial/bags_ws/install/ros2_iris_driver/lib/libvsomeip3-e2e.so.3.1.20
-- Installing: /home/artificial/bags_ws/install/ros2_iris_driver/lib/libvsomeip3-sd.so
-- Installing: /home/artificial/bags_ws/install/ros2_iris_driver/lib/libvsomeip3-sd.so.3
-- Installing: /home/artificial/bags_ws/install/ros2_iris_driver/lib/libvsomeip3-sd.so.3.1.20
-- Installing: /home/artificial/bags_ws/install/ros2_iris_driver/lib/libvsomeip3.so
-- Installing: /home/artificial/bags_ws/install/ros2_iris_driver/lib/libvsomeip3.so.3
-- Installing: /home/artificial/bags_ws/install/ros2_iris_driver/lib/libvsomeip3.so.3.1.20
-- Installing: /home/artificial/bags_ws/install/ros2_iris_driver/share/ament_index/resource_index/package_run_dependencies/ros2_iris_driver
-- Installing: /home/artificial/bags_ws/install/ros2_iris_driver/share/ament_index/resource_index/parent_prefix_path/ros2_iris_driver
-- Installing: /home/artificial/bags_ws/install/ros2_iris_driver/share/ros2_iris_driver/environment/ament_prefix_path.sh
-- Installing: /home/artificial/bags_ws/install/ros2_iris_driver/share/ros2_iris_driver/environment/ament_prefix_path.dsv
-- Installing: /home/artificial/bags_ws/install/ros2_iris_driver/share/ros2_iris_driver/environment/path.sh
-- Installing: /home/artificial/bags_ws/install/ros2_iris_driver/share/ros2_iris_driver/environment/path.dsv
-- Installing: /home/artificial/bags_ws/install/ros2_iris_driver/share/ros2_iris_driver/local_setup.bash
-- Installing: /home/artificial/bags_ws/install/ros2_iris_driver/share/ros2_iris_driver/local_setup.sh
-- Installing: /home/artificial/bags_ws/install/ros2_iris_driver/share/ros2_iris_driver/local_setup.zsh
-- Installing: /home/artificial/bags_ws/install/ros2_iris_driver/share/ros2_iris_driver/local_setup.dsv
-- Installing: /home/artificial/bags_ws/install/ros2_iris_driver/share/ros2_iris_driver/package.dsv
-- Installing: /home/artificial/bags_ws/install/ros2_iris_driver/share/ament_index/resource_index/packages/ros2_iris_driver
-- Installing: /home/artificial/bags_ws/install/ros2_iris_driver/share/ros2_iris_driver/cmake/ament_cmake_export_include_directories-extras.cmake
-- Installing: /home/artificial/bags_ws/install/ros2_iris_driver/share/ros2_iris_driver/cmake/ament_cmake_export_libraries-extras.cmake
-- Installing: /home/artificial/bags_ws/install/ros2_iris_driver/share/ros2_iris_driver/cmake/ros2_iris_driverConfig.cmake
-- Installing: /home/artificial/bags_ws/install/ros2_iris_driver/share/ros2_iris_driver/cmake/ros2_iris_driverConfig-version.cmake
-- Installing: /home/artificial/bags_ws/install/ros2_iris_driver/share/ros2_iris_driver/package.xml
