[0.004s] Invoking command in '/home/artificial/bags_ws/build/ros2_iris_driver': CMAKE_PREFIX_PATH=/home/artificial/bags_ws/install/luminar_iris_msgs:/home/artificial/bags_ws/install/ros2_iris_driver:/home/artificial/bags_ws/install/my_cpp_package:/opt/ros/humble LD_LIBRARY_PATH=/home/artificial/bags_ws/install/luminar_iris_msgs/lib:/home/artificial/bags_ws/install/ros2_iris_driver/lib:/home/artificial/bags_ws/install/my_cpp_package/lib:/opt/ros/humble/opt/rviz_ogre_vendor/lib:/opt/ros/humble/lib/x86_64-linux-gnu:/opt/ros/humble/lib:/opt/blasfeo/lib:/opt/hpipm/lib:/usr/local/lib:/usr/lib /usr/bin/cmake /home/artificial/bags_ws/src/ros2_iris_driver/ros2_iris_driver -DCMAKE_INSTALL_PREFIX=/home/artificial/bags_ws/install/ros2_iris_driver
[0.033s] -- The C compiler identification is GNU 11.4.0
[0.061s] -- The CXX compiler identification is GNU 11.4.0
[0.065s] -- Detecting C compiler ABI info
[0.101s] -- Detecting C compiler ABI info - done
[0.105s] -- Check for working C compiler: /usr/bin/cc - skipped
[0.105s] -- Detecting C compile features
[0.105s] -- Detecting C compile features - done
[0.107s] -- Detecting CXX compiler ABI info
[0.148s] -- Detecting CXX compiler ABI info - done
[0.152s] -- Check for working CXX compiler: /usr/bin/c++ - skipped
[0.152s] -- Detecting CXX compile features
[0.153s] -- Detecting CXX compile features - done
[0.154s] -- Found ament_cmake: 1.3.9 (/opt/ros/humble/share/ament_cmake/cmake)
[0.235s] -- Found Python3: /usr/bin/python3 (found version "3.10.12") found components: Interpreter 
[0.278s] -- Conan: Using autogenerated Findlum_drivers_data_client.cmake
[0.279s] -- Found lum_drivers_data_client: 1.0.0 (found version "1.0.0") 
[0.279s] -- Library lum_drivers_data_client found /home/artificial/bags_ws/src/ros2_iris_driver/ros2_iris_driver/lib/lum_drivers_data_client/lib/liblum_drivers_data_client.a
[0.279s] -- Found: /home/artificial/bags_ws/src/ros2_iris_driver/ros2_iris_driver/lib/lum_drivers_data_client/lib/liblum_drivers_data_client.a
[0.279s] -- Conan: Using autogenerated Findlum_common_types_observable.cmake
[0.279s] -- Found lum_common_types_observable: 1.0.0 (found version "1.0.0") 
[0.280s] -- Conan: Using autogenerated Findlum_common_exceptions.cmake
[0.280s] -- Found lum_common_exceptions: 1.0.0 (found version "1.0.0") 
[0.280s] -- Library lum_common_exceptions found /home/artificial/bags_ws/src/ros2_iris_driver/ros2_iris_driver/lib/lum_common_exceptions/lib/liblum_common_exceptions.a
[0.280s] -- Found: /home/artificial/bags_ws/src/ros2_iris_driver/ros2_iris_driver/lib/lum_common_exceptions/lib/liblum_common_exceptions.a
[0.281s] -- Conan: Using autogenerated Findlum_common_log.cmake
[0.281s] -- Found lum_common_log: 1.0.0 (found version "1.0.0") 
[0.281s] -- Library lum_common_log found /home/artificial/bags_ws/src/ros2_iris_driver/ros2_iris_driver/lib/lum_common_log/lib/liblum_common_log.a
[0.281s] -- Found: /home/artificial/bags_ws/src/ros2_iris_driver/ros2_iris_driver/lib/lum_common_log/lib/liblum_common_log.a
[0.281s] -- Conan: Using autogenerated Findlum_common_types.cmake
[0.281s] -- Found lum_common_types: 1.0.0 (found version "1.0.0") 
[0.282s] -- Conan: Using autogenerated Findlum_common_casts.cmake
[0.282s] -- Found lum_common_casts: 1.0.0 (found version "1.0.0") 
[0.283s] -- Conan: Using autogenerated Findlum_platform_process.cmake
[0.283s] -- Found lum_platform_process: 1.0.0 (found version "1.0.0") 
[0.283s] -- Library lum_platform_process found /home/artificial/bags_ws/src/ros2_iris_driver/ros2_iris_driver/lib/lum_platform_process/lib/liblum_platform_process.a
[0.283s] -- Found: /home/artificial/bags_ws/src/ros2_iris_driver/ros2_iris_driver/lib/lum_platform_process/lib/liblum_platform_process.a
[0.283s] -- Dependency lum_common_log already found
[0.284s] -- Conan: Using autogenerated Findlum_common_memory.cmake
[0.284s] -- Found lum_common_memory: 1.0.0 (found version "1.0.0") 
[0.284s] -- Dependency lum_common_types already found
[0.285s] -- Conan: Using autogenerated Findlum_common_swc.cmake
[0.285s] -- Found lum_common_swc: 1.0.0 (found version "1.0.0") 
[0.285s] -- Library lum_common_swc found /home/artificial/bags_ws/src/ros2_iris_driver/ros2_iris_driver/lib/lum_common_swc/lib/liblum_common_swc.a
[0.285s] -- Found: /home/artificial/bags_ws/src/ros2_iris_driver/ros2_iris_driver/lib/lum_common_swc/lib/liblum_common_swc.a
[0.285s] -- Dependency lum_common_log already found
[0.285s] -- Dependency lum_common_exceptions already found
[0.285s] -- Dependency lum_common_types already found
[0.285s] -- Conan: Using autogenerated Findlum_common_multi_thread.cmake
[0.286s] -- Found lum_common_multi_thread: 1.0.0 (found version "1.0.0") 
[0.286s] -- Dependency lum_common_exceptions already found
[0.286s] -- Dependency lum_platform_process already found
[0.286s] -- Conan: Using autogenerated FindMicrosoft.GSL.cmake
[0.286s] -- Found Microsoft.GSL: 3.1.0 (found version "3.1.0") 
[0.287s] -- Conan: Using autogenerated Findlum_drivers_data_client_types.cmake
[0.287s] -- Found lum_drivers_data_client_types: 1.0.0 (found version "1.0.0") 
[0.287s] -- Dependency lum_common_memory already found
[0.287s] -- Dependency lum_common_types already found
[0.287s] -- Dependency lum_common_types_observable already found
[0.288s] -- Conan: Using autogenerated Findlum_drivers_pcap.cmake
[0.288s] -- Found lum_drivers_pcap: 1.0.0 (found version "1.0.0") 
[0.288s] -- Library lum_drivers_pcap found /home/artificial/bags_ws/src/ros2_iris_driver/ros2_iris_driver/lib/lum_drivers_pcap/lib/liblum_drivers_pcap.a
[0.288s] -- Found: /home/artificial/bags_ws/src/ros2_iris_driver/ros2_iris_driver/lib/lum_drivers_pcap/lib/liblum_drivers_pcap.a
[0.288s] -- Dependency lum_common_types already found
[0.290s] -- Conan: Using autogenerated FindBoost.cmake
[0.290s] -- Found Boost: 1.71.0 (found version "1.71.0") 
[0.291s] -- Library boost_coroutine found /home/artificial/bags_ws/src/ros2_iris_driver/ros2_iris_driver/lib/boost/lib/libboost_coroutine.so
[0.291s] -- Found: /home/artificial/bags_ws/src/ros2_iris_driver/ros2_iris_driver/lib/boost/lib/libboost_coroutine.so
[0.291s] -- Library boost_fiber found /home/artificial/bags_ws/src/ros2_iris_driver/ros2_iris_driver/lib/boost/lib/libboost_fiber.so
[0.291s] -- Found: /home/artificial/bags_ws/src/ros2_iris_driver/ros2_iris_driver/lib/boost/lib/libboost_fiber.so
[0.291s] -- Library boost_context found /home/artificial/bags_ws/src/ros2_iris_driver/ros2_iris_driver/lib/boost/lib/libboost_context.so
[0.291s] -- Found: /home/artificial/bags_ws/src/ros2_iris_driver/ros2_iris_driver/lib/boost/lib/libboost_context.so
[0.291s] -- Library boost_iostreams found /home/artificial/bags_ws/src/ros2_iris_driver/ros2_iris_driver/lib/boost/lib/libboost_iostreams.so
[0.291s] -- Found: /home/artificial/bags_ws/src/ros2_iris_driver/ros2_iris_driver/lib/boost/lib/libboost_iostreams.so
[0.291s] -- Library boost_locale found /home/artificial/bags_ws/src/ros2_iris_driver/ros2_iris_driver/lib/boost/lib/libboost_locale.so
[0.291s] -- Found: /home/artificial/bags_ws/src/ros2_iris_driver/ros2_iris_driver/lib/boost/lib/libboost_locale.so
[0.291s] -- Library boost_log_setup found /home/artificial/bags_ws/src/ros2_iris_driver/ros2_iris_driver/lib/boost/lib/libboost_log_setup.so
[0.291s] -- Found: /home/artificial/bags_ws/src/ros2_iris_driver/ros2_iris_driver/lib/boost/lib/libboost_log_setup.so
[0.291s] -- Library boost_log found /home/artificial/bags_ws/src/ros2_iris_driver/ros2_iris_driver/lib/boost/lib/libboost_log.so
[0.291s] -- Found: /home/artificial/bags_ws/src/ros2_iris_driver/ros2_iris_driver/lib/boost/lib/libboost_log.so
[0.291s] -- Library boost_math_c99 found /home/artificial/bags_ws/src/ros2_iris_driver/ros2_iris_driver/lib/boost/lib/libboost_math_c99.so
[0.291s] -- Found: /home/artificial/bags_ws/src/ros2_iris_driver/ros2_iris_driver/lib/boost/lib/libboost_math_c99.so
[0.291s] -- Library boost_math_c99f found /home/artificial/bags_ws/src/ros2_iris_driver/ros2_iris_driver/lib/boost/lib/libboost_math_c99f.so
[0.291s] -- Found: /home/artificial/bags_ws/src/ros2_iris_driver/ros2_iris_driver/lib/boost/lib/libboost_math_c99f.so
[0.291s] -- Library boost_math_c99l found /home/artificial/bags_ws/src/ros2_iris_driver/ros2_iris_driver/lib/boost/lib/libboost_math_c99l.so
[0.291s] -- Found: /home/artificial/bags_ws/src/ros2_iris_driver/ros2_iris_driver/lib/boost/lib/libboost_math_c99l.so
[0.291s] -- Library boost_math_tr1 found /home/artificial/bags_ws/src/ros2_iris_driver/ros2_iris_driver/lib/boost/lib/libboost_math_tr1.so
[0.291s] -- Found: /home/artificial/bags_ws/src/ros2_iris_driver/ros2_iris_driver/lib/boost/lib/libboost_math_tr1.so
[0.291s] -- Library boost_math_tr1f found /home/artificial/bags_ws/src/ros2_iris_driver/ros2_iris_driver/lib/boost/lib/libboost_math_tr1f.so
[0.291s] -- Found: /home/artificial/bags_ws/src/ros2_iris_driver/ros2_iris_driver/lib/boost/lib/libboost_math_tr1f.so
[0.291s] -- Library boost_math_tr1l found /home/artificial/bags_ws/src/ros2_iris_driver/ros2_iris_driver/lib/boost/lib/libboost_math_tr1l.so
[0.291s] -- Found: /home/artificial/bags_ws/src/ros2_iris_driver/ros2_iris_driver/lib/boost/lib/libboost_math_tr1l.so
[0.291s] -- Library boost_program_options found /home/artificial/bags_ws/src/ros2_iris_driver/ros2_iris_driver/lib/boost/lib/libboost_program_options.so
[0.291s] -- Found: /home/artificial/bags_ws/src/ros2_iris_driver/ros2_iris_driver/lib/boost/lib/libboost_program_options.so
[0.291s] -- Library boost_random found /home/artificial/bags_ws/src/ros2_iris_driver/ros2_iris_driver/lib/boost/lib/libboost_random.so
[0.291s] -- Found: /home/artificial/bags_ws/src/ros2_iris_driver/ros2_iris_driver/lib/boost/lib/libboost_random.so
[0.291s] -- Library boost_regex found /home/artificial/bags_ws/src/ros2_iris_driver/ros2_iris_driver/lib/boost/lib/libboost_regex.so
[0.291s] -- Found: /home/artificial/bags_ws/src/ros2_iris_driver/ros2_iris_driver/lib/boost/lib/libboost_regex.so
[0.292s] -- Library boost_stacktrace_addr2line found /home/artificial/bags_ws/src/ros2_iris_driver/ros2_iris_driver/lib/boost/lib/libboost_stacktrace_addr2line.so
[0.292s] -- Found: /home/artificial/bags_ws/src/ros2_iris_driver/ros2_iris_driver/lib/boost/lib/libboost_stacktrace_addr2line.so
[0.292s] -- Library boost_stacktrace_backtrace found /home/artificial/bags_ws/src/ros2_iris_driver/ros2_iris_driver/lib/boost/lib/libboost_stacktrace_backtrace.so
[0.292s] -- Found: /home/artificial/bags_ws/src/ros2_iris_driver/ros2_iris_driver/lib/boost/lib/libboost_stacktrace_backtrace.so
[0.292s] -- Library boost_stacktrace_basic found /home/artificial/bags_ws/src/ros2_iris_driver/ros2_iris_driver/lib/boost/lib/libboost_stacktrace_basic.so
[0.292s] -- Found: /home/artificial/bags_ws/src/ros2_iris_driver/ros2_iris_driver/lib/boost/lib/libboost_stacktrace_basic.so
[0.292s] -- Library boost_stacktrace_noop found /home/artificial/bags_ws/src/ros2_iris_driver/ros2_iris_driver/lib/boost/lib/libboost_stacktrace_noop.so
[0.292s] -- Found: /home/artificial/bags_ws/src/ros2_iris_driver/ros2_iris_driver/lib/boost/lib/libboost_stacktrace_noop.so
[0.292s] -- Library boost_timer found /home/artificial/bags_ws/src/ros2_iris_driver/ros2_iris_driver/lib/boost/lib/libboost_timer.so
[0.292s] -- Found: /home/artificial/bags_ws/src/ros2_iris_driver/ros2_iris_driver/lib/boost/lib/libboost_timer.so
[0.292s] -- Library boost_type_erasure found /home/artificial/bags_ws/src/ros2_iris_driver/ros2_iris_driver/lib/boost/lib/libboost_type_erasure.so
[0.292s] -- Found: /home/artificial/bags_ws/src/ros2_iris_driver/ros2_iris_driver/lib/boost/lib/libboost_type_erasure.so
[0.292s] -- Library boost_thread found /home/artificial/bags_ws/src/ros2_iris_driver/ros2_iris_driver/lib/boost/lib/libboost_thread.so
[0.292s] -- Found: /home/artificial/bags_ws/src/ros2_iris_driver/ros2_iris_driver/lib/boost/lib/libboost_thread.so
[0.292s] -- Library boost_atomic found /home/artificial/bags_ws/src/ros2_iris_driver/ros2_iris_driver/lib/boost/lib/libboost_atomic.so
[0.292s] -- Found: /home/artificial/bags_ws/src/ros2_iris_driver/ros2_iris_driver/lib/boost/lib/libboost_atomic.so
[0.292s] -- Library boost_chrono found /home/artificial/bags_ws/src/ros2_iris_driver/ros2_iris_driver/lib/boost/lib/libboost_chrono.so
[0.292s] -- Found: /home/artificial/bags_ws/src/ros2_iris_driver/ros2_iris_driver/lib/boost/lib/libboost_chrono.so
[0.292s] -- Library boost_container found /home/artificial/bags_ws/src/ros2_iris_driver/ros2_iris_driver/lib/boost/lib/libboost_container.so
[0.292s] -- Found: /home/artificial/bags_ws/src/ros2_iris_driver/ros2_iris_driver/lib/boost/lib/libboost_container.so
[0.292s] -- Library boost_date_time found /home/artificial/bags_ws/src/ros2_iris_driver/ros2_iris_driver/lib/boost/lib/libboost_date_time.so
[0.292s] -- Found: /home/artificial/bags_ws/src/ros2_iris_driver/ros2_iris_driver/lib/boost/lib/libboost_date_time.so
[0.292s] -- Library boost_exception found /home/artificial/bags_ws/src/ros2_iris_driver/ros2_iris_driver/lib/boost/lib/libboost_exception.a
[0.292s] -- Found: /home/artificial/bags_ws/src/ros2_iris_driver/ros2_iris_driver/lib/boost/lib/libboost_exception.a
[0.292s] -- Library boost_wave found /home/artificial/bags_ws/src/ros2_iris_driver/ros2_iris_driver/lib/boost/lib/libboost_wave.so
[0.292s] -- Found: /home/artificial/bags_ws/src/ros2_iris_driver/ros2_iris_driver/lib/boost/lib/libboost_wave.so
[0.292s] -- Library boost_filesystem found /home/artificial/bags_ws/src/ros2_iris_driver/ros2_iris_driver/lib/boost/lib/libboost_filesystem.so
[0.292s] -- Found: /home/artificial/bags_ws/src/ros2_iris_driver/ros2_iris_driver/lib/boost/lib/libboost_filesystem.so
[0.292s] -- Library boost_system found /home/artificial/bags_ws/src/ros2_iris_driver/ros2_iris_driver/lib/boost/lib/libboost_system.so
[0.292s] -- Found: /home/artificial/bags_ws/src/ros2_iris_driver/ros2_iris_driver/lib/boost/lib/libboost_system.so
[0.292s] -- Library boost_wserialization found /home/artificial/bags_ws/src/ros2_iris_driver/ros2_iris_driver/lib/boost/lib/libboost_wserialization.so
[0.292s] -- Found: /home/artificial/bags_ws/src/ros2_iris_driver/ros2_iris_driver/lib/boost/lib/libboost_wserialization.so
[0.292s] -- Library boost_serialization found /home/artificial/bags_ws/src/ros2_iris_driver/ros2_iris_driver/lib/boost/lib/libboost_serialization.so
[0.292s] -- Found: /home/artificial/bags_ws/src/ros2_iris_driver/ros2_iris_driver/lib/boost/lib/libboost_serialization.so
[0.293s] -- Conan: Using autogenerated FindIconv.cmake
[0.293s] -- Found Iconv: 1.16 (found version "1.16") 
[0.293s] -- Library iconv found /home/artificial/bags_ws/src/ros2_iris_driver/ros2_iris_driver/lib/libiconv/lib/libiconv.a
[0.293s] -- Found: /home/artificial/bags_ws/src/ros2_iris_driver/ros2_iris_driver/lib/libiconv/lib/libiconv.a
[0.293s] -- Library charset found /home/artificial/bags_ws/src/ros2_iris_driver/ros2_iris_driver/lib/libiconv/lib/libcharset.a
[0.293s] -- Found: /home/artificial/bags_ws/src/ros2_iris_driver/ros2_iris_driver/lib/libiconv/lib/libcharset.a
[0.294s] -- Library boost_serialization found /home/artificial/bags_ws/src/ros2_iris_driver/ros2_iris_driver/lib/boost/lib/libboost_serialization.so
[0.294s] -- Found: /home/artificial/bags_ws/src/ros2_iris_driver/ros2_iris_driver/lib/boost/lib/libboost_serialization.so
[0.294s] -- Library boost_wserialization found /home/artificial/bags_ws/src/ros2_iris_driver/ros2_iris_driver/lib/boost/lib/libboost_wserialization.so
[0.294s] -- Found: /home/artificial/bags_ws/src/ros2_iris_driver/ros2_iris_driver/lib/boost/lib/libboost_wserialization.so
[0.294s] -- Library boost_system found /home/artificial/bags_ws/src/ros2_iris_driver/ros2_iris_driver/lib/boost/lib/libboost_system.so
[0.294s] -- Found: /home/artificial/bags_ws/src/ros2_iris_driver/ros2_iris_driver/lib/boost/lib/libboost_system.so
[0.294s] -- Library boost_filesystem found /home/artificial/bags_ws/src/ros2_iris_driver/ros2_iris_driver/lib/boost/lib/libboost_filesystem.so
[0.294s] -- Found: /home/artificial/bags_ws/src/ros2_iris_driver/ros2_iris_driver/lib/boost/lib/libboost_filesystem.so
[0.294s] -- Library boost_wave found /home/artificial/bags_ws/src/ros2_iris_driver/ros2_iris_driver/lib/boost/lib/libboost_wave.so
[0.294s] -- Found: /home/artificial/bags_ws/src/ros2_iris_driver/ros2_iris_driver/lib/boost/lib/libboost_wave.so
[0.294s] -- Library boost_exception found /home/artificial/bags_ws/src/ros2_iris_driver/ros2_iris_driver/lib/boost/lib/libboost_exception.a
[0.294s] -- Found: /home/artificial/bags_ws/src/ros2_iris_driver/ros2_iris_driver/lib/boost/lib/libboost_exception.a
[0.294s] -- Library boost_date_time found /home/artificial/bags_ws/src/ros2_iris_driver/ros2_iris_driver/lib/boost/lib/libboost_date_time.so
[0.294s] -- Found: /home/artificial/bags_ws/src/ros2_iris_driver/ros2_iris_driver/lib/boost/lib/libboost_date_time.so
[0.294s] -- Library boost_container found /home/artificial/bags_ws/src/ros2_iris_driver/ros2_iris_driver/lib/boost/lib/libboost_container.so
[0.294s] -- Found: /home/artificial/bags_ws/src/ros2_iris_driver/ros2_iris_driver/lib/boost/lib/libboost_container.so
[0.295s] -- Library boost_chrono found /home/artificial/bags_ws/src/ros2_iris_driver/ros2_iris_driver/lib/boost/lib/libboost_chrono.so
[0.295s] -- Found: /home/artificial/bags_ws/src/ros2_iris_driver/ros2_iris_driver/lib/boost/lib/libboost_chrono.so
[0.295s] -- Library boost_atomic found /home/artificial/bags_ws/src/ros2_iris_driver/ros2_iris_driver/lib/boost/lib/libboost_atomic.so
[0.295s] -- Found: /home/artificial/bags_ws/src/ros2_iris_driver/ros2_iris_driver/lib/boost/lib/libboost_atomic.so
[0.295s] -- Library boost_thread found /home/artificial/bags_ws/src/ros2_iris_driver/ros2_iris_driver/lib/boost/lib/libboost_thread.so
[0.295s] -- Found: /home/artificial/bags_ws/src/ros2_iris_driver/ros2_iris_driver/lib/boost/lib/libboost_thread.so
[0.295s] -- Library boost_type_erasure found /home/artificial/bags_ws/src/ros2_iris_driver/ros2_iris_driver/lib/boost/lib/libboost_type_erasure.so
[0.295s] -- Found: /home/artificial/bags_ws/src/ros2_iris_driver/ros2_iris_driver/lib/boost/lib/libboost_type_erasure.so
[0.295s] -- Library boost_timer found /home/artificial/bags_ws/src/ros2_iris_driver/ros2_iris_driver/lib/boost/lib/libboost_timer.so
[0.295s] -- Found: /home/artificial/bags_ws/src/ros2_iris_driver/ros2_iris_driver/lib/boost/lib/libboost_timer.so
[0.295s] -- Library boost_stacktrace_noop found /home/artificial/bags_ws/src/ros2_iris_driver/ros2_iris_driver/lib/boost/lib/libboost_stacktrace_noop.so
[0.295s] -- Found: /home/artificial/bags_ws/src/ros2_iris_driver/ros2_iris_driver/lib/boost/lib/libboost_stacktrace_noop.so
[0.295s] -- Library boost_stacktrace_basic found /home/artificial/bags_ws/src/ros2_iris_driver/ros2_iris_driver/lib/boost/lib/libboost_stacktrace_basic.so
[0.295s] -- Found: /home/artificial/bags_ws/src/ros2_iris_driver/ros2_iris_driver/lib/boost/lib/libboost_stacktrace_basic.so
[0.295s] -- Library boost_stacktrace_backtrace found /home/artificial/bags_ws/src/ros2_iris_driver/ros2_iris_driver/lib/boost/lib/libboost_stacktrace_backtrace.so
[0.295s] -- Found: /home/artificial/bags_ws/src/ros2_iris_driver/ros2_iris_driver/lib/boost/lib/libboost_stacktrace_backtrace.so
[0.295s] -- Library boost_stacktrace_addr2line found /home/artificial/bags_ws/src/ros2_iris_driver/ros2_iris_driver/lib/boost/lib/libboost_stacktrace_addr2line.so
[0.295s] -- Found: /home/artificial/bags_ws/src/ros2_iris_driver/ros2_iris_driver/lib/boost/lib/libboost_stacktrace_addr2line.so
[0.296s] -- Library boost_regex found /home/artificial/bags_ws/src/ros2_iris_driver/ros2_iris_driver/lib/boost/lib/libboost_regex.so
[0.296s] -- Found: /home/artificial/bags_ws/src/ros2_iris_driver/ros2_iris_driver/lib/boost/lib/libboost_regex.so
[0.296s] -- Library boost_random found /home/artificial/bags_ws/src/ros2_iris_driver/ros2_iris_driver/lib/boost/lib/libboost_random.so
[0.296s] -- Found: /home/artificial/bags_ws/src/ros2_iris_driver/ros2_iris_driver/lib/boost/lib/libboost_random.so
[0.296s] -- Library boost_program_options found /home/artificial/bags_ws/src/ros2_iris_driver/ros2_iris_driver/lib/boost/lib/libboost_program_options.so
[0.296s] -- Found: /home/artificial/bags_ws/src/ros2_iris_driver/ros2_iris_driver/lib/boost/lib/libboost_program_options.so
[0.296s] -- Library boost_math_tr1l found /home/artificial/bags_ws/src/ros2_iris_driver/ros2_iris_driver/lib/boost/lib/libboost_math_tr1l.so
[0.296s] -- Found: /home/artificial/bags_ws/src/ros2_iris_driver/ros2_iris_driver/lib/boost/lib/libboost_math_tr1l.so
[0.296s] -- Library boost_math_tr1f found /home/artificial/bags_ws/src/ros2_iris_driver/ros2_iris_driver/lib/boost/lib/libboost_math_tr1f.so
[0.296s] -- Found: /home/artificial/bags_ws/src/ros2_iris_driver/ros2_iris_driver/lib/boost/lib/libboost_math_tr1f.so
[0.296s] -- Library boost_math_tr1 found /home/artificial/bags_ws/src/ros2_iris_driver/ros2_iris_driver/lib/boost/lib/libboost_math_tr1.so
[0.296s] -- Found: /home/artificial/bags_ws/src/ros2_iris_driver/ros2_iris_driver/lib/boost/lib/libboost_math_tr1.so
[0.296s] -- Library boost_math_c99l found /home/artificial/bags_ws/src/ros2_iris_driver/ros2_iris_driver/lib/boost/lib/libboost_math_c99l.so
[0.296s] -- Found: /home/artificial/bags_ws/src/ros2_iris_driver/ros2_iris_driver/lib/boost/lib/libboost_math_c99l.so
[0.296s] -- Library boost_math_c99f found /home/artificial/bags_ws/src/ros2_iris_driver/ros2_iris_driver/lib/boost/lib/libboost_math_c99f.so
[0.296s] -- Found: /home/artificial/bags_ws/src/ros2_iris_driver/ros2_iris_driver/lib/boost/lib/libboost_math_c99f.so
[0.296s] -- Library boost_math_c99 found /home/artificial/bags_ws/src/ros2_iris_driver/ros2_iris_driver/lib/boost/lib/libboost_math_c99.so
[0.296s] -- Found: /home/artificial/bags_ws/src/ros2_iris_driver/ros2_iris_driver/lib/boost/lib/libboost_math_c99.so
[0.297s] -- Library boost_log found /home/artificial/bags_ws/src/ros2_iris_driver/ros2_iris_driver/lib/boost/lib/libboost_log.so
[0.297s] -- Found: /home/artificial/bags_ws/src/ros2_iris_driver/ros2_iris_driver/lib/boost/lib/libboost_log.so
[0.297s] -- Library boost_log_setup found /home/artificial/bags_ws/src/ros2_iris_driver/ros2_iris_driver/lib/boost/lib/libboost_log_setup.so
[0.297s] -- Found: /home/artificial/bags_ws/src/ros2_iris_driver/ros2_iris_driver/lib/boost/lib/libboost_log_setup.so
[0.297s] -- Library boost_locale found /home/artificial/bags_ws/src/ros2_iris_driver/ros2_iris_driver/lib/boost/lib/libboost_locale.so
[0.297s] -- Found: /home/artificial/bags_ws/src/ros2_iris_driver/ros2_iris_driver/lib/boost/lib/libboost_locale.so
[0.297s] -- Library boost_iostreams found /home/artificial/bags_ws/src/ros2_iris_driver/ros2_iris_driver/lib/boost/lib/libboost_iostreams.so
[0.297s] -- Found: /home/artificial/bags_ws/src/ros2_iris_driver/ros2_iris_driver/lib/boost/lib/libboost_iostreams.so
[0.297s] -- Library boost_context found /home/artificial/bags_ws/src/ros2_iris_driver/ros2_iris_driver/lib/boost/lib/libboost_context.so
[0.297s] -- Found: /home/artificial/bags_ws/src/ros2_iris_driver/ros2_iris_driver/lib/boost/lib/libboost_context.so
[0.297s] -- Library boost_fiber found /home/artificial/bags_ws/src/ros2_iris_driver/ros2_iris_driver/lib/boost/lib/libboost_fiber.so
[0.297s] -- Found: /home/artificial/bags_ws/src/ros2_iris_driver/ros2_iris_driver/lib/boost/lib/libboost_fiber.so
[0.297s] -- Library boost_coroutine found /home/artificial/bags_ws/src/ros2_iris_driver/ros2_iris_driver/lib/boost/lib/libboost_coroutine.so
[0.297s] -- Found: /home/artificial/bags_ws/src/ros2_iris_driver/ros2_iris_driver/lib/boost/lib/libboost_coroutine.so
[0.298s] -- Dependency lum_common_casts already found
[0.298s] -- Dependency lum_common_exceptions already found
[0.299s] -- Conan: Using autogenerated Findlum_common_types_internal.cmake
[0.299s] -- Found lum_common_types_internal: 1.0.0 (found version "1.0.0") 
[0.300s] -- Conan: Using autogenerated Findlum_common_types_point.cmake
[0.300s] -- Found lum_common_types_point: 1.0.0 (found version "1.0.0") 
[0.300s] -- Dependency lum_common_casts already found
[0.300s] -- Conan: Using autogenerated Findlum_common_types_pointcloud.cmake
[0.300s] -- Found lum_common_types_pointcloud: 1.0.0 (found version "1.0.0") 
[0.301s] -- Dependency lum_common_exceptions already found
[0.301s] -- Dependency lum_common_types already found
[0.301s] -- Conan: Using autogenerated Findlum_common_geometry_types.cmake
[0.301s] -- Found lum_common_geometry_types: 1.0.0 (found version "1.0.0") 
[0.302s] -- Dependency lum_common_types_pointcloud already found
[0.302s] -- Conan: Using autogenerated Findlum_common_types_classification.cmake
[0.302s] -- Found lum_common_types_classification: 1.0.0 (found version "1.0.0") 
[0.302s] -- Dependency lum_common_types already found
[0.302s] -- Dependency lum_common_log already found
[0.303s] -- Conan: Using autogenerated Findlum_platform_networking.cmake
[0.303s] -- Found lum_platform_networking: 1.0.0 (found version "1.0.0") 
[0.303s] -- Library lum_platform_networking found /home/artificial/bags_ws/src/ros2_iris_driver/ros2_iris_driver/lib/lum_platform_networking/lib/liblum_platform_networking.a
[0.303s] -- Found: /home/artificial/bags_ws/src/ros2_iris_driver/ros2_iris_driver/lib/lum_platform_networking/lib/liblum_platform_networking.a
[0.303s] -- Dependency lum_common_casts already found
[0.304s] -- Dependency lum_common_log already found
[0.304s] -- Conan: Using autogenerated Findlum_platform_networking_types.cmake
[0.304s] -- Found lum_platform_networking_types: 1.0.0 (found version "1.0.0") 
[0.304s] -- Dependency Microsoft.GSL already found
[0.305s] -- Conan: Using autogenerated Findlibpcap.cmake
[0.305s] -- Found libpcap: 1.10.1 (found version "1.10.1") 
[0.305s] -- Library pcap found /home/artificial/bags_ws/src/ros2_iris_driver/ros2_iris_driver/lib/libpcap/lib/libpcap.a
[0.305s] -- Found: /home/artificial/bags_ws/src/ros2_iris_driver/ros2_iris_driver/lib/libpcap/lib/libpcap.a
[0.305s] -- Dependency lum_platform_networking already found
[0.305s] -- Dependency lum_platform_networking_types already found
[0.306s] -- Conan: Using autogenerated Findlum_drivers_lidar_iris_data_preprocessor_a.cmake
[0.306s] -- Found lum_drivers_lidar_iris_data_preprocessor_a: 1.0.0 (found version "1.0.0") 
[0.306s] -- Library lum_drivers_lidar_iris_data_preprocessor_a found /home/artificial/bags_ws/src/ros2_iris_driver/ros2_iris_driver/lib/lum_drivers_lidar_iris_data_preprocessor_a/lib/liblum_drivers_lidar_iris_data_preprocessor_a.so
[0.306s] -- Found: /home/artificial/bags_ws/src/ros2_iris_driver/ros2_iris_driver/lib/lum_drivers_lidar_iris_data_preprocessor_a/lib/liblum_drivers_lidar_iris_data_preprocessor_a.so
[0.307s] -- Conan: Using autogenerated Findlum_drivers_lidar_iris_internal_types.cmake
[0.307s] -- Found lum_drivers_lidar_iris_internal_types: 1.0.0 (found version "1.0.0") 
[0.307s] -- Dependency lum_common_memory already found
[0.307s] -- Dependency lum_common_types already found
[0.308s] -- Conan: Using autogenerated Findlum_common_math.cmake
[0.308s] -- Found lum_common_math: 1.0.0 (found version "1.0.0") 
[0.308s] -- Dependency lum_common_log already found
[0.308s] -- Dependency lum_common_types already found
[0.308s] -- Dependency lum_common_types_internal already found
[0.308s] -- Dependency lum_common_types_observable already found
[0.308s] -- Dependency lum_common_types_pointcloud already found
[0.308s] -- Dependency lum_drivers_data_client_types already found
[0.309s] -- Conan: Using autogenerated Findlum_drivers_lidar_iris_types.cmake
[0.309s] -- Found lum_drivers_lidar_iris_types: 1.0.0 (found version "1.0.0") 
[0.309s] -- Dependency lum_common_types_pointcloud already found
[0.310s] -- Conan: Using autogenerated Findlum_drivers_lidar_legacy_types.cmake
[0.310s] -- Found lum_drivers_lidar_legacy_types: 1.0.0 (found version "1.0.0") 
[0.310s] -- Dependency lum_common_types_point already found
[0.310s] -- Dependency lum_common_types_pointcloud already found
[0.310s] -- Dependency lum_drivers_lidar_legacy_types already found
[0.310s] -- Dependency lum_drivers_lidar_iris_types already found
[0.311s] -- Conan: Using autogenerated Findlum_drivers_lidar_iris_data_preprocessor.cmake
[0.311s] -- Found lum_drivers_lidar_iris_data_preprocessor: 1.0.0 (found version "1.0.0") 
[0.311s] -- Library lum_drivers_lidar_iris_data_preprocessor found /home/artificial/bags_ws/src/ros2_iris_driver/ros2_iris_driver/lib/lum_drivers_lidar_iris_data_preprocessor/lib/liblum_drivers_lidar_iris_data_preprocessor.a
[0.311s] -- Found: /home/artificial/bags_ws/src/ros2_iris_driver/ros2_iris_driver/lib/lum_drivers_lidar_iris_data_preprocessor/lib/liblum_drivers_lidar_iris_data_preprocessor.a
[0.311s] -- Dependency lum_drivers_lidar_iris_internal_types already found
[0.311s] -- Dependency lum_drivers_lidar_iris_types already found
[0.311s] -- Dependency lum_common_log already found
[0.312s] -- Conan: Using autogenerated Findlum_common_pointcloud_conversion.cmake
[0.312s] -- Found lum_common_pointcloud_conversion: 1.0.0 (found version "1.0.0") 
[0.312s] -- Library lum_common_pointcloud_conversion found /home/artificial/bags_ws/src/ros2_iris_driver/ros2_iris_driver/lib/lum_common_pointcloud_conversion/lib/liblum_common_pointcloud_conversion.a
[0.312s] -- Found: /home/artificial/bags_ws/src/ros2_iris_driver/ros2_iris_driver/lib/lum_common_pointcloud_conversion/lib/liblum_common_pointcloud_conversion.a
[0.312s] -- Dependency lum_common_types_pointcloud already found
[0.313s] -- Conan: Using autogenerated Findlum_semantic_segmentation_types.cmake
[0.313s] -- Found lum_semantic_segmentation_types: 1.0.0 (found version "1.0.0") 
[0.313s] -- Dependency lum_common_types_classification already found
[0.313s] -- Dependency lum_common_types already found
[0.313s] -- Dependency lum_common_types_pointcloud already found
[0.314s] -- Conan: Using autogenerated Findlum_semantic_segmentation_internal_types.cmake
[0.314s] -- Found lum_semantic_segmentation_internal_types: 1.0.0 (found version "1.0.0") 
[0.314s] -- Dependency lum_common_types_classification already found
[0.314s] -- Dependency lum_common_types_point already found
[0.314s] -- Dependency lum_common_types_pointcloud already found
[0.314s] -- Dependency lum_semantic_segmentation_types already found
[0.314s] -- Dependency lum_drivers_lidar_iris_internal_types already found
[0.314s] -- Dependency lum_drivers_lidar_legacy_types already found
[0.314s] -- Dependency lum_common_log already found
[0.314s] -- Dependency lum_common_types already found
[0.314s] -- Dependency lum_common_types_observable already found
[0.315s] -- Conan: Using autogenerated Findlum_drivers_lidar_calibration.cmake
[0.315s] -- Found lum_drivers_lidar_calibration: 1.0.0 (found version "1.0.0") 
[0.315s] -- Dependency lum_common_math already found
[0.316s] -- Conan: Using autogenerated Findlum_drivers_lidar_iris_frame_aggregator.cmake
[0.316s] -- Found lum_drivers_lidar_iris_frame_aggregator: 1.0.0 (found version "1.0.0") 
[0.316s] -- Library lum_drivers_lidar_iris_frame_aggregator found /home/artificial/bags_ws/src/ros2_iris_driver/ros2_iris_driver/lib/lum_drivers_lidar_iris_frame_aggregator/lib/liblum_drivers_lidar_iris_frame_aggregator.a
[0.316s] -- Found: /home/artificial/bags_ws/src/ros2_iris_driver/ros2_iris_driver/lib/lum_drivers_lidar_iris_frame_aggregator/lib/liblum_drivers_lidar_iris_frame_aggregator.a
[0.316s] -- Dependency lum_drivers_lidar_calibration already found
[0.316s] -- Dependency lum_drivers_lidar_iris_internal_types already found
[0.316s] -- Dependency lum_common_log already found
[0.316s] -- Dependency lum_common_types_observable already found
[0.317s] -- Conan: Using autogenerated Findlum_drivers_lidar_iris_frame_boundary_detector.cmake
[0.317s] -- Found lum_drivers_lidar_iris_frame_boundary_detector: 1.0.0 (found version "1.0.0") 
[0.317s] -- Library lum_drivers_lidar_iris_frame_boundary_detector found /home/artificial/bags_ws/src/ros2_iris_driver/ros2_iris_driver/lib/lum_drivers_lidar_iris_frame_boundary_detector/lib/liblum_drivers_lidar_iris_frame_boundary_detector.a
[0.317s] -- Found: /home/artificial/bags_ws/src/ros2_iris_driver/ros2_iris_driver/lib/lum_drivers_lidar_iris_frame_boundary_detector/lib/liblum_drivers_lidar_iris_frame_boundary_detector.a
[0.317s] -- Dependency lum_drivers_lidar_iris_internal_types already found
[0.317s] -- Dependency lum_drivers_lidar_iris_types already found
[0.318s] -- Conan: Using autogenerated Findlum_drivers_lidar_point_cloud_filter.cmake
[0.318s] -- Found lum_drivers_lidar_point_cloud_filter: 1.0.0 (found version "1.0.0") 
[0.318s] -- Dependency lum_common_types_internal already found
[0.318s] -- Dependency lum_common_types_pointcloud already found
[0.318s] -- Dependency lum_drivers_lidar_calibration already found
[0.319s] -- Conan: Using autogenerated Findlum_drivers_lidar_iris_scanline_processor_a.cmake
[0.319s] -- Found lum_drivers_lidar_iris_scanline_processor_a: 1.0.0 (found version "1.0.0") 
[0.319s] -- Library lum_drivers_lidar_iris_scanline_processor_a found /home/artificial/bags_ws/src/ros2_iris_driver/ros2_iris_driver/lib/lum_drivers_lidar_iris_scanline_processor_a/lib/liblum_drivers_lidar_iris_scanline_processor_a.a
[0.319s] -- Found: /home/artificial/bags_ws/src/ros2_iris_driver/ros2_iris_driver/lib/lum_drivers_lidar_iris_scanline_processor_a/lib/liblum_drivers_lidar_iris_scanline_processor_a.a
[0.319s] -- Dependency lum_common_log already found
[0.319s] -- Dependency lum_common_math already found
[0.319s] -- Dependency lum_common_types already found
[0.319s] -- Dependency lum_drivers_lidar_iris_internal_types already found
[0.320s] -- Conan: Using autogenerated Findlum_drivers_lidar_iris_packet_parser_a.cmake
[0.320s] -- Found lum_drivers_lidar_iris_packet_parser_a: 1.0.0 (found version "1.0.0") 
[0.320s] -- Library lum_drivers_lidar_iris_packet_parser_a found /home/artificial/bags_ws/src/ros2_iris_driver/ros2_iris_driver/lib/lum_drivers_lidar_iris_packet_parser_a/lib/liblum_drivers_lidar_iris_packet_parser_a.a
[0.320s] -- Found: /home/artificial/bags_ws/src/ros2_iris_driver/ros2_iris_driver/lib/lum_drivers_lidar_iris_packet_parser_a/lib/liblum_drivers_lidar_iris_packet_parser_a.a
[0.320s] -- Dependency lum_common_log already found
[0.320s] -- Dependency lum_common_casts already found
[0.320s] -- Dependency lum_common_types already found
[0.321s] -- Conan: Using autogenerated Findlum_common_utils.cmake
[0.321s] -- Found lum_common_utils: 1.0.0 (found version "1.0.0") 
[0.321s] -- Library lum_common_utils found /home/artificial/bags_ws/src/ros2_iris_driver/ros2_iris_driver/lib/lum_common_utils/lib/liblum_common_utils.a
[0.321s] -- Found: /home/artificial/bags_ws/src/ros2_iris_driver/ros2_iris_driver/lib/lum_common_utils/lib/liblum_common_utils.a
[0.321s] -- Dependency lum_common_log already found
[0.321s] -- Dependency lum_common_geometry_types already found
[0.321s] -- Dependency lum_common_math already found
[0.321s] -- Dependency lum_common_types already found
[0.321s] -- Dependency lum_common_types_classification already found
[0.321s] -- Dependency lum_common_types_pointcloud already found
[0.321s] -- Dependency lum_drivers_lidar_iris_internal_types already found
[0.322s] -- Conan: Using autogenerated Findlum_drivers_lidar_iris_serialization.cmake
[0.322s] -- Found lum_drivers_lidar_iris_serialization: 1.0.0 (found version "1.0.0") 
[0.322s] -- Library lum_drivers_lidar_iris_serialization found /home/artificial/bags_ws/src/ros2_iris_driver/ros2_iris_driver/lib/lum_drivers_lidar_iris_serialization/lib/liblum_drivers_lidar_iris_serialization.a
[0.322s] -- Found: /home/artificial/bags_ws/src/ros2_iris_driver/ros2_iris_driver/lib/lum_drivers_lidar_iris_serialization/lib/liblum_drivers_lidar_iris_serialization.a
[0.322s] -- Dependency lum_common_log already found
[0.322s] -- Dependency lum_common_casts already found
[0.322s] -- Dependency lum_common_types already found
[0.322s] -- Dependency lum_common_types_internal already found
[0.322s] -- Dependency lum_drivers_lidar_iris_internal_types already found
[0.322s] -- Dependency lum_platform_networking already found
[0.323s] -- Conan: Using autogenerated Findlum_drivers_lidar_iris_line_aggregator.cmake
[0.323s] -- Found lum_drivers_lidar_iris_line_aggregator: 1.0.0 (found version "1.0.0") 
[0.323s] -- Library lum_drivers_lidar_iris_line_aggregator found /home/artificial/bags_ws/src/ros2_iris_driver/ros2_iris_driver/lib/lum_drivers_lidar_iris_line_aggregator/lib/liblum_drivers_lidar_iris_line_aggregator.a
[0.323s] -- Found: /home/artificial/bags_ws/src/ros2_iris_driver/ros2_iris_driver/lib/lum_drivers_lidar_iris_line_aggregator/lib/liblum_drivers_lidar_iris_line_aggregator.a
[0.323s] -- Dependency lum_drivers_lidar_iris_internal_types already found
[0.323s] -- Dependency lum_drivers_lidar_iris_types already found
[0.323s] -- Dependency lum_common_log already found
[0.323s] -- Dependency lum_common_types already found
[0.323s] -- Dependency lum_common_types_observable already found
[0.324s] -- Conan: Using autogenerated Findlum_drivers_lidar_iris_line_generator_a.cmake
[0.324s] -- Found lum_drivers_lidar_iris_line_generator_a: 1.0.0 (found version "1.0.0") 
[0.324s] -- Library lum_drivers_lidar_iris_line_generator_a found /home/artificial/bags_ws/src/ros2_iris_driver/ros2_iris_driver/lib/lum_drivers_lidar_iris_line_generator_a/lib/liblum_drivers_lidar_iris_line_generator_a.a
[0.324s] -- Found: /home/artificial/bags_ws/src/ros2_iris_driver/ros2_iris_driver/lib/lum_drivers_lidar_iris_line_generator_a/lib/liblum_drivers_lidar_iris_line_generator_a.a
[0.324s] -- Dependency lum_common_types_observable already found
[0.324s] -- Dependency lum_common_types_pointcloud already found
[0.325s] -- Dependency lum_drivers_lidar_iris_internal_types already found
[0.325s] -- Dependency lum_common_log already found
[0.325s] -- Dependency lum_common_math already found
[0.325s] -- Dependency lum_common_types already found
[0.325s] -- Dependency lum_drivers_lidar_iris_frame_boundary_detector already found
[0.325s] -- Dependency lum_drivers_lidar_iris_types already found
[0.325s] -- Conan: Using autogenerated Findlum_platform_interface.cmake
[0.325s] -- Found lum_platform_interface: 1.0.0 (found version "1.0.0") 
[0.325s] -- Library lum_platform_interface found /home/artificial/bags_ws/src/ros2_iris_driver/ros2_iris_driver/lib/lum_platform_interface/lib/liblum_platform_interface.a
[0.325s] -- Found: /home/artificial/bags_ws/src/ros2_iris_driver/ros2_iris_driver/lib/lum_platform_interface/lib/liblum_platform_interface.a
[0.326s] -- Dependency lum_common_log already found
[0.326s] -- Dependency lum_platform_networking already found
[0.326s] -- Dependency lum_platform_networking_types already found
[0.326s] -- Conan: Using autogenerated Findlum_common_ros_2_com_pointcloud_codecs.cmake
[0.326s] -- Found lum_common_ros_2_com_pointcloud_codecs: 1.0.0 (found version "1.0.0") 
[0.327s] -- Conan: Using autogenerated Findlum_common_ros_2_com_pointcloud.cmake
[0.327s] -- Found lum_common_ros_2_com_pointcloud: 1.0.0 (found version "1.0.0") 
[0.327s] -- Dependency lum_common_exceptions already found
[0.327s] -- Dependency lum_common_log already found
[0.327s] -- Dependency lum_common_types_pointcloud already found
[0.330s] -- Found sensor_msgs: 4.2.4 (/opt/ros/humble/share/sensor_msgs/cmake)
[0.365s] -- Found rosidl_generator_c: 3.1.5 (/opt/ros/humble/share/rosidl_generator_c/cmake)
[0.370s] -- Found rosidl_adapter: 3.1.5 (/opt/ros/humble/share/rosidl_adapter/cmake)
[0.377s] -- Found rosidl_generator_cpp: 3.1.5 (/opt/ros/humble/share/rosidl_generator_cpp/cmake)
[0.388s] -- Using all available rosidl_typesupport_c: rosidl_typesupport_fastrtps_c;rosidl_typesupport_introspection_c
[0.402s] -- Using all available rosidl_typesupport_cpp: rosidl_typesupport_fastrtps_cpp;rosidl_typesupport_introspection_cpp
[0.520s] -- Dependency lum_common_types_pointcloud already found
[0.520s] -- Conan: Using autogenerated Findlum_drivers_lidar_iris_codecs.cmake
[0.520s] -- Found lum_drivers_lidar_iris_codecs: 1.0.0 (found version "1.0.0") 
[0.521s] -- Dependency lum_common_types_pointcloud already found
[0.521s] -- Dependency lum_drivers_lidar_iris_types already found
[0.521s] -- Conan: Using autogenerated Findlum_drivers_lidar_iris_control_interface.cmake
[0.521s] -- Found lum_drivers_lidar_iris_control_interface: 1.0.0 (found version "1.0.0") 
[0.521s] -- Library lum_drivers_lidar_iris_control_interface found /home/artificial/bags_ws/src/ros2_iris_driver/ros2_iris_driver/lib/lum_drivers_lidar_iris_control_interface/lib/liblum_drivers_lidar_iris_control_interface.so
[0.521s] -- Found: /home/artificial/bags_ws/src/ros2_iris_driver/ros2_iris_driver/lib/lum_drivers_lidar_iris_control_interface/lib/liblum_drivers_lidar_iris_control_interface.so
[0.522s] -- Dependency lum_common_log already found
[0.522s] -- Dependency lum_common_types_observable already found
[0.522s] -- Dependency lum_drivers_lidar_iris_internal_types already found
[0.522s] -- Dependency lum_common_types_internal already found
[0.522s] -- Dependency lum_drivers_lidar_iris_serialization already found
[0.522s] -- Dependency lum_platform_networking_types already found
[0.522s] -- Conan: Using autogenerated Findlum_drivers_lidar_iris_vsomeip.cmake
[0.522s] -- Found lum_drivers_lidar_iris_vsomeip: 1.0.0 (found version "1.0.0") 
[0.522s] -- Library lum_drivers_lidar_iris_vsomeip found /home/artificial/bags_ws/src/ros2_iris_driver/ros2_iris_driver/lib/lum_drivers_lidar_iris_vsomeip/lib/liblum_drivers_lidar_iris_vsomeip.a
[0.522s] -- Found: /home/artificial/bags_ws/src/ros2_iris_driver/ros2_iris_driver/lib/lum_drivers_lidar_iris_vsomeip/lib/liblum_drivers_lidar_iris_vsomeip.a
[0.523s] -- Dependency lum_common_log already found
[0.523s] -- Dependency lum_common_types already found
[0.523s] -- Dependency lum_platform_networking_types already found
[0.523s] -- Conan: Using autogenerated Findvsomeip.cmake
[0.523s] -- Found vsomeip: 3.1.20.3 (found version "3.1.20.3") 
[0.523s] -- Library vsomeip found /home/artificial/bags_ws/src/ros2_iris_driver/ros2_iris_driver/lib/vsomeip/lib/libvsomeip.so
[0.523s] -- Found: /home/artificial/bags_ws/src/ros2_iris_driver/ros2_iris_driver/lib/vsomeip/lib/libvsomeip.so
[0.523s] -- Library vsomeip3 found /home/artificial/bags_ws/src/ros2_iris_driver/ros2_iris_driver/lib/vsomeip/lib/libvsomeip3.so
[0.523s] -- Found: /home/artificial/bags_ws/src/ros2_iris_driver/ros2_iris_driver/lib/vsomeip/lib/libvsomeip3.so
[0.524s] -- Library vsomeip3-cfg found /home/artificial/bags_ws/src/ros2_iris_driver/ros2_iris_driver/lib/vsomeip/lib/libvsomeip3-cfg.so
[0.524s] -- Found: /home/artificial/bags_ws/src/ros2_iris_driver/ros2_iris_driver/lib/vsomeip/lib/libvsomeip3-cfg.so
[0.524s] -- Library vsomeip3-e2e found /home/artificial/bags_ws/src/ros2_iris_driver/ros2_iris_driver/lib/vsomeip/lib/libvsomeip3-e2e.so
[0.524s] -- Found: /home/artificial/bags_ws/src/ros2_iris_driver/ros2_iris_driver/lib/vsomeip/lib/libvsomeip3-e2e.so
[0.524s] -- Library vsomeip3-sd found /home/artificial/bags_ws/src/ros2_iris_driver/ros2_iris_driver/lib/vsomeip/lib/libvsomeip3-sd.so
[0.524s] -- Found: /home/artificial/bags_ws/src/ros2_iris_driver/ros2_iris_driver/lib/vsomeip/lib/libvsomeip3-sd.so
[0.524s] -- Dependency Boost already found
[0.524s] -- Conan: Using autogenerated Findlum_platform_signal.cmake
[0.524s] -- Found lum_platform_signal: 1.0.0 (found version "1.0.0") 
[0.524s] -- Library lum_platform_signal found /home/artificial/bags_ws/src/ros2_iris_driver/ros2_iris_driver/lib/lum_platform_signal/lib/liblum_platform_signal.a
[0.525s] -- Found: /home/artificial/bags_ws/src/ros2_iris_driver/ros2_iris_driver/lib/lum_platform_signal/lib/liblum_platform_signal.a
[0.525s] -- Dependency lum_common_types_observable already found
[0.530s] -- Found rclcpp: 16.0.9 (/opt/ros/humble/share/rclcpp/cmake)
[0.578s] -- Found rmw_implementation_cmake: 6.1.2 (/opt/ros/humble/share/rmw_implementation_cmake/cmake)
[0.581s] -- Found rmw_fastrtps_cpp: 6.2.6 (/opt/ros/humble/share/rmw_fastrtps_cpp/cmake)
[0.643s] -- Found OpenSSL: /usr/lib/x86_64-linux-gnu/libcrypto.so (found version "3.0.2")  
[0.656s] -- Found FastRTPS: /opt/ros/humble/include  
[0.674s] -- Using RMW implementation 'rmw_fastrtps_cpp' as default
[0.684s] -- Looking for pthread.h
[0.724s] -- Looking for pthread.h - found
[0.724s] -- Performing Test CMAKE_HAVE_LIBC_PTHREAD
[0.780s] -- Performing Test CMAKE_HAVE_LIBC_PTHREAD - Success
[0.781s] -- Found Threads: TRUE  
[0.857s] -- Found luminar_iris_msgs: 0.0.0 (/home/artificial/bags_ws/install/luminar_iris_msgs/share/luminar_iris_msgs/cmake)
[0.900s] -- Checking for module 'eigen3'
[0.909s] --   Found eigen3, version 3.4.0
[0.926s] -- Found Eigen: /usr/include/eigen3 (Required is at least version "3.1") 
[0.926s] -- Eigen found (include: /usr/include/eigen3, version: 3.4.0)
[0.929s] -- Conan: Using autogenerated FindBoost.cmake
[0.929s] -- Found Boost: 1.71.0 (found suitable version "1.71.0", minimum required is "1.65.0") 
[0.929s] -- Conan: Component 'system' found in package 'Boost'
[0.929s] -- Conan: Component 'filesystem' found in package 'Boost'
[0.929s] -- Conan: Component 'date_time' found in package 'Boost'
[0.929s] -- Conan: Component 'iostreams' found in package 'Boost'
[0.929s] -- Conan: Component 'serialization' found in package 'Boost'
[0.929s] -- Library boost_coroutine found /home/artificial/bags_ws/src/ros2_iris_driver/ros2_iris_driver/lib/boost/lib/libboost_coroutine.so
[0.929s] -- Skipping already existing target: CONAN_LIB::Boost_boost_coroutine
[0.929s] -- Found: /home/artificial/bags_ws/src/ros2_iris_driver/ros2_iris_driver/lib/boost/lib/libboost_coroutine.so
[0.929s] -- Library boost_fiber found /home/artificial/bags_ws/src/ros2_iris_driver/ros2_iris_driver/lib/boost/lib/libboost_fiber.so
[0.929s] -- Skipping already existing target: CONAN_LIB::Boost_boost_fiber
[0.929s] -- Found: /home/artificial/bags_ws/src/ros2_iris_driver/ros2_iris_driver/lib/boost/lib/libboost_fiber.so
[0.929s] -- Library boost_context found /home/artificial/bags_ws/src/ros2_iris_driver/ros2_iris_driver/lib/boost/lib/libboost_context.so
[0.929s] -- Skipping already existing target: CONAN_LIB::Boost_boost_context
[0.929s] -- Found: /home/artificial/bags_ws/src/ros2_iris_driver/ros2_iris_driver/lib/boost/lib/libboost_context.so
[0.929s] -- Library boost_iostreams found /home/artificial/bags_ws/src/ros2_iris_driver/ros2_iris_driver/lib/boost/lib/libboost_iostreams.so
[0.929s] -- Skipping already existing target: CONAN_LIB::Boost_boost_iostreams
[0.929s] -- Found: /home/artificial/bags_ws/src/ros2_iris_driver/ros2_iris_driver/lib/boost/lib/libboost_iostreams.so
[0.929s] -- Library boost_locale found /home/artificial/bags_ws/src/ros2_iris_driver/ros2_iris_driver/lib/boost/lib/libboost_locale.so
[0.929s] -- Skipping already existing target: CONAN_LIB::Boost_boost_locale
[0.929s] -- Found: /home/artificial/bags_ws/src/ros2_iris_driver/ros2_iris_driver/lib/boost/lib/libboost_locale.so
[0.929s] -- Library boost_log_setup found /home/artificial/bags_ws/src/ros2_iris_driver/ros2_iris_driver/lib/boost/lib/libboost_log_setup.so
[0.929s] -- Skipping already existing target: CONAN_LIB::Boost_boost_log_setup
[0.929s] -- Found: /home/artificial/bags_ws/src/ros2_iris_driver/ros2_iris_driver/lib/boost/lib/libboost_log_setup.so
[0.929s] -- Library boost_log found /home/artificial/bags_ws/src/ros2_iris_driver/ros2_iris_driver/lib/boost/lib/libboost_log.so
[0.929s] -- Skipping already existing target: CONAN_LIB::Boost_boost_log
[0.929s] -- Found: /home/artificial/bags_ws/src/ros2_iris_driver/ros2_iris_driver/lib/boost/lib/libboost_log.so
[0.929s] -- Library boost_math_c99 found /home/artificial/bags_ws/src/ros2_iris_driver/ros2_iris_driver/lib/boost/lib/libboost_math_c99.so
[0.930s] -- Skipping already existing target: CONAN_LIB::Boost_boost_math_c99
[0.930s] -- Found: /home/artificial/bags_ws/src/ros2_iris_driver/ros2_iris_driver/lib/boost/lib/libboost_math_c99.so
[0.930s] -- Library boost_math_c99f found /home/artificial/bags_ws/src/ros2_iris_driver/ros2_iris_driver/lib/boost/lib/libboost_math_c99f.so
[0.930s] -- Skipping already existing target: CONAN_LIB::Boost_boost_math_c99f
[0.930s] -- Found: /home/artificial/bags_ws/src/ros2_iris_driver/ros2_iris_driver/lib/boost/lib/libboost_math_c99f.so
[0.930s] -- Library boost_math_c99l found /home/artificial/bags_ws/src/ros2_iris_driver/ros2_iris_driver/lib/boost/lib/libboost_math_c99l.so
[0.930s] -- Skipping already existing target: CONAN_LIB::Boost_boost_math_c99l
[0.930s] -- Found: /home/artificial/bags_ws/src/ros2_iris_driver/ros2_iris_driver/lib/boost/lib/libboost_math_c99l.so
[0.930s] -- Library boost_math_tr1 found /home/artificial/bags_ws/src/ros2_iris_driver/ros2_iris_driver/lib/boost/lib/libboost_math_tr1.so
[0.930s] -- Skipping already existing target: CONAN_LIB::Boost_boost_math_tr1
[0.930s] -- Found: /home/artificial/bags_ws/src/ros2_iris_driver/ros2_iris_driver/lib/boost/lib/libboost_math_tr1.so
[0.930s] -- Library boost_math_tr1f found /home/artificial/bags_ws/src/ros2_iris_driver/ros2_iris_driver/lib/boost/lib/libboost_math_tr1f.so
[0.930s] -- Skipping already existing target: CONAN_LIB::Boost_boost_math_tr1f
[0.930s] -- Found: /home/artificial/bags_ws/src/ros2_iris_driver/ros2_iris_driver/lib/boost/lib/libboost_math_tr1f.so
[0.930s] -- Library boost_math_tr1l found /home/artificial/bags_ws/src/ros2_iris_driver/ros2_iris_driver/lib/boost/lib/libboost_math_tr1l.so
[0.930s] -- Skipping already existing target: CONAN_LIB::Boost_boost_math_tr1l
[0.930s] -- Found: /home/artificial/bags_ws/src/ros2_iris_driver/ros2_iris_driver/lib/boost/lib/libboost_math_tr1l.so
[0.930s] -- Library boost_program_options found /home/artificial/bags_ws/src/ros2_iris_driver/ros2_iris_driver/lib/boost/lib/libboost_program_options.so
[0.930s] -- Skipping already existing target: CONAN_LIB::Boost_boost_program_options
[0.930s] -- Found: /home/artificial/bags_ws/src/ros2_iris_driver/ros2_iris_driver/lib/boost/lib/libboost_program_options.so
[0.930s] -- Library boost_random found /home/artificial/bags_ws/src/ros2_iris_driver/ros2_iris_driver/lib/boost/lib/libboost_random.so
[0.930s] -- Skipping already existing target: CONAN_LIB::Boost_boost_random
[0.930s] -- Found: /home/artificial/bags_ws/src/ros2_iris_driver/ros2_iris_driver/lib/boost/lib/libboost_random.so
[0.930s] -- Library boost_regex found /home/artificial/bags_ws/src/ros2_iris_driver/ros2_iris_driver/lib/boost/lib/libboost_regex.so
[0.930s] -- Skipping already existing target: CONAN_LIB::Boost_boost_regex
[0.930s] -- Found: /home/artificial/bags_ws/src/ros2_iris_driver/ros2_iris_driver/lib/boost/lib/libboost_regex.so
[0.930s] -- Library boost_stacktrace_addr2line found /home/artificial/bags_ws/src/ros2_iris_driver/ros2_iris_driver/lib/boost/lib/libboost_stacktrace_addr2line.so
[0.930s] -- Skipping already existing target: CONAN_LIB::Boost_boost_stacktrace_addr2line
[0.930s] -- Found: /home/artificial/bags_ws/src/ros2_iris_driver/ros2_iris_driver/lib/boost/lib/libboost_stacktrace_addr2line.so
[0.930s] -- Library boost_stacktrace_backtrace found /home/artificial/bags_ws/src/ros2_iris_driver/ros2_iris_driver/lib/boost/lib/libboost_stacktrace_backtrace.so
[0.930s] -- Skipping already existing target: CONAN_LIB::Boost_boost_stacktrace_backtrace
[0.930s] -- Found: /home/artificial/bags_ws/src/ros2_iris_driver/ros2_iris_driver/lib/boost/lib/libboost_stacktrace_backtrace.so
[0.930s] -- Library boost_stacktrace_basic found /home/artificial/bags_ws/src/ros2_iris_driver/ros2_iris_driver/lib/boost/lib/libboost_stacktrace_basic.so
[0.930s] -- Skipping already existing target: CONAN_LIB::Boost_boost_stacktrace_basic
[0.930s] -- Found: /home/artificial/bags_ws/src/ros2_iris_driver/ros2_iris_driver/lib/boost/lib/libboost_stacktrace_basic.so
[0.930s] -- Library boost_stacktrace_noop found /home/artificial/bags_ws/src/ros2_iris_driver/ros2_iris_driver/lib/boost/lib/libboost_stacktrace_noop.so
[0.930s] -- Skipping already existing target: CONAN_LIB::Boost_boost_stacktrace_noop
[0.930s] -- Found: /home/artificial/bags_ws/src/ros2_iris_driver/ros2_iris_driver/lib/boost/lib/libboost_stacktrace_noop.so
[0.930s] -- Library boost_timer found /home/artificial/bags_ws/src/ros2_iris_driver/ros2_iris_driver/lib/boost/lib/libboost_timer.so
[0.930s] -- Skipping already existing target: CONAN_LIB::Boost_boost_timer
[0.930s] -- Found: /home/artificial/bags_ws/src/ros2_iris_driver/ros2_iris_driver/lib/boost/lib/libboost_timer.so
[0.931s] -- Library boost_type_erasure found /home/artificial/bags_ws/src/ros2_iris_driver/ros2_iris_driver/lib/boost/lib/libboost_type_erasure.so
[0.931s] -- Skipping already existing target: CONAN_LIB::Boost_boost_type_erasure
[0.931s] -- Found: /home/artificial/bags_ws/src/ros2_iris_driver/ros2_iris_driver/lib/boost/lib/libboost_type_erasure.so
[0.931s] -- Library boost_thread found /home/artificial/bags_ws/src/ros2_iris_driver/ros2_iris_driver/lib/boost/lib/libboost_thread.so
[0.931s] -- Skipping already existing target: CONAN_LIB::Boost_boost_thread
[0.931s] -- Found: /home/artificial/bags_ws/src/ros2_iris_driver/ros2_iris_driver/lib/boost/lib/libboost_thread.so
[0.931s] -- Library boost_atomic found /home/artificial/bags_ws/src/ros2_iris_driver/ros2_iris_driver/lib/boost/lib/libboost_atomic.so
[0.931s] -- Skipping already existing target: CONAN_LIB::Boost_boost_atomic
[0.931s] -- Found: /home/artificial/bags_ws/src/ros2_iris_driver/ros2_iris_driver/lib/boost/lib/libboost_atomic.so
[0.931s] -- Library boost_chrono found /home/artificial/bags_ws/src/ros2_iris_driver/ros2_iris_driver/lib/boost/lib/libboost_chrono.so
[0.931s] -- Skipping already existing target: CONAN_LIB::Boost_boost_chrono
[0.931s] -- Found: /home/artificial/bags_ws/src/ros2_iris_driver/ros2_iris_driver/lib/boost/lib/libboost_chrono.so
[0.931s] -- Library boost_container found /home/artificial/bags_ws/src/ros2_iris_driver/ros2_iris_driver/lib/boost/lib/libboost_container.so
[0.931s] -- Skipping already existing target: CONAN_LIB::Boost_boost_container
[0.931s] -- Found: /home/artificial/bags_ws/src/ros2_iris_driver/ros2_iris_driver/lib/boost/lib/libboost_container.so
[0.931s] -- Library boost_date_time found /home/artificial/bags_ws/src/ros2_iris_driver/ros2_iris_driver/lib/boost/lib/libboost_date_time.so
[0.931s] -- Skipping already existing target: CONAN_LIB::Boost_boost_date_time
[0.931s] -- Found: /home/artificial/bags_ws/src/ros2_iris_driver/ros2_iris_driver/lib/boost/lib/libboost_date_time.so
[0.931s] -- Library boost_exception found /home/artificial/bags_ws/src/ros2_iris_driver/ros2_iris_driver/lib/boost/lib/libboost_exception.a
[0.931s] -- Skipping already existing target: CONAN_LIB::Boost_boost_exception
[0.931s] -- Found: /home/artificial/bags_ws/src/ros2_iris_driver/ros2_iris_driver/lib/boost/lib/libboost_exception.a
[0.931s] -- Library boost_wave found /home/artificial/bags_ws/src/ros2_iris_driver/ros2_iris_driver/lib/boost/lib/libboost_wave.so
[0.931s] -- Skipping already existing target: CONAN_LIB::Boost_boost_wave
[0.931s] -- Found: /home/artificial/bags_ws/src/ros2_iris_driver/ros2_iris_driver/lib/boost/lib/libboost_wave.so
[0.931s] -- Library boost_filesystem found /home/artificial/bags_ws/src/ros2_iris_driver/ros2_iris_driver/lib/boost/lib/libboost_filesystem.so
[0.931s] -- Skipping already existing target: CONAN_LIB::Boost_boost_filesystem
[0.931s] -- Found: /home/artificial/bags_ws/src/ros2_iris_driver/ros2_iris_driver/lib/boost/lib/libboost_filesystem.so
[0.931s] -- Library boost_system found /home/artificial/bags_ws/src/ros2_iris_driver/ros2_iris_driver/lib/boost/lib/libboost_system.so
[0.931s] -- Skipping already existing target: CONAN_LIB::Boost_boost_system
[0.931s] -- Found: /home/artificial/bags_ws/src/ros2_iris_driver/ros2_iris_driver/lib/boost/lib/libboost_system.so
[0.931s] -- Library boost_wserialization found /home/artificial/bags_ws/src/ros2_iris_driver/ros2_iris_driver/lib/boost/lib/libboost_wserialization.so
[0.931s] -- Skipping already existing target: CONAN_LIB::Boost_boost_wserialization
[0.931s] -- Found: /home/artificial/bags_ws/src/ros2_iris_driver/ros2_iris_driver/lib/boost/lib/libboost_wserialization.so
[0.931s] -- Library boost_serialization found /home/artificial/bags_ws/src/ros2_iris_driver/ros2_iris_driver/lib/boost/lib/libboost_serialization.so
[0.931s] -- Skipping already existing target: CONAN_LIB::Boost_boost_serialization
[0.931s] -- Found: /home/artificial/bags_ws/src/ros2_iris_driver/ros2_iris_driver/lib/boost/lib/libboost_serialization.so
[0.931s] -- Conan: Dependency Iconv already found
[0.931s] -- Library boost_serialization found /home/artificial/bags_ws/src/ros2_iris_driver/ros2_iris_driver/lib/boost/lib/libboost_serialization.so
[0.931s] -- Skipping already existing target: CONAN_LIB::Boost_serialization_boost_serialization
[0.931s] -- Found: /home/artificial/bags_ws/src/ros2_iris_driver/ros2_iris_driver/lib/boost/lib/libboost_serialization.so
[0.931s] -- Library boost_wserialization found /home/artificial/bags_ws/src/ros2_iris_driver/ros2_iris_driver/lib/boost/lib/libboost_wserialization.so
[0.932s] -- Skipping already existing target: CONAN_LIB::Boost_wserialization_boost_wserialization
[0.932s] -- Found: /home/artificial/bags_ws/src/ros2_iris_driver/ros2_iris_driver/lib/boost/lib/libboost_wserialization.so
[0.932s] -- Library boost_system found /home/artificial/bags_ws/src/ros2_iris_driver/ros2_iris_driver/lib/boost/lib/libboost_system.so
[0.932s] -- Skipping already existing target: CONAN_LIB::Boost_system_boost_system
[0.932s] -- Found: /home/artificial/bags_ws/src/ros2_iris_driver/ros2_iris_driver/lib/boost/lib/libboost_system.so
[0.932s] -- Library boost_filesystem found /home/artificial/bags_ws/src/ros2_iris_driver/ros2_iris_driver/lib/boost/lib/libboost_filesystem.so
[0.932s] -- Skipping already existing target: CONAN_LIB::Boost_filesystem_boost_filesystem
[0.932s] -- Found: /home/artificial/bags_ws/src/ros2_iris_driver/ros2_iris_driver/lib/boost/lib/libboost_filesystem.so
[0.932s] -- Library boost_wave found /home/artificial/bags_ws/src/ros2_iris_driver/ros2_iris_driver/lib/boost/lib/libboost_wave.so
[0.932s] -- Skipping already existing target: CONAN_LIB::Boost_wave_boost_wave
[0.932s] -- Found: /home/artificial/bags_ws/src/ros2_iris_driver/ros2_iris_driver/lib/boost/lib/libboost_wave.so
[0.932s] -- Library boost_exception found /home/artificial/bags_ws/src/ros2_iris_driver/ros2_iris_driver/lib/boost/lib/libboost_exception.a
[0.932s] -- Skipping already existing target: CONAN_LIB::Boost_exception_boost_exception
[0.932s] -- Found: /home/artificial/bags_ws/src/ros2_iris_driver/ros2_iris_driver/lib/boost/lib/libboost_exception.a
[0.932s] -- Library boost_date_time found /home/artificial/bags_ws/src/ros2_iris_driver/ros2_iris_driver/lib/boost/lib/libboost_date_time.so
[0.932s] -- Skipping already existing target: CONAN_LIB::Boost_date_time_boost_date_time
[0.932s] -- Found: /home/artificial/bags_ws/src/ros2_iris_driver/ros2_iris_driver/lib/boost/lib/libboost_date_time.so
[0.932s] -- Library boost_container found /home/artificial/bags_ws/src/ros2_iris_driver/ros2_iris_driver/lib/boost/lib/libboost_container.so
[0.932s] -- Skipping already existing target: CONAN_LIB::Boost_container_boost_container
[0.932s] -- Found: /home/artificial/bags_ws/src/ros2_iris_driver/ros2_iris_driver/lib/boost/lib/libboost_container.so
[0.932s] -- Library boost_chrono found /home/artificial/bags_ws/src/ros2_iris_driver/ros2_iris_driver/lib/boost/lib/libboost_chrono.so
[0.932s] -- Skipping already existing target: CONAN_LIB::Boost_chrono_boost_chrono
[0.932s] -- Found: /home/artificial/bags_ws/src/ros2_iris_driver/ros2_iris_driver/lib/boost/lib/libboost_chrono.so
[0.932s] -- Library boost_atomic found /home/artificial/bags_ws/src/ros2_iris_driver/ros2_iris_driver/lib/boost/lib/libboost_atomic.so
[0.932s] -- Skipping already existing target: CONAN_LIB::Boost_atomic_boost_atomic
[0.932s] -- Found: /home/artificial/bags_ws/src/ros2_iris_driver/ros2_iris_driver/lib/boost/lib/libboost_atomic.so
[0.932s] -- Library boost_thread found /home/artificial/bags_ws/src/ros2_iris_driver/ros2_iris_driver/lib/boost/lib/libboost_thread.so
[0.932s] -- Skipping already existing target: CONAN_LIB::Boost_thread_boost_thread
[0.932s] -- Found: /home/artificial/bags_ws/src/ros2_iris_driver/ros2_iris_driver/lib/boost/lib/libboost_thread.so
[0.932s] -- Library boost_type_erasure found /home/artificial/bags_ws/src/ros2_iris_driver/ros2_iris_driver/lib/boost/lib/libboost_type_erasure.so
[0.932s] -- Skipping already existing target: CONAN_LIB::Boost_type_erasure_boost_type_erasure
[0.932s] -- Found: /home/artificial/bags_ws/src/ros2_iris_driver/ros2_iris_driver/lib/boost/lib/libboost_type_erasure.so
[0.932s] -- Library boost_timer found /home/artificial/bags_ws/src/ros2_iris_driver/ros2_iris_driver/lib/boost/lib/libboost_timer.so
[0.932s] -- Skipping already existing target: CONAN_LIB::Boost_timer_boost_timer
[0.932s] -- Found: /home/artificial/bags_ws/src/ros2_iris_driver/ros2_iris_driver/lib/boost/lib/libboost_timer.so
[0.933s] -- Library boost_stacktrace_noop found /home/artificial/bags_ws/src/ros2_iris_driver/ros2_iris_driver/lib/boost/lib/libboost_stacktrace_noop.so
[0.933s] -- Skipping already existing target: CONAN_LIB::Boost_stacktrace_noop_boost_stacktrace_noop
[0.933s] -- Found: /home/artificial/bags_ws/src/ros2_iris_driver/ros2_iris_driver/lib/boost/lib/libboost_stacktrace_noop.so
[0.933s] -- Library boost_stacktrace_basic found /home/artificial/bags_ws/src/ros2_iris_driver/ros2_iris_driver/lib/boost/lib/libboost_stacktrace_basic.so
[0.933s] -- Skipping already existing target: CONAN_LIB::Boost_stacktrace_basic_boost_stacktrace_basic
[0.933s] -- Found: /home/artificial/bags_ws/src/ros2_iris_driver/ros2_iris_driver/lib/boost/lib/libboost_stacktrace_basic.so
[0.933s] -- Library boost_stacktrace_backtrace found /home/artificial/bags_ws/src/ros2_iris_driver/ros2_iris_driver/lib/boost/lib/libboost_stacktrace_backtrace.so
[0.933s] -- Skipping already existing target: CONAN_LIB::Boost_stacktrace_backtrace_boost_stacktrace_backtrace
[0.933s] -- Found: /home/artificial/bags_ws/src/ros2_iris_driver/ros2_iris_driver/lib/boost/lib/libboost_stacktrace_backtrace.so
[0.933s] -- Library boost_stacktrace_addr2line found /home/artificial/bags_ws/src/ros2_iris_driver/ros2_iris_driver/lib/boost/lib/libboost_stacktrace_addr2line.so
[0.933s] -- Skipping already existing target: CONAN_LIB::Boost_stacktrace_addr2line_boost_stacktrace_addr2line
[0.933s] -- Found: /home/artificial/bags_ws/src/ros2_iris_driver/ros2_iris_driver/lib/boost/lib/libboost_stacktrace_addr2line.so
[0.933s] -- Library boost_regex found /home/artificial/bags_ws/src/ros2_iris_driver/ros2_iris_driver/lib/boost/lib/libboost_regex.so
[0.933s] -- Skipping already existing target: CONAN_LIB::Boost_regex_boost_regex
[0.933s] -- Found: /home/artificial/bags_ws/src/ros2_iris_driver/ros2_iris_driver/lib/boost/lib/libboost_regex.so
[0.933s] -- Library boost_random found /home/artificial/bags_ws/src/ros2_iris_driver/ros2_iris_driver/lib/boost/lib/libboost_random.so
[0.933s] -- Skipping already existing target: CONAN_LIB::Boost_random_boost_random
[0.933s] -- Found: /home/artificial/bags_ws/src/ros2_iris_driver/ros2_iris_driver/lib/boost/lib/libboost_random.so
[0.933s] -- Library boost_program_options found /home/artificial/bags_ws/src/ros2_iris_driver/ros2_iris_driver/lib/boost/lib/libboost_program_options.so
[0.933s] -- Skipping already existing target: CONAN_LIB::Boost_program_options_boost_program_options
[0.933s] -- Found: /home/artificial/bags_ws/src/ros2_iris_driver/ros2_iris_driver/lib/boost/lib/libboost_program_options.so
[0.933s] -- Library boost_math_tr1l found /home/artificial/bags_ws/src/ros2_iris_driver/ros2_iris_driver/lib/boost/lib/libboost_math_tr1l.so
[0.933s] -- Skipping already existing target: CONAN_LIB::Boost_math_tr1l_boost_math_tr1l
[0.933s] -- Found: /home/artificial/bags_ws/src/ros2_iris_driver/ros2_iris_driver/lib/boost/lib/libboost_math_tr1l.so
[0.934s] -- Library boost_math_tr1f found /home/artificial/bags_ws/src/ros2_iris_driver/ros2_iris_driver/lib/boost/lib/libboost_math_tr1f.so
[0.934s] -- Skipping already existing target: CONAN_LIB::Boost_math_tr1f_boost_math_tr1f
[0.934s] -- Found: /home/artificial/bags_ws/src/ros2_iris_driver/ros2_iris_driver/lib/boost/lib/libboost_math_tr1f.so
[0.934s] -- Library boost_math_tr1 found /home/artificial/bags_ws/src/ros2_iris_driver/ros2_iris_driver/lib/boost/lib/libboost_math_tr1.so
[0.934s] -- Skipping already existing target: CONAN_LIB::Boost_math_tr1_boost_math_tr1
[0.934s] -- Found: /home/artificial/bags_ws/src/ros2_iris_driver/ros2_iris_driver/lib/boost/lib/libboost_math_tr1.so
[0.934s] -- Library boost_math_c99l found /home/artificial/bags_ws/src/ros2_iris_driver/ros2_iris_driver/lib/boost/lib/libboost_math_c99l.so
[0.934s] -- Skipping already existing target: CONAN_LIB::Boost_math_c99l_boost_math_c99l
[0.934s] -- Found: /home/artificial/bags_ws/src/ros2_iris_driver/ros2_iris_driver/lib/boost/lib/libboost_math_c99l.so
[0.934s] -- Library boost_math_c99f found /home/artificial/bags_ws/src/ros2_iris_driver/ros2_iris_driver/lib/boost/lib/libboost_math_c99f.so
[0.934s] -- Skipping already existing target: CONAN_LIB::Boost_math_c99f_boost_math_c99f
[0.934s] -- Found: /home/artificial/bags_ws/src/ros2_iris_driver/ros2_iris_driver/lib/boost/lib/libboost_math_c99f.so
[0.934s] -- Library boost_math_c99 found /home/artificial/bags_ws/src/ros2_iris_driver/ros2_iris_driver/lib/boost/lib/libboost_math_c99.so
[0.934s] -- Skipping already existing target: CONAN_LIB::Boost_math_c99_boost_math_c99
[0.934s] -- Found: /home/artificial/bags_ws/src/ros2_iris_driver/ros2_iris_driver/lib/boost/lib/libboost_math_c99.so
[0.934s] -- Library boost_log found /home/artificial/bags_ws/src/ros2_iris_driver/ros2_iris_driver/lib/boost/lib/libboost_log.so
[0.934s] -- Skipping already existing target: CONAN_LIB::Boost_log_boost_log
[0.934s] -- Found: /home/artificial/bags_ws/src/ros2_iris_driver/ros2_iris_driver/lib/boost/lib/libboost_log.so
[0.934s] -- Library boost_log_setup found /home/artificial/bags_ws/src/ros2_iris_driver/ros2_iris_driver/lib/boost/lib/libboost_log_setup.so
[0.934s] -- Skipping already existing target: CONAN_LIB::Boost_log_setup_boost_log_setup
[0.934s] -- Found: /home/artificial/bags_ws/src/ros2_iris_driver/ros2_iris_driver/lib/boost/lib/libboost_log_setup.so
[0.935s] -- Library boost_locale found /home/artificial/bags_ws/src/ros2_iris_driver/ros2_iris_driver/lib/boost/lib/libboost_locale.so
[0.935s] -- Skipping already existing target: CONAN_LIB::Boost_locale_boost_locale
[0.935s] -- Found: /home/artificial/bags_ws/src/ros2_iris_driver/ros2_iris_driver/lib/boost/lib/libboost_locale.so
[0.935s] -- Library boost_iostreams found /home/artificial/bags_ws/src/ros2_iris_driver/ros2_iris_driver/lib/boost/lib/libboost_iostreams.so
[0.935s] -- Skipping already existing target: CONAN_LIB::Boost_iostreams_boost_iostreams
[0.935s] -- Found: /home/artificial/bags_ws/src/ros2_iris_driver/ros2_iris_driver/lib/boost/lib/libboost_iostreams.so
[0.935s] -- Library boost_context found /home/artificial/bags_ws/src/ros2_iris_driver/ros2_iris_driver/lib/boost/lib/libboost_context.so
[0.935s] -- Skipping already existing target: CONAN_LIB::Boost_context_boost_context
[0.935s] -- Found: /home/artificial/bags_ws/src/ros2_iris_driver/ros2_iris_driver/lib/boost/lib/libboost_context.so
[0.935s] -- Library boost_fiber found /home/artificial/bags_ws/src/ros2_iris_driver/ros2_iris_driver/lib/boost/lib/libboost_fiber.so
[0.935s] -- Skipping already existing target: CONAN_LIB::Boost_fiber_boost_fiber
[0.935s] -- Found: /home/artificial/bags_ws/src/ros2_iris_driver/ros2_iris_driver/lib/boost/lib/libboost_fiber.so
[0.935s] -- Library boost_coroutine found /home/artificial/bags_ws/src/ros2_iris_driver/ros2_iris_driver/lib/boost/lib/libboost_coroutine.so
[0.935s] -- Skipping already existing target: CONAN_LIB::Boost_coroutine_boost_coroutine
[0.935s] -- Found: /home/artificial/bags_ws/src/ros2_iris_driver/ros2_iris_driver/lib/boost/lib/libboost_coroutine.so
[0.946s] -- Checking for module 'flann'
[0.957s] --   Found flann, version 1.9.1
[0.979s] -- Found FLANN: /usr/lib/x86_64-linux-gnu/libflann_cpp.so  
[0.979s] -- FLANN found (include: /usr/include, lib: /usr/lib/x86_64-linux-gnu/libflann_cpp.so)
[0.980s] -- looking for PCL_COMMON
[0.980s] -- Found PCL_COMMON: /usr/lib/x86_64-linux-gnu/libpcl_common.so  
[0.981s] -- looking for PCL_KDTREE
[0.981s] -- Found PCL_KDTREE: /usr/lib/x86_64-linux-gnu/libpcl_kdtree.so  
[0.981s] -- looking for PCL_OCTREE
[0.981s] -- Found PCL_OCTREE: /usr/lib/x86_64-linux-gnu/libpcl_octree.so  
[0.981s] -- looking for PCL_SEARCH
[0.982s] -- Found PCL_SEARCH: /usr/lib/x86_64-linux-gnu/libpcl_search.so  
[0.982s] -- looking for PCL_SAMPLE_CONSENSUS
[0.982s] -- Found PCL_SAMPLE_CONSENSUS: /usr/lib/x86_64-linux-gnu/libpcl_sample_consensus.so  
[0.982s] -- looking for PCL_FILTERS
[0.983s] -- Found PCL_FILTERS: /usr/lib/x86_64-linux-gnu/libpcl_filters.so  
[0.983s] -- looking for PCL_COMMMON
[0.983s] -- Could NOT find PCL_COMMMON (missing: PCL_COMMMON_LIBRARY PCL_COMMMON_INCLUDE_DIR) 
[0.983s] -- Found PCL: pcl_common;pcl_kdtree;pcl_octree;pcl_search;pcl_sample_consensus;pcl_filters;/home/artificial/bags_ws/src/ros2_iris_driver/ros2_iris_driver/lib/boost/lib/libboost_coroutine.so;/home/artificial/bags_ws/src/ros2_iris_driver/ros2_iris_driver/lib/boost/lib/libboost_fiber.so;/home/artificial/bags_ws/src/ros2_iris_driver/ros2_iris_driver/lib/boost/lib/libboost_context.so;/home/artificial/bags_ws/src/ros2_iris_driver/ros2_iris_driver/lib/boost/lib/libboost_iostreams.so;/home/artificial/bags_ws/src/ros2_iris_driver/ros2_iris_driver/lib/boost/lib/libboost_locale.so;/home/artificial/bags_ws/src/ros2_iris_driver/ros2_iris_driver/lib/boost/lib/libboost_log_setup.so;/home/artificial/bags_ws/src/ros2_iris_driver/ros2_iris_driver/lib/boost/lib/libboost_log.so;/home/artificial/bags_ws/src/ros2_iris_driver/ros2_iris_driver/lib/boost/lib/libboost_math_c99.so;/home/artificial/bags_ws/src/ros2_iris_driver/ros2_iris_driver/lib/boost/lib/libboost_math_c99f.so;/home/artificial/bags_ws/src/ros2_iris_driver/ros2_iris_driver/lib/boost/lib/libboost_math_c99l.so;/home/artificial/bags_ws/src/ros2_iris_driver/ros2_iris_driver/lib/boost/lib/libboost_math_tr1.so;/home/artificial/bags_ws/src/ros2_iris_driver/ros2_iris_driver/lib/boost/lib/libboost_math_tr1f.so;/home/artificial/bags_ws/src/ros2_iris_driver/ros2_iris_driver/lib/boost/lib/libboost_math_tr1l.so;/home/artificial/bags_ws/src/ros2_iris_driver/ros2_iris_driver/lib/boost/lib/libboost_program_options.so;/home/artificial/bags_ws/src/ros2_iris_driver/ros2_iris_driver/lib/boost/lib/libboost_random.so;/home/artificial/bags_ws/src/ros2_iris_driver/ros2_iris_driver/lib/boost/lib/libboost_regex.so;/home/artificial/bags_ws/src/ros2_iris_driver/ros2_iris_driver/lib/boost/lib/libboost_stacktrace_addr2line.so;/home/artificial/bags_ws/src/ros2_iris_driver/ros2_iris_driver/lib/boost/lib/libboost_stacktrace_backtrace.so;/home/artificial/bags_ws/src/ros2_iris_driver/ros2_iris_driver/lib/boost/lib/libboost_stacktrace_basic.so;/home/artificial/bags_ws/src/ros2_iris_driver/ros2_iris_driver/lib/boost/lib/libboost_stacktrace_noop.so;/home/artificial/bags_ws/src/ros2_iris_driver/ros2_iris_driver/lib/boost/lib/libboost_timer.so;/home/artificial/bags_ws/src/ros2_iris_driver/ros2_iris_driver/lib/boost/lib/libboost_type_erasure.so;/home/artificial/bags_ws/src/ros2_iris_driver/ros2_iris_driver/lib/boost/lib/libboost_thread.so;/home/artificial/bags_ws/src/ros2_iris_driver/ros2_iris_driver/lib/boost/lib/libboost_atomic.so;/home/artificial/bags_ws/src/ros2_iris_driver/ros2_iris_driver/lib/boost/lib/libboost_chrono.so;/home/artificial/bags_ws/src/ros2_iris_driver/ros2_iris_driver/lib/boost/lib/libboost_container.so;/home/artificial/bags_ws/src/ros2_iris_driver/ros2_iris_driver/lib/boost/lib/libboost_date_time.so;/home/artificial/bags_ws/src/ros2_iris_driver/ros2_iris_driver/lib/boost/lib/libboost_exception.a;/home/artificial/bags_ws/src/ros2_iris_driver/ros2_iris_driver/lib/boost/lib/libboost_wave.so;/home/artificial/bags_ws/src/ros2_iris_driver/ros2_iris_driver/lib/boost/lib/libboost_filesystem.so;/home/artificial/bags_ws/src/ros2_iris_driver/ros2_iris_driver/lib/boost/lib/libboost_system.so;/home/artificial/bags_ws/src/ros2_iris_driver/ros2_iris_driver/lib/boost/lib/libboost_wserialization.so;/home/artificial/bags_ws/src/ros2_iris_driver/ros2_iris_driver/lib/boost/lib/libboost_serialization.so;rt;pthread;Iconv::Iconv;FLANN::FLANN  
[0.986s] -- Found pcl_conversions: 2.4.0 (/opt/ros/humble/share/pcl_conversions/cmake)
[1.062s] -- Found backward_ros: 1.0.2 (/opt/ros/humble/share/backward_ros/cmake)
[1.065s] -- Found libdw: /usr/lib/x86_64-linux-gnu/libdw.so  
[1.067s] -- Found libbfd: /usr/lib/x86_64-linux-gnu/libbfd.so  
[1.067s] -- BACKWARD_HAS_UNWIND=1
[1.067s] -- BACKWARD_HAS_BACKTRACE=0
[1.067s] -- BACKWARD_HAS_BACKTRACE_SYMBOL=0
[1.067s] -- BACKWARD_HAS_DW=1
[1.067s] -- BACKWARD_HAS_BFD=0
[1.068s] -- Found Backward: /opt/ros/humble/share/backward_ros/cmake  
[1.143s] -- Configuring done
[1.174s] -- Generating done
[1.175s] -- Build files have been written to: /home/artificial/bags_ws/build/ros2_iris_driver
[1.183s] Invoked command in '/home/artificial/bags_ws/build/ros2_iris_driver' returned '0': CMAKE_PREFIX_PATH=/home/artificial/bags_ws/install/luminar_iris_msgs:/home/artificial/bags_ws/install/ros2_iris_driver:/home/artificial/bags_ws/install/my_cpp_package:/opt/ros/humble LD_LIBRARY_PATH=/home/artificial/bags_ws/install/luminar_iris_msgs/lib:/home/artificial/bags_ws/install/ros2_iris_driver/lib:/home/artificial/bags_ws/install/my_cpp_package/lib:/opt/ros/humble/opt/rviz_ogre_vendor/lib:/opt/ros/humble/lib/x86_64-linux-gnu:/opt/ros/humble/lib:/opt/blasfeo/lib:/opt/hpipm/lib:/usr/local/lib:/usr/lib /usr/bin/cmake /home/artificial/bags_ws/src/ros2_iris_driver/ros2_iris_driver -DCMAKE_INSTALL_PREFIX=/home/artificial/bags_ws/install/ros2_iris_driver
[1.183s] Invoking command in '/home/artificial/bags_ws/build/ros2_iris_driver': CMAKE_PREFIX_PATH=/home/artificial/bags_ws/install/luminar_iris_msgs:/home/artificial/bags_ws/install/ros2_iris_driver:/home/artificial/bags_ws/install/my_cpp_package:/opt/ros/humble LD_LIBRARY_PATH=/home/artificial/bags_ws/install/luminar_iris_msgs/lib:/home/artificial/bags_ws/install/ros2_iris_driver/lib:/home/artificial/bags_ws/install/my_cpp_package/lib:/opt/ros/humble/opt/rviz_ogre_vendor/lib:/opt/ros/humble/lib/x86_64-linux-gnu:/opt/ros/humble/lib:/opt/blasfeo/lib:/opt/hpipm/lib:/usr/local/lib:/usr/lib /usr/bin/cmake --build /home/artificial/bags_ws/build/ros2_iris_driver -- -j16 -l16
[1.210s] [ 16%] [32mBuilding CXX object CMakeFiles/iris_data_interface.dir/src/interface/iris_data_interface.cpp.o[0m
[1.210s] [ 33%] [32mBuilding CXX object CMakeFiles/iris_control_interface.dir/src/interface/iris_control_interface.cpp.o[0m
[2.296s] [ 50%] [32m[1mLinking CXX static library libiris_control_interface.a[0m
[2.337s] [ 50%] Built target iris_control_interface
[4.399s] [ 66%] [32m[1mLinking CXX static library libiris_data_interface.a[0m
[4.434s] [ 66%] Built target iris_data_interface
[4.444s] [ 83%] [32mBuilding CXX object CMakeFiles/iris_ros_driver.dir/src/iris_driver.cpp.o[0m
[7.104s] [100%] [32m[1mLinking CXX executable iris_ros_driver[0m
[7.252s] /usr/bin/ld: warning: libboost_thread.so.1.74.0, needed by /home/artificial/bags_ws/src/ros2_iris_driver/ros2_iris_driver/lib/vsomeip/lib/libvsomeip3.so, may conflict with libboost_thread.so.1.71.0
[7.331s] [100%] Built target iris_ros_driver
[7.342s] Invoked command in '/home/artificial/bags_ws/build/ros2_iris_driver' returned '0': CMAKE_PREFIX_PATH=/home/artificial/bags_ws/install/luminar_iris_msgs:/home/artificial/bags_ws/install/ros2_iris_driver:/home/artificial/bags_ws/install/my_cpp_package:/opt/ros/humble LD_LIBRARY_PATH=/home/artificial/bags_ws/install/luminar_iris_msgs/lib:/home/artificial/bags_ws/install/ros2_iris_driver/lib:/home/artificial/bags_ws/install/my_cpp_package/lib:/opt/ros/humble/opt/rviz_ogre_vendor/lib:/opt/ros/humble/lib/x86_64-linux-gnu:/opt/ros/humble/lib:/opt/blasfeo/lib:/opt/hpipm/lib:/usr/local/lib:/usr/lib /usr/bin/cmake --build /home/artificial/bags_ws/build/ros2_iris_driver -- -j16 -l16
[7.360s] Invoking command in '/home/artificial/bags_ws/build/ros2_iris_driver': CMAKE_PREFIX_PATH=/home/artificial/bags_ws/install/luminar_iris_msgs:/home/artificial/bags_ws/install/ros2_iris_driver:/home/artificial/bags_ws/install/my_cpp_package:/opt/ros/humble LD_LIBRARY_PATH=/home/artificial/bags_ws/install/luminar_iris_msgs/lib:/home/artificial/bags_ws/install/ros2_iris_driver/lib:/home/artificial/bags_ws/install/my_cpp_package/lib:/opt/ros/humble/opt/rviz_ogre_vendor/lib:/opt/ros/humble/lib/x86_64-linux-gnu:/opt/ros/humble/lib:/opt/blasfeo/lib:/opt/hpipm/lib:/usr/local/lib:/usr/lib /usr/bin/cmake --install /home/artificial/bags_ws/build/ros2_iris_driver
[7.367s] -- Install configuration: ""
[7.367s] -- Installing: /home/artificial/bags_ws/install/ros2_iris_driver/include
[7.367s] -- Installing: /home/artificial/bags_ws/install/ros2_iris_driver/include/ros2_iris_driver
[7.367s] -- Installing: /home/artificial/bags_ws/install/ros2_iris_driver/include/ros2_iris_driver/interface
[7.367s] -- Installing: /home/artificial/bags_ws/install/ros2_iris_driver/include/ros2_iris_driver/interface/iris_control_interface.hpp
[7.367s] -- Installing: /home/artificial/bags_ws/install/ros2_iris_driver/include/ros2_iris_driver/interface/iris_data_interface.hpp
[7.367s] -- Installing: /home/artificial/bags_ws/install/ros2_iris_driver/include/ros2_iris_driver/iris_driver.hpp
[7.367s] -- Installing: /home/artificial/bags_ws/install/ros2_iris_driver/lib/libiris_data_interface.a
[7.369s] -- Installing: /home/artificial/bags_ws/install/ros2_iris_driver/lib/libiris_control_interface.a
[7.370s] -- Installing: /home/artificial/bags_ws/install/ros2_iris_driver/share/ros2_iris_driver/environment/library_path.sh
[7.370s] -- Installing: /home/artificial/bags_ws/install/ros2_iris_driver/share/ros2_iris_driver/environment/library_path.dsv
[7.371s] -- Installing: /home/artificial/bags_ws/install/ros2_iris_driver/lib/ros2_iris_driver/iris_ros_driver
[7.373s] -- Set runtime path of "/home/artificial/bags_ws/install/ros2_iris_driver/lib/ros2_iris_driver/iris_ros_driver" to "$ORIGIN:/opt/ros/galactic/lib:/opt/ros/humble/lib:/home/artificial/bags_ws/install/luminar_iris_msgs/lib"
[7.373s] -- Installing: /home/artificial/bags_ws/install/ros2_iris_driver/share/ros2_iris_driver/param
[7.373s] -- Installing: /home/artificial/bags_ws/install/ros2_iris_driver/share/ros2_iris_driver/param/car_7.yaml
[7.373s] -- Installing: /home/artificial/bags_ws/install/ros2_iris_driver/share/ros2_iris_driver/param/test.yaml
[7.373s] -- Installing: /home/artificial/bags_ws/install/ros2_iris_driver/share/ros2_iris_driver/param/.gitkeep
[7.373s] -- Installing: /home/artificial/bags_ws/install/ros2_iris_driver/share/ros2_iris_driver/param/vsome_ip.json
[7.373s] -- Installing: /home/artificial/bags_ws/install/ros2_iris_driver/share/ros2_iris_driver/param/car_7_test.yaml
[7.373s] -- Installing: /home/artificial/bags_ws/install/ros2_iris_driver/share/ros2_iris_driver/param/car_7_test2.yaml
[7.373s] -- Installing: /home/artificial/bags_ws/install/ros2_iris_driver/share/ros2_iris_driver/param/car_2.yaml
[7.373s] -- Installing: /home/artificial/bags_ws/install/ros2_iris_driver/lib/liblum_drivers_lidar_iris_data_preprocessor_a.so
[7.374s] -- Installing: /home/artificial/bags_ws/install/ros2_iris_driver/lib/liblum_drivers_lidar_iris_control_interface.so
[7.374s] -- Installing: /home/artificial/bags_ws/install/ros2_iris_driver/lib/libvsomeip.so
[7.374s] -- Installing: /home/artificial/bags_ws/install/ros2_iris_driver/lib/libvsomeip.so.2
[7.374s] -- Installing: /home/artificial/bags_ws/install/ros2_iris_driver/lib/libvsomeip.so.2.99.99
[7.376s] -- Installing: /home/artificial/bags_ws/install/ros2_iris_driver/lib/libvsomeip3-cfg.so
[7.377s] -- Installing: /home/artificial/bags_ws/install/ros2_iris_driver/lib/libvsomeip3-cfg.so.3
[7.377s] -- Installing: /home/artificial/bags_ws/install/ros2_iris_driver/lib/libvsomeip3-cfg.so.3.1.20
[7.384s] -- Installing: /home/artificial/bags_ws/install/ros2_iris_driver/lib/libvsomeip3-e2e.so
[7.384s] -- Installing: /home/artificial/bags_ws/install/ros2_iris_driver/lib/libvsomeip3-e2e.so.3
[7.384s] -- Installing: /home/artificial/bags_ws/install/ros2_iris_driver/lib/libvsomeip3-e2e.so.3.1.20
[7.384s] -- Installing: /home/artificial/bags_ws/install/ros2_iris_driver/lib/libvsomeip3-sd.so
[7.385s] -- Installing: /home/artificial/bags_ws/install/ros2_iris_driver/lib/libvsomeip3-sd.so.3
[7.385s] -- Installing: /home/artificial/bags_ws/install/ros2_iris_driver/lib/libvsomeip3-sd.so.3.1.20
[7.393s] -- Installing: /home/artificial/bags_ws/install/ros2_iris_driver/lib/libvsomeip3.so
[7.393s] -- Installing: /home/artificial/bags_ws/install/ros2_iris_driver/lib/libvsomeip3.so.3
[7.393s] -- Installing: /home/artificial/bags_ws/install/ros2_iris_driver/lib/libvsomeip3.so.3.1.20
[7.441s] -- Installing: /home/artificial/bags_ws/install/ros2_iris_driver/share/ament_index/resource_index/package_run_dependencies/ros2_iris_driver
[7.441s] -- Installing: /home/artificial/bags_ws/install/ros2_iris_driver/share/ament_index/resource_index/parent_prefix_path/ros2_iris_driver
[7.441s] -- Installing: /home/artificial/bags_ws/install/ros2_iris_driver/share/ros2_iris_driver/environment/ament_prefix_path.sh
[7.441s] -- Installing: /home/artificial/bags_ws/install/ros2_iris_driver/share/ros2_iris_driver/environment/ament_prefix_path.dsv
[7.441s] -- Installing: /home/artificial/bags_ws/install/ros2_iris_driver/share/ros2_iris_driver/environment/path.sh
[7.441s] -- Installing: /home/artificial/bags_ws/install/ros2_iris_driver/share/ros2_iris_driver/environment/path.dsv
[7.441s] -- Installing: /home/artificial/bags_ws/install/ros2_iris_driver/share/ros2_iris_driver/local_setup.bash
[7.441s] -- Installing: /home/artificial/bags_ws/install/ros2_iris_driver/share/ros2_iris_driver/local_setup.sh
[7.441s] -- Installing: /home/artificial/bags_ws/install/ros2_iris_driver/share/ros2_iris_driver/local_setup.zsh
[7.441s] -- Installing: /home/artificial/bags_ws/install/ros2_iris_driver/share/ros2_iris_driver/local_setup.dsv
[7.441s] -- Installing: /home/artificial/bags_ws/install/ros2_iris_driver/share/ros2_iris_driver/package.dsv
[7.441s] -- Installing: /home/artificial/bags_ws/install/ros2_iris_driver/share/ament_index/resource_index/packages/ros2_iris_driver
[7.441s] -- Installing: /home/artificial/bags_ws/install/ros2_iris_driver/share/ros2_iris_driver/cmake/ament_cmake_export_include_directories-extras.cmake
[7.441s] -- Installing: /home/artificial/bags_ws/install/ros2_iris_driver/share/ros2_iris_driver/cmake/ament_cmake_export_libraries-extras.cmake
[7.441s] -- Installing: /home/artificial/bags_ws/install/ros2_iris_driver/share/ros2_iris_driver/cmake/ros2_iris_driverConfig.cmake
[7.441s] -- Installing: /home/artificial/bags_ws/install/ros2_iris_driver/share/ros2_iris_driver/cmake/ros2_iris_driverConfig-version.cmake
[7.441s] -- Installing: /home/artificial/bags_ws/install/ros2_iris_driver/share/ros2_iris_driver/package.xml
[7.442s] Invoked command in '/home/artificial/bags_ws/build/ros2_iris_driver' returned '0': CMAKE_PREFIX_PATH=/home/artificial/bags_ws/install/luminar_iris_msgs:/home/artificial/bags_ws/install/ros2_iris_driver:/home/artificial/bags_ws/install/my_cpp_package:/opt/ros/humble LD_LIBRARY_PATH=/home/artificial/bags_ws/install/luminar_iris_msgs/lib:/home/artificial/bags_ws/install/ros2_iris_driver/lib:/home/artificial/bags_ws/install/my_cpp_package/lib:/opt/ros/humble/opt/rviz_ogre_vendor/lib:/opt/ros/humble/lib/x86_64-linux-gnu:/opt/ros/humble/lib:/opt/blasfeo/lib:/opt/hpipm/lib:/usr/local/lib:/usr/lib /usr/bin/cmake --install /home/artificial/bags_ws/build/ros2_iris_driver
