[35m[1mConsolidate compiler generated dependencies of target iris_control_interface[0m
[35m[1mConsolidate compiler generated dependencies of target iris_data_interface[0m
[ 33%] Built target iris_control_interface
[ 66%] Built target iris_data_interface
[35m[1mConsolidate compiler generated dependencies of target iris_ros_driver[0m
[100%] Built target iris_ros_driver
-- Install configuration: ""
-- Installing: /home/artificial/bags_ws/install/ros2_iris_driver/include
-- Installing: /home/artificial/bags_ws/install/ros2_iris_driver/include/ros2_iris_driver
-- Installing: /home/artificial/bags_ws/install/ros2_iris_driver/include/ros2_iris_driver/interface
-- Installing: /home/artificial/bags_ws/install/ros2_iris_driver/include/ros2_iris_driver/interface/iris_control_interface.hpp
-- Installing: /home/artificial/bags_ws/install/ros2_iris_driver/include/ros2_iris_driver/interface/iris_data_interface.hpp
-- Installing: /home/artificial/bags_ws/install/ros2_iris_driver/include/ros2_iris_driver/iris_driver.hpp
-- Installing: /home/artificial/bags_ws/install/ros2_iris_driver/lib/libiris_data_interface.a
-- Installing: /home/artificial/bags_ws/install/ros2_iris_driver/lib/libiris_control_interface.a
-- Installing: /home/artificial/bags_ws/install/ros2_iris_driver/share/ros2_iris_driver/environment/library_path.sh
-- Installing: /home/artificial/bags_ws/install/ros2_iris_driver/share/ros2_iris_driver/environment/library_path.dsv
-- Installing: /home/artificial/bags_ws/install/ros2_iris_driver/lib/ros2_iris_driver/iris_ros_driver
-- Set runtime path of "/home/artificial/bags_ws/install/ros2_iris_driver/lib/ros2_iris_driver/iris_ros_driver" to "$ORIGIN:/opt/ros/galactic/lib:/opt/ros/humble/lib:/home/artificial/bags_ws/install/luminar_iris_msgs/lib"
-- Installing: /home/artificial/bags_ws/install/ros2_iris_driver/share/ros2_iris_driver/param
-- Installing: /home/artificial/bags_ws/install/ros2_iris_driver/share/ros2_iris_driver/param/car_7.yaml
-- Installing: /home/artificial/bags_ws/install/ros2_iris_driver/share/ros2_iris_driver/param/test.yaml
-- Installing: /home/artificial/bags_ws/install/ros2_iris_driver/share/ros2_iris_driver/param/.gitkeep
-- Installing: /home/artificial/bags_ws/install/ros2_iris_driver/share/ros2_iris_driver/param/vsome_ip.json
-- Installing: /home/artificial/bags_ws/install/ros2_iris_driver/share/ros2_iris_driver/param/car_7_test.yaml
-- Installing: /home/artificial/bags_ws/install/ros2_iris_driver/share/ros2_iris_driver/param/car_7_test2.yaml
-- Installing: /home/artificial/bags_ws/install/ros2_iris_driver/share/ros2_iris_driver/param/car_2.yaml
-- Installing: /home/artificial/bags_ws/install/ros2_iris_driver/lib/liblum_drivers_lidar_iris_data_preprocessor_a.so
-- Installing: /home/artificial/bags_ws/install/ros2_iris_driver/lib/liblum_drivers_lidar_iris_control_interface.so
-- Installing: /home/artificial/bags_ws/install/ros2_iris_driver/lib/libvsomeip.so
-- Installing: /home/artificial/bags_ws/install/ros2_iris_driver/lib/libvsomeip.so.2
-- Installing: /home/artificial/bags_ws/install/ros2_iris_driver/lib/libvsomeip.so.2.99.99
-- Installing: /home/artificial/bags_ws/install/ros2_iris_driver/lib/libvsomeip3-cfg.so
-- Installing: /home/artificial/bags_ws/install/ros2_iris_driver/lib/libvsomeip3-cfg.so.3
-- Installing: /home/artificial/bags_ws/install/ros2_iris_driver/lib/libvsomeip3-cfg.so.3.1.20
-- Installing: /home/artificial/bags_ws/install/ros2_iris_driver/lib/libvsomeip3-e2e.so
-- Installing: /home/artificial/bags_ws/install/ros2_iris_driver/lib/libvsomeip3-e2e.so.3
-- Installing: /home/artificial/bags_ws/install/ros2_iris_driver/lib/libvsomeip3-e2e.so.3.1.20
-- Installing: /home/artificial/bags_ws/install/ros2_iris_driver/lib/libvsomeip3-sd.so
-- Installing: /home/artificial/bags_ws/install/ros2_iris_driver/lib/libvsomeip3-sd.so.3
-- Installing: /home/artificial/bags_ws/install/ros2_iris_driver/lib/libvsomeip3-sd.so.3.1.20
-- Installing: /home/artificial/bags_ws/install/ros2_iris_driver/lib/libvsomeip3.so
-- Installing: /home/artificial/bags_ws/install/ros2_iris_driver/lib/libvsomeip3.so.3
-- Installing: /home/artificial/bags_ws/install/ros2_iris_driver/lib/libvsomeip3.so.3.1.20
-- Installing: /home/artificial/bags_ws/install/ros2_iris_driver/share/ament_index/resource_index/package_run_dependencies/ros2_iris_driver
-- Installing: /home/artificial/bags_ws/install/ros2_iris_driver/share/ament_index/resource_index/parent_prefix_path/ros2_iris_driver
-- Installing: /home/artificial/bags_ws/install/ros2_iris_driver/share/ros2_iris_driver/environment/ament_prefix_path.sh
-- Installing: /home/artificial/bags_ws/install/ros2_iris_driver/share/ros2_iris_driver/environment/ament_prefix_path.dsv
-- Installing: /home/artificial/bags_ws/install/ros2_iris_driver/share/ros2_iris_driver/environment/path.sh
-- Installing: /home/artificial/bags_ws/install/ros2_iris_driver/share/ros2_iris_driver/environment/path.dsv
-- Installing: /home/artificial/bags_ws/install/ros2_iris_driver/share/ros2_iris_driver/local_setup.bash
-- Installing: /home/artificial/bags_ws/install/ros2_iris_driver/share/ros2_iris_driver/local_setup.sh
-- Installing: /home/artificial/bags_ws/install/ros2_iris_driver/share/ros2_iris_driver/local_setup.zsh
-- Installing: /home/artificial/bags_ws/install/ros2_iris_driver/share/ros2_iris_driver/local_setup.dsv
-- Installing: /home/artificial/bags_ws/install/ros2_iris_driver/share/ros2_iris_driver/package.dsv
-- Installing: /home/artificial/bags_ws/install/ros2_iris_driver/share/ament_index/resource_index/packages/ros2_iris_driver
-- Installing: /home/artificial/bags_ws/install/ros2_iris_driver/share/ros2_iris_driver/cmake/ament_cmake_export_include_directories-extras.cmake
-- Installing: /home/artificial/bags_ws/install/ros2_iris_driver/share/ros2_iris_driver/cmake/ament_cmake_export_libraries-extras.cmake
-- Installing: /home/artificial/bags_ws/install/ros2_iris_driver/share/ros2_iris_driver/cmake/ros2_iris_driverConfig.cmake
-- Installing: /home/artificial/bags_ws/install/ros2_iris_driver/share/ros2_iris_driver/cmake/ros2_iris_driverConfig-version.cmake
-- Installing: /home/artificial/bags_ws/install/ros2_iris_driver/share/ros2_iris_driver/package.xml
